2024-02-12 02:20:30,949 [INFO] Activator:176 - 


2024-02-12 02:20:30,954 [INFO] Activator:177 - !SESSION log4j initialized
2024-02-12 02:20:34,547 [INFO] LogOutputStream:77 - [STDOUT_REDIRECT] 
2024-02-12 02:20:35,407 [INFO] ApplicationProperties:184 - Using Application install path: /opt/st/stm32cubeide_1.13.2/plugins/com.st.stm32cube.common.mx_6.9.2.202309101412
2024-02-12 02:20:35,429 [INFO] DbMcusXml:78 - Set database path to: /opt/st/stm32cubeide_1.13.2/plugins/com.st.stm32cube.common.mx_6.9.2.202309101412//db//mcu/
2024-02-12 02:20:35,429 [INFO] ApiDb:274 - Set plugin database path to: /opt/st/stm32cubeide_1.13.2/plugins/com.st.stm32cube.common.mx_6.9.2.202309101412//db//plugins/boardmanager/
2024-02-12 02:20:35,430 [WARN] ApiDb:259 - Overriding images path with different value:  => /opt/st/stm32cubeide_1.13.2/plugins/com.st.stm32cube.common.mx_6.9.2.202309101412//db//plugins/mcufinder/images/
2024-02-12 02:20:35,440 [INFO] ApiDb:250 - Set database path to: /home/ebenezer/.stmcufinder/plugins/mcufinder//mcu/
2024-02-12 02:20:35,441 [INFO] DbMcusAds:125 - Set database path to: /home/ebenezer/.stmcufinder/plugins/mcufinder//mcu/
2024-02-12 02:20:35,444 [INFO] CrossReferenceDbSqlite:203 - Set database path to: /home/ebenezer/.stmcufinder/plugins/mcufinder//mcu/cs/
2024-02-12 02:20:35,553 [INFO] RulesReader:64 - Compatibility file has been processed (293 Rules)
2024-02-12 02:20:35,606 [INFO] DbMcusXml:78 - Set database path to: /opt/st/stm32cubeide_1.13.2/plugins/com.st.stm32cube.common.mx_6.9.2.202309101412//db//mcu/
2024-02-12 02:20:35,607 [INFO] ApiDb:274 - Set plugin database path to: /opt/st/stm32cubeide_1.13.2/plugins/com.st.stm32cube.common.mx_6.9.2.202309101412//db//plugins/boardmanager/
2024-02-12 02:20:35,607 [INFO] ApiDb:261 - Set plugin images path to: /opt/st/stm32cubeide_1.13.2/plugins/com.st.stm32cube.common.mx_6.9.2.202309101412//db//plugins/mcufinder/images/
2024-02-12 02:20:35,607 [WARN] DbFile:41 - Overriding database path with different value: /home/ebenezer/.stmcufinder/plugins/mcufinder/ => /home/ebenezer/.stmcufinder/plugins/mcufinder
2024-02-12 02:20:35,607 [INFO] ApiDb:250 - Set database path to: /home/ebenezer/.stmcufinder/plugins/mcufinder//mcu/
2024-02-12 02:20:35,608 [WARN] DbFile:41 - Overriding database path with different value: /home/ebenezer/.stmcufinder/plugins/mcufinder/ => /home/ebenezer/.stmcufinder/plugins/mcufinder
2024-02-12 02:20:35,608 [INFO] DbMcusAds:125 - Set database path to: /home/ebenezer/.stmcufinder/plugins/mcufinder//mcu/
2024-02-12 02:20:35,608 [WARN] DbFile:41 - Overriding database path with different value: /home/ebenezer/.stmcufinder/plugins/mcufinder/ => /home/ebenezer/.stmcufinder/plugins/mcufinder
2024-02-12 02:20:35,608 [WARN] DbFile:41 - Overriding database path with different value: /home/ebenezer/.stmcufinder/plugins/mcufinder/ => /home/ebenezer/.stmcufinder/plugins/mcufinder
2024-02-12 02:20:35,608 [INFO] CrossReferenceDbSqlite:203 - Set database path to: /home/ebenezer/.stmcufinder/plugins/mcufinder//mcu/cs/
2024-02-12 02:20:35,669 [INFO] MainPanel:262 - HeapMemory: 268435456
2024-02-12 02:20:35,719 [INFO] DbMcusXml:78 - Set database path to: /opt/st/stm32cubeide_1.13.2/plugins/com.st.stm32cube.common.mx_6.9.2.202309101412//db//mcu/
2024-02-12 02:20:35,720 [INFO] ApiDb:274 - Set plugin database path to: /opt/st/stm32cubeide_1.13.2/plugins/com.st.stm32cube.common.mx_6.9.2.202309101412//db//plugins/boardmanager/
2024-02-12 02:20:35,720 [INFO] ApiDb:261 - Set plugin images path to: /opt/st/stm32cubeide_1.13.2/plugins/com.st.stm32cube.common.mx_6.9.2.202309101412//db//plugins/mcufinder/images/
2024-02-12 02:20:35,720 [WARN] DbFile:41 - Overriding database path with different value: /home/ebenezer/.stmcufinder/plugins/mcufinder/ => /home/ebenezer/.stmcufinder/plugins/mcufinder
2024-02-12 02:20:35,720 [INFO] ApiDb:250 - Set database path to: /home/ebenezer/.stmcufinder/plugins/mcufinder//mcu/
2024-02-12 02:20:35,720 [WARN] DbFile:41 - Overriding database path with different value: /home/ebenezer/.stmcufinder/plugins/mcufinder/ => /home/ebenezer/.stmcufinder/plugins/mcufinder
2024-02-12 02:20:35,721 [INFO] DbMcusAds:125 - Set database path to: /home/ebenezer/.stmcufinder/plugins/mcufinder//mcu/
2024-02-12 02:20:35,721 [WARN] DbFile:41 - Overriding database path with different value: /home/ebenezer/.stmcufinder/plugins/mcufinder/ => /home/ebenezer/.stmcufinder/plugins/mcufinder
2024-02-12 02:20:35,721 [WARN] DbFile:41 - Overriding database path with different value: /home/ebenezer/.stmcufinder/plugins/mcufinder/ => /home/ebenezer/.stmcufinder/plugins/mcufinder
2024-02-12 02:20:35,721 [INFO] CrossReferenceDbSqlite:203 - Set database path to: /home/ebenezer/.stmcufinder/plugins/mcufinder//mcu/cs/
2024-02-12 02:20:35,735 [INFO] ApplicationProperties:184 - Using Application install path: /opt/st/stm32cubeide_1.13.2/plugins/com.st.stm32cube.common.mx_6.9.2.202309101412
2024-02-12 02:20:35,736 [INFO] PluginManage:196 - Search for loadable plugins [exclusion list=, ]
2024-02-12 02:20:35,737 [INFO] PluginManage:310 - Check plugin analytics
2024-02-12 02:20:35,865 [INFO] AnalyticsPlugin:253 - Accepted Software Licenses: 
2024-02-12 02:20:35,865 [INFO] AnalyticsPlugin:255 - Accepted CMSIS Pack Licenses: 
2024-02-12 02:20:35,866 [INFO] AnalyticsPlugin:257 - Accepted Firmware Licenses: FW.G0.1.6.0
2024-02-12 02:20:35,868 [INFO] PluginManage:359 - Loaded plugin analytics (category:tool,tabindex:-1)
2024-02-12 02:20:35,869 [INFO] PluginManage:310 - Check plugin cadmodel
2024-02-12 02:20:35,893 [INFO] CADModel:105 - Init CAD model plugin
2024-02-12 02:20:35,893 [INFO] PluginManage:359 - Loaded plugin cadmodel (category:power,tabindex:5)
2024-02-12 02:20:35,894 [INFO] PluginManage:310 - Check plugin clock
2024-02-12 02:20:35,902 [INFO] PluginManage:359 - Loaded plugin clock (category:base,tabindex:2)
2024-02-12 02:20:35,902 [INFO] PluginManage:310 - Check plugin ddr
2024-02-12 02:20:35,904 [INFO] PluginManage:359 - Loaded plugin ddr (category:tool,tabindex:6)
2024-02-12 02:20:35,904 [INFO] PluginManage:310 - Check plugin filemanager
2024-02-12 02:20:36,032 [INFO] PluginManage:359 - Loaded plugin filemanager (category:base,tabindex:10)
2024-02-12 02:20:36,033 [INFO] PluginManage:310 - Check plugin ipmanager
2024-02-12 02:20:36,038 [INFO] PluginManage:359 - Loaded plugin ipmanager (category:base,tabindex:5)
2024-02-12 02:20:36,038 [INFO] PluginManage:310 - Check plugin lpbam
2024-02-12 02:20:36,046 [INFO] PluginManage:359 - Loaded plugin lpbam (category:base,tabindex:0)
2024-02-12 02:20:36,047 [INFO] PluginManage:310 - Check plugin memorymap
2024-02-12 02:20:36,057 [INFO] PluginManage:359 - Loaded plugin memorymap (category:base,tabindex:4)
2024-02-12 02:20:36,057 [INFO] PluginManage:310 - Check plugin pinoutandconfiguration
2024-02-12 02:20:36,064 [INFO] PluginManage:359 - Loaded plugin pinoutandconfiguration (category:base,tabindex:1)
2024-02-12 02:20:36,064 [INFO] PluginManage:310 - Check plugin pinoutconfig
2024-02-12 02:20:36,137 [WARN] SupportedApi:132 - Cannot load RTOS API schema: s4s-elt-must-match.1: The content of 'definitions' must match (annotation?, (simpleType | complexType)?, (unique | key | keyref)*)). A problem was found starting at: attribute.
2024-02-12 02:20:36,242 [INFO] PluginManage:359 - Loaded plugin pinoutconfig (category:base,tabindex:0)
2024-02-12 02:20:36,242 [INFO] PluginManage:310 - Check plugin power
2024-02-12 02:20:36,250 [INFO] PluginManage:359 - Loaded plugin power (category:power,tabindex:4)
2024-02-12 02:20:36,250 [INFO] PluginManage:310 - Check plugin projectmanager
2024-02-12 02:20:36,266 [INFO] PluginManage:359 - Loaded plugin projectmanager (category:projectmanager,tabindex:3)
2024-02-12 02:20:36,266 [INFO] PluginManage:310 - Check plugin thirdparty
2024-02-12 02:20:36,367 [INFO] PluginManage:359 - Loaded plugin thirdparty (category:base,tabindex:-1)
2024-02-12 02:20:36,366 [WARN] IntegrityCheckThread:84 - waiting for thirdparty lock release [integrity check]
2024-02-12 02:20:36,367 [INFO] PluginManage:310 - Check plugin tools
2024-02-12 02:20:36,367 [INFO] IntegrityCheckThread:86 - entering critical section [integrity check]
2024-02-12 02:20:36,367 [INFO] ThirdPartyUpdaterWithRetryManager:70 - Updater plugin not ready yet. [1/15]
2024-02-12 02:20:36,369 [INFO] PluginManage:359 - Loaded plugin tools (category:base,tabindex:7)
2024-02-12 02:20:36,369 [INFO] PluginManage:310 - Check plugin tutovideos
2024-02-12 02:20:36,503 [INFO] PluginManage:359 - Loaded plugin tutovideos (category:base,tabindex:-1)
2024-02-12 02:20:36,503 [INFO] PluginManage:310 - Check plugin updater
2024-02-12 02:20:36,511 [INFO] PluginManage:359 - Loaded plugin updater (category:base,tabindex:12)
2024-02-12 02:20:36,511 [INFO] PluginManage:310 - Check plugin userauth
2024-02-12 02:20:36,516 [INFO] UserAuth:113 - Init User Auth plugin
2024-02-12 02:20:36,516 [INFO] PluginManage:359 - Loaded plugin userauth (category:base,tabindex:14)
2024-02-12 02:20:36,516 [INFO] PluginManage:283 - PluginManage : Loaded plugins [17]
2024-02-12 02:20:36,670 [INFO] PinOutPanel:1499 - setPackage(No Configuration,No Configuration)
2024-02-12 02:20:36,733 [INFO] CADModel:165 - CPN selected for project level
2024-02-12 02:20:36,733 [INFO] CADModel:114 - Register for checkConnection events
2024-02-12 02:20:36,741 [INFO] IPUIPlugin:80 - create IPUIPlugin
2024-02-12 02:20:36,742 [INFO] PluginManager:220 - loadIPPluginJar : add touchsensing
2024-02-12 02:20:36,746 [INFO] IPUIPlugin:80 - create IPUIPlugin
2024-02-12 02:20:36,746 [INFO] PluginManager:220 - loadIPPluginJar : add adc
2024-02-12 02:20:36,747 [INFO] IPUIPlugin:80 - create IPUIPlugin
2024-02-12 02:20:36,747 [INFO] PluginManager:220 - loadIPPluginJar : add fatfs
2024-02-12 02:20:36,749 [INFO] IPUIPlugin:80 - create IPUIPlugin
2024-02-12 02:20:36,749 [INFO] PluginManager:220 - loadIPPluginJar : add ipddr
2024-02-12 02:20:36,750 [INFO] IPUIPlugin:80 - create IPUIPlugin
2024-02-12 02:20:36,750 [INFO] PluginManager:220 - loadIPPluginJar : add openamp
2024-02-12 02:20:36,752 [INFO] IPUIPlugin:80 - create IPUIPlugin
2024-02-12 02:20:36,752 [INFO] PluginManager:220 - loadIPPluginJar : add i3c
2024-02-12 02:20:36,754 [INFO] IPUIPlugin:80 - create IPUIPlugin
2024-02-12 02:20:36,754 [INFO] PluginManager:220 - loadIPPluginJar : add cryp
2024-02-12 02:20:36,757 [INFO] IPUIPlugin:80 - create IPUIPlugin
2024-02-12 02:20:36,758 [INFO] PluginManager:220 - loadIPPluginJar : add fmc
2024-02-12 02:20:36,759 [INFO] IPUIPlugin:80 - create IPUIPlugin
2024-02-12 02:20:36,759 [INFO] PluginManager:220 - loadIPPluginJar : add tsc
2024-02-12 02:20:36,760 [INFO] IPUIPlugin:80 - create IPUIPlugin
2024-02-12 02:20:36,760 [INFO] PluginManager:220 - loadIPPluginJar : add ltdc
2024-02-12 02:20:36,762 [INFO] IPUIPlugin:80 - create IPUIPlugin
2024-02-12 02:20:36,762 [INFO] PluginManager:220 - loadIPPluginJar : add nvic
2024-02-12 02:20:36,764 [INFO] IPUIPlugin:80 - create IPUIPlugin
2024-02-12 02:20:36,764 [INFO] PluginManager:220 - loadIPPluginJar : add dma3
2024-02-12 02:20:36,765 [INFO] IPUIPlugin:80 - create IPUIPlugin
2024-02-12 02:20:36,765 [INFO] PluginManager:220 - loadIPPluginJar : add ucpd
2024-02-12 02:20:36,768 [INFO] IPUIPlugin:80 - create IPUIPlugin
2024-02-12 02:20:36,769 [INFO] PluginManager:220 - loadIPPluginJar : add freertos
2024-02-12 02:20:36,770 [INFO] IPUIPlugin:80 - create IPUIPlugin
2024-02-12 02:20:36,770 [INFO] PluginManager:220 - loadIPPluginJar : add dfsdm
2024-02-12 02:20:36,772 [INFO] IPUIPlugin:80 - create IPUIPlugin
2024-02-12 02:20:36,772 [INFO] PluginManager:220 - loadIPPluginJar : add aes
2024-02-12 02:20:36,776 [INFO] IPUIPlugin:80 - create IPUIPlugin
2024-02-12 02:20:36,777 [INFO] PluginManager:220 - loadIPPluginJar : add linkedlist
2024-02-12 02:20:36,780 [INFO] IPUIPlugin:80 - create IPUIPlugin
2024-02-12 02:20:36,780 [INFO] PluginManager:220 - loadIPPluginJar : add gic
2024-02-12 02:20:36,781 [INFO] IPUIPlugin:80 - create IPUIPlugin
2024-02-12 02:20:36,781 [INFO] PluginManager:220 - loadIPPluginJar : add genericplugin
2024-02-12 02:20:36,783 [INFO] IPUIPlugin:80 - create IPUIPlugin
2024-02-12 02:20:36,783 [INFO] PluginManager:220 - loadIPPluginJar : add resmgrutility
2024-02-12 02:20:36,784 [INFO] IPUIPlugin:80 - create IPUIPlugin
2024-02-12 02:20:36,784 [INFO] PluginManager:220 - loadIPPluginJar : add gfxmmu
2024-02-12 02:20:36,785 [INFO] IPUIPlugin:80 - create IPUIPlugin
2024-02-12 02:20:36,786 [INFO] PluginManager:220 - loadIPPluginJar : add comp
2024-02-12 02:20:36,787 [INFO] IPUIPlugin:80 - create IPUIPlugin
2024-02-12 02:20:36,787 [INFO] PluginManager:220 - loadIPPluginJar : add i2s
2024-02-12 02:20:36,788 [INFO] IPUIPlugin:80 - create IPUIPlugin
2024-02-12 02:20:36,788 [INFO] PluginManager:220 - loadIPPluginJar : add ts
2024-02-12 02:20:36,791 [INFO] IPUIPlugin:80 - create IPUIPlugin
2024-02-12 02:20:36,791 [INFO] PluginManager:220 - loadIPPluginJar : add pdm2pcm
2024-02-12 02:20:36,793 [INFO] IPUIPlugin:80 - create IPUIPlugin
2024-02-12 02:20:36,793 [INFO] PluginManager:220 - loadIPPluginJar : add gtzc
2024-02-12 02:20:36,794 [INFO] IPUIPlugin:80 - create IPUIPlugin
2024-02-12 02:20:36,794 [INFO] PluginManager:220 - loadIPPluginJar : add can
2024-02-12 02:20:36,796 [INFO] IPUIPlugin:80 - create IPUIPlugin
2024-02-12 02:20:36,796 [INFO] PluginManager:220 - loadIPPluginJar : add tracer_emb
2024-02-12 02:20:36,797 [INFO] IPUIPlugin:80 - create IPUIPlugin
2024-02-12 02:20:36,797 [INFO] PluginManager:220 - loadIPPluginJar : add usart
2024-02-12 02:20:36,800 [INFO] IPUIPlugin:80 - create IPUIPlugin
2024-02-12 02:20:36,800 [INFO] PluginManager:220 - loadIPPluginJar : add gpio
2024-02-12 02:20:36,801 [INFO] IPUIPlugin:80 - create IPUIPlugin
2024-02-12 02:20:36,802 [INFO] PluginManager:220 - loadIPPluginJar : add spi
2024-02-12 02:20:36,805 [INFO] IPUIPlugin:80 - create IPUIPlugin
2024-02-12 02:20:36,807 [INFO] PluginManager:220 - loadIPPluginJar : add plateformsettings
2024-02-12 02:20:36,808 [INFO] IPUIPlugin:80 - create IPUIPlugin
2024-02-12 02:20:36,809 [INFO] PluginManager:220 - loadIPPluginJar : add tim
2024-02-12 02:20:36,811 [INFO] IPUIPlugin:80 - create IPUIPlugin
2024-02-12 02:20:36,811 [INFO] PluginManager:220 - loadIPPluginJar : add stm32_wpan
2024-02-12 02:20:36,813 [INFO] IPUIPlugin:80 - create IPUIPlugin
2024-02-12 02:20:36,813 [INFO] PluginManager:220 - loadIPPluginJar : add opamp
2024-02-12 02:20:36,814 [INFO] IPUIPlugin:80 - create IPUIPlugin
2024-02-12 02:20:36,814 [INFO] PluginManager:220 - loadIPPluginJar : add i2c
2024-02-12 02:20:36,818 [INFO] IPUIPlugin:80 - create IPUIPlugin
2024-02-12 02:20:36,818 [INFO] PluginManager:220 - loadIPPluginJar : add mdma
2024-02-12 02:20:36,819 [INFO] IPUIPlugin:80 - create IPUIPlugin
2024-02-12 02:20:36,819 [INFO] PluginManager:220 - loadIPPluginJar : add usbx
2024-02-12 02:20:36,820 [INFO] IPUIPlugin:80 - create IPUIPlugin
2024-02-12 02:20:36,821 [INFO] PluginManager:220 - loadIPPluginJar : add lorawan
2024-02-12 02:20:36,824 [INFO] IPUIPlugin:80 - create IPUIPlugin
2024-02-12 02:20:36,824 [INFO] PluginManager:220 - loadIPPluginJar : add dma
2024-02-12 02:20:36,825 [INFO] IPUIPlugin:80 - create IPUIPlugin
2024-02-12 02:20:36,825 [INFO] PluginManager:220 - loadIPPluginJar : add hash
2024-02-12 02:20:36,826 [INFO] IPUIPlugin:80 - create IPUIPlugin
2024-02-12 02:20:36,826 [INFO] PluginManager:220 - loadIPPluginJar : add quadspi
2024-02-12 02:20:36,827 [INFO] IPUIPlugin:80 - create IPUIPlugin
2024-02-12 02:20:36,827 [INFO] PluginManager:220 - loadIPPluginJar : add sai
2024-02-12 02:20:36,919 [INFO] CADModel:165 - CPN selected for project level
2024-02-12 02:20:36,919 [INFO] CADModel:114 - Register for checkConnection events
2024-02-12 02:20:36,920 [FATAL] Updater:308 - Updater called before beeing initialized
2024-02-12 02:20:36,920 [ERROR] CADModel:125 - Updater not yet initialized, retry later 
2024-02-12 02:20:37,001 [INFO] CADModel:165 - CPN selected for project level
2024-02-12 02:20:37,001 [INFO] CADModel:114 - Register for checkConnection events
2024-02-12 02:20:37,001 [FATAL] Updater:308 - Updater called before beeing initialized
2024-02-12 02:20:37,001 [ERROR] CADModel:125 - Updater not yet initialized, retry later 
2024-02-12 02:20:37,003 [FATAL] Updater:308 - Updater called before beeing initialized
2024-02-12 02:20:37,060 [FATAL] Updater:308 - Updater called before beeing initialized
2024-02-12 02:20:37,064 [INFO] DbMcusAds:53 - JSON generation date=Wed Nov 29 05:52:38 EST 2023 (1701255158764)
2024-02-12 02:20:37,064 [FATAL] Updater:308 - Updater called before beeing initialized
2024-02-12 02:20:37,090 [WARN] DetailPanel:346 - Failed to get advertising image, set to default
2024-02-12 02:20:37,163 [FATAL] Updater:308 - Updater called before beeing initialized
2024-02-12 02:20:37,164 [FATAL] Updater:308 - Updater called before beeing initialized
2024-02-12 02:20:37,164 [FATAL] Updater:308 - Updater called before beeing initialized
2024-02-12 02:20:37,164 [WARN] DetailPanel:346 - Failed to get advertising image, set to default
2024-02-12 02:20:37,165 [FATAL] Updater:308 - Updater called before beeing initialized
2024-02-12 02:20:37,193 [ERROR] Updater:1120 - MainUpdater not yet initialized. External WinMGr cannot be set.
2024-02-12 02:20:37,195 [INFO] Updater:1056 - Updater Version found : 6.9.2
2024-02-12 02:20:37,208 [INFO] ApplicationProperties:184 - Using Application install path: /opt/st/stm32cubeide_1.13.2/plugins/com.st.stm32cube.common.mx_6.9.2.202309101412
2024-02-12 02:20:37,649 [INFO] MainUpdater:2868 - connection check result : 10
2024-02-12 02:20:37,649 [INFO] MainUpdater:285 - Updater Check For Update Now.
2024-02-12 02:20:37,650 [INFO] MicroXplorer:498 - Change Database Version : DB.6.0.92
2024-02-12 02:20:37,652 [INFO] McuFinderGlobals:63 - Set McuFinder mode to 2 (CubeIDE integrated)
2024-02-12 02:20:37,838 [INFO] CheckServerUpdateThread:120 - End of CheckServer Thread
2024-02-12 02:20:39,444 [WARN] PackLoader:240 - Cannot read IP mode file for STMicroelectronics.X-CUBE-SMBUS.2.1.0
2024-02-12 02:20:39,452 [WARN] PackLoader:240 - Cannot read IP mode file for STMicroelectronics.X-CUBE-TOUCHGFX.4.23.0
2024-02-12 02:20:39,486 [WARN] PackLoader:240 - Cannot read IP mode file for STMicroelectronics.X-CUBE-AZRTOS-F7.1.1.0
2024-02-12 02:20:39,499 [WARN] PackLoader:240 - Cannot read IP mode file for STMicroelectronics.FP-SNS-MOTENV1.4.3.2
2024-02-12 02:20:39,508 [WARN] PackLoader:240 - Cannot read IP mode file for STMicroelectronics.FP-SNS-FLIGHT1.5.0.2
2024-02-12 02:20:39,517 [WARN] PackLoader:240 - Cannot read IP mode file for STMicroelectronics.X-CUBE-DISPLAY.3.0.0
2024-02-12 02:20:39,529 [WARN] PackLoader:240 - Cannot read IP mode file for STMicroelectronics.X-CUBE-BLE1.7.0.0
2024-02-12 02:20:39,535 [WARN] PackLoader:240 - Cannot read IP mode file for emotas.I-CUBE-CANOPEN.1.3.0
2024-02-12 02:20:39,538 [WARN] PackLoader:240 - Cannot read IP mode file for STMicroelectronics.X-CUBE-TOUCHGFX.4.22.0
2024-02-12 02:20:39,541 [WARN] PackLoader:240 - Cannot read IP mode file for STMicroelectronics.X-CUBE-TOUCHGFX.4.22.1
2024-02-12 02:20:39,544 [WARN] PackLoader:240 - Cannot read IP mode file for STMicroelectronics.FP-SNS-SMARTAG2.1.2.0
2024-02-12 02:20:39,554 [INFO] LogOutputStream:77 - [STDOUT_REDIRECT] 1 : Invalid condition id : UX_CORESTACK_Condition cause : null
2024-02-12 02:20:39,555 [INFO] LogOutputStream:77 - [STDOUT_REDIRECT] 1 : Invalid condition id : UX_CORESTACK_Condition cause : null
2024-02-12 02:20:39,555 [INFO] LogOutputStream:77 - [STDOUT_REDIRECT] 1 : Invalid condition id : UX_CORESTACK_Condition cause : null
2024-02-12 02:20:39,555 [INFO] LogOutputStream:77 - [STDOUT_REDIRECT] 1 : Invalid condition id : UX_CORESTACK_Condition cause : null
2024-02-12 02:20:39,556 [INFO] LogOutputStream:77 - [STDOUT_REDIRECT] 1 : Invalid condition id : UX_CORESTACK_Condition cause : null
2024-02-12 02:20:39,562 [WARN] PackLoader:240 - Cannot read IP mode file for STMicroelectronics.X-CUBE-AZRTOS-WL.2.0.0
2024-02-12 02:20:39,572 [WARN] PackLoader:240 - Cannot read IP mode file for WES.I-CUBE-Cesium.1.3.0
2024-02-12 02:20:39,577 [WARN] PackLoader:240 - Cannot read IP mode file for STMicroelectronics.X-CUBE-BLE2.3.3.0
2024-02-12 02:20:39,584 [WARN] PackLoader:240 - Cannot read IP mode file for STMicroelectronics.X-CUBE-ALGOBUILD.1.3.0
2024-02-12 02:20:39,607 [WARN] PackLoader:240 - Cannot read IP mode file for STMicroelectronics.X-CUBE-AZRTOS-G0.1.1.0
2024-02-12 02:20:39,616 [WARN] PackLoader:240 - Cannot read IP mode file for STMicroelectronics.X-CUBE-NFC4.3.0.0
2024-02-12 02:20:39,630 [WARN] PackLoader:240 - Cannot read IP mode file for STMicroelectronics.X-CUBE-BLEMGR.3.0.0
2024-02-12 02:20:39,637 [WARN] PackLoader:240 - Cannot read IP mode file for STMicroelectronics.FP-ATR-SIGFOX1.3.2.0
2024-02-12 02:20:39,643 [WARN] PackLoader:240 - Cannot read IP mode file for STMicroelectronics.X-CUBE-EEPRMA1.5.1.0
2024-02-12 02:20:39,685 [WARN] PackLoader:240 - Cannot read IP mode file for SEGGER.I-CUBE-embOS.1.3.1
2024-02-12 02:20:39,746 [WARN] PackLoader:240 - Cannot read IP mode file for STMicroelectronics.X-CUBE-GNSS1.6.0.0
2024-02-12 02:20:39,769 [WARN] PackLoader:240 - Cannot read IP mode file for STMicroelectronics.X-CUBE-AZRTOS-F4.1.1.0
2024-02-12 02:20:39,775 [WARN] PackLoader:240 - Cannot read IP mode file for wolfSSL.I-CUBE-wolfSSL.5.6.3
2024-02-12 02:20:39,798 [WARN] PackLoader:240 - Cannot read IP mode file for STMicroelectronics.X-CUBE-AZRTOS-L5.2.0.0
2024-02-12 02:20:39,870 [WARN] PackLoader:240 - Cannot read IP mode file for STMicroelectronics.X-CUBE-MEMS1.9.6.0
2024-02-12 02:20:40,092 [WARN] PackLoader:240 - Cannot read IP mode file for STMicroelectronics.X-CUBE-EEPRMA1.4.2.0
2024-02-12 02:20:40,097 [WARN] PackLoader:240 - Cannot read IP mode file for ITTIA_DB.I-CUBE-ITTIADB.8.8.0
2024-02-12 02:20:40,105 [WARN] PackLoader:240 - Cannot read IP mode file for STMicroelectronics.X-CUBE-BLEMGR.2.0.0
2024-02-12 02:20:40,126 [WARN] ConditionMgr:438 - getConditionDescription Invalid condition id : UX DEVICE CLASS RTOS Condition cause : null
2024-02-12 02:20:40,126 [WARN] ConditionMgr:438 - getConditionDescription Invalid condition id : UX DEVICE CLASS RTOS Condition cause : null
2024-02-12 02:20:40,131 [WARN] PackLoader:240 - Cannot read IP mode file for STMicroelectronics.X-CUBE-AZRTOS-H7.3.1.0
2024-02-12 02:20:40,132 [WARN] ConditionMgr:1039 - genDependencies : Invalid condition id : UX DEVICE CLASS RTOS Condition cause : null
2024-02-12 02:20:40,132 [WARN] ConditionMgr:1039 - genDependencies : Invalid condition id : UX DEVICE CLASS RTOS Condition cause : null
2024-02-12 02:20:40,133 [WARN] ConditionMgr:1039 - genDependencies : Invalid condition id : UX DEVICE CLASS RTOS Condition cause : null
2024-02-12 02:20:40,133 [WARN] ConditionMgr:1039 - genDependencies : Invalid condition id : UX DEVICE CLASS RTOS Condition cause : null
2024-02-12 02:20:40,133 [WARN] ConditionMgr:1039 - genDependencies : Invalid condition id : UX DEVICE CLASS RTOS Condition cause : null
2024-02-12 02:20:40,139 [WARN] PackLoader:240 - Cannot read IP mode file for STMicroelectronics.X-CUBE-NFC7.1.0.1
2024-02-12 02:20:40,147 [WARN] PackLoader:240 - Cannot read IP mode file for STMicroelectronics.X-CUBE-NFC6.3.0.0
2024-02-12 02:20:40,155 [WARN] PackLoader:240 - Cannot read IP mode file for STMicroelectronics.X-CUBE-EEPRMA1.4.1.0
2024-02-12 02:20:40,159 [WARN] PackLoader:240 - Cannot read IP mode file for STMicroelectronics.X-CUBE-AI.8.1.0
2024-02-12 02:20:40,178 [WARN] ConditionMgr:438 - getConditionDescription Invalid condition id : LAN8742 Phy interface Condition cause : null
2024-02-12 02:20:40,179 [WARN] PackLoader:240 - Cannot read IP mode file for STMicroelectronics.X-CUBE-AZRTOS-L4.2.0.0
2024-02-12 02:20:40,180 [WARN] ConditionMgr:1039 - genDependencies : Invalid condition id : LAN8742 Phy interface Condition cause : null
2024-02-12 02:20:40,181 [WARN] ConditionMgr:1039 - genDependencies : Invalid condition id : LAN8742 Phy interface Condition cause : null
2024-02-12 02:20:40,182 [WARN] ConditionMgr:1039 - genDependencies : Invalid condition id : LAN8742 Phy interface Condition cause : null
2024-02-12 02:20:40,189 [WARN] PackLoader:240 - Cannot read IP mode file for STMicroelectronics.X-CUBE-SFXS2LP1.4.0.0
2024-02-12 02:20:40,193 [WARN] PackLoader:240 - Cannot read IP mode file for STMicroelectronics.X-CUBE-ISPU.1.1.0
2024-02-12 02:20:40,207 [WARN] ConditionMgr:438 - getConditionDescription Invalid condition id : UX DEVICE CLASS RTOS Condition cause : null
2024-02-12 02:20:40,208 [WARN] ConditionMgr:438 - getConditionDescription Invalid condition id : UX DEVICE CLASS RTOS Condition cause : null
2024-02-12 02:20:40,210 [WARN] PackLoader:240 - Cannot read IP mode file for STMicroelectronics.X-CUBE-AZRTOS-WB.2.0.0
2024-02-12 02:20:40,211 [WARN] ConditionMgr:1039 - genDependencies : Invalid condition id : UX DEVICE CLASS RTOS Condition cause : null
2024-02-12 02:20:40,211 [WARN] ConditionMgr:1039 - genDependencies : Invalid condition id : UX DEVICE CLASS RTOS Condition cause : null
2024-02-12 02:20:40,212 [WARN] ConditionMgr:1039 - genDependencies : Invalid condition id : UX DEVICE CLASS RTOS Condition cause : null
2024-02-12 02:20:40,212 [WARN] ConditionMgr:1039 - genDependencies : Invalid condition id : UX DEVICE CLASS RTOS Condition cause : null
2024-02-12 02:20:40,212 [WARN] ConditionMgr:1039 - genDependencies : Invalid condition id : UX DEVICE CLASS RTOS Condition cause : null
2024-02-12 02:20:40,223 [WARN] PackLoader:240 - Cannot read IP mode file for STMicroelectronics.X-CUBE-SUBG2.5.0.0
2024-02-12 02:20:40,241 [WARN] PackLoader:240 - Cannot read IP mode file for STMicroelectronics.X-CUBE-TOF1.3.3.1
2024-02-12 02:20:40,276 [WARN] PackLoader:240 - Cannot read IP mode file for STMicroelectronics.X-CUBE-AZRTOS-G4.2.0.0
2024-02-12 02:20:40,294 [WARN] PackLoader:240 - Cannot read IP mode file for Infineon.AIROC-Wi-Fi-Bluetooth-STM32.1.5.1
2024-02-12 02:20:40,303 [WARN] PackLoader:240 - Cannot read IP mode file for STMicroelectronics.FP-SNS-MOTENVWB1.1.3.0
2024-02-12 02:20:40,306 [WARN] PackLoader:240 - Cannot read IP mode file for STMicroelectronics.FP-SNS-MOTENVWB1.1.3.1
2024-02-12 02:20:40,310 [WARN] PackLoader:240 - Cannot read IP mode file for STMicroelectronics.X-CUBE-ISPU.2.0.0
2024-02-12 02:20:40,369 [WARN] PackLoader:240 - Cannot read IP mode file for STMicroelectronics.X-CUBE-MEMS1.10.0.0
2024-02-12 02:20:40,498 [WARN] PackLoader:240 - Cannot read IP mode file for STMicroelectronics.X-CUBE-FREERTOS.1.1.0
2024-02-12 02:20:40,502 [WARN] PackLoader:240 - Cannot read IP mode file for portGmbH.I-Cube-SoM-uGOAL.1.1.0
2024-02-12 02:20:40,506 [WARN] PackLoader:240 - Cannot read IP mode file for STMicroelectronics.X-CUBE-ALS.1.0.1
2024-02-12 02:20:40,509 [WARN] PackLoader:240 - Cannot read IP mode file for STMicroelectronics.FP-ATR-ASTRA1.2.0.0
2024-02-12 02:20:40,520 [WARN] PackLoader:240 - Cannot read IP mode file for STMicroelectronics.X-CUBE-TOF1.3.4.0
2024-02-12 02:20:40,555 [WARN] PackLoader:240 - Cannot read IP mode file for STMicroelectronics.X-CUBE-AZRTOS-H7.3.2.0
2024-02-12 02:20:40,558 [INFO] ThirdParty:978 - Integrity check success = true
2024-02-12 02:20:40,559 [INFO] IntegrityCheckThread:100 - exiting critical section [integrity check]
2024-02-12 02:20:40,559 [INFO] IntegrityCheckThread:103 - End integrity checks thread
2024-02-12 02:20:58,154 [ERROR] LogOutputStream:75 - [STDERR_REDIRECT] SLF4J: Failed to load class "org.slf4j.impl.StaticLoggerBinder".
2024-02-12 02:20:58,154 [ERROR] LogOutputStream:75 - [STDERR_REDIRECT] SLF4J: Defaulting to no-operation (NOP) logger implementation
2024-02-12 02:20:58,155 [ERROR] LogOutputStream:75 - [STDERR_REDIRECT] SLF4J: See http://www.slf4j.org/codes.html#StaticLoggerBinder for further details.
