2024-03-11 21:25:06,423 [INFO] Activator:176 - 


2024-03-11 21:25:06,428 [INFO] Activator:177 - !SESSION log4j initialized
2024-03-11 21:25:11,005 [INFO] LogOutputStream:77 - [STDOUT_REDIRECT] 
2024-03-11 21:25:12,054 [INFO] ApplicationProperties:184 - Using Application install path: /opt/st/stm32cubeide_1.13.2/plugins/com.st.stm32cube.common.mx_6.9.2.202309101412
2024-03-11 21:25:12,070 [INFO] DbMcusXml:78 - Set database path to: /opt/st/stm32cubeide_1.13.2/plugins/com.st.stm32cube.common.mx_6.9.2.202309101412//db//mcu/
2024-03-11 21:25:12,070 [INFO] ApiDb:274 - Set plugin database path to: /opt/st/stm32cubeide_1.13.2/plugins/com.st.stm32cube.common.mx_6.9.2.202309101412//db//plugins/boardmanager/
2024-03-11 21:25:12,070 [WARN] ApiDb:259 - Overriding images path with different value:  => /opt/st/stm32cubeide_1.13.2/plugins/com.st.stm32cube.common.mx_6.9.2.202309101412//db//plugins/mcufinder/images/
2024-03-11 21:25:12,088 [INFO] ApiDb:250 - Set database path to: /home/ebenezer/.stmcufinder/plugins/mcufinder//mcu/
2024-03-11 21:25:12,089 [INFO] DbMcusAds:125 - Set database path to: /home/ebenezer/.stmcufinder/plugins/mcufinder//mcu/
2024-03-11 21:25:12,092 [INFO] CrossReferenceDbSqlite:203 - Set database path to: /home/ebenezer/.stmcufinder/plugins/mcufinder//mcu/cs/
2024-03-11 21:25:12,235 [INFO] RulesReader:64 - Compatibility file has been processed (293 Rules)
2024-03-11 21:25:12,310 [INFO] DbMcusXml:78 - Set database path to: /opt/st/stm32cubeide_1.13.2/plugins/com.st.stm32cube.common.mx_6.9.2.202309101412//db//mcu/
2024-03-11 21:25:12,311 [INFO] ApiDb:274 - Set plugin database path to: /opt/st/stm32cubeide_1.13.2/plugins/com.st.stm32cube.common.mx_6.9.2.202309101412//db//plugins/boardmanager/
2024-03-11 21:25:12,311 [INFO] ApiDb:261 - Set plugin images path to: /opt/st/stm32cubeide_1.13.2/plugins/com.st.stm32cube.common.mx_6.9.2.202309101412//db//plugins/mcufinder/images/
2024-03-11 21:25:12,311 [WARN] DbFile:41 - Overriding database path with different value: /home/ebenezer/.stmcufinder/plugins/mcufinder/ => /home/ebenezer/.stmcufinder/plugins/mcufinder
2024-03-11 21:25:12,312 [INFO] ApiDb:250 - Set database path to: /home/ebenezer/.stmcufinder/plugins/mcufinder//mcu/
2024-03-11 21:25:12,312 [WARN] DbFile:41 - Overriding database path with different value: /home/ebenezer/.stmcufinder/plugins/mcufinder/ => /home/ebenezer/.stmcufinder/plugins/mcufinder
2024-03-11 21:25:12,312 [INFO] DbMcusAds:125 - Set database path to: /home/ebenezer/.stmcufinder/plugins/mcufinder//mcu/
2024-03-11 21:25:12,312 [WARN] DbFile:41 - Overriding database path with different value: /home/ebenezer/.stmcufinder/plugins/mcufinder/ => /home/ebenezer/.stmcufinder/plugins/mcufinder
2024-03-11 21:25:12,312 [WARN] DbFile:41 - Overriding database path with different value: /home/ebenezer/.stmcufinder/plugins/mcufinder/ => /home/ebenezer/.stmcufinder/plugins/mcufinder
2024-03-11 21:25:12,312 [INFO] CrossReferenceDbSqlite:203 - Set database path to: /home/ebenezer/.stmcufinder/plugins/mcufinder//mcu/cs/
2024-03-11 21:25:12,395 [INFO] MainPanel:262 - HeapMemory: 268435456
2024-03-11 21:25:12,481 [INFO] DbMcusXml:78 - Set database path to: /opt/st/stm32cubeide_1.13.2/plugins/com.st.stm32cube.common.mx_6.9.2.202309101412//db//mcu/
2024-03-11 21:25:12,482 [INFO] ApiDb:274 - Set plugin database path to: /opt/st/stm32cubeide_1.13.2/plugins/com.st.stm32cube.common.mx_6.9.2.202309101412//db//plugins/boardmanager/
2024-03-11 21:25:12,482 [INFO] ApiDb:261 - Set plugin images path to: /opt/st/stm32cubeide_1.13.2/plugins/com.st.stm32cube.common.mx_6.9.2.202309101412//db//plugins/mcufinder/images/
2024-03-11 21:25:12,483 [WARN] DbFile:41 - Overriding database path with different value: /home/ebenezer/.stmcufinder/plugins/mcufinder/ => /home/ebenezer/.stmcufinder/plugins/mcufinder
2024-03-11 21:25:12,484 [INFO] ApiDb:250 - Set database path to: /home/ebenezer/.stmcufinder/plugins/mcufinder//mcu/
2024-03-11 21:25:12,484 [WARN] DbFile:41 - Overriding database path with different value: /home/ebenezer/.stmcufinder/plugins/mcufinder/ => /home/ebenezer/.stmcufinder/plugins/mcufinder
2024-03-11 21:25:12,485 [INFO] DbMcusAds:125 - Set database path to: /home/ebenezer/.stmcufinder/plugins/mcufinder//mcu/
2024-03-11 21:25:12,485 [WARN] DbFile:41 - Overriding database path with different value: /home/ebenezer/.stmcufinder/plugins/mcufinder/ => /home/ebenezer/.stmcufinder/plugins/mcufinder
2024-03-11 21:25:12,485 [WARN] DbFile:41 - Overriding database path with different value: /home/ebenezer/.stmcufinder/plugins/mcufinder/ => /home/ebenezer/.stmcufinder/plugins/mcufinder
2024-03-11 21:25:12,485 [INFO] CrossReferenceDbSqlite:203 - Set database path to: /home/ebenezer/.stmcufinder/plugins/mcufinder//mcu/cs/
2024-03-11 21:25:12,504 [INFO] ApplicationProperties:184 - Using Application install path: /opt/st/stm32cubeide_1.13.2/plugins/com.st.stm32cube.common.mx_6.9.2.202309101412
2024-03-11 21:25:12,506 [INFO] PluginManage:196 - Search for loadable plugins [exclusion list=, ]
2024-03-11 21:25:12,509 [INFO] PluginManage:310 - Check plugin analytics
2024-03-11 21:25:12,666 [INFO] AnalyticsPlugin:253 - Accepted Software Licenses: 
2024-03-11 21:25:12,666 [INFO] AnalyticsPlugin:255 - Accepted CMSIS Pack Licenses: 
2024-03-11 21:25:12,666 [INFO] AnalyticsPlugin:257 - Accepted Firmware Licenses: FW.G0.1.6.0,FW.F4.1.27.0
2024-03-11 21:25:12,669 [INFO] PluginManage:359 - Loaded plugin analytics (category:tool,tabindex:-1)
2024-03-11 21:25:12,670 [INFO] PluginManage:310 - Check plugin cadmodel
2024-03-11 21:25:12,759 [INFO] CADModel:105 - Init CAD model plugin
2024-03-11 21:25:12,759 [INFO] PluginManage:359 - Loaded plugin cadmodel (category:power,tabindex:5)
2024-03-11 21:25:12,760 [INFO] PluginManage:310 - Check plugin clock
2024-03-11 21:25:12,768 [INFO] PluginManage:359 - Loaded plugin clock (category:base,tabindex:2)
2024-03-11 21:25:12,768 [INFO] PluginManage:310 - Check plugin ddr
2024-03-11 21:25:12,770 [INFO] PluginManage:359 - Loaded plugin ddr (category:tool,tabindex:6)
2024-03-11 21:25:12,771 [INFO] PluginManage:310 - Check plugin filemanager
2024-03-11 21:25:12,896 [INFO] PluginManage:359 - Loaded plugin filemanager (category:base,tabindex:10)
2024-03-11 21:25:12,896 [INFO] PluginManage:310 - Check plugin ipmanager
2024-03-11 21:25:12,901 [INFO] PluginManage:359 - Loaded plugin ipmanager (category:base,tabindex:5)
2024-03-11 21:25:12,901 [INFO] PluginManage:310 - Check plugin lpbam
2024-03-11 21:25:12,911 [INFO] PluginManage:359 - Loaded plugin lpbam (category:base,tabindex:0)
2024-03-11 21:25:12,911 [INFO] PluginManage:310 - Check plugin memorymap
2024-03-11 21:25:12,920 [INFO] PluginManage:359 - Loaded plugin memorymap (category:base,tabindex:4)
2024-03-11 21:25:12,921 [INFO] PluginManage:310 - Check plugin pinoutandconfiguration
2024-03-11 21:25:12,927 [INFO] PluginManage:359 - Loaded plugin pinoutandconfiguration (category:base,tabindex:1)
2024-03-11 21:25:12,927 [INFO] PluginManage:310 - Check plugin pinoutconfig
2024-03-11 21:25:13,000 [WARN] SupportedApi:132 - Cannot load RTOS API schema: s4s-elt-must-match.1: The content of 'definitions' must match (annotation?, (simpleType | complexType)?, (unique | key | keyref)*)). A problem was found starting at: attribute.
2024-03-11 21:25:13,106 [INFO] PluginManage:359 - Loaded plugin pinoutconfig (category:base,tabindex:0)
2024-03-11 21:25:13,107 [INFO] PluginManage:310 - Check plugin power
2024-03-11 21:25:13,114 [INFO] PluginManage:359 - Loaded plugin power (category:power,tabindex:4)
2024-03-11 21:25:13,114 [INFO] PluginManage:310 - Check plugin projectmanager
2024-03-11 21:25:13,129 [INFO] PluginManage:359 - Loaded plugin projectmanager (category:projectmanager,tabindex:3)
2024-03-11 21:25:13,129 [INFO] PluginManage:310 - Check plugin thirdparty
2024-03-11 21:25:13,240 [INFO] PluginManage:359 - Loaded plugin thirdparty (category:base,tabindex:-1)
2024-03-11 21:25:13,240 [WARN] IntegrityCheckThread:84 - waiting for thirdparty lock release [integrity check]
2024-03-11 21:25:13,240 [INFO] PluginManage:310 - Check plugin tools
2024-03-11 21:25:13,240 [INFO] IntegrityCheckThread:86 - entering critical section [integrity check]
2024-03-11 21:25:13,241 [INFO] ThirdPartyUpdaterWithRetryManager:70 - Updater plugin not ready yet. [1/15]
2024-03-11 21:25:13,243 [INFO] PluginManage:359 - Loaded plugin tools (category:base,tabindex:7)
2024-03-11 21:25:13,243 [INFO] PluginManage:310 - Check plugin tutovideos
2024-03-11 21:25:13,385 [INFO] PluginManage:359 - Loaded plugin tutovideos (category:base,tabindex:-1)
2024-03-11 21:25:13,385 [INFO] PluginManage:310 - Check plugin updater
2024-03-11 21:25:13,394 [INFO] PluginManage:359 - Loaded plugin updater (category:base,tabindex:12)
2024-03-11 21:25:13,394 [INFO] PluginManage:310 - Check plugin userauth
2024-03-11 21:25:13,398 [INFO] UserAuth:113 - Init User Auth plugin
2024-03-11 21:25:13,398 [INFO] PluginManage:359 - Loaded plugin userauth (category:base,tabindex:14)
2024-03-11 21:25:13,398 [INFO] PluginManage:283 - PluginManage : Loaded plugins [17]
2024-03-11 21:25:13,554 [INFO] PinOutPanel:1499 - setPackage(No Configuration,No Configuration)
2024-03-11 21:25:13,634 [INFO] CADModel:165 - CPN selected for project level
2024-03-11 21:25:13,635 [INFO] CADModel:114 - Register for checkConnection events
2024-03-11 21:25:13,645 [INFO] IPUIPlugin:80 - create IPUIPlugin
2024-03-11 21:25:13,645 [INFO] PluginManager:220 - loadIPPluginJar : add touchsensing
2024-03-11 21:25:13,651 [INFO] IPUIPlugin:80 - create IPUIPlugin
2024-03-11 21:25:13,651 [INFO] PluginManager:220 - loadIPPluginJar : add adc
2024-03-11 21:25:13,652 [INFO] IPUIPlugin:80 - create IPUIPlugin
2024-03-11 21:25:13,652 [INFO] PluginManager:220 - loadIPPluginJar : add fatfs
2024-03-11 21:25:13,654 [INFO] IPUIPlugin:80 - create IPUIPlugin
2024-03-11 21:25:13,654 [INFO] PluginManager:220 - loadIPPluginJar : add ipddr
2024-03-11 21:25:13,656 [INFO] IPUIPlugin:80 - create IPUIPlugin
2024-03-11 21:25:13,656 [INFO] PluginManager:220 - loadIPPluginJar : add openamp
2024-03-11 21:25:13,658 [INFO] IPUIPlugin:80 - create IPUIPlugin
2024-03-11 21:25:13,658 [INFO] PluginManager:220 - loadIPPluginJar : add i3c
2024-03-11 21:25:13,659 [INFO] IPUIPlugin:80 - create IPUIPlugin
2024-03-11 21:25:13,660 [INFO] PluginManager:220 - loadIPPluginJar : add cryp
2024-03-11 21:25:13,662 [INFO] IPUIPlugin:80 - create IPUIPlugin
2024-03-11 21:25:13,662 [INFO] PluginManager:220 - loadIPPluginJar : add fmc
2024-03-11 21:25:13,663 [INFO] IPUIPlugin:80 - create IPUIPlugin
2024-03-11 21:25:13,663 [INFO] PluginManager:220 - loadIPPluginJar : add tsc
2024-03-11 21:25:13,664 [INFO] IPUIPlugin:80 - create IPUIPlugin
2024-03-11 21:25:13,664 [INFO] PluginManager:220 - loadIPPluginJar : add ltdc
2024-03-11 21:25:13,666 [INFO] IPUIPlugin:80 - create IPUIPlugin
2024-03-11 21:25:13,667 [INFO] PluginManager:220 - loadIPPluginJar : add nvic
2024-03-11 21:25:13,669 [INFO] IPUIPlugin:80 - create IPUIPlugin
2024-03-11 21:25:13,669 [INFO] PluginManager:220 - loadIPPluginJar : add dma3
2024-03-11 21:25:13,671 [INFO] IPUIPlugin:80 - create IPUIPlugin
2024-03-11 21:25:13,671 [INFO] PluginManager:220 - loadIPPluginJar : add ucpd
2024-03-11 21:25:13,678 [INFO] IPUIPlugin:80 - create IPUIPlugin
2024-03-11 21:25:13,678 [INFO] PluginManager:220 - loadIPPluginJar : add freertos
2024-03-11 21:25:13,679 [INFO] IPUIPlugin:80 - create IPUIPlugin
2024-03-11 21:25:13,679 [INFO] PluginManager:220 - loadIPPluginJar : add dfsdm
2024-03-11 21:25:13,681 [INFO] IPUIPlugin:80 - create IPUIPlugin
2024-03-11 21:25:13,681 [INFO] PluginManager:220 - loadIPPluginJar : add aes
2024-03-11 21:25:13,687 [INFO] IPUIPlugin:80 - create IPUIPlugin
2024-03-11 21:25:13,688 [INFO] PluginManager:220 - loadIPPluginJar : add linkedlist
2024-03-11 21:25:13,691 [INFO] IPUIPlugin:80 - create IPUIPlugin
2024-03-11 21:25:13,691 [INFO] PluginManager:220 - loadIPPluginJar : add gic
2024-03-11 21:25:13,692 [INFO] IPUIPlugin:80 - create IPUIPlugin
2024-03-11 21:25:13,692 [INFO] PluginManager:220 - loadIPPluginJar : add genericplugin
2024-03-11 21:25:13,694 [INFO] IPUIPlugin:80 - create IPUIPlugin
2024-03-11 21:25:13,694 [INFO] PluginManager:220 - loadIPPluginJar : add resmgrutility
2024-03-11 21:25:13,695 [INFO] IPUIPlugin:80 - create IPUIPlugin
2024-03-11 21:25:13,696 [INFO] PluginManager:220 - loadIPPluginJar : add gfxmmu
2024-03-11 21:25:13,696 [INFO] IPUIPlugin:80 - create IPUIPlugin
2024-03-11 21:25:13,696 [INFO] PluginManager:220 - loadIPPluginJar : add comp
2024-03-11 21:25:13,698 [INFO] IPUIPlugin:80 - create IPUIPlugin
2024-03-11 21:25:13,698 [INFO] PluginManager:220 - loadIPPluginJar : add i2s
2024-03-11 21:25:13,699 [INFO] IPUIPlugin:80 - create IPUIPlugin
2024-03-11 21:25:13,699 [INFO] PluginManager:220 - loadIPPluginJar : add ts
2024-03-11 21:25:13,701 [INFO] IPUIPlugin:80 - create IPUIPlugin
2024-03-11 21:25:13,701 [INFO] PluginManager:220 - loadIPPluginJar : add pdm2pcm
2024-03-11 21:25:13,704 [INFO] IPUIPlugin:80 - create IPUIPlugin
2024-03-11 21:25:13,704 [INFO] PluginManager:220 - loadIPPluginJar : add gtzc
2024-03-11 21:25:13,706 [INFO] IPUIPlugin:80 - create IPUIPlugin
2024-03-11 21:25:13,706 [INFO] PluginManager:220 - loadIPPluginJar : add can
2024-03-11 21:25:13,708 [INFO] IPUIPlugin:80 - create IPUIPlugin
2024-03-11 21:25:13,708 [INFO] PluginManager:220 - loadIPPluginJar : add tracer_emb
2024-03-11 21:25:13,710 [INFO] IPUIPlugin:80 - create IPUIPlugin
2024-03-11 21:25:13,711 [INFO] PluginManager:220 - loadIPPluginJar : add usart
2024-03-11 21:25:13,716 [INFO] IPUIPlugin:80 - create IPUIPlugin
2024-03-11 21:25:13,716 [INFO] PluginManager:220 - loadIPPluginJar : add gpio
2024-03-11 21:25:13,718 [INFO] IPUIPlugin:80 - create IPUIPlugin
2024-03-11 21:25:13,718 [INFO] PluginManager:220 - loadIPPluginJar : add spi
2024-03-11 21:25:13,723 [INFO] IPUIPlugin:80 - create IPUIPlugin
2024-03-11 21:25:13,725 [INFO] PluginManager:220 - loadIPPluginJar : add plateformsettings
2024-03-11 21:25:13,727 [INFO] IPUIPlugin:80 - create IPUIPlugin
2024-03-11 21:25:13,727 [INFO] PluginManager:220 - loadIPPluginJar : add tim
2024-03-11 21:25:13,731 [INFO] IPUIPlugin:80 - create IPUIPlugin
2024-03-11 21:25:13,732 [INFO] PluginManager:220 - loadIPPluginJar : add stm32_wpan
2024-03-11 21:25:13,734 [INFO] IPUIPlugin:80 - create IPUIPlugin
2024-03-11 21:25:13,734 [INFO] PluginManager:220 - loadIPPluginJar : add opamp
2024-03-11 21:25:13,736 [INFO] IPUIPlugin:80 - create IPUIPlugin
2024-03-11 21:25:13,736 [INFO] PluginManager:220 - loadIPPluginJar : add i2c
2024-03-11 21:25:13,741 [INFO] IPUIPlugin:80 - create IPUIPlugin
2024-03-11 21:25:13,741 [INFO] PluginManager:220 - loadIPPluginJar : add mdma
2024-03-11 21:25:13,743 [INFO] IPUIPlugin:80 - create IPUIPlugin
2024-03-11 21:25:13,743 [INFO] PluginManager:220 - loadIPPluginJar : add usbx
2024-03-11 21:25:13,745 [INFO] IPUIPlugin:80 - create IPUIPlugin
2024-03-11 21:25:13,745 [INFO] PluginManager:220 - loadIPPluginJar : add lorawan
2024-03-11 21:25:13,750 [INFO] IPUIPlugin:80 - create IPUIPlugin
2024-03-11 21:25:13,750 [INFO] PluginManager:220 - loadIPPluginJar : add dma
2024-03-11 21:25:13,752 [INFO] IPUIPlugin:80 - create IPUIPlugin
2024-03-11 21:25:13,752 [INFO] PluginManager:220 - loadIPPluginJar : add hash
2024-03-11 21:25:13,753 [INFO] IPUIPlugin:80 - create IPUIPlugin
2024-03-11 21:25:13,753 [INFO] PluginManager:220 - loadIPPluginJar : add quadspi
2024-03-11 21:25:13,755 [INFO] IPUIPlugin:80 - create IPUIPlugin
2024-03-11 21:25:13,755 [INFO] PluginManager:220 - loadIPPluginJar : add sai
2024-03-11 21:25:13,853 [INFO] CADModel:165 - CPN selected for project level
2024-03-11 21:25:13,853 [INFO] CADModel:114 - Register for checkConnection events
2024-03-11 21:25:13,853 [FATAL] Updater:308 - Updater called before beeing initialized
2024-03-11 21:25:13,853 [ERROR] CADModel:125 - Updater not yet initialized, retry later 
2024-03-11 21:25:13,967 [INFO] CADModel:165 - CPN selected for project level
2024-03-11 21:25:13,967 [INFO] CADModel:114 - Register for checkConnection events
2024-03-11 21:25:13,967 [FATAL] Updater:308 - Updater called before beeing initialized
2024-03-11 21:25:13,967 [ERROR] CADModel:125 - Updater not yet initialized, retry later 
2024-03-11 21:25:13,970 [FATAL] Updater:308 - Updater called before beeing initialized
2024-03-11 21:25:14,056 [FATAL] Updater:308 - Updater called before beeing initialized
2024-03-11 21:25:14,064 [INFO] DbMcusAds:53 - JSON generation date=Wed Nov 29 05:52:27 EST 2023 (1701255147349)
2024-03-11 21:25:14,064 [FATAL] Updater:308 - Updater called before beeing initialized
2024-03-11 21:25:14,126 [WARN] DetailPanel:346 - Failed to get advertising image, set to default
2024-03-11 21:25:14,247 [FATAL] Updater:308 - Updater called before beeing initialized
2024-03-11 21:25:14,249 [FATAL] Updater:308 - Updater called before beeing initialized
2024-03-11 21:25:14,249 [FATAL] Updater:308 - Updater called before beeing initialized
2024-03-11 21:25:14,249 [WARN] DetailPanel:346 - Failed to get advertising image, set to default
2024-03-11 21:25:14,250 [FATAL] Updater:308 - Updater called before beeing initialized
2024-03-11 21:25:14,292 [ERROR] Updater:1120 - MainUpdater not yet initialized. External WinMGr cannot be set.
2024-03-11 21:25:14,294 [INFO] Updater:1056 - Updater Version found : 6.9.2
2024-03-11 21:25:14,322 [INFO] ApplicationProperties:184 - Using Application install path: /opt/st/stm32cubeide_1.13.2/plugins/com.st.stm32cube.common.mx_6.9.2.202309101412
2024-03-11 21:25:14,554 [INFO] MainUpdater:2868 - connection check result : 10
2024-03-11 21:25:14,554 [INFO] MainUpdater:3562 - Updater definition file requires update
2024-03-11 21:25:14,555 [INFO] MainUpdater:285 - Updater Check For Update Now.
2024-03-11 21:25:14,555 [INFO] MicroXplorer:498 - Change Database Version : DB.6.0.92
2024-03-11 21:25:14,561 [INFO] McuFinderGlobals:63 - Set McuFinder mode to 2 (CubeIDE integrated)
2024-03-11 21:25:15,391 [INFO] ServerAccessManage:473 - Download File updaters.zip
2024-03-11 21:25:15,528 [INFO] FileExtend:240 - Unzip File : updaters.zip
2024-03-11 21:25:15,528 [INFO] FileExtend:255 - Standard Zip Deflate
2024-03-11 21:25:16,043 [INFO] ServerAccessManage:473 - Download File PacksControlFlags.xml
2024-03-11 21:25:16,168 [INFO] ServerAccessManage:473 - Download File cubemx.pidx
2024-03-11 21:25:16,242 [WARN] MainUpdater:1189 - Updater busy. Cannot search thirdparties
2024-03-11 21:25:16,242 [INFO] ThirdPartyUpdaterWithRetryManager:96 - Updater plugin is busy. [1/15]
2024-03-11 21:25:17,062 [INFO] ServerAccessManage:473 - Download File STMicroelectronics.X-CUBE-BLEMGR.pdsc
2024-03-11 21:25:19,242 [WARN] MainUpdater:1189 - Updater busy. Cannot search thirdparties
2024-03-11 21:25:19,242 [INFO] ThirdPartyUpdaterWithRetryManager:96 - Updater plugin is busy. [2/15]
2024-03-11 21:25:21,133 [INFO] ServerAccessManage:473 - Download File STMicroelectronics.X-CUBE-TOF1.pdsc
2024-03-11 21:25:22,243 [WARN] MainUpdater:1189 - Updater busy. Cannot search thirdparties
2024-03-11 21:25:22,243 [INFO] ThirdPartyUpdaterWithRetryManager:96 - Updater plugin is busy. [3/15]
2024-03-11 21:25:25,244 [WARN] MainUpdater:1189 - Updater busy. Cannot search thirdparties
2024-03-11 21:25:25,245 [INFO] ThirdPartyUpdaterWithRetryManager:96 - Updater plugin is busy. [4/15]
2024-03-11 21:25:25,344 [ERROR] ServerAccessManage:1089 - Problem, file not found on Server
2024-03-11 21:25:26,266 [WARN] PackLoader:240 - Cannot read IP mode file for STMicroelectronics.X-CUBE-BLEMGR.3.1.0
2024-03-11 21:25:26,294 [WARN] PackLoader:240 - Cannot read IP mode file for STMicroelectronics.X-CUBE-TOF1.3.4.1
2024-03-11 21:25:26,316 [INFO] PopulateThirdPartyThread:66 - Ending populate Thread
2024-03-11 21:25:26,317 [INFO] ThirdParty:1030 - CMSIS Pack Vendor :STMicroelectronics X-CUBE-BLEMGR 3.1.0
2024-03-11 21:25:26,318 [INFO] ThirdParty:1030 - CMSIS Pack Vendor :STMicroelectronics X-CUBE-TOF1 3.4.1
2024-03-11 21:25:26,318 [INFO] LoadServerUpdatesThread:373 - End of LoadServerUpdate Thread
2024-03-11 21:25:26,391 [INFO] CheckServerUpdateThread:120 - End of CheckServer Thread
2024-03-11 21:25:28,345 [WARN] PackLoader:240 - Cannot read IP mode file for STMicroelectronics.X-CUBE-SMBUS.2.1.0
2024-03-11 21:25:28,348 [WARN] PackLoader:240 - Cannot read IP mode file for STMicroelectronics.X-CUBE-TOUCHGFX.4.23.0
2024-03-11 21:25:28,379 [WARN] PackLoader:240 - Cannot read IP mode file for STMicroelectronics.X-CUBE-AZRTOS-F7.1.1.0
2024-03-11 21:25:28,392 [WARN] PackLoader:240 - Cannot read IP mode file for STMicroelectronics.FP-SNS-MOTENV1.4.3.2
2024-03-11 21:25:28,400 [WARN] PackLoader:240 - Cannot read IP mode file for STMicroelectronics.FP-SNS-FLIGHT1.5.0.2
2024-03-11 21:25:28,409 [WARN] PackLoader:240 - Cannot read IP mode file for STMicroelectronics.X-CUBE-DISPLAY.3.0.0
2024-03-11 21:25:28,422 [WARN] PackLoader:240 - Cannot read IP mode file for STMicroelectronics.X-CUBE-BLE1.7.0.0
2024-03-11 21:25:28,427 [WARN] PackLoader:240 - Cannot read IP mode file for emotas.I-CUBE-CANOPEN.1.3.0
2024-03-11 21:25:28,431 [WARN] PackLoader:240 - Cannot read IP mode file for STMicroelectronics.X-CUBE-TOUCHGFX.4.22.0
2024-03-11 21:25:28,434 [WARN] PackLoader:240 - Cannot read IP mode file for STMicroelectronics.X-CUBE-TOUCHGFX.4.22.1
2024-03-11 21:25:28,449 [WARN] PackLoader:240 - Cannot read IP mode file for STMicroelectronics.X-CUBE-BLEMGR.3.1.0
2024-03-11 21:25:28,458 [WARN] PackLoader:240 - Cannot read IP mode file for STMicroelectronics.FP-SNS-SMARTAG2.1.2.0
2024-03-11 21:25:28,470 [INFO] LogOutputStream:77 - [STDOUT_REDIRECT] 1 : Invalid condition id : UX_CORESTACK_Condition cause : null
2024-03-11 21:25:28,470 [INFO] LogOutputStream:77 - [STDOUT_REDIRECT] 1 : Invalid condition id : UX_CORESTACK_Condition cause : null
2024-03-11 21:25:28,470 [INFO] LogOutputStream:77 - [STDOUT_REDIRECT] 1 : Invalid condition id : UX_CORESTACK_Condition cause : null
2024-03-11 21:25:28,471 [INFO] LogOutputStream:77 - [STDOUT_REDIRECT] 1 : Invalid condition id : UX_CORESTACK_Condition cause : null
2024-03-11 21:25:28,471 [INFO] LogOutputStream:77 - [STDOUT_REDIRECT] 1 : Invalid condition id : UX_CORESTACK_Condition cause : null
2024-03-11 21:25:28,476 [WARN] PackLoader:240 - Cannot read IP mode file for STMicroelectronics.X-CUBE-AZRTOS-WL.2.0.0
2024-03-11 21:25:28,484 [WARN] PackLoader:240 - Cannot read IP mode file for WES.I-CUBE-Cesium.1.3.0
2024-03-11 21:25:28,488 [WARN] PackLoader:240 - Cannot read IP mode file for STMicroelectronics.X-CUBE-BLE2.3.3.0
2024-03-11 21:25:28,495 [WARN] PackLoader:240 - Cannot read IP mode file for STMicroelectronics.X-CUBE-ALGOBUILD.1.3.0
2024-03-11 21:25:28,515 [WARN] PackLoader:240 - Cannot read IP mode file for STMicroelectronics.X-CUBE-AZRTOS-G0.1.1.0
2024-03-11 21:25:28,523 [WARN] PackLoader:240 - Cannot read IP mode file for STMicroelectronics.X-CUBE-NFC4.3.0.0
2024-03-11 21:25:28,535 [WARN] PackLoader:240 - Cannot read IP mode file for STMicroelectronics.X-CUBE-BLEMGR.3.0.0
2024-03-11 21:25:28,540 [WARN] PackLoader:240 - Cannot read IP mode file for STMicroelectronics.FP-ATR-SIGFOX1.3.2.0
2024-03-11 21:25:28,544 [WARN] PackLoader:240 - Cannot read IP mode file for STMicroelectronics.X-CUBE-EEPRMA1.5.1.0
2024-03-11 21:25:28,579 [WARN] PackLoader:240 - Cannot read IP mode file for SEGGER.I-CUBE-embOS.1.3.1
2024-03-11 21:25:28,622 [WARN] PackLoader:240 - Cannot read IP mode file for STMicroelectronics.X-CUBE-GNSS1.6.0.0
2024-03-11 21:25:28,636 [WARN] PackLoader:240 - Cannot read IP mode file for STMicroelectronics.X-CUBE-AZRTOS-F4.1.1.0
2024-03-11 21:25:28,641 [WARN] PackLoader:240 - Cannot read IP mode file for wolfSSL.I-CUBE-wolfSSL.5.6.3
2024-03-11 21:25:28,652 [WARN] PackLoader:240 - Cannot read IP mode file for STMicroelectronics.X-CUBE-AZRTOS-L5.2.0.0
2024-03-11 21:25:28,683 [WARN] PackLoader:240 - Cannot read IP mode file for STMicroelectronics.X-CUBE-MEMS1.9.6.0
2024-03-11 21:25:28,817 [WARN] PackLoader:240 - Cannot read IP mode file for STMicroelectronics.X-CUBE-EEPRMA1.4.2.0
2024-03-11 21:25:28,820 [WARN] PackLoader:240 - Cannot read IP mode file for ITTIA_DB.I-CUBE-ITTIADB.8.8.0
2024-03-11 21:25:28,824 [WARN] PackLoader:240 - Cannot read IP mode file for STMicroelectronics.X-CUBE-BLEMGR.2.0.0
2024-03-11 21:25:28,839 [WARN] ConditionMgr:438 - getConditionDescription Invalid condition id : UX DEVICE CLASS RTOS Condition cause : null
2024-03-11 21:25:28,839 [WARN] ConditionMgr:438 - getConditionDescription Invalid condition id : UX DEVICE CLASS RTOS Condition cause : null
2024-03-11 21:25:28,843 [WARN] PackLoader:240 - Cannot read IP mode file for STMicroelectronics.X-CUBE-AZRTOS-H7.3.1.0
2024-03-11 21:25:28,844 [WARN] ConditionMgr:1039 - genDependencies : Invalid condition id : UX DEVICE CLASS RTOS Condition cause : null
2024-03-11 21:25:28,844 [WARN] ConditionMgr:1039 - genDependencies : Invalid condition id : UX DEVICE CLASS RTOS Condition cause : null
2024-03-11 21:25:28,845 [WARN] ConditionMgr:1039 - genDependencies : Invalid condition id : UX DEVICE CLASS RTOS Condition cause : null
2024-03-11 21:25:28,845 [WARN] ConditionMgr:1039 - genDependencies : Invalid condition id : UX DEVICE CLASS RTOS Condition cause : null
2024-03-11 21:25:28,845 [WARN] ConditionMgr:1039 - genDependencies : Invalid condition id : UX DEVICE CLASS RTOS Condition cause : null
2024-03-11 21:25:28,851 [WARN] PackLoader:240 - Cannot read IP mode file for STMicroelectronics.X-CUBE-NFC7.1.0.1
2024-03-11 21:25:28,856 [WARN] PackLoader:240 - Cannot read IP mode file for STMicroelectronics.X-CUBE-NFC6.3.0.0
2024-03-11 21:25:28,863 [WARN] PackLoader:240 - Cannot read IP mode file for STMicroelectronics.X-CUBE-EEPRMA1.4.1.0
2024-03-11 21:25:28,868 [WARN] PackLoader:240 - Cannot read IP mode file for STMicroelectronics.X-CUBE-AI.8.1.0
2024-03-11 21:25:28,880 [WARN] ConditionMgr:438 - getConditionDescription Invalid condition id : LAN8742 Phy interface Condition cause : null
2024-03-11 21:25:28,880 [WARN] PackLoader:240 - Cannot read IP mode file for STMicroelectronics.X-CUBE-AZRTOS-L4.2.0.0
2024-03-11 21:25:28,883 [WARN] ConditionMgr:1039 - genDependencies : Invalid condition id : LAN8742 Phy interface Condition cause : null
2024-03-11 21:25:28,883 [WARN] ConditionMgr:1039 - genDependencies : Invalid condition id : LAN8742 Phy interface Condition cause : null
2024-03-11 21:25:28,884 [WARN] ConditionMgr:1039 - genDependencies : Invalid condition id : LAN8742 Phy interface Condition cause : null
2024-03-11 21:25:28,889 [WARN] PackLoader:240 - Cannot read IP mode file for STMicroelectronics.X-CUBE-SFXS2LP1.4.0.0
2024-03-11 21:25:28,895 [WARN] PackLoader:240 - Cannot read IP mode file for STMicroelectronics.X-CUBE-ISPU.1.1.0
2024-03-11 21:25:28,903 [WARN] ConditionMgr:438 - getConditionDescription Invalid condition id : UX DEVICE CLASS RTOS Condition cause : null
2024-03-11 21:25:28,903 [WARN] ConditionMgr:438 - getConditionDescription Invalid condition id : UX DEVICE CLASS RTOS Condition cause : null
2024-03-11 21:25:28,905 [WARN] PackLoader:240 - Cannot read IP mode file for STMicroelectronics.X-CUBE-AZRTOS-WB.2.0.0
2024-03-11 21:25:28,906 [WARN] ConditionMgr:1039 - genDependencies : Invalid condition id : UX DEVICE CLASS RTOS Condition cause : null
2024-03-11 21:25:28,906 [WARN] ConditionMgr:1039 - genDependencies : Invalid condition id : UX DEVICE CLASS RTOS Condition cause : null
2024-03-11 21:25:28,906 [WARN] ConditionMgr:1039 - genDependencies : Invalid condition id : UX DEVICE CLASS RTOS Condition cause : null
2024-03-11 21:25:28,906 [WARN] ConditionMgr:1039 - genDependencies : Invalid condition id : UX DEVICE CLASS RTOS Condition cause : null
2024-03-11 21:25:28,906 [WARN] ConditionMgr:1039 - genDependencies : Invalid condition id : UX DEVICE CLASS RTOS Condition cause : null
2024-03-11 21:25:28,914 [WARN] PackLoader:240 - Cannot read IP mode file for STMicroelectronics.X-CUBE-SUBG2.5.0.0
2024-03-11 21:25:28,926 [WARN] PackLoader:240 - Cannot read IP mode file for STMicroelectronics.X-CUBE-TOF1.3.3.1
2024-03-11 21:25:28,944 [WARN] PackLoader:240 - Cannot read IP mode file for STMicroelectronics.X-CUBE-AZRTOS-G4.2.0.0
2024-03-11 21:25:28,953 [WARN] PackLoader:240 - Cannot read IP mode file for Infineon.AIROC-Wi-Fi-Bluetooth-STM32.1.5.1
2024-03-11 21:25:28,958 [WARN] PackLoader:240 - Cannot read IP mode file for STMicroelectronics.FP-SNS-MOTENVWB1.1.3.0
2024-03-11 21:25:28,961 [WARN] PackLoader:240 - Cannot read IP mode file for STMicroelectronics.FP-SNS-MOTENVWB1.1.3.1
2024-03-11 21:25:28,963 [WARN] PackLoader:240 - Cannot read IP mode file for STMicroelectronics.X-CUBE-ISPU.2.0.0
2024-03-11 21:25:28,992 [WARN] PackLoader:240 - Cannot read IP mode file for STMicroelectronics.X-CUBE-MEMS1.10.0.0
2024-03-11 21:25:29,091 [WARN] PackLoader:240 - Cannot read IP mode file for STMicroelectronics.X-CUBE-FREERTOS.1.1.0
2024-03-11 21:25:29,093 [WARN] PackLoader:240 - Cannot read IP mode file for portGmbH.I-Cube-SoM-uGOAL.1.1.0
2024-03-11 21:25:29,096 [WARN] PackLoader:240 - Cannot read IP mode file for STMicroelectronics.X-CUBE-ALS.1.0.1
2024-03-11 21:25:29,098 [WARN] PackLoader:240 - Cannot read IP mode file for STMicroelectronics.FP-ATR-ASTRA1.2.0.0
2024-03-11 21:25:29,104 [WARN] PackLoader:240 - Cannot read IP mode file for STMicroelectronics.X-CUBE-TOF1.3.4.0
2024-03-11 21:25:29,120 [WARN] PackLoader:240 - Cannot read IP mode file for STMicroelectronics.X-CUBE-TOF1.3.4.1
2024-03-11 21:25:29,139 [WARN] PackLoader:240 - Cannot read IP mode file for STMicroelectronics.X-CUBE-AZRTOS-H7.3.2.0
2024-03-11 21:25:29,142 [INFO] ThirdParty:978 - Integrity check success = true
2024-03-11 21:25:29,142 [INFO] IntegrityCheckThread:100 - exiting critical section [integrity check]
2024-03-11 21:25:29,142 [INFO] IntegrityCheckThread:103 - End integrity checks thread
2024-03-11 21:25:35,191 [ERROR] LogOutputStream:75 - [STDERR_REDIRECT] SLF4J: Failed to load class "org.slf4j.impl.StaticLoggerBinder".
2024-03-11 21:25:35,192 [ERROR] LogOutputStream:75 - [STDERR_REDIRECT] SLF4J: Defaulting to no-operation (NOP) logger implementation
2024-03-11 21:25:35,192 [ERROR] LogOutputStream:75 - [STDERR_REDIRECT] SLF4J: See http://www.slf4j.org/codes.html#StaticLoggerBinder for further details.
