2023-12-23 21:57:24,050 [INFO] Activator:176 - 


2023-12-23 21:57:24,055 [INFO] Activator:177 - !SESSION log4j initialized
2023-12-23 21:57:27,749 [INFO] LogOutputStream:77 - [STDOUT_REDIRECT] 
2023-12-23 21:57:28,566 [INFO] ApplicationProperties:184 - Using Application install path: /opt/st/stm32cubeide_1.13.2/plugins/com.st.stm32cube.common.mx_6.9.2.202309101412
2023-12-23 21:57:28,582 [INFO] DbMcusXml:78 - Set database path to: /opt/st/stm32cubeide_1.13.2/plugins/com.st.stm32cube.common.mx_6.9.2.202309101412//db//mcu/
2023-12-23 21:57:28,582 [INFO] ApiDb:274 - Set plugin database path to: /opt/st/stm32cubeide_1.13.2/plugins/com.st.stm32cube.common.mx_6.9.2.202309101412//db//plugins/boardmanager/
2023-12-23 21:57:28,583 [WARN] ApiDb:259 - Overriding images path with different value:  => /opt/st/stm32cubeide_1.13.2/plugins/com.st.stm32cube.common.mx_6.9.2.202309101412//db//plugins/mcufinder/images/
2023-12-23 21:57:28,592 [INFO] ApiDb:250 - Set database path to: /home/ebenezer/.stmcufinder/plugins/mcufinder//mcu/
2023-12-23 21:57:28,593 [INFO] DbMcusAds:125 - Set database path to: /home/ebenezer/.stmcufinder/plugins/mcufinder//mcu/
2023-12-23 21:57:28,595 [INFO] CrossReferenceDbSqlite:203 - Set database path to: /home/ebenezer/.stmcufinder/plugins/mcufinder//mcu/cs/
2023-12-23 21:57:28,723 [INFO] RulesReader:64 - Compatibility file has been processed (293 Rules)
2023-12-23 21:57:28,779 [INFO] DbMcusXml:78 - Set database path to: /opt/st/stm32cubeide_1.13.2/plugins/com.st.stm32cube.common.mx_6.9.2.202309101412//db//mcu/
2023-12-23 21:57:28,779 [INFO] ApiDb:274 - Set plugin database path to: /opt/st/stm32cubeide_1.13.2/plugins/com.st.stm32cube.common.mx_6.9.2.202309101412//db//plugins/boardmanager/
2023-12-23 21:57:28,780 [INFO] ApiDb:261 - Set plugin images path to: /opt/st/stm32cubeide_1.13.2/plugins/com.st.stm32cube.common.mx_6.9.2.202309101412//db//plugins/mcufinder/images/
2023-12-23 21:57:28,780 [WARN] DbFile:41 - Overriding database path with different value: /home/ebenezer/.stmcufinder/plugins/mcufinder/ => /home/ebenezer/.stmcufinder/plugins/mcufinder
2023-12-23 21:57:28,780 [INFO] ApiDb:250 - Set database path to: /home/ebenezer/.stmcufinder/plugins/mcufinder//mcu/
2023-12-23 21:57:28,780 [WARN] DbFile:41 - Overriding database path with different value: /home/ebenezer/.stmcufinder/plugins/mcufinder/ => /home/ebenezer/.stmcufinder/plugins/mcufinder
2023-12-23 21:57:28,780 [INFO] DbMcusAds:125 - Set database path to: /home/ebenezer/.stmcufinder/plugins/mcufinder//mcu/
2023-12-23 21:57:28,780 [WARN] DbFile:41 - Overriding database path with different value: /home/ebenezer/.stmcufinder/plugins/mcufinder/ => /home/ebenezer/.stmcufinder/plugins/mcufinder
2023-12-23 21:57:28,780 [WARN] DbFile:41 - Overriding database path with different value: /home/ebenezer/.stmcufinder/plugins/mcufinder/ => /home/ebenezer/.stmcufinder/plugins/mcufinder
2023-12-23 21:57:28,780 [INFO] CrossReferenceDbSqlite:203 - Set database path to: /home/ebenezer/.stmcufinder/plugins/mcufinder//mcu/cs/
2023-12-23 21:57:28,848 [INFO] MainPanel:262 - HeapMemory: 268435456
2023-12-23 21:57:28,941 [INFO] DbMcusXml:78 - Set database path to: /opt/st/stm32cubeide_1.13.2/plugins/com.st.stm32cube.common.mx_6.9.2.202309101412//db//mcu/
2023-12-23 21:57:28,941 [INFO] ApiDb:274 - Set plugin database path to: /opt/st/stm32cubeide_1.13.2/plugins/com.st.stm32cube.common.mx_6.9.2.202309101412//db//plugins/boardmanager/
2023-12-23 21:57:28,941 [INFO] ApiDb:261 - Set plugin images path to: /opt/st/stm32cubeide_1.13.2/plugins/com.st.stm32cube.common.mx_6.9.2.202309101412//db//plugins/mcufinder/images/
2023-12-23 21:57:28,942 [WARN] DbFile:41 - Overriding database path with different value: /home/ebenezer/.stmcufinder/plugins/mcufinder/ => /home/ebenezer/.stmcufinder/plugins/mcufinder
2023-12-23 21:57:28,942 [INFO] ApiDb:250 - Set database path to: /home/ebenezer/.stmcufinder/plugins/mcufinder//mcu/
2023-12-23 21:57:28,942 [WARN] DbFile:41 - Overriding database path with different value: /home/ebenezer/.stmcufinder/plugins/mcufinder/ => /home/ebenezer/.stmcufinder/plugins/mcufinder
2023-12-23 21:57:28,942 [INFO] DbMcusAds:125 - Set database path to: /home/ebenezer/.stmcufinder/plugins/mcufinder//mcu/
2023-12-23 21:57:28,942 [WARN] DbFile:41 - Overriding database path with different value: /home/ebenezer/.stmcufinder/plugins/mcufinder/ => /home/ebenezer/.stmcufinder/plugins/mcufinder
2023-12-23 21:57:28,942 [WARN] DbFile:41 - Overriding database path with different value: /home/ebenezer/.stmcufinder/plugins/mcufinder/ => /home/ebenezer/.stmcufinder/plugins/mcufinder
2023-12-23 21:57:28,943 [INFO] CrossReferenceDbSqlite:203 - Set database path to: /home/ebenezer/.stmcufinder/plugins/mcufinder//mcu/cs/
2023-12-23 21:57:28,958 [INFO] ApplicationProperties:184 - Using Application install path: /opt/st/stm32cubeide_1.13.2/plugins/com.st.stm32cube.common.mx_6.9.2.202309101412
2023-12-23 21:57:28,959 [INFO] PluginManage:196 - Search for loadable plugins [exclusion list=, ]
2023-12-23 21:57:28,961 [INFO] PluginManage:310 - Check plugin analytics
2023-12-23 21:57:29,128 [INFO] AnalyticsPlugin:253 - Accepted Software Licenses: 
2023-12-23 21:57:29,129 [INFO] AnalyticsPlugin:255 - Accepted CMSIS Pack Licenses: 
2023-12-23 21:57:29,129 [INFO] AnalyticsPlugin:257 - Accepted Firmware Licenses: FW.G0.1.6.0
2023-12-23 21:57:29,132 [INFO] PluginManage:359 - Loaded plugin analytics (category:tool,tabindex:-1)
2023-12-23 21:57:29,132 [INFO] PluginManage:310 - Check plugin cadmodel
2023-12-23 21:57:29,224 [INFO] CADModel:105 - Init CAD model plugin
2023-12-23 21:57:29,224 [INFO] PluginManage:359 - Loaded plugin cadmodel (category:power,tabindex:5)
2023-12-23 21:57:29,224 [INFO] PluginManage:310 - Check plugin clock
2023-12-23 21:57:29,233 [INFO] PluginManage:359 - Loaded plugin clock (category:base,tabindex:2)
2023-12-23 21:57:29,234 [INFO] PluginManage:310 - Check plugin ddr
2023-12-23 21:57:29,236 [INFO] PluginManage:359 - Loaded plugin ddr (category:tool,tabindex:6)
2023-12-23 21:57:29,236 [INFO] PluginManage:310 - Check plugin filemanager
2023-12-23 21:57:29,361 [INFO] PluginManage:359 - Loaded plugin filemanager (category:base,tabindex:10)
2023-12-23 21:57:29,361 [INFO] PluginManage:310 - Check plugin ipmanager
2023-12-23 21:57:29,367 [INFO] PluginManage:359 - Loaded plugin ipmanager (category:base,tabindex:5)
2023-12-23 21:57:29,367 [INFO] PluginManage:310 - Check plugin lpbam
2023-12-23 21:57:29,376 [INFO] PluginManage:359 - Loaded plugin lpbam (category:base,tabindex:0)
2023-12-23 21:57:29,376 [INFO] PluginManage:310 - Check plugin memorymap
2023-12-23 21:57:29,387 [INFO] PluginManage:359 - Loaded plugin memorymap (category:base,tabindex:4)
2023-12-23 21:57:29,387 [INFO] PluginManage:310 - Check plugin pinoutandconfiguration
2023-12-23 21:57:29,394 [INFO] PluginManage:359 - Loaded plugin pinoutandconfiguration (category:base,tabindex:1)
2023-12-23 21:57:29,395 [INFO] PluginManage:310 - Check plugin pinoutconfig
2023-12-23 21:57:29,473 [WARN] SupportedApi:132 - Cannot load RTOS API schema: s4s-elt-must-match.1: The content of 'definitions' must match (annotation?, (simpleType | complexType)?, (unique | key | keyref)*)). A problem was found starting at: attribute.
2023-12-23 21:57:29,586 [INFO] PluginManage:359 - Loaded plugin pinoutconfig (category:base,tabindex:0)
2023-12-23 21:57:29,586 [INFO] PluginManage:310 - Check plugin power
2023-12-23 21:57:29,593 [INFO] PluginManage:359 - Loaded plugin power (category:power,tabindex:4)
2023-12-23 21:57:29,593 [INFO] PluginManage:310 - Check plugin projectmanager
2023-12-23 21:57:29,603 [INFO] PluginManage:359 - Loaded plugin projectmanager (category:projectmanager,tabindex:3)
2023-12-23 21:57:29,603 [INFO] PluginManage:310 - Check plugin thirdparty
2023-12-23 21:57:29,717 [WARN] IntegrityCheckThread:84 - waiting for thirdparty lock release [integrity check]
2023-12-23 21:57:29,717 [INFO] PluginManage:359 - Loaded plugin thirdparty (category:base,tabindex:-1)
2023-12-23 21:57:29,717 [INFO] IntegrityCheckThread:86 - entering critical section [integrity check]
2023-12-23 21:57:29,717 [INFO] PluginManage:310 - Check plugin tools
2023-12-23 21:57:29,717 [INFO] ThirdPartyUpdaterWithRetryManager:70 - Updater plugin not ready yet. [1/15]
2023-12-23 21:57:29,719 [INFO] PluginManage:359 - Loaded plugin tools (category:base,tabindex:7)
2023-12-23 21:57:29,720 [INFO] PluginManage:310 - Check plugin tutovideos
2023-12-23 21:57:29,863 [INFO] PluginManage:359 - Loaded plugin tutovideos (category:base,tabindex:-1)
2023-12-23 21:57:29,863 [INFO] PluginManage:310 - Check plugin updater
2023-12-23 21:57:29,873 [INFO] PluginManage:359 - Loaded plugin updater (category:base,tabindex:12)
2023-12-23 21:57:29,873 [INFO] PluginManage:310 - Check plugin userauth
2023-12-23 21:57:29,877 [INFO] UserAuth:113 - Init User Auth plugin
2023-12-23 21:57:29,877 [INFO] PluginManage:359 - Loaded plugin userauth (category:base,tabindex:14)
2023-12-23 21:57:29,877 [INFO] PluginManage:283 - PluginManage : Loaded plugins [17]
2023-12-23 21:57:30,028 [INFO] PinOutPanel:1499 - setPackage(No Configuration,No Configuration)
2023-12-23 21:57:30,111 [INFO] CADModel:165 - CPN selected for project level
2023-12-23 21:57:30,111 [INFO] CADModel:114 - Register for checkConnection events
2023-12-23 21:57:30,123 [INFO] IPUIPlugin:80 - create IPUIPlugin
2023-12-23 21:57:30,123 [INFO] PluginManager:220 - loadIPPluginJar : add touchsensing
2023-12-23 21:57:30,129 [INFO] IPUIPlugin:80 - create IPUIPlugin
2023-12-23 21:57:30,129 [INFO] PluginManager:220 - loadIPPluginJar : add adc
2023-12-23 21:57:30,130 [INFO] IPUIPlugin:80 - create IPUIPlugin
2023-12-23 21:57:30,130 [INFO] PluginManager:220 - loadIPPluginJar : add fatfs
2023-12-23 21:57:30,132 [INFO] IPUIPlugin:80 - create IPUIPlugin
2023-12-23 21:57:30,133 [INFO] PluginManager:220 - loadIPPluginJar : add ipddr
2023-12-23 21:57:30,135 [INFO] IPUIPlugin:80 - create IPUIPlugin
2023-12-23 21:57:30,135 [INFO] PluginManager:220 - loadIPPluginJar : add openamp
2023-12-23 21:57:30,137 [INFO] IPUIPlugin:80 - create IPUIPlugin
2023-12-23 21:57:30,137 [INFO] PluginManager:220 - loadIPPluginJar : add i3c
2023-12-23 21:57:30,139 [INFO] IPUIPlugin:80 - create IPUIPlugin
2023-12-23 21:57:30,139 [INFO] PluginManager:220 - loadIPPluginJar : add cryp
2023-12-23 21:57:30,142 [INFO] IPUIPlugin:80 - create IPUIPlugin
2023-12-23 21:57:30,142 [INFO] PluginManager:220 - loadIPPluginJar : add fmc
2023-12-23 21:57:30,143 [INFO] IPUIPlugin:80 - create IPUIPlugin
2023-12-23 21:57:30,143 [INFO] PluginManager:220 - loadIPPluginJar : add tsc
2023-12-23 21:57:30,144 [INFO] IPUIPlugin:80 - create IPUIPlugin
2023-12-23 21:57:30,144 [INFO] PluginManager:220 - loadIPPluginJar : add ltdc
2023-12-23 21:57:30,146 [INFO] IPUIPlugin:80 - create IPUIPlugin
2023-12-23 21:57:30,147 [INFO] PluginManager:220 - loadIPPluginJar : add nvic
2023-12-23 21:57:30,148 [INFO] IPUIPlugin:80 - create IPUIPlugin
2023-12-23 21:57:30,148 [INFO] PluginManager:220 - loadIPPluginJar : add dma3
2023-12-23 21:57:30,150 [INFO] IPUIPlugin:80 - create IPUIPlugin
2023-12-23 21:57:30,150 [INFO] PluginManager:220 - loadIPPluginJar : add ucpd
2023-12-23 21:57:30,154 [INFO] IPUIPlugin:80 - create IPUIPlugin
2023-12-23 21:57:30,154 [INFO] PluginManager:220 - loadIPPluginJar : add freertos
2023-12-23 21:57:30,156 [INFO] IPUIPlugin:80 - create IPUIPlugin
2023-12-23 21:57:30,156 [INFO] PluginManager:220 - loadIPPluginJar : add dfsdm
2023-12-23 21:57:30,158 [INFO] IPUIPlugin:80 - create IPUIPlugin
2023-12-23 21:57:30,158 [INFO] PluginManager:220 - loadIPPluginJar : add aes
2023-12-23 21:57:30,165 [INFO] IPUIPlugin:80 - create IPUIPlugin
2023-12-23 21:57:30,165 [INFO] PluginManager:220 - loadIPPluginJar : add linkedlist
2023-12-23 21:57:30,169 [INFO] IPUIPlugin:80 - create IPUIPlugin
2023-12-23 21:57:30,169 [INFO] PluginManager:220 - loadIPPluginJar : add gic
2023-12-23 21:57:30,170 [INFO] IPUIPlugin:80 - create IPUIPlugin
2023-12-23 21:57:30,170 [INFO] PluginManager:220 - loadIPPluginJar : add genericplugin
2023-12-23 21:57:30,172 [INFO] IPUIPlugin:80 - create IPUIPlugin
2023-12-23 21:57:30,173 [INFO] PluginManager:220 - loadIPPluginJar : add resmgrutility
2023-12-23 21:57:30,174 [INFO] IPUIPlugin:80 - create IPUIPlugin
2023-12-23 21:57:30,174 [INFO] PluginManager:220 - loadIPPluginJar : add gfxmmu
2023-12-23 21:57:30,175 [INFO] IPUIPlugin:80 - create IPUIPlugin
2023-12-23 21:57:30,175 [INFO] PluginManager:220 - loadIPPluginJar : add comp
2023-12-23 21:57:30,177 [INFO] IPUIPlugin:80 - create IPUIPlugin
2023-12-23 21:57:30,177 [INFO] PluginManager:220 - loadIPPluginJar : add i2s
2023-12-23 21:57:30,178 [INFO] IPUIPlugin:80 - create IPUIPlugin
2023-12-23 21:57:30,178 [INFO] PluginManager:220 - loadIPPluginJar : add ts
2023-12-23 21:57:30,180 [INFO] IPUIPlugin:80 - create IPUIPlugin
2023-12-23 21:57:30,180 [INFO] PluginManager:220 - loadIPPluginJar : add pdm2pcm
2023-12-23 21:57:30,183 [INFO] IPUIPlugin:80 - create IPUIPlugin
2023-12-23 21:57:30,183 [INFO] PluginManager:220 - loadIPPluginJar : add gtzc
2023-12-23 21:57:30,185 [INFO] IPUIPlugin:80 - create IPUIPlugin
2023-12-23 21:57:30,185 [INFO] PluginManager:220 - loadIPPluginJar : add can
2023-12-23 21:57:30,186 [INFO] IPUIPlugin:80 - create IPUIPlugin
2023-12-23 21:57:30,186 [INFO] PluginManager:220 - loadIPPluginJar : add tracer_emb
2023-12-23 21:57:30,188 [INFO] IPUIPlugin:80 - create IPUIPlugin
2023-12-23 21:57:30,188 [INFO] PluginManager:220 - loadIPPluginJar : add usart
2023-12-23 21:57:30,191 [INFO] IPUIPlugin:80 - create IPUIPlugin
2023-12-23 21:57:30,192 [INFO] PluginManager:220 - loadIPPluginJar : add gpio
2023-12-23 21:57:30,193 [INFO] IPUIPlugin:80 - create IPUIPlugin
2023-12-23 21:57:30,194 [INFO] PluginManager:220 - loadIPPluginJar : add spi
2023-12-23 21:57:30,199 [INFO] IPUIPlugin:80 - create IPUIPlugin
2023-12-23 21:57:30,201 [INFO] PluginManager:220 - loadIPPluginJar : add plateformsettings
2023-12-23 21:57:30,202 [INFO] IPUIPlugin:80 - create IPUIPlugin
2023-12-23 21:57:30,202 [INFO] PluginManager:220 - loadIPPluginJar : add tim
2023-12-23 21:57:30,206 [INFO] IPUIPlugin:80 - create IPUIPlugin
2023-12-23 21:57:30,206 [INFO] PluginManager:220 - loadIPPluginJar : add stm32_wpan
2023-12-23 21:57:30,208 [INFO] IPUIPlugin:80 - create IPUIPlugin
2023-12-23 21:57:30,208 [INFO] PluginManager:220 - loadIPPluginJar : add opamp
2023-12-23 21:57:30,209 [INFO] IPUIPlugin:80 - create IPUIPlugin
2023-12-23 21:57:30,209 [INFO] PluginManager:220 - loadIPPluginJar : add i2c
2023-12-23 21:57:30,214 [INFO] IPUIPlugin:80 - create IPUIPlugin
2023-12-23 21:57:30,214 [INFO] PluginManager:220 - loadIPPluginJar : add mdma
2023-12-23 21:57:30,217 [INFO] IPUIPlugin:80 - create IPUIPlugin
2023-12-23 21:57:30,218 [INFO] PluginManager:220 - loadIPPluginJar : add usbx
2023-12-23 21:57:30,219 [INFO] IPUIPlugin:80 - create IPUIPlugin
2023-12-23 21:57:30,220 [INFO] PluginManager:220 - loadIPPluginJar : add lorawan
2023-12-23 21:57:30,225 [INFO] IPUIPlugin:80 - create IPUIPlugin
2023-12-23 21:57:30,225 [INFO] PluginManager:220 - loadIPPluginJar : add dma
2023-12-23 21:57:30,226 [INFO] IPUIPlugin:80 - create IPUIPlugin
2023-12-23 21:57:30,226 [INFO] PluginManager:220 - loadIPPluginJar : add hash
2023-12-23 21:57:30,227 [INFO] IPUIPlugin:80 - create IPUIPlugin
2023-12-23 21:57:30,227 [INFO] PluginManager:220 - loadIPPluginJar : add quadspi
2023-12-23 21:57:30,229 [INFO] IPUIPlugin:80 - create IPUIPlugin
2023-12-23 21:57:30,229 [INFO] PluginManager:220 - loadIPPluginJar : add sai
2023-12-23 21:57:30,325 [INFO] CADModel:165 - CPN selected for project level
2023-12-23 21:57:30,325 [INFO] CADModel:114 - Register for checkConnection events
2023-12-23 21:57:30,326 [FATAL] Updater:308 - Updater called before beeing initialized
2023-12-23 21:57:30,326 [ERROR] CADModel:125 - Updater not yet initialized, retry later 
2023-12-23 21:57:30,422 [INFO] CADModel:165 - CPN selected for project level
2023-12-23 21:57:30,422 [INFO] CADModel:114 - Register for checkConnection events
2023-12-23 21:57:30,422 [FATAL] Updater:308 - Updater called before beeing initialized
2023-12-23 21:57:30,422 [ERROR] CADModel:125 - Updater not yet initialized, retry later 
2023-12-23 21:57:30,425 [FATAL] Updater:308 - Updater called before beeing initialized
2023-12-23 21:57:30,495 [FATAL] Updater:308 - Updater called before beeing initialized
2023-12-23 21:57:30,499 [INFO] DbMcusAds:53 - JSON generation date=Wed Nov 29 05:52:38 EST 2023 (1701255158764)
2023-12-23 21:57:30,499 [FATAL] Updater:308 - Updater called before beeing initialized
2023-12-23 21:57:30,528 [WARN] DetailPanel:346 - Failed to get advertising image, set to default
2023-12-23 21:57:30,608 [FATAL] Updater:308 - Updater called before beeing initialized
2023-12-23 21:57:30,609 [FATAL] Updater:308 - Updater called before beeing initialized
2023-12-23 21:57:30,609 [FATAL] Updater:308 - Updater called before beeing initialized
2023-12-23 21:57:30,609 [WARN] DetailPanel:346 - Failed to get advertising image, set to default
2023-12-23 21:57:30,610 [FATAL] Updater:308 - Updater called before beeing initialized
2023-12-23 21:57:30,635 [ERROR] Updater:1120 - MainUpdater not yet initialized. External WinMGr cannot be set.
2023-12-23 21:57:30,637 [INFO] Updater:1056 - Updater Version found : 6.9.2
2023-12-23 21:57:30,655 [INFO] ApplicationProperties:184 - Using Application install path: /opt/st/stm32cubeide_1.13.2/plugins/com.st.stm32cube.common.mx_6.9.2.202309101412
2023-12-23 21:57:30,838 [INFO] MainUpdater:2868 - connection check result : 10
2023-12-23 21:57:30,838 [INFO] MainUpdater:3562 - Updater definition file requires update
2023-12-23 21:57:30,838 [INFO] MainUpdater:285 - Updater Check For Update Now.
2023-12-23 21:57:30,839 [INFO] MicroXplorer:498 - Change Database Version : DB.6.0.92
2023-12-23 21:57:30,843 [INFO] McuFinderGlobals:63 - Set McuFinder mode to 2 (CubeIDE integrated)
2023-12-23 21:57:31,005 [INFO] ServerAccessManage:473 - Download File updaters.zip
2023-12-23 21:57:31,141 [INFO] FileExtend:240 - Unzip File : updaters.zip
2023-12-23 21:57:31,141 [INFO] FileExtend:255 - Standard Zip Deflate
2023-12-23 21:57:31,709 [INFO] ServerAccessManage:473 - Download File PacksControlFlags.xml
2023-12-23 21:57:31,857 [INFO] ServerAccessManage:473 - Download File cubemx.pidx
2023-12-23 21:57:31,981 [INFO] LoadServerUpdatesThread:373 - End of LoadServerUpdate Thread
2023-12-23 21:57:32,439 [INFO] CheckServerUpdateThread:120 - End of CheckServer Thread
2023-12-23 21:57:32,806 [WARN] PackLoader:240 - Cannot read IP mode file for STMicroelectronics.X-CUBE-SMBUS.2.1.0
2023-12-23 21:57:32,813 [WARN] PackLoader:240 - Cannot read IP mode file for STMicroelectronics.X-CUBE-TOUCHGFX.4.23.0
2023-12-23 21:57:32,857 [WARN] PackLoader:240 - Cannot read IP mode file for STMicroelectronics.X-CUBE-AZRTOS-F7.1.1.0
2023-12-23 21:57:32,873 [WARN] PackLoader:240 - Cannot read IP mode file for STMicroelectronics.FP-SNS-MOTENV1.4.3.2
2023-12-23 21:57:32,882 [WARN] PackLoader:240 - Cannot read IP mode file for STMicroelectronics.FP-SNS-FLIGHT1.5.0.2
2023-12-23 21:57:32,893 [WARN] PackLoader:240 - Cannot read IP mode file for STMicroelectronics.X-CUBE-DISPLAY.3.0.0
2023-12-23 21:57:32,910 [WARN] PackLoader:240 - Cannot read IP mode file for STMicroelectronics.X-CUBE-BLE1.7.0.0
2023-12-23 21:57:32,915 [WARN] PackLoader:240 - Cannot read IP mode file for emotas.I-CUBE-CANOPEN.1.3.0
2023-12-23 21:57:32,918 [WARN] PackLoader:240 - Cannot read IP mode file for STMicroelectronics.X-CUBE-TOUCHGFX.4.22.0
2023-12-23 21:57:32,921 [WARN] PackLoader:240 - Cannot read IP mode file for STMicroelectronics.X-CUBE-TOUCHGFX.4.22.1
2023-12-23 21:57:32,924 [WARN] PackLoader:240 - Cannot read IP mode file for STMicroelectronics.FP-SNS-SMARTAG2.1.2.0
2023-12-23 21:57:32,935 [INFO] LogOutputStream:77 - [STDOUT_REDIRECT] 1 : Invalid condition id : UX_CORESTACK_Condition cause : null
2023-12-23 21:57:32,936 [INFO] LogOutputStream:77 - [STDOUT_REDIRECT] 1 : Invalid condition id : UX_CORESTACK_Condition cause : null
2023-12-23 21:57:32,936 [INFO] LogOutputStream:77 - [STDOUT_REDIRECT] 1 : Invalid condition id : UX_CORESTACK_Condition cause : null
2023-12-23 21:57:32,936 [INFO] LogOutputStream:77 - [STDOUT_REDIRECT] 1 : Invalid condition id : UX_CORESTACK_Condition cause : null
2023-12-23 21:57:32,936 [INFO] LogOutputStream:77 - [STDOUT_REDIRECT] 1 : Invalid condition id : UX_CORESTACK_Condition cause : null
2023-12-23 21:57:32,943 [WARN] PackLoader:240 - Cannot read IP mode file for STMicroelectronics.X-CUBE-AZRTOS-WL.2.0.0
2023-12-23 21:57:32,954 [WARN] PackLoader:240 - Cannot read IP mode file for WES.I-CUBE-Cesium.1.3.0
2023-12-23 21:57:32,959 [WARN] PackLoader:240 - Cannot read IP mode file for STMicroelectronics.X-CUBE-BLE2.3.3.0
2023-12-23 21:57:32,968 [WARN] PackLoader:240 - Cannot read IP mode file for STMicroelectronics.X-CUBE-ALGOBUILD.1.3.0
2023-12-23 21:57:32,995 [WARN] PackLoader:240 - Cannot read IP mode file for STMicroelectronics.X-CUBE-AZRTOS-G0.1.1.0
2023-12-23 21:57:33,007 [WARN] PackLoader:240 - Cannot read IP mode file for STMicroelectronics.X-CUBE-NFC4.3.0.0
2023-12-23 21:57:33,021 [WARN] PackLoader:240 - Cannot read IP mode file for STMicroelectronics.X-CUBE-BLEMGR.3.0.0
2023-12-23 21:57:33,030 [WARN] PackLoader:240 - Cannot read IP mode file for STMicroelectronics.FP-ATR-SIGFOX1.3.2.0
2023-12-23 21:57:33,080 [WARN] PackLoader:240 - Cannot read IP mode file for SEGGER.I-CUBE-embOS.1.3.1
2023-12-23 21:57:33,153 [WARN] PackLoader:240 - Cannot read IP mode file for STMicroelectronics.X-CUBE-GNSS1.6.0.0
2023-12-23 21:57:33,181 [WARN] PackLoader:240 - Cannot read IP mode file for STMicroelectronics.X-CUBE-AZRTOS-F4.1.1.0
2023-12-23 21:57:33,193 [WARN] PackLoader:240 - Cannot read IP mode file for wolfSSL.I-CUBE-wolfSSL.5.6.3
2023-12-23 21:57:33,213 [WARN] PackLoader:240 - Cannot read IP mode file for STMicroelectronics.X-CUBE-AZRTOS-L5.2.0.0
2023-12-23 21:57:33,264 [WARN] PackLoader:240 - Cannot read IP mode file for STMicroelectronics.X-CUBE-MEMS1.9.6.0
2023-12-23 21:57:33,425 [WARN] PackLoader:240 - Cannot read IP mode file for STMicroelectronics.X-CUBE-EEPRMA1.4.2.0
2023-12-23 21:57:33,430 [WARN] PackLoader:240 - Cannot read IP mode file for ITTIA_DB.I-CUBE-ITTIADB.8.8.0
2023-12-23 21:57:33,439 [WARN] PackLoader:240 - Cannot read IP mode file for STMicroelectronics.X-CUBE-BLEMGR.2.0.0
2023-12-23 21:57:33,457 [WARN] ConditionMgr:438 - getConditionDescription Invalid condition id : UX DEVICE CLASS RTOS Condition cause : null
2023-12-23 21:57:33,458 [WARN] ConditionMgr:438 - getConditionDescription Invalid condition id : UX DEVICE CLASS RTOS Condition cause : null
2023-12-23 21:57:33,462 [WARN] PackLoader:240 - Cannot read IP mode file for STMicroelectronics.X-CUBE-AZRTOS-H7.3.1.0
2023-12-23 21:57:33,463 [WARN] ConditionMgr:1039 - genDependencies : Invalid condition id : UX DEVICE CLASS RTOS Condition cause : null
2023-12-23 21:57:33,464 [WARN] ConditionMgr:1039 - genDependencies : Invalid condition id : UX DEVICE CLASS RTOS Condition cause : null
2023-12-23 21:57:33,464 [WARN] ConditionMgr:1039 - genDependencies : Invalid condition id : UX DEVICE CLASS RTOS Condition cause : null
2023-12-23 21:57:33,465 [WARN] ConditionMgr:1039 - genDependencies : Invalid condition id : UX DEVICE CLASS RTOS Condition cause : null
2023-12-23 21:57:33,465 [WARN] ConditionMgr:1039 - genDependencies : Invalid condition id : UX DEVICE CLASS RTOS Condition cause : null
2023-12-23 21:57:33,472 [WARN] PackLoader:240 - Cannot read IP mode file for STMicroelectronics.X-CUBE-NFC7.1.0.1
2023-12-23 21:57:33,480 [WARN] PackLoader:240 - Cannot read IP mode file for STMicroelectronics.X-CUBE-NFC6.3.0.0
2023-12-23 21:57:33,488 [WARN] PackLoader:240 - Cannot read IP mode file for STMicroelectronics.X-CUBE-EEPRMA1.4.1.0
2023-12-23 21:57:33,493 [WARN] PackLoader:240 - Cannot read IP mode file for STMicroelectronics.X-CUBE-AI.8.1.0
2023-12-23 21:57:33,510 [WARN] ConditionMgr:438 - getConditionDescription Invalid condition id : LAN8742 Phy interface Condition cause : null
2023-12-23 21:57:33,511 [WARN] PackLoader:240 - Cannot read IP mode file for STMicroelectronics.X-CUBE-AZRTOS-L4.2.0.0
2023-12-23 21:57:33,513 [WARN] ConditionMgr:1039 - genDependencies : Invalid condition id : LAN8742 Phy interface Condition cause : null
2023-12-23 21:57:33,513 [WARN] ConditionMgr:1039 - genDependencies : Invalid condition id : LAN8742 Phy interface Condition cause : null
2023-12-23 21:57:33,514 [WARN] ConditionMgr:1039 - genDependencies : Invalid condition id : LAN8742 Phy interface Condition cause : null
2023-12-23 21:57:33,519 [WARN] PackLoader:240 - Cannot read IP mode file for STMicroelectronics.X-CUBE-SFXS2LP1.4.0.0
2023-12-23 21:57:33,526 [WARN] PackLoader:240 - Cannot read IP mode file for STMicroelectronics.X-CUBE-ISPU.1.1.0
2023-12-23 21:57:33,536 [WARN] ConditionMgr:438 - getConditionDescription Invalid condition id : UX DEVICE CLASS RTOS Condition cause : null
2023-12-23 21:57:33,537 [WARN] ConditionMgr:438 - getConditionDescription Invalid condition id : UX DEVICE CLASS RTOS Condition cause : null
2023-12-23 21:57:33,539 [WARN] PackLoader:240 - Cannot read IP mode file for STMicroelectronics.X-CUBE-AZRTOS-WB.2.0.0
2023-12-23 21:57:33,539 [WARN] ConditionMgr:1039 - genDependencies : Invalid condition id : UX DEVICE CLASS RTOS Condition cause : null
2023-12-23 21:57:33,539 [WARN] ConditionMgr:1039 - genDependencies : Invalid condition id : UX DEVICE CLASS RTOS Condition cause : null
2023-12-23 21:57:33,540 [WARN] ConditionMgr:1039 - genDependencies : Invalid condition id : UX DEVICE CLASS RTOS Condition cause : null
2023-12-23 21:57:33,540 [WARN] ConditionMgr:1039 - genDependencies : Invalid condition id : UX DEVICE CLASS RTOS Condition cause : null
2023-12-23 21:57:33,541 [WARN] ConditionMgr:1039 - genDependencies : Invalid condition id : UX DEVICE CLASS RTOS Condition cause : null
2023-12-23 21:57:33,549 [WARN] PackLoader:240 - Cannot read IP mode file for STMicroelectronics.X-CUBE-SUBG2.5.0.0
2023-12-23 21:57:33,575 [WARN] PackLoader:240 - Cannot read IP mode file for STMicroelectronics.X-CUBE-TOF1.3.3.1
2023-12-23 21:57:33,613 [WARN] PackLoader:240 - Cannot read IP mode file for STMicroelectronics.X-CUBE-AZRTOS-G4.2.0.0
2023-12-23 21:57:33,627 [WARN] PackLoader:240 - Cannot read IP mode file for Infineon.AIROC-Wi-Fi-Bluetooth-STM32.1.5.1
2023-12-23 21:57:33,632 [WARN] PackLoader:240 - Cannot read IP mode file for STMicroelectronics.FP-SNS-MOTENVWB1.1.3.0
2023-12-23 21:57:33,634 [WARN] PackLoader:240 - Cannot read IP mode file for STMicroelectronics.FP-SNS-MOTENVWB1.1.3.1
2023-12-23 21:57:33,638 [WARN] PackLoader:240 - Cannot read IP mode file for STMicroelectronics.X-CUBE-ISPU.2.0.0
2023-12-23 21:57:33,670 [WARN] PackLoader:240 - Cannot read IP mode file for STMicroelectronics.X-CUBE-MEMS1.10.0.0
2023-12-23 21:57:33,768 [WARN] PackLoader:240 - Cannot read IP mode file for STMicroelectronics.X-CUBE-FREERTOS.1.1.0
2023-12-23 21:57:33,772 [WARN] PackLoader:240 - Cannot read IP mode file for portGmbH.I-Cube-SoM-uGOAL.1.1.0
2023-12-23 21:57:33,776 [WARN] PackLoader:240 - Cannot read IP mode file for STMicroelectronics.X-CUBE-ALS.1.0.1
2023-12-23 21:57:33,779 [WARN] PackLoader:240 - Cannot read IP mode file for STMicroelectronics.FP-ATR-ASTRA1.2.0.0
2023-12-23 21:57:33,786 [WARN] PackLoader:240 - Cannot read IP mode file for STMicroelectronics.X-CUBE-TOF1.3.4.0
2023-12-23 21:57:33,811 [WARN] PackLoader:240 - Cannot read IP mode file for STMicroelectronics.X-CUBE-AZRTOS-H7.3.2.0
2023-12-23 21:57:33,814 [INFO] ThirdParty:978 - Integrity check success = true
2023-12-23 21:57:33,814 [INFO] IntegrityCheckThread:100 - exiting critical section [integrity check]
2023-12-23 21:57:33,814 [INFO] IntegrityCheckThread:103 - End integrity checks thread
2023-12-23 21:57:51,627 [ERROR] LogOutputStream:75 - [STDERR_REDIRECT] SLF4J: Failed to load class "org.slf4j.impl.StaticLoggerBinder".
2023-12-23 21:57:51,628 [ERROR] LogOutputStream:75 - [STDERR_REDIRECT] SLF4J: Defaulting to no-operation (NOP) logger implementation
2023-12-23 21:57:51,628 [ERROR] LogOutputStream:75 - [STDERR_REDIRECT] SLF4J: See http://www.slf4j.org/codes.html#StaticLoggerBinder for further details.
