2023-12-17 09:54:30,911 [INFO] Activator:176 - 


2023-12-17 09:54:30,919 [INFO] Activator:177 - !SESSION log4j initialized
2023-12-17 09:54:34,953 [INFO] LogOutputStream:77 - [STDOUT_REDIRECT] 
2023-12-17 09:54:36,158 [INFO] ApplicationProperties:184 - Using Application install path: /opt/st/stm32cubeide_1.13.2/plugins/com.st.stm32cube.common.mx_6.9.2.202309101412
2023-12-17 09:54:36,174 [INFO] DbMcusXml:78 - Set database path to: /opt/st/stm32cubeide_1.13.2/plugins/com.st.stm32cube.common.mx_6.9.2.202309101412//db//mcu/
2023-12-17 09:54:36,174 [INFO] ApiDb:274 - Set plugin database path to: /opt/st/stm32cubeide_1.13.2/plugins/com.st.stm32cube.common.mx_6.9.2.202309101412//db//plugins/boardmanager/
2023-12-17 09:54:36,175 [WARN] ApiDb:259 - Overriding images path with different value:  => /opt/st/stm32cubeide_1.13.2/plugins/com.st.stm32cube.common.mx_6.9.2.202309101412//db//plugins/mcufinder/images/
2023-12-17 09:54:36,186 [INFO] ApiDb:250 - Set database path to: /home/ebenezer/.stmcufinder/plugins/mcufinder//mcu/
2023-12-17 09:54:36,188 [INFO] DbMcusAds:125 - Set database path to: /home/ebenezer/.stmcufinder/plugins/mcufinder//mcu/
2023-12-17 09:54:36,191 [INFO] CrossReferenceDbSqlite:203 - Set database path to: /home/ebenezer/.stmcufinder/plugins/mcufinder//mcu/cs/
2023-12-17 09:54:36,311 [INFO] RulesReader:64 - Compatibility file has been processed (293 Rules)
2023-12-17 09:54:36,400 [INFO] DbMcusXml:78 - Set database path to: /opt/st/stm32cubeide_1.13.2/plugins/com.st.stm32cube.common.mx_6.9.2.202309101412//db//mcu/
2023-12-17 09:54:36,400 [INFO] ApiDb:274 - Set plugin database path to: /opt/st/stm32cubeide_1.13.2/plugins/com.st.stm32cube.common.mx_6.9.2.202309101412//db//plugins/boardmanager/
2023-12-17 09:54:36,401 [INFO] ApiDb:261 - Set plugin images path to: /opt/st/stm32cubeide_1.13.2/plugins/com.st.stm32cube.common.mx_6.9.2.202309101412//db//plugins/mcufinder/images/
2023-12-17 09:54:36,401 [WARN] DbFile:41 - Overriding database path with different value: /home/ebenezer/.stmcufinder/plugins/mcufinder/ => /home/ebenezer/.stmcufinder/plugins/mcufinder
2023-12-17 09:54:36,401 [INFO] ApiDb:250 - Set database path to: /home/ebenezer/.stmcufinder/plugins/mcufinder//mcu/
2023-12-17 09:54:36,401 [WARN] DbFile:41 - Overriding database path with different value: /home/ebenezer/.stmcufinder/plugins/mcufinder/ => /home/ebenezer/.stmcufinder/plugins/mcufinder
2023-12-17 09:54:36,401 [INFO] DbMcusAds:125 - Set database path to: /home/ebenezer/.stmcufinder/plugins/mcufinder//mcu/
2023-12-17 09:54:36,402 [WARN] DbFile:41 - Overriding database path with different value: /home/ebenezer/.stmcufinder/plugins/mcufinder/ => /home/ebenezer/.stmcufinder/plugins/mcufinder
2023-12-17 09:54:36,402 [WARN] DbFile:41 - Overriding database path with different value: /home/ebenezer/.stmcufinder/plugins/mcufinder/ => /home/ebenezer/.stmcufinder/plugins/mcufinder
2023-12-17 09:54:36,402 [INFO] CrossReferenceDbSqlite:203 - Set database path to: /home/ebenezer/.stmcufinder/plugins/mcufinder//mcu/cs/
2023-12-17 09:54:36,473 [INFO] MainPanel:262 - HeapMemory: 268435456
2023-12-17 09:54:36,565 [INFO] DbMcusXml:78 - Set database path to: /opt/st/stm32cubeide_1.13.2/plugins/com.st.stm32cube.common.mx_6.9.2.202309101412//db//mcu/
2023-12-17 09:54:36,566 [INFO] ApiDb:274 - Set plugin database path to: /opt/st/stm32cubeide_1.13.2/plugins/com.st.stm32cube.common.mx_6.9.2.202309101412//db//plugins/boardmanager/
2023-12-17 09:54:36,566 [INFO] ApiDb:261 - Set plugin images path to: /opt/st/stm32cubeide_1.13.2/plugins/com.st.stm32cube.common.mx_6.9.2.202309101412//db//plugins/mcufinder/images/
2023-12-17 09:54:36,566 [WARN] DbFile:41 - Overriding database path with different value: /home/ebenezer/.stmcufinder/plugins/mcufinder/ => /home/ebenezer/.stmcufinder/plugins/mcufinder
2023-12-17 09:54:36,566 [INFO] ApiDb:250 - Set database path to: /home/ebenezer/.stmcufinder/plugins/mcufinder//mcu/
2023-12-17 09:54:36,566 [WARN] DbFile:41 - Overriding database path with different value: /home/ebenezer/.stmcufinder/plugins/mcufinder/ => /home/ebenezer/.stmcufinder/plugins/mcufinder
2023-12-17 09:54:36,566 [INFO] DbMcusAds:125 - Set database path to: /home/ebenezer/.stmcufinder/plugins/mcufinder//mcu/
2023-12-17 09:54:36,567 [WARN] DbFile:41 - Overriding database path with different value: /home/ebenezer/.stmcufinder/plugins/mcufinder/ => /home/ebenezer/.stmcufinder/plugins/mcufinder
2023-12-17 09:54:36,567 [WARN] DbFile:41 - Overriding database path with different value: /home/ebenezer/.stmcufinder/plugins/mcufinder/ => /home/ebenezer/.stmcufinder/plugins/mcufinder
2023-12-17 09:54:36,567 [INFO] CrossReferenceDbSqlite:203 - Set database path to: /home/ebenezer/.stmcufinder/plugins/mcufinder//mcu/cs/
2023-12-17 09:54:36,591 [INFO] ApplicationProperties:184 - Using Application install path: /opt/st/stm32cubeide_1.13.2/plugins/com.st.stm32cube.common.mx_6.9.2.202309101412
2023-12-17 09:54:36,594 [INFO] PluginManage:196 - Search for loadable plugins [exclusion list=, ]
2023-12-17 09:54:36,596 [INFO] PluginManage:310 - Check plugin analytics
2023-12-17 09:54:36,751 [INFO] AnalyticsPlugin:253 - Accepted Software Licenses: 
2023-12-17 09:54:36,751 [INFO] AnalyticsPlugin:255 - Accepted CMSIS Pack Licenses: 
2023-12-17 09:54:36,751 [INFO] AnalyticsPlugin:257 - Accepted Firmware Licenses: FW.G0.1.6.0
2023-12-17 09:54:36,754 [INFO] PluginManage:359 - Loaded plugin analytics (category:tool,tabindex:-1)
2023-12-17 09:54:36,755 [INFO] PluginManage:310 - Check plugin cadmodel
2023-12-17 09:54:36,830 [INFO] CADModel:105 - Init CAD model plugin
2023-12-17 09:54:36,830 [INFO] PluginManage:359 - Loaded plugin cadmodel (category:power,tabindex:5)
2023-12-17 09:54:36,831 [INFO] PluginManage:310 - Check plugin clock
2023-12-17 09:54:36,842 [INFO] PluginManage:359 - Loaded plugin clock (category:base,tabindex:2)
2023-12-17 09:54:36,842 [INFO] PluginManage:310 - Check plugin ddr
2023-12-17 09:54:36,844 [INFO] PluginManage:359 - Loaded plugin ddr (category:tool,tabindex:6)
2023-12-17 09:54:36,844 [INFO] PluginManage:310 - Check plugin filemanager
2023-12-17 09:54:36,960 [INFO] PluginManage:359 - Loaded plugin filemanager (category:base,tabindex:10)
2023-12-17 09:54:36,960 [INFO] PluginManage:310 - Check plugin ipmanager
2023-12-17 09:54:36,964 [INFO] PluginManage:359 - Loaded plugin ipmanager (category:base,tabindex:5)
2023-12-17 09:54:36,965 [INFO] PluginManage:310 - Check plugin lpbam
2023-12-17 09:54:36,971 [INFO] PluginManage:359 - Loaded plugin lpbam (category:base,tabindex:0)
2023-12-17 09:54:36,971 [INFO] PluginManage:310 - Check plugin memorymap
2023-12-17 09:54:36,979 [INFO] PluginManage:359 - Loaded plugin memorymap (category:base,tabindex:4)
2023-12-17 09:54:36,980 [INFO] PluginManage:310 - Check plugin pinoutandconfiguration
2023-12-17 09:54:36,984 [INFO] PluginManage:359 - Loaded plugin pinoutandconfiguration (category:base,tabindex:1)
2023-12-17 09:54:36,985 [INFO] PluginManage:310 - Check plugin pinoutconfig
2023-12-17 09:54:37,051 [WARN] SupportedApi:132 - Cannot load RTOS API schema: s4s-elt-must-match.1: The content of 'definitions' must match (annotation?, (simpleType | complexType)?, (unique | key | keyref)*)). A problem was found starting at: attribute.
2023-12-17 09:54:37,171 [INFO] PluginManage:359 - Loaded plugin pinoutconfig (category:base,tabindex:0)
2023-12-17 09:54:37,171 [INFO] PluginManage:310 - Check plugin power
2023-12-17 09:54:37,181 [INFO] PluginManage:359 - Loaded plugin power (category:power,tabindex:4)
2023-12-17 09:54:37,181 [INFO] PluginManage:310 - Check plugin projectmanager
2023-12-17 09:54:37,193 [INFO] PluginManage:359 - Loaded plugin projectmanager (category:projectmanager,tabindex:3)
2023-12-17 09:54:37,193 [INFO] PluginManage:310 - Check plugin thirdparty
2023-12-17 09:54:37,299 [INFO] PluginManage:359 - Loaded plugin thirdparty (category:base,tabindex:-1)
2023-12-17 09:54:37,299 [WARN] IntegrityCheckThread:84 - waiting for thirdparty lock release [integrity check]
2023-12-17 09:54:37,299 [INFO] PluginManage:310 - Check plugin tools
2023-12-17 09:54:37,300 [INFO] IntegrityCheckThread:86 - entering critical section [integrity check]
2023-12-17 09:54:37,300 [INFO] ThirdPartyUpdaterWithRetryManager:70 - Updater plugin not ready yet. [1/15]
2023-12-17 09:54:37,301 [INFO] PluginManage:359 - Loaded plugin tools (category:base,tabindex:7)
2023-12-17 09:54:37,302 [INFO] PluginManage:310 - Check plugin tutovideos
2023-12-17 09:54:37,430 [INFO] PluginManage:359 - Loaded plugin tutovideos (category:base,tabindex:-1)
2023-12-17 09:54:37,431 [INFO] PluginManage:310 - Check plugin updater
2023-12-17 09:54:37,439 [INFO] PluginManage:359 - Loaded plugin updater (category:base,tabindex:12)
2023-12-17 09:54:37,439 [INFO] PluginManage:310 - Check plugin userauth
2023-12-17 09:54:37,443 [INFO] UserAuth:113 - Init User Auth plugin
2023-12-17 09:54:37,443 [INFO] PluginManage:359 - Loaded plugin userauth (category:base,tabindex:14)
2023-12-17 09:54:37,444 [INFO] PluginManage:283 - PluginManage : Loaded plugins [17]
2023-12-17 09:54:37,618 [INFO] PinOutPanel:1499 - setPackage(No Configuration,No Configuration)
2023-12-17 09:54:37,713 [INFO] CADModel:165 - CPN selected for project level
2023-12-17 09:54:37,714 [INFO] CADModel:114 - Register for checkConnection events
2023-12-17 09:54:37,731 [INFO] IPUIPlugin:80 - create IPUIPlugin
2023-12-17 09:54:37,731 [INFO] PluginManager:220 - loadIPPluginJar : add touchsensing
2023-12-17 09:54:37,740 [INFO] IPUIPlugin:80 - create IPUIPlugin
2023-12-17 09:54:37,741 [INFO] PluginManager:220 - loadIPPluginJar : add adc
2023-12-17 09:54:37,745 [INFO] IPUIPlugin:80 - create IPUIPlugin
2023-12-17 09:54:37,745 [INFO] PluginManager:220 - loadIPPluginJar : add fatfs
2023-12-17 09:54:37,749 [INFO] IPUIPlugin:80 - create IPUIPlugin
2023-12-17 09:54:37,749 [INFO] PluginManager:220 - loadIPPluginJar : add ipddr
2023-12-17 09:54:37,752 [INFO] IPUIPlugin:80 - create IPUIPlugin
2023-12-17 09:54:37,752 [INFO] PluginManager:220 - loadIPPluginJar : add openamp
2023-12-17 09:54:37,756 [INFO] IPUIPlugin:80 - create IPUIPlugin
2023-12-17 09:54:37,757 [INFO] PluginManager:220 - loadIPPluginJar : add i3c
2023-12-17 09:54:37,759 [INFO] IPUIPlugin:80 - create IPUIPlugin
2023-12-17 09:54:37,759 [INFO] PluginManager:220 - loadIPPluginJar : add cryp
2023-12-17 09:54:37,762 [INFO] IPUIPlugin:80 - create IPUIPlugin
2023-12-17 09:54:37,762 [INFO] PluginManager:220 - loadIPPluginJar : add fmc
2023-12-17 09:54:37,763 [INFO] IPUIPlugin:80 - create IPUIPlugin
2023-12-17 09:54:37,763 [INFO] PluginManager:220 - loadIPPluginJar : add tsc
2023-12-17 09:54:37,764 [INFO] IPUIPlugin:80 - create IPUIPlugin
2023-12-17 09:54:37,764 [INFO] PluginManager:220 - loadIPPluginJar : add ltdc
2023-12-17 09:54:37,766 [INFO] IPUIPlugin:80 - create IPUIPlugin
2023-12-17 09:54:37,766 [INFO] PluginManager:220 - loadIPPluginJar : add nvic
2023-12-17 09:54:37,767 [INFO] IPUIPlugin:80 - create IPUIPlugin
2023-12-17 09:54:37,768 [INFO] PluginManager:220 - loadIPPluginJar : add dma3
2023-12-17 09:54:37,768 [INFO] IPUIPlugin:80 - create IPUIPlugin
2023-12-17 09:54:37,769 [INFO] PluginManager:220 - loadIPPluginJar : add ucpd
2023-12-17 09:54:37,775 [INFO] IPUIPlugin:80 - create IPUIPlugin
2023-12-17 09:54:37,776 [INFO] PluginManager:220 - loadIPPluginJar : add freertos
2023-12-17 09:54:37,779 [INFO] IPUIPlugin:80 - create IPUIPlugin
2023-12-17 09:54:37,779 [INFO] PluginManager:220 - loadIPPluginJar : add dfsdm
2023-12-17 09:54:37,781 [INFO] IPUIPlugin:80 - create IPUIPlugin
2023-12-17 09:54:37,781 [INFO] PluginManager:220 - loadIPPluginJar : add aes
2023-12-17 09:54:37,788 [INFO] IPUIPlugin:80 - create IPUIPlugin
2023-12-17 09:54:37,788 [INFO] PluginManager:220 - loadIPPluginJar : add linkedlist
2023-12-17 09:54:37,794 [INFO] IPUIPlugin:80 - create IPUIPlugin
2023-12-17 09:54:37,794 [INFO] PluginManager:220 - loadIPPluginJar : add gic
2023-12-17 09:54:37,796 [INFO] IPUIPlugin:80 - create IPUIPlugin
2023-12-17 09:54:37,796 [INFO] PluginManager:220 - loadIPPluginJar : add genericplugin
2023-12-17 09:54:37,798 [INFO] IPUIPlugin:80 - create IPUIPlugin
2023-12-17 09:54:37,798 [INFO] PluginManager:220 - loadIPPluginJar : add resmgrutility
2023-12-17 09:54:37,799 [INFO] IPUIPlugin:80 - create IPUIPlugin
2023-12-17 09:54:37,799 [INFO] PluginManager:220 - loadIPPluginJar : add gfxmmu
2023-12-17 09:54:37,800 [INFO] IPUIPlugin:80 - create IPUIPlugin
2023-12-17 09:54:37,800 [INFO] PluginManager:220 - loadIPPluginJar : add comp
2023-12-17 09:54:37,802 [INFO] IPUIPlugin:80 - create IPUIPlugin
2023-12-17 09:54:37,802 [INFO] PluginManager:220 - loadIPPluginJar : add i2s
2023-12-17 09:54:37,804 [INFO] IPUIPlugin:80 - create IPUIPlugin
2023-12-17 09:54:37,805 [INFO] PluginManager:220 - loadIPPluginJar : add ts
2023-12-17 09:54:37,808 [INFO] IPUIPlugin:80 - create IPUIPlugin
2023-12-17 09:54:37,809 [INFO] PluginManager:220 - loadIPPluginJar : add pdm2pcm
2023-12-17 09:54:37,812 [INFO] IPUIPlugin:80 - create IPUIPlugin
2023-12-17 09:54:37,812 [INFO] PluginManager:220 - loadIPPluginJar : add gtzc
2023-12-17 09:54:37,814 [INFO] IPUIPlugin:80 - create IPUIPlugin
2023-12-17 09:54:37,814 [INFO] PluginManager:220 - loadIPPluginJar : add can
2023-12-17 09:54:37,815 [INFO] IPUIPlugin:80 - create IPUIPlugin
2023-12-17 09:54:37,815 [INFO] PluginManager:220 - loadIPPluginJar : add tracer_emb
2023-12-17 09:54:37,817 [INFO] IPUIPlugin:80 - create IPUIPlugin
2023-12-17 09:54:37,817 [INFO] PluginManager:220 - loadIPPluginJar : add usart
2023-12-17 09:54:37,820 [INFO] IPUIPlugin:80 - create IPUIPlugin
2023-12-17 09:54:37,821 [INFO] PluginManager:220 - loadIPPluginJar : add gpio
2023-12-17 09:54:37,823 [INFO] IPUIPlugin:80 - create IPUIPlugin
2023-12-17 09:54:37,823 [INFO] PluginManager:220 - loadIPPluginJar : add spi
2023-12-17 09:54:37,829 [INFO] IPUIPlugin:80 - create IPUIPlugin
2023-12-17 09:54:37,832 [INFO] PluginManager:220 - loadIPPluginJar : add plateformsettings
2023-12-17 09:54:37,833 [INFO] IPUIPlugin:80 - create IPUIPlugin
2023-12-17 09:54:37,833 [INFO] PluginManager:220 - loadIPPluginJar : add tim
2023-12-17 09:54:37,838 [INFO] IPUIPlugin:80 - create IPUIPlugin
2023-12-17 09:54:37,838 [INFO] PluginManager:220 - loadIPPluginJar : add stm32_wpan
2023-12-17 09:54:37,841 [INFO] IPUIPlugin:80 - create IPUIPlugin
2023-12-17 09:54:37,842 [INFO] PluginManager:220 - loadIPPluginJar : add opamp
2023-12-17 09:54:37,845 [INFO] IPUIPlugin:80 - create IPUIPlugin
2023-12-17 09:54:37,845 [INFO] PluginManager:220 - loadIPPluginJar : add i2c
2023-12-17 09:54:37,850 [INFO] IPUIPlugin:80 - create IPUIPlugin
2023-12-17 09:54:37,850 [INFO] PluginManager:220 - loadIPPluginJar : add mdma
2023-12-17 09:54:37,853 [INFO] IPUIPlugin:80 - create IPUIPlugin
2023-12-17 09:54:37,853 [INFO] PluginManager:220 - loadIPPluginJar : add usbx
2023-12-17 09:54:37,855 [INFO] IPUIPlugin:80 - create IPUIPlugin
2023-12-17 09:54:37,855 [INFO] PluginManager:220 - loadIPPluginJar : add lorawan
2023-12-17 09:54:37,860 [INFO] IPUIPlugin:80 - create IPUIPlugin
2023-12-17 09:54:37,860 [INFO] PluginManager:220 - loadIPPluginJar : add dma
2023-12-17 09:54:37,862 [INFO] IPUIPlugin:80 - create IPUIPlugin
2023-12-17 09:54:37,862 [INFO] PluginManager:220 - loadIPPluginJar : add hash
2023-12-17 09:54:37,863 [INFO] IPUIPlugin:80 - create IPUIPlugin
2023-12-17 09:54:37,863 [INFO] PluginManager:220 - loadIPPluginJar : add quadspi
2023-12-17 09:54:37,865 [INFO] IPUIPlugin:80 - create IPUIPlugin
2023-12-17 09:54:37,865 [INFO] PluginManager:220 - loadIPPluginJar : add sai
2023-12-17 09:54:37,970 [INFO] CADModel:165 - CPN selected for project level
2023-12-17 09:54:37,971 [INFO] CADModel:114 - Register for checkConnection events
2023-12-17 09:54:37,972 [FATAL] Updater:308 - Updater called before beeing initialized
2023-12-17 09:54:37,972 [ERROR] CADModel:125 - Updater not yet initialized, retry later 
2023-12-17 09:54:38,081 [INFO] CADModel:165 - CPN selected for project level
2023-12-17 09:54:38,081 [INFO] CADModel:114 - Register for checkConnection events
2023-12-17 09:54:38,081 [FATAL] Updater:308 - Updater called before beeing initialized
2023-12-17 09:54:38,081 [ERROR] CADModel:125 - Updater not yet initialized, retry later 
2023-12-17 09:54:38,084 [FATAL] Updater:308 - Updater called before beeing initialized
2023-12-17 09:54:38,202 [FATAL] Updater:308 - Updater called before beeing initialized
2023-12-17 09:54:38,210 [INFO] DbMcusAds:53 - JSON generation date=Wed Nov 29 05:52:38 EST 2023 (1701255158764)
2023-12-17 09:54:38,210 [FATAL] Updater:308 - Updater called before beeing initialized
2023-12-17 09:54:38,244 [WARN] DetailPanel:346 - Failed to get advertising image, set to default
2023-12-17 09:54:38,333 [FATAL] Updater:308 - Updater called before beeing initialized
2023-12-17 09:54:38,337 [FATAL] Updater:308 - Updater called before beeing initialized
2023-12-17 09:54:38,337 [FATAL] Updater:308 - Updater called before beeing initialized
2023-12-17 09:54:38,338 [WARN] DetailPanel:346 - Failed to get advertising image, set to default
2023-12-17 09:54:38,340 [FATAL] Updater:308 - Updater called before beeing initialized
2023-12-17 09:54:38,397 [ERROR] Updater:1120 - MainUpdater not yet initialized. External WinMGr cannot be set.
2023-12-17 09:54:38,399 [INFO] Updater:1056 - Updater Version found : 6.9.2
2023-12-17 09:54:38,417 [INFO] ApplicationProperties:184 - Using Application install path: /opt/st/stm32cubeide_1.13.2/plugins/com.st.stm32cube.common.mx_6.9.2.202309101412
2023-12-17 09:54:38,583 [INFO] MainUpdater:2868 - connection check result : 10
2023-12-17 09:54:38,583 [INFO] MainUpdater:3562 - Updater definition file requires update
2023-12-17 09:54:38,584 [INFO] MainUpdater:285 - Updater Check For Update Now.
2023-12-17 09:54:38,584 [INFO] MicroXplorer:498 - Change Database Version : DB.6.0.92
2023-12-17 09:54:38,593 [INFO] McuFinderGlobals:63 - Set McuFinder mode to 2 (CubeIDE integrated)
2023-12-17 09:54:38,626 [INFO] ServerAccessManage:473 - Download File updaters.zip
2023-12-17 09:54:38,732 [INFO] FileExtend:240 - Unzip File : updaters.zip
2023-12-17 09:54:38,732 [INFO] FileExtend:255 - Standard Zip Deflate
2023-12-17 09:54:38,879 [INFO] ServerAccessManage:473 - Download File PacksControlFlags.xml
2023-12-17 09:54:38,944 [INFO] ServerAccessManage:473 - Download File cubemx.pidx
2023-12-17 09:54:40,068 [INFO] ServerAccessManage:473 - Download File STMicroelectronics.X-CUBE-TOUCHGFX.pdsc
2023-12-17 09:54:40,301 [WARN] MainUpdater:1189 - Updater busy. Cannot search thirdparties
2023-12-17 09:54:40,301 [INFO] ThirdPartyUpdaterWithRetryManager:96 - Updater plugin is busy. [1/15]
2023-12-17 09:54:43,301 [WARN] MainUpdater:1189 - Updater busy. Cannot search thirdparties
2023-12-17 09:54:43,301 [INFO] ThirdPartyUpdaterWithRetryManager:96 - Updater plugin is busy. [2/15]
2023-12-17 09:54:46,302 [WARN] MainUpdater:1189 - Updater busy. Cannot search thirdparties
2023-12-17 09:54:46,302 [INFO] ThirdPartyUpdaterWithRetryManager:96 - Updater plugin is busy. [3/15]
2023-12-17 09:54:48,985 [ERROR] ServerAccessManage:1096 - Problem, Http access forbiden
2023-12-17 09:54:48,986 [ERROR] ServerAccessManage:651 - Problem, Http access forbiden : RoweBots.I-CUBE-UNISONRTOS.pdsc.
2023-12-17 09:54:49,143 [WARN] PackLoader:240 - Cannot read IP mode file for STMicroelectronics.X-CUBE-TOUCHGFX.4.23.0
2023-12-17 09:54:49,145 [INFO] PopulateThirdPartyThread:66 - Ending populate Thread
2023-12-17 09:54:49,146 [INFO] ThirdParty:1030 - CMSIS Pack Vendor :STMicroelectronics X-CUBE-TOUCHGFX 4.23.0
2023-12-17 09:54:49,146 [INFO] LoadServerUpdatesThread:373 - End of LoadServerUpdate Thread
2023-12-17 09:54:49,301 [INFO] CheckServerUpdateThread:120 - End of CheckServer Thread
2023-12-17 09:54:49,484 [WARN] PackLoader:240 - Cannot read IP mode file for STMicroelectronics.X-CUBE-SMBUS.2.1.0
2023-12-17 09:54:49,488 [WARN] PackLoader:240 - Cannot read IP mode file for STMicroelectronics.X-CUBE-TOUCHGFX.4.23.0
2023-12-17 09:54:49,525 [WARN] PackLoader:240 - Cannot read IP mode file for STMicroelectronics.X-CUBE-AZRTOS-F7.1.1.0
2023-12-17 09:54:49,540 [WARN] PackLoader:240 - Cannot read IP mode file for STMicroelectronics.FP-SNS-MOTENV1.4.3.2
2023-12-17 09:54:49,548 [WARN] PackLoader:240 - Cannot read IP mode file for STMicroelectronics.FP-SNS-FLIGHT1.5.0.2
2023-12-17 09:54:49,559 [WARN] PackLoader:240 - Cannot read IP mode file for STMicroelectronics.X-CUBE-DISPLAY.3.0.0
2023-12-17 09:54:49,576 [WARN] PackLoader:240 - Cannot read IP mode file for STMicroelectronics.X-CUBE-BLE1.7.0.0
2023-12-17 09:54:49,582 [WARN] PackLoader:240 - Cannot read IP mode file for emotas.I-CUBE-CANOPEN.1.3.0
2023-12-17 09:54:49,585 [WARN] PackLoader:240 - Cannot read IP mode file for STMicroelectronics.X-CUBE-TOUCHGFX.4.22.0
2023-12-17 09:54:49,588 [WARN] PackLoader:240 - Cannot read IP mode file for STMicroelectronics.X-CUBE-TOUCHGFX.4.22.1
2023-12-17 09:54:49,594 [WARN] PackLoader:240 - Cannot read IP mode file for STMicroelectronics.FP-SNS-SMARTAG2.1.2.0
2023-12-17 09:54:49,605 [INFO] LogOutputStream:77 - [STDOUT_REDIRECT] 1 : Invalid condition id : UX_CORESTACK_Condition cause : null
2023-12-17 09:54:49,606 [INFO] LogOutputStream:77 - [STDOUT_REDIRECT] 1 : Invalid condition id : UX_CORESTACK_Condition cause : null
2023-12-17 09:54:49,606 [INFO] LogOutputStream:77 - [STDOUT_REDIRECT] 1 : Invalid condition id : UX_CORESTACK_Condition cause : null
2023-12-17 09:54:49,607 [INFO] LogOutputStream:77 - [STDOUT_REDIRECT] 1 : Invalid condition id : UX_CORESTACK_Condition cause : null
2023-12-17 09:54:49,607 [INFO] LogOutputStream:77 - [STDOUT_REDIRECT] 1 : Invalid condition id : UX_CORESTACK_Condition cause : null
2023-12-17 09:54:49,613 [WARN] PackLoader:240 - Cannot read IP mode file for STMicroelectronics.X-CUBE-AZRTOS-WL.2.0.0
2023-12-17 09:54:49,623 [WARN] PackLoader:240 - Cannot read IP mode file for WES.I-CUBE-Cesium.1.3.0
2023-12-17 09:54:49,629 [WARN] PackLoader:240 - Cannot read IP mode file for STMicroelectronics.X-CUBE-BLE2.3.3.0
2023-12-17 09:54:49,636 [WARN] PackLoader:240 - Cannot read IP mode file for STMicroelectronics.X-CUBE-ALGOBUILD.1.3.0
2023-12-17 09:54:49,660 [WARN] PackLoader:240 - Cannot read IP mode file for STMicroelectronics.X-CUBE-AZRTOS-G0.1.1.0
2023-12-17 09:54:49,669 [WARN] PackLoader:240 - Cannot read IP mode file for STMicroelectronics.X-CUBE-NFC4.3.0.0
2023-12-17 09:54:49,683 [WARN] PackLoader:240 - Cannot read IP mode file for STMicroelectronics.X-CUBE-BLEMGR.3.0.0
2023-12-17 09:54:49,689 [WARN] PackLoader:240 - Cannot read IP mode file for STMicroelectronics.FP-ATR-SIGFOX1.3.2.0
2023-12-17 09:54:49,737 [WARN] PackLoader:240 - Cannot read IP mode file for SEGGER.I-CUBE-embOS.1.3.1
2023-12-17 09:54:49,784 [WARN] PackLoader:240 - Cannot read IP mode file for STMicroelectronics.X-CUBE-GNSS1.6.0.0
2023-12-17 09:54:49,801 [WARN] PackLoader:240 - Cannot read IP mode file for STMicroelectronics.X-CUBE-AZRTOS-F4.1.1.0
2023-12-17 09:54:49,806 [WARN] PackLoader:240 - Cannot read IP mode file for wolfSSL.I-CUBE-wolfSSL.5.6.3
2023-12-17 09:54:49,822 [WARN] PackLoader:240 - Cannot read IP mode file for STMicroelectronics.X-CUBE-AZRTOS-L5.2.0.0
2023-12-17 09:54:49,859 [WARN] PackLoader:240 - Cannot read IP mode file for STMicroelectronics.X-CUBE-MEMS1.9.6.0
2023-12-17 09:54:50,005 [WARN] PackLoader:240 - Cannot read IP mode file for STMicroelectronics.X-CUBE-EEPRMA1.4.2.0
2023-12-17 09:54:50,008 [WARN] PackLoader:240 - Cannot read IP mode file for ITTIA_DB.I-CUBE-ITTIADB.8.8.0
2023-12-17 09:54:50,022 [WARN] PackLoader:240 - Cannot read IP mode file for STMicroelectronics.X-CUBE-BLEMGR.2.0.0
2023-12-17 09:54:50,041 [WARN] ConditionMgr:438 - getConditionDescription Invalid condition id : UX DEVICE CLASS RTOS Condition cause : null
2023-12-17 09:54:50,042 [WARN] ConditionMgr:438 - getConditionDescription Invalid condition id : UX DEVICE CLASS RTOS Condition cause : null
2023-12-17 09:54:50,046 [WARN] PackLoader:240 - Cannot read IP mode file for STMicroelectronics.X-CUBE-AZRTOS-H7.3.1.0
2023-12-17 09:54:50,048 [WARN] ConditionMgr:1039 - genDependencies : Invalid condition id : UX DEVICE CLASS RTOS Condition cause : null
2023-12-17 09:54:50,048 [WARN] ConditionMgr:1039 - genDependencies : Invalid condition id : UX DEVICE CLASS RTOS Condition cause : null
2023-12-17 09:54:50,049 [WARN] ConditionMgr:1039 - genDependencies : Invalid condition id : UX DEVICE CLASS RTOS Condition cause : null
2023-12-17 09:54:50,050 [WARN] ConditionMgr:1039 - genDependencies : Invalid condition id : UX DEVICE CLASS RTOS Condition cause : null
2023-12-17 09:54:50,050 [WARN] ConditionMgr:1039 - genDependencies : Invalid condition id : UX DEVICE CLASS RTOS Condition cause : null
2023-12-17 09:54:50,057 [WARN] PackLoader:240 - Cannot read IP mode file for STMicroelectronics.X-CUBE-NFC7.1.0.1
2023-12-17 09:54:50,064 [WARN] PackLoader:240 - Cannot read IP mode file for STMicroelectronics.X-CUBE-NFC6.3.0.0
2023-12-17 09:54:50,072 [WARN] PackLoader:240 - Cannot read IP mode file for STMicroelectronics.X-CUBE-EEPRMA1.4.1.0
2023-12-17 09:54:50,077 [WARN] PackLoader:240 - Cannot read IP mode file for STMicroelectronics.X-CUBE-AI.8.1.0
2023-12-17 09:54:50,098 [WARN] ConditionMgr:438 - getConditionDescription Invalid condition id : LAN8742 Phy interface Condition cause : null
2023-12-17 09:54:50,099 [WARN] PackLoader:240 - Cannot read IP mode file for STMicroelectronics.X-CUBE-AZRTOS-L4.2.0.0
2023-12-17 09:54:50,101 [WARN] ConditionMgr:1039 - genDependencies : Invalid condition id : LAN8742 Phy interface Condition cause : null
2023-12-17 09:54:50,101 [WARN] ConditionMgr:1039 - genDependencies : Invalid condition id : LAN8742 Phy interface Condition cause : null
2023-12-17 09:54:50,102 [WARN] ConditionMgr:1039 - genDependencies : Invalid condition id : LAN8742 Phy interface Condition cause : null
2023-12-17 09:54:50,109 [WARN] PackLoader:240 - Cannot read IP mode file for STMicroelectronics.X-CUBE-SFXS2LP1.4.0.0
2023-12-17 09:54:50,114 [WARN] PackLoader:240 - Cannot read IP mode file for STMicroelectronics.X-CUBE-ISPU.1.1.0
2023-12-17 09:54:50,127 [WARN] ConditionMgr:438 - getConditionDescription Invalid condition id : UX DEVICE CLASS RTOS Condition cause : null
2023-12-17 09:54:50,128 [WARN] ConditionMgr:438 - getConditionDescription Invalid condition id : UX DEVICE CLASS RTOS Condition cause : null
2023-12-17 09:54:50,130 [WARN] PackLoader:240 - Cannot read IP mode file for STMicroelectronics.X-CUBE-AZRTOS-WB.2.0.0
2023-12-17 09:54:50,132 [WARN] ConditionMgr:1039 - genDependencies : Invalid condition id : UX DEVICE CLASS RTOS Condition cause : null
2023-12-17 09:54:50,132 [WARN] ConditionMgr:1039 - genDependencies : Invalid condition id : UX DEVICE CLASS RTOS Condition cause : null
2023-12-17 09:54:50,132 [WARN] ConditionMgr:1039 - genDependencies : Invalid condition id : UX DEVICE CLASS RTOS Condition cause : null
2023-12-17 09:54:50,133 [WARN] ConditionMgr:1039 - genDependencies : Invalid condition id : UX DEVICE CLASS RTOS Condition cause : null
2023-12-17 09:54:50,133 [WARN] ConditionMgr:1039 - genDependencies : Invalid condition id : UX DEVICE CLASS RTOS Condition cause : null
2023-12-17 09:54:50,147 [WARN] PackLoader:240 - Cannot read IP mode file for STMicroelectronics.X-CUBE-SUBG2.5.0.0
2023-12-17 09:54:50,164 [WARN] PackLoader:240 - Cannot read IP mode file for STMicroelectronics.X-CUBE-TOF1.3.3.1
2023-12-17 09:54:50,192 [WARN] PackLoader:240 - Cannot read IP mode file for STMicroelectronics.X-CUBE-AZRTOS-G4.2.0.0
2023-12-17 09:54:50,209 [WARN] PackLoader:240 - Cannot read IP mode file for Infineon.AIROC-Wi-Fi-Bluetooth-STM32.1.5.1
2023-12-17 09:54:50,216 [WARN] PackLoader:240 - Cannot read IP mode file for STMicroelectronics.FP-SNS-MOTENVWB1.1.3.0
2023-12-17 09:54:50,221 [WARN] PackLoader:240 - Cannot read IP mode file for STMicroelectronics.FP-SNS-MOTENVWB1.1.3.1
2023-12-17 09:54:50,225 [WARN] PackLoader:240 - Cannot read IP mode file for STMicroelectronics.X-CUBE-ISPU.2.0.0
2023-12-17 09:54:50,284 [WARN] PackLoader:240 - Cannot read IP mode file for STMicroelectronics.X-CUBE-MEMS1.10.0.0
2023-12-17 09:54:50,461 [WARN] PackLoader:240 - Cannot read IP mode file for STMicroelectronics.X-CUBE-FREERTOS.1.1.0
2023-12-17 09:54:50,464 [WARN] PackLoader:240 - Cannot read IP mode file for portGmbH.I-Cube-SoM-uGOAL.1.1.0
2023-12-17 09:54:50,467 [WARN] PackLoader:240 - Cannot read IP mode file for STMicroelectronics.X-CUBE-ALS.1.0.1
2023-12-17 09:54:50,469 [WARN] PackLoader:240 - Cannot read IP mode file for STMicroelectronics.FP-ATR-ASTRA1.2.0.0
2023-12-17 09:54:50,480 [WARN] PackLoader:240 - Cannot read IP mode file for STMicroelectronics.X-CUBE-TOF1.3.4.0
2023-12-17 09:54:50,503 [WARN] PackLoader:240 - Cannot read IP mode file for STMicroelectronics.X-CUBE-AZRTOS-H7.3.2.0
2023-12-17 09:54:50,505 [INFO] ThirdParty:978 - Integrity check success = true
2023-12-17 09:54:50,506 [INFO] IntegrityCheckThread:100 - exiting critical section [integrity check]
2023-12-17 09:54:50,506 [INFO] IntegrityCheckThread:103 - End integrity checks thread
2023-12-17 09:54:59,353 [ERROR] LogOutputStream:75 - [STDERR_REDIRECT] SLF4J: Failed to load class "org.slf4j.impl.StaticLoggerBinder".
2023-12-17 09:54:59,354 [ERROR] LogOutputStream:75 - [STDERR_REDIRECT] SLF4J: Defaulting to no-operation (NOP) logger implementation
2023-12-17 09:54:59,354 [ERROR] LogOutputStream:75 - [STDERR_REDIRECT] SLF4J: See http://www.slf4j.org/codes.html#StaticLoggerBinder for further details.
