2024-04-20 19:10:28,161 [INFO] Activator:176 - 


2024-04-20 19:10:28,167 [INFO] Activator:177 - !SESSION log4j initialized
2024-04-20 19:10:31,839 [INFO] LogOutputStream:77 - [STDOUT_REDIRECT] 
2024-04-20 19:10:32,752 [INFO] ApplicationProperties:184 - Using Application install path: /opt/st/stm32cubeide_1.13.2/plugins/com.st.stm32cube.common.mx_6.9.2.202309101412
2024-04-20 19:10:32,772 [INFO] DbMcusXml:78 - Set database path to: /opt/st/stm32cubeide_1.13.2/plugins/com.st.stm32cube.common.mx_6.9.2.202309101412//db//mcu/
2024-04-20 19:10:32,772 [INFO] ApiDb:274 - Set plugin database path to: /opt/st/stm32cubeide_1.13.2/plugins/com.st.stm32cube.common.mx_6.9.2.202309101412//db//plugins/boardmanager/
2024-04-20 19:10:32,773 [WARN] ApiDb:259 - Overriding images path with different value:  => /opt/st/stm32cubeide_1.13.2/plugins/com.st.stm32cube.common.mx_6.9.2.202309101412//db//plugins/mcufinder/images/
2024-04-20 19:10:32,788 [INFO] ApiDb:250 - Set database path to: /home/ebenezer/.stmcufinder/plugins/mcufinder//mcu/
2024-04-20 19:10:32,790 [INFO] DbMcusAds:125 - Set database path to: /home/ebenezer/.stmcufinder/plugins/mcufinder//mcu/
2024-04-20 19:10:32,792 [INFO] CrossReferenceDbSqlite:203 - Set database path to: /home/ebenezer/.stmcufinder/plugins/mcufinder//mcu/cs/
2024-04-20 19:10:32,971 [INFO] RulesReader:64 - Compatibility file has been processed (293 Rules)
2024-04-20 19:10:33,032 [INFO] DbMcusXml:78 - Set database path to: /opt/st/stm32cubeide_1.13.2/plugins/com.st.stm32cube.common.mx_6.9.2.202309101412//db//mcu/
2024-04-20 19:10:33,033 [INFO] ApiDb:274 - Set plugin database path to: /opt/st/stm32cubeide_1.13.2/plugins/com.st.stm32cube.common.mx_6.9.2.202309101412//db//plugins/boardmanager/
2024-04-20 19:10:33,033 [INFO] ApiDb:261 - Set plugin images path to: /opt/st/stm32cubeide_1.13.2/plugins/com.st.stm32cube.common.mx_6.9.2.202309101412//db//plugins/mcufinder/images/
2024-04-20 19:10:33,033 [WARN] DbFile:41 - Overriding database path with different value: /home/ebenezer/.stmcufinder/plugins/mcufinder/ => /home/ebenezer/.stmcufinder/plugins/mcufinder
2024-04-20 19:10:33,033 [INFO] ApiDb:250 - Set database path to: /home/ebenezer/.stmcufinder/plugins/mcufinder//mcu/
2024-04-20 19:10:33,034 [WARN] DbFile:41 - Overriding database path with different value: /home/ebenezer/.stmcufinder/plugins/mcufinder/ => /home/ebenezer/.stmcufinder/plugins/mcufinder
2024-04-20 19:10:33,034 [INFO] DbMcusAds:125 - Set database path to: /home/ebenezer/.stmcufinder/plugins/mcufinder//mcu/
2024-04-20 19:10:33,034 [WARN] DbFile:41 - Overriding database path with different value: /home/ebenezer/.stmcufinder/plugins/mcufinder/ => /home/ebenezer/.stmcufinder/plugins/mcufinder
2024-04-20 19:10:33,034 [WARN] DbFile:41 - Overriding database path with different value: /home/ebenezer/.stmcufinder/plugins/mcufinder/ => /home/ebenezer/.stmcufinder/plugins/mcufinder
2024-04-20 19:10:33,034 [INFO] CrossReferenceDbSqlite:203 - Set database path to: /home/ebenezer/.stmcufinder/plugins/mcufinder//mcu/cs/
2024-04-20 19:10:33,146 [INFO] MainPanel:262 - HeapMemory: 268435456
2024-04-20 19:10:33,251 [INFO] DbMcusXml:78 - Set database path to: /opt/st/stm32cubeide_1.13.2/plugins/com.st.stm32cube.common.mx_6.9.2.202309101412//db//mcu/
2024-04-20 19:10:33,252 [INFO] ApiDb:274 - Set plugin database path to: /opt/st/stm32cubeide_1.13.2/plugins/com.st.stm32cube.common.mx_6.9.2.202309101412//db//plugins/boardmanager/
2024-04-20 19:10:33,252 [INFO] ApiDb:261 - Set plugin images path to: /opt/st/stm32cubeide_1.13.2/plugins/com.st.stm32cube.common.mx_6.9.2.202309101412//db//plugins/mcufinder/images/
2024-04-20 19:10:33,252 [WARN] DbFile:41 - Overriding database path with different value: /home/ebenezer/.stmcufinder/plugins/mcufinder/ => /home/ebenezer/.stmcufinder/plugins/mcufinder
2024-04-20 19:10:33,252 [INFO] ApiDb:250 - Set database path to: /home/ebenezer/.stmcufinder/plugins/mcufinder//mcu/
2024-04-20 19:10:33,253 [WARN] DbFile:41 - Overriding database path with different value: /home/ebenezer/.stmcufinder/plugins/mcufinder/ => /home/ebenezer/.stmcufinder/plugins/mcufinder
2024-04-20 19:10:33,253 [INFO] DbMcusAds:125 - Set database path to: /home/ebenezer/.stmcufinder/plugins/mcufinder//mcu/
2024-04-20 19:10:33,253 [WARN] DbFile:41 - Overriding database path with different value: /home/ebenezer/.stmcufinder/plugins/mcufinder/ => /home/ebenezer/.stmcufinder/plugins/mcufinder
2024-04-20 19:10:33,253 [WARN] DbFile:41 - Overriding database path with different value: /home/ebenezer/.stmcufinder/plugins/mcufinder/ => /home/ebenezer/.stmcufinder/plugins/mcufinder
2024-04-20 19:10:33,253 [INFO] CrossReferenceDbSqlite:203 - Set database path to: /home/ebenezer/.stmcufinder/plugins/mcufinder//mcu/cs/
2024-04-20 19:10:33,269 [INFO] ApplicationProperties:184 - Using Application install path: /opt/st/stm32cubeide_1.13.2/plugins/com.st.stm32cube.common.mx_6.9.2.202309101412
2024-04-20 19:10:33,270 [INFO] PluginManage:196 - Search for loadable plugins [exclusion list=, ]
2024-04-20 19:10:33,271 [INFO] PluginManage:310 - Check plugin analytics
2024-04-20 19:10:33,454 [INFO] AnalyticsPlugin:253 - Accepted Software Licenses: 
2024-04-20 19:10:33,455 [INFO] AnalyticsPlugin:255 - Accepted CMSIS Pack Licenses: 
2024-04-20 19:10:33,455 [INFO] AnalyticsPlugin:257 - Accepted Firmware Licenses: FW.G0.1.6.0,FW.F4.1.27.0
2024-04-20 19:10:33,459 [INFO] PluginManage:359 - Loaded plugin analytics (category:tool,tabindex:-1)
2024-04-20 19:10:33,459 [INFO] PluginManage:310 - Check plugin cadmodel
2024-04-20 19:10:33,540 [INFO] CADModel:105 - Init CAD model plugin
2024-04-20 19:10:33,541 [INFO] PluginManage:359 - Loaded plugin cadmodel (category:power,tabindex:5)
2024-04-20 19:10:33,541 [INFO] PluginManage:310 - Check plugin clock
2024-04-20 19:10:33,549 [INFO] PluginManage:359 - Loaded plugin clock (category:base,tabindex:2)
2024-04-20 19:10:33,550 [INFO] PluginManage:310 - Check plugin ddr
2024-04-20 19:10:33,551 [INFO] PluginManage:359 - Loaded plugin ddr (category:tool,tabindex:6)
2024-04-20 19:10:33,552 [INFO] PluginManage:310 - Check plugin filemanager
2024-04-20 19:10:33,691 [INFO] PluginManage:359 - Loaded plugin filemanager (category:base,tabindex:10)
2024-04-20 19:10:33,692 [INFO] PluginManage:310 - Check plugin ipmanager
2024-04-20 19:10:33,697 [INFO] PluginManage:359 - Loaded plugin ipmanager (category:base,tabindex:5)
2024-04-20 19:10:33,697 [INFO] PluginManage:310 - Check plugin lpbam
2024-04-20 19:10:33,707 [INFO] PluginManage:359 - Loaded plugin lpbam (category:base,tabindex:0)
2024-04-20 19:10:33,707 [INFO] PluginManage:310 - Check plugin memorymap
2024-04-20 19:10:33,719 [INFO] PluginManage:359 - Loaded plugin memorymap (category:base,tabindex:4)
2024-04-20 19:10:33,719 [INFO] PluginManage:310 - Check plugin pinoutandconfiguration
2024-04-20 19:10:33,726 [INFO] PluginManage:359 - Loaded plugin pinoutandconfiguration (category:base,tabindex:1)
2024-04-20 19:10:33,726 [INFO] PluginManage:310 - Check plugin pinoutconfig
2024-04-20 19:10:33,845 [WARN] SupportedApi:132 - Cannot load RTOS API schema: s4s-elt-must-match.1: The content of 'definitions' must match (annotation?, (simpleType | complexType)?, (unique | key | keyref)*)). A problem was found starting at: attribute.
2024-04-20 19:10:34,049 [INFO] PluginManage:359 - Loaded plugin pinoutconfig (category:base,tabindex:0)
2024-04-20 19:10:34,049 [INFO] PluginManage:310 - Check plugin power
2024-04-20 19:10:34,058 [INFO] PluginManage:359 - Loaded plugin power (category:power,tabindex:4)
2024-04-20 19:10:34,058 [INFO] PluginManage:310 - Check plugin projectmanager
2024-04-20 19:10:34,078 [INFO] PluginManage:359 - Loaded plugin projectmanager (category:projectmanager,tabindex:3)
2024-04-20 19:10:34,078 [INFO] PluginManage:310 - Check plugin thirdparty
2024-04-20 19:10:34,185 [INFO] PluginManage:359 - Loaded plugin thirdparty (category:base,tabindex:-1)
2024-04-20 19:10:34,185 [WARN] IntegrityCheckThread:84 - waiting for thirdparty lock release [integrity check]
2024-04-20 19:10:34,185 [INFO] PluginManage:310 - Check plugin tools
2024-04-20 19:10:34,185 [INFO] IntegrityCheckThread:86 - entering critical section [integrity check]
2024-04-20 19:10:34,186 [INFO] ThirdPartyUpdaterWithRetryManager:70 - Updater plugin not ready yet. [1/15]
2024-04-20 19:10:34,187 [INFO] PluginManage:359 - Loaded plugin tools (category:base,tabindex:7)
2024-04-20 19:10:34,187 [INFO] PluginManage:310 - Check plugin tutovideos
2024-04-20 19:10:34,326 [INFO] PluginManage:359 - Loaded plugin tutovideos (category:base,tabindex:-1)
2024-04-20 19:10:34,326 [INFO] PluginManage:310 - Check plugin updater
2024-04-20 19:10:34,334 [INFO] PluginManage:359 - Loaded plugin updater (category:base,tabindex:12)
2024-04-20 19:10:34,334 [INFO] PluginManage:310 - Check plugin userauth
2024-04-20 19:10:34,338 [INFO] UserAuth:113 - Init User Auth plugin
2024-04-20 19:10:34,338 [INFO] PluginManage:359 - Loaded plugin userauth (category:base,tabindex:14)
2024-04-20 19:10:34,338 [INFO] PluginManage:283 - PluginManage : Loaded plugins [17]
2024-04-20 19:10:34,508 [INFO] PinOutPanel:1499 - setPackage(No Configuration,No Configuration)
2024-04-20 19:10:34,589 [INFO] CADModel:165 - CPN selected for project level
2024-04-20 19:10:34,589 [INFO] CADModel:114 - Register for checkConnection events
2024-04-20 19:10:34,600 [INFO] IPUIPlugin:80 - create IPUIPlugin
2024-04-20 19:10:34,601 [INFO] PluginManager:220 - loadIPPluginJar : add touchsensing
2024-04-20 19:10:34,606 [INFO] IPUIPlugin:80 - create IPUIPlugin
2024-04-20 19:10:34,607 [INFO] PluginManager:220 - loadIPPluginJar : add adc
2024-04-20 19:10:34,610 [INFO] IPUIPlugin:80 - create IPUIPlugin
2024-04-20 19:10:34,611 [INFO] PluginManager:220 - loadIPPluginJar : add fatfs
2024-04-20 19:10:34,617 [INFO] IPUIPlugin:80 - create IPUIPlugin
2024-04-20 19:10:34,618 [INFO] PluginManager:220 - loadIPPluginJar : add ipddr
2024-04-20 19:10:34,621 [INFO] IPUIPlugin:80 - create IPUIPlugin
2024-04-20 19:10:34,622 [INFO] PluginManager:220 - loadIPPluginJar : add openamp
2024-04-20 19:10:34,624 [INFO] IPUIPlugin:80 - create IPUIPlugin
2024-04-20 19:10:34,624 [INFO] PluginManager:220 - loadIPPluginJar : add i3c
2024-04-20 19:10:34,626 [INFO] IPUIPlugin:80 - create IPUIPlugin
2024-04-20 19:10:34,626 [INFO] PluginManager:220 - loadIPPluginJar : add cryp
2024-04-20 19:10:34,629 [INFO] IPUIPlugin:80 - create IPUIPlugin
2024-04-20 19:10:34,629 [INFO] PluginManager:220 - loadIPPluginJar : add fmc
2024-04-20 19:10:34,630 [INFO] IPUIPlugin:80 - create IPUIPlugin
2024-04-20 19:10:34,631 [INFO] PluginManager:220 - loadIPPluginJar : add tsc
2024-04-20 19:10:34,632 [INFO] IPUIPlugin:80 - create IPUIPlugin
2024-04-20 19:10:34,632 [INFO] PluginManager:220 - loadIPPluginJar : add ltdc
2024-04-20 19:10:34,634 [INFO] IPUIPlugin:80 - create IPUIPlugin
2024-04-20 19:10:34,635 [INFO] PluginManager:220 - loadIPPluginJar : add nvic
2024-04-20 19:10:34,636 [INFO] IPUIPlugin:80 - create IPUIPlugin
2024-04-20 19:10:34,636 [INFO] PluginManager:220 - loadIPPluginJar : add dma3
2024-04-20 19:10:34,638 [INFO] IPUIPlugin:80 - create IPUIPlugin
2024-04-20 19:10:34,638 [INFO] PluginManager:220 - loadIPPluginJar : add ucpd
2024-04-20 19:10:34,641 [INFO] IPUIPlugin:80 - create IPUIPlugin
2024-04-20 19:10:34,642 [INFO] PluginManager:220 - loadIPPluginJar : add freertos
2024-04-20 19:10:34,643 [INFO] IPUIPlugin:80 - create IPUIPlugin
2024-04-20 19:10:34,644 [INFO] PluginManager:220 - loadIPPluginJar : add dfsdm
2024-04-20 19:10:34,645 [INFO] IPUIPlugin:80 - create IPUIPlugin
2024-04-20 19:10:34,645 [INFO] PluginManager:220 - loadIPPluginJar : add aes
2024-04-20 19:10:34,651 [INFO] IPUIPlugin:80 - create IPUIPlugin
2024-04-20 19:10:34,651 [INFO] PluginManager:220 - loadIPPluginJar : add linkedlist
2024-04-20 19:10:34,655 [INFO] IPUIPlugin:80 - create IPUIPlugin
2024-04-20 19:10:34,656 [INFO] PluginManager:220 - loadIPPluginJar : add gic
2024-04-20 19:10:34,657 [INFO] IPUIPlugin:80 - create IPUIPlugin
2024-04-20 19:10:34,657 [INFO] PluginManager:220 - loadIPPluginJar : add genericplugin
2024-04-20 19:10:34,659 [INFO] IPUIPlugin:80 - create IPUIPlugin
2024-04-20 19:10:34,659 [INFO] PluginManager:220 - loadIPPluginJar : add resmgrutility
2024-04-20 19:10:34,660 [INFO] IPUIPlugin:80 - create IPUIPlugin
2024-04-20 19:10:34,660 [INFO] PluginManager:220 - loadIPPluginJar : add gfxmmu
2024-04-20 19:10:34,661 [INFO] IPUIPlugin:80 - create IPUIPlugin
2024-04-20 19:10:34,661 [INFO] PluginManager:220 - loadIPPluginJar : add comp
2024-04-20 19:10:34,663 [INFO] IPUIPlugin:80 - create IPUIPlugin
2024-04-20 19:10:34,663 [INFO] PluginManager:220 - loadIPPluginJar : add i2s
2024-04-20 19:10:34,664 [INFO] IPUIPlugin:80 - create IPUIPlugin
2024-04-20 19:10:34,664 [INFO] PluginManager:220 - loadIPPluginJar : add ts
2024-04-20 19:10:34,667 [INFO] IPUIPlugin:80 - create IPUIPlugin
2024-04-20 19:10:34,667 [INFO] PluginManager:220 - loadIPPluginJar : add pdm2pcm
2024-04-20 19:10:34,669 [INFO] IPUIPlugin:80 - create IPUIPlugin
2024-04-20 19:10:34,670 [INFO] PluginManager:220 - loadIPPluginJar : add gtzc
2024-04-20 19:10:34,672 [INFO] IPUIPlugin:80 - create IPUIPlugin
2024-04-20 19:10:34,672 [INFO] PluginManager:220 - loadIPPluginJar : add can
2024-04-20 19:10:34,673 [INFO] IPUIPlugin:80 - create IPUIPlugin
2024-04-20 19:10:34,673 [INFO] PluginManager:220 - loadIPPluginJar : add tracer_emb
2024-04-20 19:10:34,676 [INFO] IPUIPlugin:80 - create IPUIPlugin
2024-04-20 19:10:34,676 [INFO] PluginManager:220 - loadIPPluginJar : add usart
2024-04-20 19:10:34,678 [INFO] IPUIPlugin:80 - create IPUIPlugin
2024-04-20 19:10:34,679 [INFO] PluginManager:220 - loadIPPluginJar : add gpio
2024-04-20 19:10:34,680 [INFO] IPUIPlugin:80 - create IPUIPlugin
2024-04-20 19:10:34,680 [INFO] PluginManager:220 - loadIPPluginJar : add spi
2024-04-20 19:10:34,685 [INFO] IPUIPlugin:80 - create IPUIPlugin
2024-04-20 19:10:34,688 [INFO] PluginManager:220 - loadIPPluginJar : add plateformsettings
2024-04-20 19:10:34,690 [INFO] IPUIPlugin:80 - create IPUIPlugin
2024-04-20 19:10:34,690 [INFO] PluginManager:220 - loadIPPluginJar : add tim
2024-04-20 19:10:34,694 [INFO] IPUIPlugin:80 - create IPUIPlugin
2024-04-20 19:10:34,695 [INFO] PluginManager:220 - loadIPPluginJar : add stm32_wpan
2024-04-20 19:10:34,697 [INFO] IPUIPlugin:80 - create IPUIPlugin
2024-04-20 19:10:34,697 [INFO] PluginManager:220 - loadIPPluginJar : add opamp
2024-04-20 19:10:34,700 [INFO] IPUIPlugin:80 - create IPUIPlugin
2024-04-20 19:10:34,700 [INFO] PluginManager:220 - loadIPPluginJar : add i2c
2024-04-20 19:10:34,705 [INFO] IPUIPlugin:80 - create IPUIPlugin
2024-04-20 19:10:34,705 [INFO] PluginManager:220 - loadIPPluginJar : add mdma
2024-04-20 19:10:34,708 [INFO] IPUIPlugin:80 - create IPUIPlugin
2024-04-20 19:10:34,708 [INFO] PluginManager:220 - loadIPPluginJar : add usbx
2024-04-20 19:10:34,710 [INFO] IPUIPlugin:80 - create IPUIPlugin
2024-04-20 19:10:34,710 [INFO] PluginManager:220 - loadIPPluginJar : add lorawan
2024-04-20 19:10:34,714 [INFO] IPUIPlugin:80 - create IPUIPlugin
2024-04-20 19:10:34,714 [INFO] PluginManager:220 - loadIPPluginJar : add dma
2024-04-20 19:10:34,716 [INFO] IPUIPlugin:80 - create IPUIPlugin
2024-04-20 19:10:34,716 [INFO] PluginManager:220 - loadIPPluginJar : add hash
2024-04-20 19:10:34,717 [INFO] IPUIPlugin:80 - create IPUIPlugin
2024-04-20 19:10:34,717 [INFO] PluginManager:220 - loadIPPluginJar : add quadspi
2024-04-20 19:10:34,719 [INFO] IPUIPlugin:80 - create IPUIPlugin
2024-04-20 19:10:34,719 [INFO] PluginManager:220 - loadIPPluginJar : add sai
2024-04-20 19:10:34,814 [INFO] CADModel:165 - CPN selected for project level
2024-04-20 19:10:34,814 [INFO] CADModel:114 - Register for checkConnection events
2024-04-20 19:10:34,815 [FATAL] Updater:308 - Updater called before beeing initialized
2024-04-20 19:10:34,815 [ERROR] CADModel:125 - Updater not yet initialized, retry later 
2024-04-20 19:10:34,930 [INFO] CADModel:165 - CPN selected for project level
2024-04-20 19:10:34,930 [INFO] CADModel:114 - Register for checkConnection events
2024-04-20 19:10:34,930 [FATAL] Updater:308 - Updater called before beeing initialized
2024-04-20 19:10:34,930 [ERROR] CADModel:125 - Updater not yet initialized, retry later 
2024-04-20 19:10:34,934 [FATAL] Updater:308 - Updater called before beeing initialized
2024-04-20 19:10:35,016 [FATAL] Updater:308 - Updater called before beeing initialized
2024-04-20 19:10:35,021 [INFO] DbMcusAds:53 - JSON generation date=Wed Nov 29 05:52:27 EST 2023 (1701255147349)
2024-04-20 19:10:35,021 [FATAL] Updater:308 - Updater called before beeing initialized
2024-04-20 19:10:35,051 [WARN] DetailPanel:346 - Failed to get advertising image, set to default
2024-04-20 19:10:35,138 [FATAL] Updater:308 - Updater called before beeing initialized
2024-04-20 19:10:35,140 [FATAL] Updater:308 - Updater called before beeing initialized
2024-04-20 19:10:35,140 [FATAL] Updater:308 - Updater called before beeing initialized
2024-04-20 19:10:35,140 [WARN] DetailPanel:346 - Failed to get advertising image, set to default
2024-04-20 19:10:35,141 [FATAL] Updater:308 - Updater called before beeing initialized
2024-04-20 19:10:35,169 [ERROR] Updater:1120 - MainUpdater not yet initialized. External WinMGr cannot be set.
2024-04-20 19:10:35,171 [INFO] Updater:1056 - Updater Version found : 6.9.2
2024-04-20 19:10:35,186 [INFO] ApplicationProperties:184 - Using Application install path: /opt/st/stm32cubeide_1.13.2/plugins/com.st.stm32cube.common.mx_6.9.2.202309101412
2024-04-20 19:10:35,347 [INFO] MainUpdater:2868 - connection check result : 10
2024-04-20 19:10:35,347 [INFO] MainUpdater:3562 - Updater definition file requires update
2024-04-20 19:10:35,348 [INFO] MainUpdater:285 - Updater Check For Update Now.
2024-04-20 19:10:35,348 [INFO] MicroXplorer:498 - Change Database Version : DB.6.0.92
2024-04-20 19:10:35,352 [INFO] McuFinderGlobals:63 - Set McuFinder mode to 2 (CubeIDE integrated)
2024-04-20 19:10:35,391 [INFO] ServerAccessManage:473 - Download File updaters.zip
2024-04-20 19:10:35,509 [INFO] FileExtend:240 - Unzip File : updaters.zip
2024-04-20 19:10:35,509 [INFO] FileExtend:255 - Standard Zip Deflate
2024-04-20 19:10:35,715 [INFO] ServerAccessManage:473 - Download File PacksControlFlags.xml
2024-04-20 19:10:35,812 [INFO] ServerAccessManage:473 - Download File cubemx.pidx
2024-04-20 19:10:36,089 [INFO] ServerAccessManage:473 - Download File STMicroelectronics.FP-SNS-MOTENV1.pdsc
2024-04-20 19:10:36,339 [INFO] ServerAccessManage:473 - Download File STMicroelectronics.FP-SNS-MOTENVWB1.pdsc
2024-04-20 19:10:36,514 [INFO] ServerAccessManage:473 - Download File STMicroelectronics.X-CUBE-AI.pdsc
2024-04-20 19:10:37,186 [WARN] MainUpdater:1189 - Updater busy. Cannot search thirdparties
2024-04-20 19:10:37,187 [INFO] ThirdPartyUpdaterWithRetryManager:96 - Updater plugin is busy. [1/15]
2024-04-20 19:10:37,655 [INFO] ServerAccessManage:473 - Download File STMicroelectronics.X-CUBE-NFC6.pdsc
2024-04-20 19:10:38,467 [INFO] ServerAccessManage:473 - Download File STMicroelectronics.X-CUBE-SAFEA1.pdsc
2024-04-20 19:10:38,585 [INFO] ServerAccessManage:473 - Download File STMicroelectronics.X-CUBE-TCPP.pdsc
2024-04-20 19:10:38,696 [INFO] ServerAccessManage:473 - Download File STMicroelectronics.X-CUBE-TOUCHGFX.pdsc
2024-04-20 19:10:39,796 [INFO] ServerAccessManage:473 - Download File STMicroelectronics.X-CUBE-AZRTOS-H7RS.pdsc
2024-04-20 19:10:40,107 [WARN] PackLoader:240 - Cannot read IP mode file for STMicroelectronics.FP-SNS-MOTENV1.5.0.0
2024-04-20 19:10:40,125 [WARN] PackLoader:240 - Cannot read IP mode file for STMicroelectronics.FP-SNS-MOTENVWB1.1.4.0
2024-04-20 19:10:40,133 [WARN] PackLoader:240 - Cannot read IP mode file for STMicroelectronics.X-CUBE-AI.9.0.0
2024-04-20 19:10:40,148 [WARN] PackLoader:240 - Cannot read IP mode file for STMicroelectronics.X-CUBE-NFC6.3.1.0
2024-04-20 19:10:40,164 [WARN] PackLoader:240 - Cannot read IP mode file for STMicroelectronics.X-CUBE-SAFEA1.1.2.2
2024-04-20 19:10:40,176 [WARN] PackLoader:240 - Cannot read IP mode file for STMicroelectronics.X-CUBE-TCPP.4.1.0
2024-04-20 19:10:40,183 [WARN] PackLoader:240 - Cannot read IP mode file for STMicroelectronics.X-CUBE-TOUCHGFX.4.23.2
2024-04-20 19:10:40,187 [WARN] MainUpdater:1189 - Updater busy. Cannot search thirdparties
2024-04-20 19:10:40,187 [INFO] ThirdPartyUpdaterWithRetryManager:96 - Updater plugin is busy. [2/15]
2024-04-20 19:10:40,215 [WARN] PackLoader:240 - Cannot read IP mode file for STMicroelectronics.X-CUBE-AZRTOS-H7RS.1.0.0
2024-04-20 19:10:40,222 [INFO] PopulateThirdPartyThread:66 - Ending populate Thread
2024-04-20 19:10:40,224 [INFO] ThirdParty:1030 - CMSIS Pack Vendor :STMicroelectronics FP-SNS-MOTENVWB1 1.4.0
2024-04-20 19:10:40,224 [INFO] ThirdParty:1030 - CMSIS Pack Vendor :STMicroelectronics X-CUBE-AI 9.0.0
2024-04-20 19:10:40,224 [INFO] ThirdParty:1030 - CMSIS Pack Vendor :STMicroelectronics X-CUBE-TOUCHGFX 4.23.2
2024-04-20 19:10:40,224 [INFO] ThirdParty:1030 - CMSIS Pack Vendor :STMicroelectronics FP-SNS-MOTENV1 5.0.0
2024-04-20 19:10:40,224 [INFO] ThirdParty:1030 - CMSIS Pack Vendor :STMicroelectronics X-CUBE-SAFEA1 1.2.2
2024-04-20 19:10:40,224 [INFO] ThirdParty:1030 - CMSIS Pack Vendor :STMicroelectronics X-CUBE-NFC6 3.1.0
2024-04-20 19:10:40,225 [INFO] ThirdParty:1030 - CMSIS Pack Vendor :STMicroelectronics X-CUBE-TCPP 4.1.0
2024-04-20 19:10:40,225 [INFO] ThirdParty:1030 - CMSIS Pack Vendor :STMicroelectronics X-CUBE-AZRTOS-H7RS 1.0.0
2024-04-20 19:10:40,225 [INFO] LoadServerUpdatesThread:373 - End of LoadServerUpdate Thread
2024-04-20 19:10:40,233 [INFO] CheckServerUpdateThread:120 - End of CheckServer Thread
2024-04-20 19:10:43,301 [WARN] PackLoader:240 - Cannot read IP mode file for STMicroelectronics.FP-SNS-MOTENVWB1.1.4.0
2024-04-20 19:10:43,305 [WARN] PackLoader:240 - Cannot read IP mode file for STMicroelectronics.X-CUBE-SMBUS.2.1.0
2024-04-20 19:10:43,308 [WARN] PackLoader:240 - Cannot read IP mode file for STMicroelectronics.X-CUBE-TOUCHGFX.4.23.0
2024-04-20 19:10:43,310 [WARN] PackLoader:240 - Cannot read IP mode file for STMicroelectronics.X-CUBE-TOUCHGFX.4.23.2
2024-04-20 19:10:43,329 [WARN] PackLoader:240 - Cannot read IP mode file for STMicroelectronics.X-CUBE-AZRTOS-F7.1.1.0
2024-04-20 19:10:43,340 [WARN] PackLoader:240 - Cannot read IP mode file for STMicroelectronics.FP-SNS-MOTENV1.4.3.2
2024-04-20 19:10:43,345 [WARN] PackLoader:240 - Cannot read IP mode file for STMicroelectronics.FP-SNS-FLIGHT1.5.0.2
2024-04-20 19:10:43,352 [WARN] PackLoader:240 - Cannot read IP mode file for STMicroelectronics.X-CUBE-DISPLAY.3.0.0
2024-04-20 19:10:43,362 [WARN] PackLoader:240 - Cannot read IP mode file for STMicroelectronics.X-CUBE-BLE1.7.0.0
2024-04-20 19:10:43,370 [WARN] PackLoader:240 - Cannot read IP mode file for emotas.I-CUBE-CANOPEN.1.3.0
2024-04-20 19:10:43,375 [WARN] PackLoader:240 - Cannot read IP mode file for STMicroelectronics.X-CUBE-TOUCHGFX.4.22.0
2024-04-20 19:10:43,377 [WARN] PackLoader:240 - Cannot read IP mode file for STMicroelectronics.X-CUBE-TOUCHGFX.4.22.1
2024-04-20 19:10:43,386 [WARN] PackLoader:240 - Cannot read IP mode file for STMicroelectronics.X-CUBE-BLEMGR.3.1.0
2024-04-20 19:10:43,393 [WARN] PackLoader:240 - Cannot read IP mode file for STMicroelectronics.FP-SNS-SMARTAG2.1.2.0
2024-04-20 19:10:43,400 [INFO] LogOutputStream:77 - [STDOUT_REDIRECT] 1 : Invalid condition id : UX_CORESTACK_Condition cause : null
2024-04-20 19:10:43,401 [INFO] LogOutputStream:77 - [STDOUT_REDIRECT] 1 : Invalid condition id : UX_CORESTACK_Condition cause : null
2024-04-20 19:10:43,401 [INFO] LogOutputStream:77 - [STDOUT_REDIRECT] 1 : Invalid condition id : UX_CORESTACK_Condition cause : null
2024-04-20 19:10:43,401 [INFO] LogOutputStream:77 - [STDOUT_REDIRECT] 1 : Invalid condition id : UX_CORESTACK_Condition cause : null
2024-04-20 19:10:43,402 [INFO] LogOutputStream:77 - [STDOUT_REDIRECT] 1 : Invalid condition id : UX_CORESTACK_Condition cause : null
2024-04-20 19:10:43,405 [WARN] PackLoader:240 - Cannot read IP mode file for STMicroelectronics.X-CUBE-AZRTOS-WL.2.0.0
2024-04-20 19:10:43,410 [WARN] PackLoader:240 - Cannot read IP mode file for STMicroelectronics.FP-SNS-MOTENV1.5.0.0
2024-04-20 19:10:43,420 [WARN] PackLoader:240 - Cannot read IP mode file for WES.I-CUBE-Cesium.1.3.0
2024-04-20 19:10:43,425 [WARN] PackLoader:240 - Cannot read IP mode file for STMicroelectronics.X-CUBE-BLE2.3.3.0
2024-04-20 19:10:43,431 [WARN] PackLoader:240 - Cannot read IP mode file for STMicroelectronics.X-CUBE-TCPP.4.1.0
2024-04-20 19:10:43,439 [WARN] PackLoader:240 - Cannot read IP mode file for STMicroelectronics.X-CUBE-ALGOBUILD.1.3.0
2024-04-20 19:10:43,456 [WARN] PackLoader:240 - Cannot read IP mode file for STMicroelectronics.X-CUBE-AZRTOS-G0.1.1.0
2024-04-20 19:10:43,466 [WARN] PackLoader:240 - Cannot read IP mode file for STMicroelectronics.X-CUBE-SAFEA1.1.2.2
2024-04-20 19:10:43,474 [WARN] PackLoader:240 - Cannot read IP mode file for STMicroelectronics.X-CUBE-NFC4.3.0.0
2024-04-20 19:10:43,486 [WARN] PackLoader:240 - Cannot read IP mode file for STMicroelectronics.X-CUBE-BLEMGR.3.0.0
2024-04-20 19:10:43,494 [WARN] PackLoader:240 - Cannot read IP mode file for STMicroelectronics.FP-ATR-SIGFOX1.3.2.0
2024-04-20 19:10:43,500 [WARN] PackLoader:240 - Cannot read IP mode file for STMicroelectronics.X-CUBE-EEPRMA1.5.1.0
2024-04-20 19:10:43,537 [WARN] PackLoader:240 - Cannot read IP mode file for SEGGER.I-CUBE-embOS.1.3.1
2024-04-20 19:10:43,575 [WARN] PackLoader:240 - Cannot read IP mode file for STMicroelectronics.X-CUBE-GNSS1.6.0.0
2024-04-20 19:10:43,589 [WARN] PackLoader:240 - Cannot read IP mode file for STMicroelectronics.X-CUBE-AZRTOS-F4.1.1.0
2024-04-20 19:10:43,594 [WARN] PackLoader:240 - Cannot read IP mode file for wolfSSL.I-CUBE-wolfSSL.5.6.3
2024-04-20 19:10:43,608 [WARN] PackLoader:240 - Cannot read IP mode file for STMicroelectronics.X-CUBE-AZRTOS-L5.2.0.0
2024-04-20 19:10:43,654 [WARN] PackLoader:240 - Cannot read IP mode file for STMicroelectronics.X-CUBE-MEMS1.9.6.0
2024-04-20 19:10:43,801 [WARN] PackLoader:240 - Cannot read IP mode file for STMicroelectronics.X-CUBE-EEPRMA1.4.2.0
2024-04-20 19:10:43,809 [WARN] PackLoader:240 - Cannot read IP mode file for STMicroelectronics.X-CUBE-NFC6.3.1.0
2024-04-20 19:10:43,815 [WARN] PackLoader:240 - Cannot read IP mode file for ITTIA_DB.I-CUBE-ITTIADB.8.8.0
2024-04-20 19:10:43,822 [WARN] PackLoader:240 - Cannot read IP mode file for STMicroelectronics.X-CUBE-BLEMGR.2.0.0
2024-04-20 19:10:43,827 [WARN] PackLoader:240 - Cannot read IP mode file for STMicroelectronics.X-CUBE-AI.9.0.0
2024-04-20 19:10:43,845 [WARN] ConditionMgr:438 - getConditionDescription Invalid condition id : UX DEVICE CLASS RTOS Condition cause : null
2024-04-20 19:10:43,845 [WARN] ConditionMgr:438 - getConditionDescription Invalid condition id : UX DEVICE CLASS RTOS Condition cause : null
2024-04-20 19:10:43,849 [WARN] PackLoader:240 - Cannot read IP mode file for STMicroelectronics.X-CUBE-AZRTOS-H7.3.1.0
2024-04-20 19:10:43,851 [WARN] ConditionMgr:1039 - genDependencies : Invalid condition id : UX DEVICE CLASS RTOS Condition cause : null
2024-04-20 19:10:43,851 [WARN] ConditionMgr:1039 - genDependencies : Invalid condition id : UX DEVICE CLASS RTOS Condition cause : null
2024-04-20 19:10:43,852 [WARN] ConditionMgr:1039 - genDependencies : Invalid condition id : UX DEVICE CLASS RTOS Condition cause : null
2024-04-20 19:10:43,853 [WARN] ConditionMgr:1039 - genDependencies : Invalid condition id : UX DEVICE CLASS RTOS Condition cause : null
2024-04-20 19:10:43,853 [WARN] ConditionMgr:1039 - genDependencies : Invalid condition id : UX DEVICE CLASS RTOS Condition cause : null
2024-04-20 19:10:43,859 [WARN] PackLoader:240 - Cannot read IP mode file for STMicroelectronics.X-CUBE-NFC7.1.0.1
2024-04-20 19:10:43,866 [WARN] PackLoader:240 - Cannot read IP mode file for STMicroelectronics.X-CUBE-NFC6.3.0.0
2024-04-20 19:10:43,874 [WARN] PackLoader:240 - Cannot read IP mode file for STMicroelectronics.X-CUBE-EEPRMA1.4.1.0
2024-04-20 19:10:43,880 [WARN] PackLoader:240 - Cannot read IP mode file for STMicroelectronics.X-CUBE-AI.8.1.0
2024-04-20 19:10:43,898 [WARN] ConditionMgr:438 - getConditionDescription Invalid condition id : LAN8742 Phy interface Condition cause : null
2024-04-20 19:10:43,899 [WARN] PackLoader:240 - Cannot read IP mode file for STMicroelectronics.X-CUBE-AZRTOS-L4.2.0.0
2024-04-20 19:10:43,900 [WARN] ConditionMgr:1039 - genDependencies : Invalid condition id : LAN8742 Phy interface Condition cause : null
2024-04-20 19:10:43,901 [WARN] ConditionMgr:1039 - genDependencies : Invalid condition id : LAN8742 Phy interface Condition cause : null
2024-04-20 19:10:43,901 [WARN] ConditionMgr:1039 - genDependencies : Invalid condition id : LAN8742 Phy interface Condition cause : null
2024-04-20 19:10:43,908 [WARN] PackLoader:240 - Cannot read IP mode file for STMicroelectronics.X-CUBE-SFXS2LP1.4.0.0
2024-04-20 19:10:43,912 [WARN] PackLoader:240 - Cannot read IP mode file for STMicroelectronics.X-CUBE-ISPU.1.1.0
2024-04-20 19:10:43,924 [WARN] ConditionMgr:438 - getConditionDescription Invalid condition id : UX DEVICE CLASS RTOS Condition cause : null
2024-04-20 19:10:43,925 [WARN] ConditionMgr:438 - getConditionDescription Invalid condition id : UX DEVICE CLASS RTOS Condition cause : null
2024-04-20 19:10:43,927 [WARN] PackLoader:240 - Cannot read IP mode file for STMicroelectronics.X-CUBE-AZRTOS-WB.2.0.0
2024-04-20 19:10:43,928 [WARN] ConditionMgr:1039 - genDependencies : Invalid condition id : UX DEVICE CLASS RTOS Condition cause : null
2024-04-20 19:10:43,928 [WARN] ConditionMgr:1039 - genDependencies : Invalid condition id : UX DEVICE CLASS RTOS Condition cause : null
2024-04-20 19:10:43,929 [WARN] ConditionMgr:1039 - genDependencies : Invalid condition id : UX DEVICE CLASS RTOS Condition cause : null
2024-04-20 19:10:43,929 [WARN] ConditionMgr:1039 - genDependencies : Invalid condition id : UX DEVICE CLASS RTOS Condition cause : null
2024-04-20 19:10:43,929 [WARN] ConditionMgr:1039 - genDependencies : Invalid condition id : UX DEVICE CLASS RTOS Condition cause : null
2024-04-20 19:10:43,940 [WARN] PackLoader:240 - Cannot read IP mode file for STMicroelectronics.X-CUBE-SUBG2.5.0.0
2024-04-20 19:10:43,953 [WARN] PackLoader:240 - Cannot read IP mode file for STMicroelectronics.X-CUBE-TOF1.3.3.1
2024-04-20 19:10:43,976 [WARN] PackLoader:240 - Cannot read IP mode file for STMicroelectronics.X-CUBE-AZRTOS-G4.2.0.0
2024-04-20 19:10:43,991 [WARN] PackLoader:240 - Cannot read IP mode file for Infineon.AIROC-Wi-Fi-Bluetooth-STM32.1.5.1
2024-04-20 19:10:44,001 [WARN] PackLoader:240 - Cannot read IP mode file for STMicroelectronics.FP-SNS-MOTENVWB1.1.3.0
2024-04-20 19:10:44,005 [WARN] PackLoader:240 - Cannot read IP mode file for STMicroelectronics.FP-SNS-MOTENVWB1.1.3.1
2024-04-20 19:10:44,009 [WARN] PackLoader:240 - Cannot read IP mode file for STMicroelectronics.X-CUBE-ISPU.2.0.0
2024-04-20 19:10:44,057 [WARN] PackLoader:240 - Cannot read IP mode file for STMicroelectronics.X-CUBE-MEMS1.10.0.0
2024-04-20 19:10:44,221 [WARN] PackLoader:240 - Cannot read IP mode file for STMicroelectronics.X-CUBE-FREERTOS.1.1.0
2024-04-20 19:10:44,225 [WARN] PackLoader:240 - Cannot read IP mode file for portGmbH.I-Cube-SoM-uGOAL.1.1.0
2024-04-20 19:10:44,229 [WARN] PackLoader:240 - Cannot read IP mode file for STMicroelectronics.X-CUBE-ALS.1.0.1
2024-04-20 19:10:44,248 [WARN] PackLoader:240 - Cannot read IP mode file for STMicroelectronics.X-CUBE-AZRTOS-H7RS.1.0.0
2024-04-20 19:10:44,254 [WARN] PackLoader:240 - Cannot read IP mode file for STMicroelectronics.FP-ATR-ASTRA1.2.0.0
2024-04-20 19:10:44,266 [WARN] PackLoader:240 - Cannot read IP mode file for STMicroelectronics.X-CUBE-TOF1.3.4.0
2024-04-20 19:10:44,289 [WARN] PackLoader:240 - Cannot read IP mode file for STMicroelectronics.X-CUBE-TOF1.3.4.1
2024-04-20 19:10:44,323 [WARN] PackLoader:240 - Cannot read IP mode file for STMicroelectronics.X-CUBE-AZRTOS-H7.3.2.0
2024-04-20 19:10:44,327 [INFO] ThirdParty:978 - Integrity check success = true
2024-04-20 19:10:44,328 [INFO] IntegrityCheckThread:100 - exiting critical section [integrity check]
2024-04-20 19:10:44,328 [INFO] IntegrityCheckThread:103 - End integrity checks thread
2024-04-20 19:10:56,113 [ERROR] LogOutputStream:75 - [STDERR_REDIRECT] SLF4J: Failed to load class "org.slf4j.impl.StaticLoggerBinder".
2024-04-20 19:10:56,114 [ERROR] LogOutputStream:75 - [STDERR_REDIRECT] SLF4J: Defaulting to no-operation (NOP) logger implementation
2024-04-20 19:10:56,114 [ERROR] LogOutputStream:75 - [STDERR_REDIRECT] SLF4J: See http://www.slf4j.org/codes.html#StaticLoggerBinder for further details.
