2023-12-26 16:33:28,136 [INFO] Activator:176 - 


2023-12-26 16:33:28,145 [INFO] Activator:177 - !SESSION log4j initialized
2023-12-26 16:33:32,770 [INFO] LogOutputStream:77 - [STDOUT_REDIRECT] 
2023-12-26 16:33:34,473 [INFO] ApplicationProperties:184 - Using Application install path: /opt/st/stm32cubeide_1.13.2/plugins/com.st.stm32cube.common.mx_6.9.2.202309101412
2023-12-26 16:33:34,513 [INFO] DbMcusXml:78 - Set database path to: /opt/st/stm32cubeide_1.13.2/plugins/com.st.stm32cube.common.mx_6.9.2.202309101412//db//mcu/
2023-12-26 16:33:34,513 [INFO] ApiDb:274 - Set plugin database path to: /opt/st/stm32cubeide_1.13.2/plugins/com.st.stm32cube.common.mx_6.9.2.202309101412//db//plugins/boardmanager/
2023-12-26 16:33:34,515 [WARN] ApiDb:259 - Overriding images path with different value:  => /opt/st/stm32cubeide_1.13.2/plugins/com.st.stm32cube.common.mx_6.9.2.202309101412//db//plugins/mcufinder/images/
2023-12-26 16:33:34,537 [INFO] ApiDb:250 - Set database path to: /home/ebenezer/.stmcufinder/plugins/mcufinder//mcu/
2023-12-26 16:33:34,539 [INFO] DbMcusAds:125 - Set database path to: /home/ebenezer/.stmcufinder/plugins/mcufinder//mcu/
2023-12-26 16:33:34,546 [INFO] CrossReferenceDbSqlite:203 - Set database path to: /home/ebenezer/.stmcufinder/plugins/mcufinder//mcu/cs/
2023-12-26 16:33:34,735 [INFO] RulesReader:64 - Compatibility file has been processed (293 Rules)
2023-12-26 16:33:34,826 [INFO] DbMcusXml:78 - Set database path to: /opt/st/stm32cubeide_1.13.2/plugins/com.st.stm32cube.common.mx_6.9.2.202309101412//db//mcu/
2023-12-26 16:33:34,826 [INFO] ApiDb:274 - Set plugin database path to: /opt/st/stm32cubeide_1.13.2/plugins/com.st.stm32cube.common.mx_6.9.2.202309101412//db//plugins/boardmanager/
2023-12-26 16:33:34,826 [INFO] ApiDb:261 - Set plugin images path to: /opt/st/stm32cubeide_1.13.2/plugins/com.st.stm32cube.common.mx_6.9.2.202309101412//db//plugins/mcufinder/images/
2023-12-26 16:33:34,827 [WARN] DbFile:41 - Overriding database path with different value: /home/ebenezer/.stmcufinder/plugins/mcufinder/ => /home/ebenezer/.stmcufinder/plugins/mcufinder
2023-12-26 16:33:34,827 [INFO] ApiDb:250 - Set database path to: /home/ebenezer/.stmcufinder/plugins/mcufinder//mcu/
2023-12-26 16:33:34,827 [WARN] DbFile:41 - Overriding database path with different value: /home/ebenezer/.stmcufinder/plugins/mcufinder/ => /home/ebenezer/.stmcufinder/plugins/mcufinder
2023-12-26 16:33:34,827 [INFO] DbMcusAds:125 - Set database path to: /home/ebenezer/.stmcufinder/plugins/mcufinder//mcu/
2023-12-26 16:33:34,827 [WARN] DbFile:41 - Overriding database path with different value: /home/ebenezer/.stmcufinder/plugins/mcufinder/ => /home/ebenezer/.stmcufinder/plugins/mcufinder
2023-12-26 16:33:34,828 [WARN] DbFile:41 - Overriding database path with different value: /home/ebenezer/.stmcufinder/plugins/mcufinder/ => /home/ebenezer/.stmcufinder/plugins/mcufinder
2023-12-26 16:33:34,828 [INFO] CrossReferenceDbSqlite:203 - Set database path to: /home/ebenezer/.stmcufinder/plugins/mcufinder//mcu/cs/
2023-12-26 16:33:34,907 [INFO] MainPanel:262 - HeapMemory: 268435456
2023-12-26 16:33:35,001 [INFO] DbMcusXml:78 - Set database path to: /opt/st/stm32cubeide_1.13.2/plugins/com.st.stm32cube.common.mx_6.9.2.202309101412//db//mcu/
2023-12-26 16:33:35,001 [INFO] ApiDb:274 - Set plugin database path to: /opt/st/stm32cubeide_1.13.2/plugins/com.st.stm32cube.common.mx_6.9.2.202309101412//db//plugins/boardmanager/
2023-12-26 16:33:35,002 [INFO] ApiDb:261 - Set plugin images path to: /opt/st/stm32cubeide_1.13.2/plugins/com.st.stm32cube.common.mx_6.9.2.202309101412//db//plugins/mcufinder/images/
2023-12-26 16:33:35,002 [WARN] DbFile:41 - Overriding database path with different value: /home/ebenezer/.stmcufinder/plugins/mcufinder/ => /home/ebenezer/.stmcufinder/plugins/mcufinder
2023-12-26 16:33:35,002 [INFO] ApiDb:250 - Set database path to: /home/ebenezer/.stmcufinder/plugins/mcufinder//mcu/
2023-12-26 16:33:35,002 [WARN] DbFile:41 - Overriding database path with different value: /home/ebenezer/.stmcufinder/plugins/mcufinder/ => /home/ebenezer/.stmcufinder/plugins/mcufinder
2023-12-26 16:33:35,002 [INFO] DbMcusAds:125 - Set database path to: /home/ebenezer/.stmcufinder/plugins/mcufinder//mcu/
2023-12-26 16:33:35,002 [WARN] DbFile:41 - Overriding database path with different value: /home/ebenezer/.stmcufinder/plugins/mcufinder/ => /home/ebenezer/.stmcufinder/plugins/mcufinder
2023-12-26 16:33:35,002 [WARN] DbFile:41 - Overriding database path with different value: /home/ebenezer/.stmcufinder/plugins/mcufinder/ => /home/ebenezer/.stmcufinder/plugins/mcufinder
2023-12-26 16:33:35,002 [INFO] CrossReferenceDbSqlite:203 - Set database path to: /home/ebenezer/.stmcufinder/plugins/mcufinder//mcu/cs/
2023-12-26 16:33:35,017 [INFO] ApplicationProperties:184 - Using Application install path: /opt/st/stm32cubeide_1.13.2/plugins/com.st.stm32cube.common.mx_6.9.2.202309101412
2023-12-26 16:33:35,018 [INFO] PluginManage:196 - Search for loadable plugins [exclusion list=, ]
2023-12-26 16:33:35,019 [INFO] PluginManage:310 - Check plugin analytics
2023-12-26 16:33:35,190 [INFO] AnalyticsPlugin:253 - Accepted Software Licenses: 
2023-12-26 16:33:35,190 [INFO] AnalyticsPlugin:255 - Accepted CMSIS Pack Licenses: 
2023-12-26 16:33:35,190 [INFO] AnalyticsPlugin:257 - Accepted Firmware Licenses: FW.G0.1.6.0
2023-12-26 16:33:35,195 [INFO] PluginManage:359 - Loaded plugin analytics (category:tool,tabindex:-1)
2023-12-26 16:33:35,202 [INFO] PluginManage:310 - Check plugin cadmodel
2023-12-26 16:33:35,235 [INFO] CADModel:105 - Init CAD model plugin
2023-12-26 16:33:35,236 [INFO] PluginManage:359 - Loaded plugin cadmodel (category:power,tabindex:5)
2023-12-26 16:33:35,236 [INFO] PluginManage:310 - Check plugin clock
2023-12-26 16:33:35,249 [INFO] PluginManage:359 - Loaded plugin clock (category:base,tabindex:2)
2023-12-26 16:33:35,250 [INFO] PluginManage:310 - Check plugin ddr
2023-12-26 16:33:35,253 [INFO] PluginManage:359 - Loaded plugin ddr (category:tool,tabindex:6)
2023-12-26 16:33:35,253 [INFO] PluginManage:310 - Check plugin filemanager
2023-12-26 16:33:35,367 [INFO] PluginManage:359 - Loaded plugin filemanager (category:base,tabindex:10)
2023-12-26 16:33:35,368 [INFO] PluginManage:310 - Check plugin ipmanager
2023-12-26 16:33:35,372 [INFO] PluginManage:359 - Loaded plugin ipmanager (category:base,tabindex:5)
2023-12-26 16:33:35,372 [INFO] PluginManage:310 - Check plugin lpbam
2023-12-26 16:33:35,380 [INFO] PluginManage:359 - Loaded plugin lpbam (category:base,tabindex:0)
2023-12-26 16:33:35,380 [INFO] PluginManage:310 - Check plugin memorymap
2023-12-26 16:33:35,388 [INFO] PluginManage:359 - Loaded plugin memorymap (category:base,tabindex:4)
2023-12-26 16:33:35,388 [INFO] PluginManage:310 - Check plugin pinoutandconfiguration
2023-12-26 16:33:35,396 [INFO] PluginManage:359 - Loaded plugin pinoutandconfiguration (category:base,tabindex:1)
2023-12-26 16:33:35,396 [INFO] PluginManage:310 - Check plugin pinoutconfig
2023-12-26 16:33:35,485 [WARN] SupportedApi:132 - Cannot load RTOS API schema: s4s-elt-must-match.1: The content of 'definitions' must match (annotation?, (simpleType | complexType)?, (unique | key | keyref)*)). A problem was found starting at: attribute.
2023-12-26 16:33:35,649 [INFO] PluginManage:359 - Loaded plugin pinoutconfig (category:base,tabindex:0)
2023-12-26 16:33:35,649 [INFO] PluginManage:310 - Check plugin power
2023-12-26 16:33:35,659 [INFO] PluginManage:359 - Loaded plugin power (category:power,tabindex:4)
2023-12-26 16:33:35,660 [INFO] PluginManage:310 - Check plugin projectmanager
2023-12-26 16:33:35,681 [INFO] PluginManage:359 - Loaded plugin projectmanager (category:projectmanager,tabindex:3)
2023-12-26 16:33:35,681 [INFO] PluginManage:310 - Check plugin thirdparty
2023-12-26 16:33:35,836 [WARN] IntegrityCheckThread:84 - waiting for thirdparty lock release [integrity check]
2023-12-26 16:33:35,836 [INFO] IntegrityCheckThread:86 - entering critical section [integrity check]
2023-12-26 16:33:35,836 [INFO] PluginManage:359 - Loaded plugin thirdparty (category:base,tabindex:-1)
2023-12-26 16:33:35,836 [INFO] PluginManage:310 - Check plugin tools
2023-12-26 16:33:35,837 [INFO] ThirdPartyUpdaterWithRetryManager:70 - Updater plugin not ready yet. [1/15]
2023-12-26 16:33:35,839 [INFO] PluginManage:359 - Loaded plugin tools (category:base,tabindex:7)
2023-12-26 16:33:35,839 [INFO] PluginManage:310 - Check plugin tutovideos
2023-12-26 16:33:36,021 [INFO] PluginManage:359 - Loaded plugin tutovideos (category:base,tabindex:-1)
2023-12-26 16:33:36,021 [INFO] PluginManage:310 - Check plugin updater
2023-12-26 16:33:36,034 [INFO] PluginManage:359 - Loaded plugin updater (category:base,tabindex:12)
2023-12-26 16:33:36,035 [INFO] PluginManage:310 - Check plugin userauth
2023-12-26 16:33:36,040 [INFO] UserAuth:113 - Init User Auth plugin
2023-12-26 16:33:36,040 [INFO] PluginManage:359 - Loaded plugin userauth (category:base,tabindex:14)
2023-12-26 16:33:36,040 [INFO] PluginManage:283 - PluginManage : Loaded plugins [17]
2023-12-26 16:33:36,267 [INFO] PinOutPanel:1499 - setPackage(No Configuration,No Configuration)
2023-12-26 16:33:36,379 [INFO] CADModel:165 - CPN selected for project level
2023-12-26 16:33:36,379 [INFO] CADModel:114 - Register for checkConnection events
2023-12-26 16:33:36,397 [INFO] IPUIPlugin:80 - create IPUIPlugin
2023-12-26 16:33:36,397 [INFO] PluginManager:220 - loadIPPluginJar : add touchsensing
2023-12-26 16:33:36,407 [INFO] IPUIPlugin:80 - create IPUIPlugin
2023-12-26 16:33:36,407 [INFO] PluginManager:220 - loadIPPluginJar : add adc
2023-12-26 16:33:36,409 [INFO] IPUIPlugin:80 - create IPUIPlugin
2023-12-26 16:33:36,409 [INFO] PluginManager:220 - loadIPPluginJar : add fatfs
2023-12-26 16:33:36,414 [INFO] IPUIPlugin:80 - create IPUIPlugin
2023-12-26 16:33:36,414 [INFO] PluginManager:220 - loadIPPluginJar : add ipddr
2023-12-26 16:33:36,418 [INFO] IPUIPlugin:80 - create IPUIPlugin
2023-12-26 16:33:36,419 [INFO] PluginManager:220 - loadIPPluginJar : add openamp
2023-12-26 16:33:36,421 [INFO] IPUIPlugin:80 - create IPUIPlugin
2023-12-26 16:33:36,422 [INFO] PluginManager:220 - loadIPPluginJar : add i3c
2023-12-26 16:33:36,424 [INFO] IPUIPlugin:80 - create IPUIPlugin
2023-12-26 16:33:36,424 [INFO] PluginManager:220 - loadIPPluginJar : add cryp
2023-12-26 16:33:36,428 [INFO] IPUIPlugin:80 - create IPUIPlugin
2023-12-26 16:33:36,428 [INFO] PluginManager:220 - loadIPPluginJar : add fmc
2023-12-26 16:33:36,430 [INFO] IPUIPlugin:80 - create IPUIPlugin
2023-12-26 16:33:36,430 [INFO] PluginManager:220 - loadIPPluginJar : add tsc
2023-12-26 16:33:36,431 [INFO] IPUIPlugin:80 - create IPUIPlugin
2023-12-26 16:33:36,432 [INFO] PluginManager:220 - loadIPPluginJar : add ltdc
2023-12-26 16:33:36,437 [INFO] IPUIPlugin:80 - create IPUIPlugin
2023-12-26 16:33:36,438 [INFO] PluginManager:220 - loadIPPluginJar : add nvic
2023-12-26 16:33:36,440 [INFO] IPUIPlugin:80 - create IPUIPlugin
2023-12-26 16:33:36,440 [INFO] PluginManager:220 - loadIPPluginJar : add dma3
2023-12-26 16:33:36,442 [INFO] IPUIPlugin:80 - create IPUIPlugin
2023-12-26 16:33:36,442 [INFO] PluginManager:220 - loadIPPluginJar : add ucpd
2023-12-26 16:33:36,448 [INFO] IPUIPlugin:80 - create IPUIPlugin
2023-12-26 16:33:36,448 [INFO] PluginManager:220 - loadIPPluginJar : add freertos
2023-12-26 16:33:36,453 [INFO] IPUIPlugin:80 - create IPUIPlugin
2023-12-26 16:33:36,453 [INFO] PluginManager:220 - loadIPPluginJar : add dfsdm
2023-12-26 16:33:36,455 [INFO] IPUIPlugin:80 - create IPUIPlugin
2023-12-26 16:33:36,455 [INFO] PluginManager:220 - loadIPPluginJar : add aes
2023-12-26 16:33:36,464 [INFO] IPUIPlugin:80 - create IPUIPlugin
2023-12-26 16:33:36,464 [INFO] PluginManager:220 - loadIPPluginJar : add linkedlist
2023-12-26 16:33:36,485 [INFO] IPUIPlugin:80 - create IPUIPlugin
2023-12-26 16:33:36,486 [INFO] PluginManager:220 - loadIPPluginJar : add gic
2023-12-26 16:33:36,490 [INFO] IPUIPlugin:80 - create IPUIPlugin
2023-12-26 16:33:36,490 [INFO] PluginManager:220 - loadIPPluginJar : add genericplugin
2023-12-26 16:33:36,495 [INFO] IPUIPlugin:80 - create IPUIPlugin
2023-12-26 16:33:36,495 [INFO] PluginManager:220 - loadIPPluginJar : add resmgrutility
2023-12-26 16:33:36,502 [INFO] IPUIPlugin:80 - create IPUIPlugin
2023-12-26 16:33:36,502 [INFO] PluginManager:220 - loadIPPluginJar : add gfxmmu
2023-12-26 16:33:36,504 [INFO] IPUIPlugin:80 - create IPUIPlugin
2023-12-26 16:33:36,504 [INFO] PluginManager:220 - loadIPPluginJar : add comp
2023-12-26 16:33:36,519 [INFO] IPUIPlugin:80 - create IPUIPlugin
2023-12-26 16:33:36,519 [INFO] PluginManager:220 - loadIPPluginJar : add i2s
2023-12-26 16:33:36,521 [INFO] IPUIPlugin:80 - create IPUIPlugin
2023-12-26 16:33:36,522 [INFO] PluginManager:220 - loadIPPluginJar : add ts
2023-12-26 16:33:36,524 [INFO] IPUIPlugin:80 - create IPUIPlugin
2023-12-26 16:33:36,524 [INFO] PluginManager:220 - loadIPPluginJar : add pdm2pcm
2023-12-26 16:33:36,527 [INFO] IPUIPlugin:80 - create IPUIPlugin
2023-12-26 16:33:36,527 [INFO] PluginManager:220 - loadIPPluginJar : add gtzc
2023-12-26 16:33:36,530 [INFO] IPUIPlugin:80 - create IPUIPlugin
2023-12-26 16:33:36,530 [INFO] PluginManager:220 - loadIPPluginJar : add can
2023-12-26 16:33:36,531 [INFO] IPUIPlugin:80 - create IPUIPlugin
2023-12-26 16:33:36,531 [INFO] PluginManager:220 - loadIPPluginJar : add tracer_emb
2023-12-26 16:33:36,533 [INFO] IPUIPlugin:80 - create IPUIPlugin
2023-12-26 16:33:36,533 [INFO] PluginManager:220 - loadIPPluginJar : add usart
2023-12-26 16:33:36,537 [INFO] IPUIPlugin:80 - create IPUIPlugin
2023-12-26 16:33:36,537 [INFO] PluginManager:220 - loadIPPluginJar : add gpio
2023-12-26 16:33:36,539 [INFO] IPUIPlugin:80 - create IPUIPlugin
2023-12-26 16:33:36,539 [INFO] PluginManager:220 - loadIPPluginJar : add spi
2023-12-26 16:33:36,543 [INFO] IPUIPlugin:80 - create IPUIPlugin
2023-12-26 16:33:36,546 [INFO] PluginManager:220 - loadIPPluginJar : add plateformsettings
2023-12-26 16:33:36,548 [INFO] IPUIPlugin:80 - create IPUIPlugin
2023-12-26 16:33:36,548 [INFO] PluginManager:220 - loadIPPluginJar : add tim
2023-12-26 16:33:36,552 [INFO] IPUIPlugin:80 - create IPUIPlugin
2023-12-26 16:33:36,553 [INFO] PluginManager:220 - loadIPPluginJar : add stm32_wpan
2023-12-26 16:33:36,555 [INFO] IPUIPlugin:80 - create IPUIPlugin
2023-12-26 16:33:36,555 [INFO] PluginManager:220 - loadIPPluginJar : add opamp
2023-12-26 16:33:36,557 [INFO] IPUIPlugin:80 - create IPUIPlugin
2023-12-26 16:33:36,557 [INFO] PluginManager:220 - loadIPPluginJar : add i2c
2023-12-26 16:33:36,561 [INFO] IPUIPlugin:80 - create IPUIPlugin
2023-12-26 16:33:36,561 [INFO] PluginManager:220 - loadIPPluginJar : add mdma
2023-12-26 16:33:36,565 [INFO] IPUIPlugin:80 - create IPUIPlugin
2023-12-26 16:33:36,567 [INFO] PluginManager:220 - loadIPPluginJar : add usbx
2023-12-26 16:33:36,570 [INFO] IPUIPlugin:80 - create IPUIPlugin
2023-12-26 16:33:36,570 [INFO] PluginManager:220 - loadIPPluginJar : add lorawan
2023-12-26 16:33:36,575 [INFO] IPUIPlugin:80 - create IPUIPlugin
2023-12-26 16:33:36,575 [INFO] PluginManager:220 - loadIPPluginJar : add dma
2023-12-26 16:33:36,576 [INFO] IPUIPlugin:80 - create IPUIPlugin
2023-12-26 16:33:36,576 [INFO] PluginManager:220 - loadIPPluginJar : add hash
2023-12-26 16:33:36,577 [INFO] IPUIPlugin:80 - create IPUIPlugin
2023-12-26 16:33:36,577 [INFO] PluginManager:220 - loadIPPluginJar : add quadspi
2023-12-26 16:33:36,579 [INFO] IPUIPlugin:80 - create IPUIPlugin
2023-12-26 16:33:36,579 [INFO] PluginManager:220 - loadIPPluginJar : add sai
2023-12-26 16:33:36,686 [INFO] CADModel:165 - CPN selected for project level
2023-12-26 16:33:36,687 [INFO] CADModel:114 - Register for checkConnection events
2023-12-26 16:33:36,687 [FATAL] Updater:308 - Updater called before beeing initialized
2023-12-26 16:33:36,687 [ERROR] CADModel:125 - Updater not yet initialized, retry later 
2023-12-26 16:33:36,823 [INFO] CADModel:165 - CPN selected for project level
2023-12-26 16:33:36,824 [INFO] CADModel:114 - Register for checkConnection events
2023-12-26 16:33:36,824 [FATAL] Updater:308 - Updater called before beeing initialized
2023-12-26 16:33:36,824 [ERROR] CADModel:125 - Updater not yet initialized, retry later 
2023-12-26 16:33:36,829 [FATAL] Updater:308 - Updater called before beeing initialized
2023-12-26 16:33:36,929 [FATAL] Updater:308 - Updater called before beeing initialized
2023-12-26 16:33:36,937 [INFO] DbMcusAds:53 - JSON generation date=Wed Nov 29 05:52:38 EST 2023 (1701255158764)
2023-12-26 16:33:36,937 [FATAL] Updater:308 - Updater called before beeing initialized
2023-12-26 16:33:36,974 [WARN] DetailPanel:346 - Failed to get advertising image, set to default
2023-12-26 16:33:37,066 [FATAL] Updater:308 - Updater called before beeing initialized
2023-12-26 16:33:37,068 [FATAL] Updater:308 - Updater called before beeing initialized
2023-12-26 16:33:37,068 [FATAL] Updater:308 - Updater called before beeing initialized
2023-12-26 16:33:37,068 [WARN] DetailPanel:346 - Failed to get advertising image, set to default
2023-12-26 16:33:37,069 [FATAL] Updater:308 - Updater called before beeing initialized
2023-12-26 16:33:37,109 [ERROR] Updater:1120 - MainUpdater not yet initialized. External WinMGr cannot be set.
2023-12-26 16:33:37,111 [INFO] Updater:1056 - Updater Version found : 6.9.2
2023-12-26 16:33:37,134 [INFO] ApplicationProperties:184 - Using Application install path: /opt/st/stm32cubeide_1.13.2/plugins/com.st.stm32cube.common.mx_6.9.2.202309101412
2023-12-26 16:33:37,345 [INFO] MainUpdater:2868 - connection check result : 10
2023-12-26 16:33:37,346 [INFO] MainUpdater:285 - Updater Check For Update Now.
2023-12-26 16:33:37,346 [INFO] MicroXplorer:498 - Change Database Version : DB.6.0.92
2023-12-26 16:33:37,351 [INFO] McuFinderGlobals:63 - Set McuFinder mode to 2 (CubeIDE integrated)
2023-12-26 16:33:37,542 [INFO] CheckServerUpdateThread:120 - End of CheckServer Thread
2023-12-26 16:33:38,970 [WARN] PackLoader:240 - Cannot read IP mode file for STMicroelectronics.X-CUBE-SMBUS.2.1.0
2023-12-26 16:33:38,980 [WARN] PackLoader:240 - Cannot read IP mode file for STMicroelectronics.X-CUBE-TOUCHGFX.4.23.0
2023-12-26 16:33:39,012 [WARN] PackLoader:240 - Cannot read IP mode file for STMicroelectronics.X-CUBE-AZRTOS-F7.1.1.0
2023-12-26 16:33:39,026 [WARN] PackLoader:240 - Cannot read IP mode file for STMicroelectronics.FP-SNS-MOTENV1.4.3.2
2023-12-26 16:33:39,035 [WARN] PackLoader:240 - Cannot read IP mode file for STMicroelectronics.FP-SNS-FLIGHT1.5.0.2
2023-12-26 16:33:39,046 [WARN] PackLoader:240 - Cannot read IP mode file for STMicroelectronics.X-CUBE-DISPLAY.3.0.0
2023-12-26 16:33:39,067 [WARN] PackLoader:240 - Cannot read IP mode file for STMicroelectronics.X-CUBE-BLE1.7.0.0
2023-12-26 16:33:39,077 [WARN] PackLoader:240 - Cannot read IP mode file for emotas.I-CUBE-CANOPEN.1.3.0
2023-12-26 16:33:39,082 [WARN] PackLoader:240 - Cannot read IP mode file for STMicroelectronics.X-CUBE-TOUCHGFX.4.22.0
2023-12-26 16:33:39,086 [WARN] PackLoader:240 - Cannot read IP mode file for STMicroelectronics.X-CUBE-TOUCHGFX.4.22.1
2023-12-26 16:33:39,092 [WARN] PackLoader:240 - Cannot read IP mode file for STMicroelectronics.FP-SNS-SMARTAG2.1.2.0
2023-12-26 16:33:39,107 [INFO] LogOutputStream:77 - [STDOUT_REDIRECT] 1 : Invalid condition id : UX_CORESTACK_Condition cause : null
2023-12-26 16:33:39,108 [INFO] LogOutputStream:77 - [STDOUT_REDIRECT] 1 : Invalid condition id : UX_CORESTACK_Condition cause : null
2023-12-26 16:33:39,108 [INFO] LogOutputStream:77 - [STDOUT_REDIRECT] 1 : Invalid condition id : UX_CORESTACK_Condition cause : null
2023-12-26 16:33:39,109 [INFO] LogOutputStream:77 - [STDOUT_REDIRECT] 1 : Invalid condition id : UX_CORESTACK_Condition cause : null
2023-12-26 16:33:39,109 [INFO] LogOutputStream:77 - [STDOUT_REDIRECT] 1 : Invalid condition id : UX_CORESTACK_Condition cause : null
2023-12-26 16:33:39,116 [WARN] PackLoader:240 - Cannot read IP mode file for STMicroelectronics.X-CUBE-AZRTOS-WL.2.0.0
2023-12-26 16:33:39,129 [WARN] PackLoader:240 - Cannot read IP mode file for WES.I-CUBE-Cesium.1.3.0
2023-12-26 16:33:39,137 [WARN] PackLoader:240 - Cannot read IP mode file for STMicroelectronics.X-CUBE-BLE2.3.3.0
2023-12-26 16:33:39,148 [WARN] PackLoader:240 - Cannot read IP mode file for STMicroelectronics.X-CUBE-ALGOBUILD.1.3.0
2023-12-26 16:33:39,175 [WARN] PackLoader:240 - Cannot read IP mode file for STMicroelectronics.X-CUBE-AZRTOS-G0.1.1.0
2023-12-26 16:33:39,185 [WARN] PackLoader:240 - Cannot read IP mode file for STMicroelectronics.X-CUBE-NFC4.3.0.0
2023-12-26 16:33:39,197 [WARN] PackLoader:240 - Cannot read IP mode file for STMicroelectronics.X-CUBE-BLEMGR.3.0.0
2023-12-26 16:33:39,204 [WARN] PackLoader:240 - Cannot read IP mode file for STMicroelectronics.FP-ATR-SIGFOX1.3.2.0
2023-12-26 16:33:39,248 [WARN] PackLoader:240 - Cannot read IP mode file for SEGGER.I-CUBE-embOS.1.3.1
2023-12-26 16:33:39,313 [WARN] PackLoader:240 - Cannot read IP mode file for STMicroelectronics.X-CUBE-GNSS1.6.0.0
2023-12-26 16:33:39,345 [WARN] PackLoader:240 - Cannot read IP mode file for STMicroelectronics.X-CUBE-AZRTOS-F4.1.1.0
2023-12-26 16:33:39,354 [WARN] PackLoader:240 - Cannot read IP mode file for wolfSSL.I-CUBE-wolfSSL.5.6.3
2023-12-26 16:33:39,425 [WARN] PackLoader:240 - Cannot read IP mode file for STMicroelectronics.X-CUBE-AZRTOS-L5.2.0.0
2023-12-26 16:33:39,482 [WARN] PackLoader:240 - Cannot read IP mode file for STMicroelectronics.X-CUBE-MEMS1.9.6.0
2023-12-26 16:33:39,692 [WARN] PackLoader:240 - Cannot read IP mode file for STMicroelectronics.X-CUBE-EEPRMA1.4.2.0
2023-12-26 16:33:39,701 [WARN] PackLoader:240 - Cannot read IP mode file for ITTIA_DB.I-CUBE-ITTIADB.8.8.0
2023-12-26 16:33:39,710 [WARN] PackLoader:240 - Cannot read IP mode file for STMicroelectronics.X-CUBE-BLEMGR.2.0.0
2023-12-26 16:33:39,732 [WARN] ConditionMgr:438 - getConditionDescription Invalid condition id : UX DEVICE CLASS RTOS Condition cause : null
2023-12-26 16:33:39,733 [WARN] ConditionMgr:438 - getConditionDescription Invalid condition id : UX DEVICE CLASS RTOS Condition cause : null
2023-12-26 16:33:39,738 [WARN] PackLoader:240 - Cannot read IP mode file for STMicroelectronics.X-CUBE-AZRTOS-H7.3.1.0
2023-12-26 16:33:39,740 [WARN] ConditionMgr:1039 - genDependencies : Invalid condition id : UX DEVICE CLASS RTOS Condition cause : null
2023-12-26 16:33:39,740 [WARN] ConditionMgr:1039 - genDependencies : Invalid condition id : UX DEVICE CLASS RTOS Condition cause : null
2023-12-26 16:33:39,741 [WARN] ConditionMgr:1039 - genDependencies : Invalid condition id : UX DEVICE CLASS RTOS Condition cause : null
2023-12-26 16:33:39,741 [WARN] ConditionMgr:1039 - genDependencies : Invalid condition id : UX DEVICE CLASS RTOS Condition cause : null
2023-12-26 16:33:39,742 [WARN] ConditionMgr:1039 - genDependencies : Invalid condition id : UX DEVICE CLASS RTOS Condition cause : null
2023-12-26 16:33:39,750 [WARN] PackLoader:240 - Cannot read IP mode file for STMicroelectronics.X-CUBE-NFC7.1.0.1
2023-12-26 16:33:39,759 [WARN] PackLoader:240 - Cannot read IP mode file for STMicroelectronics.X-CUBE-NFC6.3.0.0
2023-12-26 16:33:39,768 [WARN] PackLoader:240 - Cannot read IP mode file for STMicroelectronics.X-CUBE-EEPRMA1.4.1.0
2023-12-26 16:33:39,773 [WARN] PackLoader:240 - Cannot read IP mode file for STMicroelectronics.X-CUBE-AI.8.1.0
2023-12-26 16:33:39,800 [WARN] ConditionMgr:438 - getConditionDescription Invalid condition id : LAN8742 Phy interface Condition cause : null
2023-12-26 16:33:39,801 [WARN] PackLoader:240 - Cannot read IP mode file for STMicroelectronics.X-CUBE-AZRTOS-L4.2.0.0
2023-12-26 16:33:39,805 [WARN] ConditionMgr:1039 - genDependencies : Invalid condition id : LAN8742 Phy interface Condition cause : null
2023-12-26 16:33:39,805 [WARN] ConditionMgr:1039 - genDependencies : Invalid condition id : LAN8742 Phy interface Condition cause : null
2023-12-26 16:33:39,806 [WARN] ConditionMgr:1039 - genDependencies : Invalid condition id : LAN8742 Phy interface Condition cause : null
2023-12-26 16:33:39,816 [WARN] PackLoader:240 - Cannot read IP mode file for STMicroelectronics.X-CUBE-SFXS2LP1.4.0.0
2023-12-26 16:33:39,822 [WARN] PackLoader:240 - Cannot read IP mode file for STMicroelectronics.X-CUBE-ISPU.1.1.0
2023-12-26 16:33:39,838 [WARN] ConditionMgr:438 - getConditionDescription Invalid condition id : UX DEVICE CLASS RTOS Condition cause : null
2023-12-26 16:33:39,838 [WARN] ConditionMgr:438 - getConditionDescription Invalid condition id : UX DEVICE CLASS RTOS Condition cause : null
2023-12-26 16:33:39,841 [WARN] PackLoader:240 - Cannot read IP mode file for STMicroelectronics.X-CUBE-AZRTOS-WB.2.0.0
2023-12-26 16:33:39,842 [WARN] ConditionMgr:1039 - genDependencies : Invalid condition id : UX DEVICE CLASS RTOS Condition cause : null
2023-12-26 16:33:39,842 [WARN] ConditionMgr:1039 - genDependencies : Invalid condition id : UX DEVICE CLASS RTOS Condition cause : null
2023-12-26 16:33:39,843 [WARN] ConditionMgr:1039 - genDependencies : Invalid condition id : UX DEVICE CLASS RTOS Condition cause : null
2023-12-26 16:33:39,843 [WARN] ConditionMgr:1039 - genDependencies : Invalid condition id : UX DEVICE CLASS RTOS Condition cause : null
2023-12-26 16:33:39,843 [WARN] ConditionMgr:1039 - genDependencies : Invalid condition id : UX DEVICE CLASS RTOS Condition cause : null
2023-12-26 16:33:39,856 [WARN] PackLoader:240 - Cannot read IP mode file for STMicroelectronics.X-CUBE-SUBG2.5.0.0
2023-12-26 16:33:39,872 [WARN] PackLoader:240 - Cannot read IP mode file for STMicroelectronics.X-CUBE-TOF1.3.3.1
2023-12-26 16:33:39,903 [WARN] PackLoader:240 - Cannot read IP mode file for STMicroelectronics.X-CUBE-AZRTOS-G4.2.0.0
2023-12-26 16:33:39,918 [WARN] PackLoader:240 - Cannot read IP mode file for Infineon.AIROC-Wi-Fi-Bluetooth-STM32.1.5.1
2023-12-26 16:33:39,926 [WARN] PackLoader:240 - Cannot read IP mode file for STMicroelectronics.FP-SNS-MOTENVWB1.1.3.0
2023-12-26 16:33:39,930 [WARN] PackLoader:240 - Cannot read IP mode file for STMicroelectronics.FP-SNS-MOTENVWB1.1.3.1
2023-12-26 16:33:39,934 [WARN] PackLoader:240 - Cannot read IP mode file for STMicroelectronics.X-CUBE-ISPU.2.0.0
2023-12-26 16:33:39,990 [WARN] PackLoader:240 - Cannot read IP mode file for STMicroelectronics.X-CUBE-MEMS1.10.0.0
2023-12-26 16:33:40,097 [WARN] PackLoader:240 - Cannot read IP mode file for STMicroelectronics.X-CUBE-FREERTOS.1.1.0
2023-12-26 16:33:40,102 [WARN] PackLoader:240 - Cannot read IP mode file for portGmbH.I-Cube-SoM-uGOAL.1.1.0
2023-12-26 16:33:40,106 [WARN] PackLoader:240 - Cannot read IP mode file for STMicroelectronics.X-CUBE-ALS.1.0.1
2023-12-26 16:33:40,110 [WARN] PackLoader:240 - Cannot read IP mode file for STMicroelectronics.FP-ATR-ASTRA1.2.0.0
2023-12-26 16:33:40,131 [WARN] PackLoader:240 - Cannot read IP mode file for STMicroelectronics.X-CUBE-TOF1.3.4.0
2023-12-26 16:33:40,189 [WARN] PackLoader:240 - Cannot read IP mode file for STMicroelectronics.X-CUBE-AZRTOS-H7.3.2.0
2023-12-26 16:33:40,195 [INFO] ThirdParty:978 - Integrity check success = true
2023-12-26 16:33:40,195 [INFO] IntegrityCheckThread:100 - exiting critical section [integrity check]
2023-12-26 16:33:40,195 [INFO] IntegrityCheckThread:103 - End integrity checks thread
2023-12-26 16:33:57,964 [ERROR] LogOutputStream:75 - [STDERR_REDIRECT] SLF4J: Failed to load class "org.slf4j.impl.StaticLoggerBinder".
2023-12-26 16:33:57,964 [ERROR] LogOutputStream:75 - [STDERR_REDIRECT] SLF4J: Defaulting to no-operation (NOP) logger implementation
2023-12-26 16:33:57,965 [ERROR] LogOutputStream:75 - [STDERR_REDIRECT] SLF4J: See http://www.slf4j.org/codes.html#StaticLoggerBinder for further details.
2023-12-26 18:49:40,093 [ERROR] ConfigurationRetriever:142 - IOException on connection: Read timed out
