2024-08-01 00:36:22,729 [INFO] Activator:176 - 


2024-08-01 00:36:22,733 [INFO] Activator:177 - !SESSION log4j initialized
2024-08-01 00:36:27,154 [INFO] LogOutputStream:77 - [STDOUT_REDIRECT] 
2024-08-01 00:36:28,618 [INFO] ApplicationProperties:184 - Using Application install path: /opt/st/stm32cubeide_1.13.2/plugins/com.st.stm32cube.common.mx_6.9.2.202309101412
2024-08-01 00:36:28,671 [INFO] DbMcusXml:78 - Set database path to: /opt/st/stm32cubeide_1.13.2/plugins/com.st.stm32cube.common.mx_6.9.2.202309101412//db//mcu/
2024-08-01 00:36:28,671 [INFO] ApiDb:274 - Set plugin database path to: /opt/st/stm32cubeide_1.13.2/plugins/com.st.stm32cube.common.mx_6.9.2.202309101412//db//plugins/boardmanager/
2024-08-01 00:36:28,672 [WARN] ApiDb:259 - Overriding images path with different value:  => /opt/st/stm32cubeide_1.13.2/plugins/com.st.stm32cube.common.mx_6.9.2.202309101412//db//plugins/mcufinder/images/
2024-08-01 00:36:28,684 [INFO] ApiDb:250 - Set database path to: /home/ebenezer/.stmcufinder/plugins/mcufinder//mcu/
2024-08-01 00:36:28,687 [INFO] DbMcusAds:125 - Set database path to: /home/ebenezer/.stmcufinder/plugins/mcufinder//mcu/
2024-08-01 00:36:28,691 [INFO] CrossReferenceDbSqlite:203 - Set database path to: /home/ebenezer/.stmcufinder/plugins/mcufinder//mcu/cs/
2024-08-01 00:36:28,870 [INFO] RulesReader:64 - Compatibility file has been processed (293 Rules)
2024-08-01 00:36:28,982 [INFO] DbMcusXml:78 - Set database path to: /opt/st/stm32cubeide_1.13.2/plugins/com.st.stm32cube.common.mx_6.9.2.202309101412//db//mcu/
2024-08-01 00:36:28,983 [INFO] ApiDb:274 - Set plugin database path to: /opt/st/stm32cubeide_1.13.2/plugins/com.st.stm32cube.common.mx_6.9.2.202309101412//db//plugins/boardmanager/
2024-08-01 00:36:28,983 [INFO] ApiDb:261 - Set plugin images path to: /opt/st/stm32cubeide_1.13.2/plugins/com.st.stm32cube.common.mx_6.9.2.202309101412//db//plugins/mcufinder/images/
2024-08-01 00:36:28,983 [WARN] DbFile:41 - Overriding database path with different value: /home/ebenezer/.stmcufinder/plugins/mcufinder/ => /home/ebenezer/.stmcufinder/plugins/mcufinder
2024-08-01 00:36:28,984 [INFO] ApiDb:250 - Set database path to: /home/ebenezer/.stmcufinder/plugins/mcufinder//mcu/
2024-08-01 00:36:28,984 [WARN] DbFile:41 - Overriding database path with different value: /home/ebenezer/.stmcufinder/plugins/mcufinder/ => /home/ebenezer/.stmcufinder/plugins/mcufinder
2024-08-01 00:36:28,984 [INFO] DbMcusAds:125 - Set database path to: /home/ebenezer/.stmcufinder/plugins/mcufinder//mcu/
2024-08-01 00:36:28,984 [WARN] DbFile:41 - Overriding database path with different value: /home/ebenezer/.stmcufinder/plugins/mcufinder/ => /home/ebenezer/.stmcufinder/plugins/mcufinder
2024-08-01 00:36:28,984 [WARN] DbFile:41 - Overriding database path with different value: /home/ebenezer/.stmcufinder/plugins/mcufinder/ => /home/ebenezer/.stmcufinder/plugins/mcufinder
2024-08-01 00:36:28,985 [INFO] CrossReferenceDbSqlite:203 - Set database path to: /home/ebenezer/.stmcufinder/plugins/mcufinder//mcu/cs/
2024-08-01 00:36:29,069 [INFO] MainPanel:262 - HeapMemory: 268435456
2024-08-01 00:36:29,197 [INFO] DbMcusXml:78 - Set database path to: /opt/st/stm32cubeide_1.13.2/plugins/com.st.stm32cube.common.mx_6.9.2.202309101412//db//mcu/
2024-08-01 00:36:29,197 [INFO] ApiDb:274 - Set plugin database path to: /opt/st/stm32cubeide_1.13.2/plugins/com.st.stm32cube.common.mx_6.9.2.202309101412//db//plugins/boardmanager/
2024-08-01 00:36:29,197 [INFO] ApiDb:261 - Set plugin images path to: /opt/st/stm32cubeide_1.13.2/plugins/com.st.stm32cube.common.mx_6.9.2.202309101412//db//plugins/mcufinder/images/
2024-08-01 00:36:29,197 [WARN] DbFile:41 - Overriding database path with different value: /home/ebenezer/.stmcufinder/plugins/mcufinder/ => /home/ebenezer/.stmcufinder/plugins/mcufinder
2024-08-01 00:36:29,198 [INFO] ApiDb:250 - Set database path to: /home/ebenezer/.stmcufinder/plugins/mcufinder//mcu/
2024-08-01 00:36:29,198 [WARN] DbFile:41 - Overriding database path with different value: /home/ebenezer/.stmcufinder/plugins/mcufinder/ => /home/ebenezer/.stmcufinder/plugins/mcufinder
2024-08-01 00:36:29,198 [INFO] DbMcusAds:125 - Set database path to: /home/ebenezer/.stmcufinder/plugins/mcufinder//mcu/
2024-08-01 00:36:29,198 [WARN] DbFile:41 - Overriding database path with different value: /home/ebenezer/.stmcufinder/plugins/mcufinder/ => /home/ebenezer/.stmcufinder/plugins/mcufinder
2024-08-01 00:36:29,198 [WARN] DbFile:41 - Overriding database path with different value: /home/ebenezer/.stmcufinder/plugins/mcufinder/ => /home/ebenezer/.stmcufinder/plugins/mcufinder
2024-08-01 00:36:29,198 [INFO] CrossReferenceDbSqlite:203 - Set database path to: /home/ebenezer/.stmcufinder/plugins/mcufinder//mcu/cs/
2024-08-01 00:36:29,218 [INFO] ApplicationProperties:184 - Using Application install path: /opt/st/stm32cubeide_1.13.2/plugins/com.st.stm32cube.common.mx_6.9.2.202309101412
2024-08-01 00:36:29,219 [INFO] PluginManage:196 - Search for loadable plugins [exclusion list=, ]
2024-08-01 00:36:29,220 [INFO] PluginManage:310 - Check plugin analytics
2024-08-01 00:36:29,407 [INFO] AnalyticsPlugin:253 - Accepted Software Licenses: 
2024-08-01 00:36:29,408 [INFO] AnalyticsPlugin:255 - Accepted CMSIS Pack Licenses: 
2024-08-01 00:36:29,408 [INFO] AnalyticsPlugin:257 - Accepted Firmware Licenses: FW.G0.1.6.0,FW.F4.1.27.0,FW.G4.1.5.0
2024-08-01 00:36:29,411 [INFO] PluginManage:359 - Loaded plugin analytics (category:tool,tabindex:-1)
2024-08-01 00:36:29,412 [INFO] PluginManage:310 - Check plugin cadmodel
2024-08-01 00:36:29,440 [INFO] CADModel:105 - Init CAD model plugin
2024-08-01 00:36:29,441 [INFO] PluginManage:359 - Loaded plugin cadmodel (category:power,tabindex:5)
2024-08-01 00:36:29,441 [INFO] PluginManage:310 - Check plugin clock
2024-08-01 00:36:29,452 [INFO] PluginManage:359 - Loaded plugin clock (category:base,tabindex:2)
2024-08-01 00:36:29,452 [INFO] PluginManage:310 - Check plugin ddr
2024-08-01 00:36:29,455 [INFO] PluginManage:359 - Loaded plugin ddr (category:tool,tabindex:6)
2024-08-01 00:36:29,455 [INFO] PluginManage:310 - Check plugin filemanager
2024-08-01 00:36:29,603 [INFO] PluginManage:359 - Loaded plugin filemanager (category:base,tabindex:10)
2024-08-01 00:36:29,603 [INFO] PluginManage:310 - Check plugin ipmanager
2024-08-01 00:36:29,610 [INFO] PluginManage:359 - Loaded plugin ipmanager (category:base,tabindex:5)
2024-08-01 00:36:29,611 [INFO] PluginManage:310 - Check plugin lpbam
2024-08-01 00:36:29,619 [INFO] PluginManage:359 - Loaded plugin lpbam (category:base,tabindex:0)
2024-08-01 00:36:29,619 [INFO] PluginManage:310 - Check plugin memorymap
2024-08-01 00:36:29,632 [INFO] PluginManage:359 - Loaded plugin memorymap (category:base,tabindex:4)
2024-08-01 00:36:29,632 [INFO] PluginManage:310 - Check plugin pinoutandconfiguration
2024-08-01 00:36:29,641 [INFO] PluginManage:359 - Loaded plugin pinoutandconfiguration (category:base,tabindex:1)
2024-08-01 00:36:29,641 [INFO] PluginManage:310 - Check plugin pinoutconfig
2024-08-01 00:36:29,742 [WARN] SupportedApi:132 - Cannot load RTOS API schema: s4s-elt-must-match.1: The content of 'definitions' must match (annotation?, (simpleType | complexType)?, (unique | key | keyref)*)). A problem was found starting at: attribute.
2024-08-01 00:36:29,884 [INFO] PluginManage:359 - Loaded plugin pinoutconfig (category:base,tabindex:0)
2024-08-01 00:36:29,884 [INFO] PluginManage:310 - Check plugin power
2024-08-01 00:36:29,895 [INFO] PluginManage:359 - Loaded plugin power (category:power,tabindex:4)
2024-08-01 00:36:29,895 [INFO] PluginManage:310 - Check plugin projectmanager
2024-08-01 00:36:29,909 [INFO] PluginManage:359 - Loaded plugin projectmanager (category:projectmanager,tabindex:3)
2024-08-01 00:36:29,910 [INFO] PluginManage:310 - Check plugin thirdparty
2024-08-01 00:36:30,031 [INFO] PluginManage:359 - Loaded plugin thirdparty (category:base,tabindex:-1)
2024-08-01 00:36:30,031 [WARN] IntegrityCheckThread:84 - waiting for thirdparty lock release [integrity check]
2024-08-01 00:36:30,031 [INFO] PluginManage:310 - Check plugin tools
2024-08-01 00:36:30,031 [INFO] IntegrityCheckThread:86 - entering critical section [integrity check]
2024-08-01 00:36:30,032 [INFO] ThirdPartyUpdaterWithRetryManager:70 - Updater plugin not ready yet. [1/15]
2024-08-01 00:36:30,033 [INFO] PluginManage:359 - Loaded plugin tools (category:base,tabindex:7)
2024-08-01 00:36:30,033 [INFO] PluginManage:310 - Check plugin tutovideos
2024-08-01 00:36:30,195 [INFO] PluginManage:359 - Loaded plugin tutovideos (category:base,tabindex:-1)
2024-08-01 00:36:30,195 [INFO] PluginManage:310 - Check plugin updater
2024-08-01 00:36:30,204 [INFO] PluginManage:359 - Loaded plugin updater (category:base,tabindex:12)
2024-08-01 00:36:30,205 [INFO] PluginManage:310 - Check plugin userauth
2024-08-01 00:36:30,209 [INFO] UserAuth:113 - Init User Auth plugin
2024-08-01 00:36:30,209 [INFO] PluginManage:359 - Loaded plugin userauth (category:base,tabindex:14)
2024-08-01 00:36:30,209 [INFO] PluginManage:283 - PluginManage : Loaded plugins [17]
2024-08-01 00:36:30,436 [INFO] PinOutPanel:1499 - setPackage(No Configuration,No Configuration)
2024-08-01 00:36:30,525 [INFO] CADModel:165 - CPN selected for project level
2024-08-01 00:36:30,525 [INFO] CADModel:114 - Register for checkConnection events
2024-08-01 00:36:30,538 [INFO] IPUIPlugin:80 - create IPUIPlugin
2024-08-01 00:36:30,538 [INFO] PluginManager:220 - loadIPPluginJar : add touchsensing
2024-08-01 00:36:30,545 [INFO] IPUIPlugin:80 - create IPUIPlugin
2024-08-01 00:36:30,546 [INFO] PluginManager:220 - loadIPPluginJar : add adc
2024-08-01 00:36:30,548 [INFO] IPUIPlugin:80 - create IPUIPlugin
2024-08-01 00:36:30,549 [INFO] PluginManager:220 - loadIPPluginJar : add fatfs
2024-08-01 00:36:30,553 [INFO] IPUIPlugin:80 - create IPUIPlugin
2024-08-01 00:36:30,553 [INFO] PluginManager:220 - loadIPPluginJar : add ipddr
2024-08-01 00:36:30,556 [INFO] IPUIPlugin:80 - create IPUIPlugin
2024-08-01 00:36:30,556 [INFO] PluginManager:220 - loadIPPluginJar : add openamp
2024-08-01 00:36:30,558 [INFO] IPUIPlugin:80 - create IPUIPlugin
2024-08-01 00:36:30,559 [INFO] PluginManager:220 - loadIPPluginJar : add i3c
2024-08-01 00:36:30,561 [INFO] IPUIPlugin:80 - create IPUIPlugin
2024-08-01 00:36:30,561 [INFO] PluginManager:220 - loadIPPluginJar : add cryp
2024-08-01 00:36:30,565 [INFO] IPUIPlugin:80 - create IPUIPlugin
2024-08-01 00:36:30,565 [INFO] PluginManager:220 - loadIPPluginJar : add fmc
2024-08-01 00:36:30,566 [INFO] IPUIPlugin:80 - create IPUIPlugin
2024-08-01 00:36:30,567 [INFO] PluginManager:220 - loadIPPluginJar : add tsc
2024-08-01 00:36:30,568 [INFO] IPUIPlugin:80 - create IPUIPlugin
2024-08-01 00:36:30,568 [INFO] PluginManager:220 - loadIPPluginJar : add ltdc
2024-08-01 00:36:30,573 [INFO] IPUIPlugin:80 - create IPUIPlugin
2024-08-01 00:36:30,574 [INFO] PluginManager:220 - loadIPPluginJar : add nvic
2024-08-01 00:36:30,577 [INFO] IPUIPlugin:80 - create IPUIPlugin
2024-08-01 00:36:30,578 [INFO] PluginManager:220 - loadIPPluginJar : add dma3
2024-08-01 00:36:30,580 [INFO] IPUIPlugin:80 - create IPUIPlugin
2024-08-01 00:36:30,581 [INFO] PluginManager:220 - loadIPPluginJar : add ucpd
2024-08-01 00:36:30,586 [INFO] IPUIPlugin:80 - create IPUIPlugin
2024-08-01 00:36:30,587 [INFO] PluginManager:220 - loadIPPluginJar : add freertos
2024-08-01 00:36:30,589 [INFO] IPUIPlugin:80 - create IPUIPlugin
2024-08-01 00:36:30,589 [INFO] PluginManager:220 - loadIPPluginJar : add dfsdm
2024-08-01 00:36:30,591 [INFO] IPUIPlugin:80 - create IPUIPlugin
2024-08-01 00:36:30,591 [INFO] PluginManager:220 - loadIPPluginJar : add aes
2024-08-01 00:36:30,597 [INFO] IPUIPlugin:80 - create IPUIPlugin
2024-08-01 00:36:30,598 [INFO] PluginManager:220 - loadIPPluginJar : add linkedlist
2024-08-01 00:36:30,605 [INFO] IPUIPlugin:80 - create IPUIPlugin
2024-08-01 00:36:30,605 [INFO] PluginManager:220 - loadIPPluginJar : add gic
2024-08-01 00:36:30,607 [INFO] IPUIPlugin:80 - create IPUIPlugin
2024-08-01 00:36:30,607 [INFO] PluginManager:220 - loadIPPluginJar : add genericplugin
2024-08-01 00:36:30,609 [INFO] IPUIPlugin:80 - create IPUIPlugin
2024-08-01 00:36:30,610 [INFO] PluginManager:220 - loadIPPluginJar : add resmgrutility
2024-08-01 00:36:30,611 [INFO] IPUIPlugin:80 - create IPUIPlugin
2024-08-01 00:36:30,611 [INFO] PluginManager:220 - loadIPPluginJar : add gfxmmu
2024-08-01 00:36:30,613 [INFO] IPUIPlugin:80 - create IPUIPlugin
2024-08-01 00:36:30,613 [INFO] PluginManager:220 - loadIPPluginJar : add comp
2024-08-01 00:36:30,615 [INFO] IPUIPlugin:80 - create IPUIPlugin
2024-08-01 00:36:30,615 [INFO] PluginManager:220 - loadIPPluginJar : add i2s
2024-08-01 00:36:30,616 [INFO] IPUIPlugin:80 - create IPUIPlugin
2024-08-01 00:36:30,617 [INFO] PluginManager:220 - loadIPPluginJar : add ts
2024-08-01 00:36:30,619 [INFO] IPUIPlugin:80 - create IPUIPlugin
2024-08-01 00:36:30,619 [INFO] PluginManager:220 - loadIPPluginJar : add pdm2pcm
2024-08-01 00:36:30,622 [INFO] IPUIPlugin:80 - create IPUIPlugin
2024-08-01 00:36:30,622 [INFO] PluginManager:220 - loadIPPluginJar : add gtzc
2024-08-01 00:36:30,625 [INFO] IPUIPlugin:80 - create IPUIPlugin
2024-08-01 00:36:30,625 [INFO] PluginManager:220 - loadIPPluginJar : add can
2024-08-01 00:36:30,627 [INFO] IPUIPlugin:80 - create IPUIPlugin
2024-08-01 00:36:30,627 [INFO] PluginManager:220 - loadIPPluginJar : add tracer_emb
2024-08-01 00:36:30,630 [INFO] IPUIPlugin:80 - create IPUIPlugin
2024-08-01 00:36:30,630 [INFO] PluginManager:220 - loadIPPluginJar : add usart
2024-08-01 00:36:30,634 [INFO] IPUIPlugin:80 - create IPUIPlugin
2024-08-01 00:36:30,634 [INFO] PluginManager:220 - loadIPPluginJar : add gpio
2024-08-01 00:36:30,637 [INFO] IPUIPlugin:80 - create IPUIPlugin
2024-08-01 00:36:30,637 [INFO] PluginManager:220 - loadIPPluginJar : add spi
2024-08-01 00:36:30,644 [INFO] IPUIPlugin:80 - create IPUIPlugin
2024-08-01 00:36:30,647 [INFO] PluginManager:220 - loadIPPluginJar : add plateformsettings
2024-08-01 00:36:30,648 [INFO] IPUIPlugin:80 - create IPUIPlugin
2024-08-01 00:36:30,648 [INFO] PluginManager:220 - loadIPPluginJar : add tim
2024-08-01 00:36:30,652 [INFO] IPUIPlugin:80 - create IPUIPlugin
2024-08-01 00:36:30,652 [INFO] PluginManager:220 - loadIPPluginJar : add stm32_wpan
2024-08-01 00:36:30,655 [INFO] IPUIPlugin:80 - create IPUIPlugin
2024-08-01 00:36:30,655 [INFO] PluginManager:220 - loadIPPluginJar : add opamp
2024-08-01 00:36:30,660 [INFO] IPUIPlugin:80 - create IPUIPlugin
2024-08-01 00:36:30,661 [INFO] PluginManager:220 - loadIPPluginJar : add i2c
2024-08-01 00:36:30,667 [INFO] IPUIPlugin:80 - create IPUIPlugin
2024-08-01 00:36:30,667 [INFO] PluginManager:220 - loadIPPluginJar : add mdma
2024-08-01 00:36:30,670 [INFO] IPUIPlugin:80 - create IPUIPlugin
2024-08-01 00:36:30,670 [INFO] PluginManager:220 - loadIPPluginJar : add usbx
2024-08-01 00:36:30,672 [INFO] IPUIPlugin:80 - create IPUIPlugin
2024-08-01 00:36:30,672 [INFO] PluginManager:220 - loadIPPluginJar : add lorawan
2024-08-01 00:36:30,679 [INFO] IPUIPlugin:80 - create IPUIPlugin
2024-08-01 00:36:30,679 [INFO] PluginManager:220 - loadIPPluginJar : add dma
2024-08-01 00:36:30,681 [INFO] IPUIPlugin:80 - create IPUIPlugin
2024-08-01 00:36:30,681 [INFO] PluginManager:220 - loadIPPluginJar : add hash
2024-08-01 00:36:30,682 [INFO] IPUIPlugin:80 - create IPUIPlugin
2024-08-01 00:36:30,682 [INFO] PluginManager:220 - loadIPPluginJar : add quadspi
2024-08-01 00:36:30,685 [INFO] IPUIPlugin:80 - create IPUIPlugin
2024-08-01 00:36:30,685 [INFO] PluginManager:220 - loadIPPluginJar : add sai
2024-08-01 00:36:30,785 [INFO] CADModel:165 - CPN selected for project level
2024-08-01 00:36:30,785 [INFO] CADModel:114 - Register for checkConnection events
2024-08-01 00:36:30,785 [FATAL] Updater:308 - Updater called before beeing initialized
2024-08-01 00:36:30,786 [ERROR] CADModel:125 - Updater not yet initialized, retry later 
2024-08-01 00:36:30,949 [INFO] CADModel:165 - CPN selected for project level
2024-08-01 00:36:30,949 [INFO] CADModel:114 - Register for checkConnection events
2024-08-01 00:36:30,949 [FATAL] Updater:308 - Updater called before beeing initialized
2024-08-01 00:36:30,949 [ERROR] CADModel:125 - Updater not yet initialized, retry later 
2024-08-01 00:36:30,953 [FATAL] Updater:308 - Updater called before beeing initialized
2024-08-01 00:36:31,072 [FATAL] Updater:308 - Updater called before beeing initialized
2024-08-01 00:36:31,083 [INFO] DbMcusAds:53 - JSON generation date=Thu May 16 05:22:00 EDT 2024 (1715851320852)
2024-08-01 00:36:31,084 [FATAL] Updater:308 - Updater called before beeing initialized
2024-08-01 00:36:31,142 [WARN] DetailPanel:346 - Failed to get advertising image, set to default
2024-08-01 00:36:31,252 [FATAL] Updater:308 - Updater called before beeing initialized
2024-08-01 00:36:31,254 [FATAL] Updater:308 - Updater called before beeing initialized
2024-08-01 00:36:31,254 [FATAL] Updater:308 - Updater called before beeing initialized
2024-08-01 00:36:31,254 [WARN] DetailPanel:346 - Failed to get advertising image, set to default
2024-08-01 00:36:31,255 [FATAL] Updater:308 - Updater called before beeing initialized
2024-08-01 00:36:31,291 [ERROR] Updater:1120 - MainUpdater not yet initialized. External WinMGr cannot be set.
2024-08-01 00:36:31,293 [INFO] Updater:1056 - Updater Version found : 6.9.2
2024-08-01 00:36:31,314 [INFO] ApplicationProperties:184 - Using Application install path: /opt/st/stm32cubeide_1.13.2/plugins/com.st.stm32cube.common.mx_6.9.2.202309101412
2024-08-01 00:36:31,490 [INFO] MainUpdater:2868 - connection check result : 10
2024-08-01 00:36:31,491 [INFO] MainUpdater:285 - Updater Check For Update Now.
2024-08-01 00:36:31,491 [INFO] MicroXplorer:498 - Change Database Version : DB.6.0.92
2024-08-01 00:36:31,497 [INFO] McuFinderGlobals:63 - Set McuFinder mode to 2 (CubeIDE integrated)
2024-08-01 00:36:31,694 [INFO] CheckServerUpdateThread:120 - End of CheckServer Thread
2024-08-01 00:36:33,143 [WARN] PackLoader:240 - Cannot read IP mode file for STMicroelectronics.FP-SNS-MOTENVWB1.1.4.0
2024-08-01 00:36:33,152 [WARN] PackLoader:240 - Cannot read IP mode file for STMicroelectronics.X-CUBE-SMBUS.2.1.0
2024-08-01 00:36:33,155 [WARN] PackLoader:240 - Cannot read IP mode file for STMicroelectronics.X-CUBE-TOUCHGFX.4.23.0
2024-08-01 00:36:33,157 [WARN] PackLoader:240 - Cannot read IP mode file for STMicroelectronics.X-CUBE-TOUCHGFX.4.23.2
2024-08-01 00:36:33,186 [WARN] PackLoader:240 - Cannot read IP mode file for STMicroelectronics.X-CUBE-AZRTOS-F7.1.1.0
2024-08-01 00:36:33,202 [WARN] PackLoader:240 - Cannot read IP mode file for STMicroelectronics.FP-SNS-MOTENV1.4.3.2
2024-08-01 00:36:33,211 [WARN] PackLoader:240 - Cannot read IP mode file for STMicroelectronics.FP-SNS-FLIGHT1.5.0.2
2024-08-01 00:36:33,227 [WARN] PackLoader:240 - Cannot read IP mode file for STMicroelectronics.X-CUBE-DISPLAY.3.0.0
2024-08-01 00:36:33,244 [WARN] PackLoader:240 - Cannot read IP mode file for STMicroelectronics.X-CUBE-BLE1.7.0.0
2024-08-01 00:36:33,249 [WARN] PackLoader:240 - Cannot read IP mode file for emotas.I-CUBE-CANOPEN.1.3.0
2024-08-01 00:36:33,252 [WARN] PackLoader:240 - Cannot read IP mode file for STMicroelectronics.X-CUBE-TOUCHGFX.4.22.0
2024-08-01 00:36:33,255 [WARN] PackLoader:240 - Cannot read IP mode file for STMicroelectronics.X-CUBE-TOUCHGFX.4.22.1
2024-08-01 00:36:33,272 [WARN] PackLoader:240 - Cannot read IP mode file for STMicroelectronics.X-CUBE-BLEMGR.3.1.0
2024-08-01 00:36:33,285 [WARN] PackLoader:240 - Cannot read IP mode file for STMicroelectronics.FP-SNS-SMARTAG2.1.2.0
2024-08-01 00:36:33,297 [INFO] LogOutputStream:77 - [STDOUT_REDIRECT] 1 : Invalid condition id : UX_CORESTACK_Condition cause : null
2024-08-01 00:36:33,298 [INFO] LogOutputStream:77 - [STDOUT_REDIRECT] 1 : Invalid condition id : UX_CORESTACK_Condition cause : null
2024-08-01 00:36:33,298 [INFO] LogOutputStream:77 - [STDOUT_REDIRECT] 1 : Invalid condition id : UX_CORESTACK_Condition cause : null
2024-08-01 00:36:33,298 [INFO] LogOutputStream:77 - [STDOUT_REDIRECT] 1 : Invalid condition id : UX_CORESTACK_Condition cause : null
2024-08-01 00:36:33,298 [INFO] LogOutputStream:77 - [STDOUT_REDIRECT] 1 : Invalid condition id : UX_CORESTACK_Condition cause : null
2024-08-01 00:36:33,303 [WARN] PackLoader:240 - Cannot read IP mode file for STMicroelectronics.X-CUBE-AZRTOS-WL.2.0.0
2024-08-01 00:36:33,309 [WARN] PackLoader:240 - Cannot read IP mode file for STMicroelectronics.FP-SNS-MOTENV1.5.0.0
2024-08-01 00:36:33,315 [WARN] PackLoader:240 - Cannot read IP mode file for wolfSSL.I-CUBE-wolfMQTT.1.19.0
2024-08-01 00:36:33,323 [WARN] PackLoader:240 - Cannot read IP mode file for WES.I-CUBE-Cesium.1.3.0
2024-08-01 00:36:33,328 [WARN] PackLoader:240 - Cannot read IP mode file for STMicroelectronics.X-CUBE-BLE2.3.3.0
2024-08-01 00:36:33,333 [WARN] PackLoader:240 - Cannot read IP mode file for STMicroelectronics.X-CUBE-TCPP.4.1.0
2024-08-01 00:36:33,340 [WARN] PackLoader:240 - Cannot read IP mode file for STMicroelectronics.X-CUBE-ALGOBUILD.1.3.0
2024-08-01 00:36:33,353 [WARN] PackLoader:240 - Cannot read IP mode file for STMicroelectronics.X-CUBE-AZRTOS-G0.1.1.0
2024-08-01 00:36:33,362 [WARN] PackLoader:240 - Cannot read IP mode file for STMicroelectronics.X-CUBE-SAFEA1.1.2.2
2024-08-01 00:36:33,366 [WARN] PackLoader:240 - Cannot read IP mode file for STMicroelectronics.X-CUBE-NFC4.3.0.0
2024-08-01 00:36:33,370 [ERROR] Engine:466 - /home/ebenezer/.stm32cubemx/thirdparties/pdsc/EmbeddedOffice.I-CUBE-FS-RTOS.1.0.1.pdsc: PDSC version is not supported
2024-08-01 00:36:33,377 [WARN] PackLoader:240 - Cannot read IP mode file for STMicroelectronics.X-CUBE-BLEMGR.3.0.0
2024-08-01 00:36:33,381 [ERROR] Engine:466 - /home/ebenezer/.stm32cubemx/thirdparties/pdsc/RealThread.X-CUBE-RT-Thread_Nano.4.1.1.pdsc: PDSC version is not supported
2024-08-01 00:36:33,384 [WARN] PackLoader:240 - Cannot read IP mode file for STMicroelectronics.FP-ATR-SIGFOX1.3.2.0
2024-08-01 00:36:33,393 [WARN] PackLoader:240 - Cannot read IP mode file for STMicroelectronics.X-CUBE-EEPRMA1.5.1.0
2024-08-01 00:36:33,433 [WARN] PackLoader:240 - Cannot read IP mode file for SEGGER.I-CUBE-embOS.1.3.1
2024-08-01 00:36:33,495 [WARN] PackLoader:240 - Cannot read IP mode file for STMicroelectronics.X-CUBE-ALGOBUILD.1.4.0
2024-08-01 00:36:33,500 [WARN] PackLoader:240 - Cannot read IP mode file for STMicroelectronics.X-CUBE-GNSS1.6.0.0
2024-08-01 00:36:33,521 [WARN] PackLoader:240 - Cannot read IP mode file for STMicroelectronics.X-CUBE-AZRTOS-F4.1.1.0
2024-08-01 00:36:33,526 [WARN] PackLoader:240 - Cannot read IP mode file for wolfSSL.I-CUBE-wolfSSL.5.6.3
2024-08-01 00:36:33,532 [WARN] PackLoader:240 - Cannot read IP mode file for STMicroelectronics.X-CUBE-FREERTOS.1.2.0
2024-08-01 00:36:33,551 [WARN] PackLoader:240 - Cannot read IP mode file for STMicroelectronics.X-CUBE-AZRTOS-L5.2.0.0
2024-08-01 00:36:33,604 [WARN] PackLoader:240 - Cannot read IP mode file for STMicroelectronics.X-CUBE-MEMS1.9.6.0
2024-08-01 00:36:33,885 [WARN] PackLoader:240 - Cannot read IP mode file for STMicroelectronics.X-CUBE-EEPRMA1.4.2.0
2024-08-01 00:36:33,897 [WARN] PackLoader:240 - Cannot read IP mode file for STMicroelectronics.X-CUBE-NFC6.3.1.0
2024-08-01 00:36:33,905 [WARN] PackLoader:240 - Cannot read IP mode file for ITTIA_DB.I-CUBE-ITTIADB.8.8.0
2024-08-01 00:36:33,915 [WARN] PackLoader:240 - Cannot read IP mode file for STMicroelectronics.X-CUBE-BLEMGR.2.0.0
2024-08-01 00:36:33,923 [ERROR] Engine:466 - /home/ebenezer/.stm32cubemx/thirdparties/pdsc/STMicroelectronics.X-CUBE-DPower.1.2.0.pdsc: PDSC version is not supported
2024-08-01 00:36:33,927 [WARN] PackLoader:240 - Cannot read IP mode file for STMicroelectronics.X-CUBE-AI.9.0.0
2024-08-01 00:36:33,952 [WARN] ConditionMgr:438 - getConditionDescription Invalid condition id : UX DEVICE CLASS RTOS Condition cause : null
2024-08-01 00:36:33,953 [WARN] ConditionMgr:438 - getConditionDescription Invalid condition id : UX DEVICE CLASS RTOS Condition cause : null
2024-08-01 00:36:33,959 [WARN] PackLoader:240 - Cannot read IP mode file for STMicroelectronics.X-CUBE-AZRTOS-H7.3.1.0
2024-08-01 00:36:33,961 [WARN] ConditionMgr:1039 - genDependencies : Invalid condition id : UX DEVICE CLASS RTOS Condition cause : null
2024-08-01 00:36:33,962 [WARN] ConditionMgr:1039 - genDependencies : Invalid condition id : UX DEVICE CLASS RTOS Condition cause : null
2024-08-01 00:36:33,963 [WARN] ConditionMgr:1039 - genDependencies : Invalid condition id : UX DEVICE CLASS RTOS Condition cause : null
2024-08-01 00:36:33,964 [WARN] ConditionMgr:1039 - genDependencies : Invalid condition id : UX DEVICE CLASS RTOS Condition cause : null
2024-08-01 00:36:33,964 [WARN] ConditionMgr:1039 - genDependencies : Invalid condition id : UX DEVICE CLASS RTOS Condition cause : null
2024-08-01 00:36:33,974 [WARN] PackLoader:240 - Cannot read IP mode file for STMicroelectronics.X-CUBE-NFC7.1.0.1
2024-08-01 00:36:33,979 [WARN] PackLoader:240 - Cannot read IP mode file for wolfSSL.I-CUBE-wolfTPM.3.2.0
2024-08-01 00:36:33,989 [WARN] PackLoader:240 - Cannot read IP mode file for STMicroelectronics.X-CUBE-NFC6.3.0.0
2024-08-01 00:36:34,002 [WARN] PackLoader:240 - Cannot read IP mode file for STMicroelectronics.X-CUBE-EEPRMA1.4.1.0
2024-08-01 00:36:34,009 [WARN] PackLoader:240 - Cannot read IP mode file for STMicroelectronics.X-CUBE-AI.8.1.0
2024-08-01 00:36:34,092 [WARN] ConditionMgr:438 - getConditionDescription Invalid condition id : LAN8742 Phy interface Condition cause : null
2024-08-01 00:36:34,093 [WARN] PackLoader:240 - Cannot read IP mode file for STMicroelectronics.X-CUBE-AZRTOS-L4.2.0.0
2024-08-01 00:36:34,095 [WARN] ConditionMgr:1039 - genDependencies : Invalid condition id : LAN8742 Phy interface Condition cause : null
2024-08-01 00:36:34,095 [WARN] ConditionMgr:1039 - genDependencies : Invalid condition id : LAN8742 Phy interface Condition cause : null
2024-08-01 00:36:34,096 [WARN] ConditionMgr:1039 - genDependencies : Invalid condition id : LAN8742 Phy interface Condition cause : null
2024-08-01 00:36:34,105 [WARN] PackLoader:240 - Cannot read IP mode file for STMicroelectronics.X-CUBE-SFXS2LP1.4.0.0
2024-08-01 00:36:34,114 [WARN] PackLoader:240 - Cannot read IP mode file for STMicroelectronics.X-CUBE-ISPU.1.1.0
2024-08-01 00:36:34,135 [WARN] ConditionMgr:438 - getConditionDescription Invalid condition id : UX DEVICE CLASS RTOS Condition cause : null
2024-08-01 00:36:34,142 [WARN] ConditionMgr:438 - getConditionDescription Invalid condition id : UX DEVICE CLASS RTOS Condition cause : null
2024-08-01 00:36:34,147 [WARN] PackLoader:240 - Cannot read IP mode file for STMicroelectronics.X-CUBE-AZRTOS-WB.2.0.0
2024-08-01 00:36:34,148 [WARN] ConditionMgr:1039 - genDependencies : Invalid condition id : UX DEVICE CLASS RTOS Condition cause : null
2024-08-01 00:36:34,148 [WARN] ConditionMgr:1039 - genDependencies : Invalid condition id : UX DEVICE CLASS RTOS Condition cause : null
2024-08-01 00:36:34,149 [WARN] ConditionMgr:1039 - genDependencies : Invalid condition id : UX DEVICE CLASS RTOS Condition cause : null
2024-08-01 00:36:34,150 [WARN] ConditionMgr:1039 - genDependencies : Invalid condition id : UX DEVICE CLASS RTOS Condition cause : null
2024-08-01 00:36:34,150 [WARN] ConditionMgr:1039 - genDependencies : Invalid condition id : UX DEVICE CLASS RTOS Condition cause : null
2024-08-01 00:36:34,157 [ERROR] Engine:466 - /home/ebenezer/.stm32cubemx/thirdparties/pdsc/STMicroelectronics.FP-SNS-STBOX1.2.0.0.pdsc: PDSC version is not supported
2024-08-01 00:36:34,175 [WARN] PackLoader:240 - Cannot read IP mode file for STMicroelectronics.X-CUBE-SUBG2.5.0.0
2024-08-01 00:36:34,198 [WARN] PackLoader:240 - Cannot read IP mode file for STMicroelectronics.X-CUBE-TOF1.3.3.1
2024-08-01 00:36:34,227 [WARN] PackLoader:240 - Cannot read IP mode file for STMicroelectronics.X-CUBE-AZRTOS-G4.2.0.0
2024-08-01 00:36:34,247 [WARN] PackLoader:240 - Cannot read IP mode file for Infineon.AIROC-Wi-Fi-Bluetooth-STM32.1.5.1
2024-08-01 00:36:34,258 [WARN] PackLoader:240 - Cannot read IP mode file for STMicroelectronics.FP-SNS-MOTENVWB1.1.3.0
2024-08-01 00:36:34,263 [WARN] PackLoader:240 - Cannot read IP mode file for STMicroelectronics.FP-SNS-MOTENVWB1.1.3.1
2024-08-01 00:36:34,268 [WARN] PackLoader:240 - Cannot read IP mode file for STMicroelectronics.X-CUBE-ISPU.2.0.0
2024-08-01 00:36:34,280 [WARN] PackLoader:240 - Cannot read IP mode file for STMicroelectronics.X-CUBE-ALS.1.0.2
2024-08-01 00:36:34,362 [WARN] PackLoader:240 - Cannot read IP mode file for STMicroelectronics.X-CUBE-MEMS1.10.0.0
2024-08-01 00:36:34,537 [WARN] PackLoader:240 - Cannot read IP mode file for STMicroelectronics.X-CUBE-FREERTOS.1.1.0
2024-08-01 00:36:34,543 [WARN] PackLoader:240 - Cannot read IP mode file for STMicroelectronics.X-CUBE-TOUCHGFX.4.24.0
2024-08-01 00:36:34,548 [WARN] PackLoader:240 - Cannot read IP mode file for portGmbH.I-Cube-SoM-uGOAL.1.1.0
2024-08-01 00:36:34,550 [WARN] PackLoader:240 - Cannot read IP mode file for STMicroelectronics.X-CUBE-ALS.1.0.1
2024-08-01 00:36:34,572 [WARN] PackLoader:240 - Cannot read IP mode file for STMicroelectronics.X-CUBE-AZRTOS-H7RS.1.0.0
2024-08-01 00:36:34,578 [WARN] PackLoader:240 - Cannot read IP mode file for STMicroelectronics.FP-ATR-ASTRA1.2.0.0
2024-08-01 00:36:34,585 [ERROR] Engine:466 - /home/ebenezer/.stm32cubemx/thirdparties/pdsc/STMicroelectronics.X-CUBE-TOF1.3.4.2.pdsc: PDSC version is not supported
2024-08-01 00:36:34,595 [WARN] PackLoader:240 - Cannot read IP mode file for STMicroelectronics.X-CUBE-TOF1.3.4.0
2024-08-01 00:36:34,621 [WARN] PackLoader:240 - Cannot read IP mode file for STMicroelectronics.X-CUBE-TOF1.3.4.1
2024-08-01 00:36:34,697 [WARN] PackLoader:240 - Cannot read IP mode file for STMicroelectronics.X-CUBE-AZRTOS-H7.3.2.0
2024-08-01 00:36:34,723 [WARN] PackLoader:240 - Cannot read IP mode file for wolfSSL.I-CUBE-wolfSSH.1.4.17
2024-08-01 00:36:34,724 [INFO] ThirdParty:978 - Integrity check success = true
2024-08-01 00:36:34,724 [INFO] IntegrityCheckThread:100 - exiting critical section [integrity check]
2024-08-01 00:36:34,725 [INFO] IntegrityCheckThread:103 - End integrity checks thread
2024-08-01 00:36:52,033 [ERROR] LogOutputStream:75 - [STDERR_REDIRECT] SLF4J: Failed to load class "org.slf4j.impl.StaticLoggerBinder".
2024-08-01 00:36:52,033 [ERROR] LogOutputStream:75 - [STDERR_REDIRECT] SLF4J: Defaulting to no-operation (NOP) logger implementation
2024-08-01 00:36:52,034 [ERROR] LogOutputStream:75 - [STDERR_REDIRECT] SLF4J: See http://www.slf4j.org/codes.html#StaticLoggerBinder for further details.
