2024-07-27 21:02:44,507 [INFO] Activator:176 - 


2024-07-27 21:02:44,512 [INFO] Activator:177 - !SESSION log4j initialized
2024-07-27 21:02:48,629 [INFO] LogOutputStream:77 - [STDOUT_REDIRECT] 
2024-07-27 21:02:49,714 [INFO] ApplicationProperties:184 - Using Application install path: /opt/st/stm32cubeide_1.13.2/plugins/com.st.stm32cube.common.mx_6.9.2.202309101412
2024-07-27 21:02:49,728 [INFO] DbMcusXml:78 - Set database path to: /opt/st/stm32cubeide_1.13.2/plugins/com.st.stm32cube.common.mx_6.9.2.202309101412//db//mcu/
2024-07-27 21:02:49,729 [INFO] ApiDb:274 - Set plugin database path to: /opt/st/stm32cubeide_1.13.2/plugins/com.st.stm32cube.common.mx_6.9.2.202309101412//db//plugins/boardmanager/
2024-07-27 21:02:49,729 [WARN] ApiDb:259 - Overriding images path with different value:  => /opt/st/stm32cubeide_1.13.2/plugins/com.st.stm32cube.common.mx_6.9.2.202309101412//db//plugins/mcufinder/images/
2024-07-27 21:02:49,736 [INFO] ApiDb:250 - Set database path to: /home/ebenezer/.stmcufinder/plugins/mcufinder//mcu/
2024-07-27 21:02:49,737 [INFO] DbMcusAds:125 - Set database path to: /home/ebenezer/.stmcufinder/plugins/mcufinder//mcu/
2024-07-27 21:02:49,739 [INFO] CrossReferenceDbSqlite:203 - Set database path to: /home/ebenezer/.stmcufinder/plugins/mcufinder//mcu/cs/
2024-07-27 21:02:49,863 [INFO] RulesReader:64 - Compatibility file has been processed (293 Rules)
2024-07-27 21:02:49,922 [INFO] DbMcusXml:78 - Set database path to: /opt/st/stm32cubeide_1.13.2/plugins/com.st.stm32cube.common.mx_6.9.2.202309101412//db//mcu/
2024-07-27 21:02:49,922 [INFO] ApiDb:274 - Set plugin database path to: /opt/st/stm32cubeide_1.13.2/plugins/com.st.stm32cube.common.mx_6.9.2.202309101412//db//plugins/boardmanager/
2024-07-27 21:02:49,923 [INFO] ApiDb:261 - Set plugin images path to: /opt/st/stm32cubeide_1.13.2/plugins/com.st.stm32cube.common.mx_6.9.2.202309101412//db//plugins/mcufinder/images/
2024-07-27 21:02:49,923 [WARN] DbFile:41 - Overriding database path with different value: /home/ebenezer/.stmcufinder/plugins/mcufinder/ => /home/ebenezer/.stmcufinder/plugins/mcufinder
2024-07-27 21:02:49,923 [INFO] ApiDb:250 - Set database path to: /home/ebenezer/.stmcufinder/plugins/mcufinder//mcu/
2024-07-27 21:02:49,923 [WARN] DbFile:41 - Overriding database path with different value: /home/ebenezer/.stmcufinder/plugins/mcufinder/ => /home/ebenezer/.stmcufinder/plugins/mcufinder
2024-07-27 21:02:49,923 [INFO] DbMcusAds:125 - Set database path to: /home/ebenezer/.stmcufinder/plugins/mcufinder//mcu/
2024-07-27 21:02:49,923 [WARN] DbFile:41 - Overriding database path with different value: /home/ebenezer/.stmcufinder/plugins/mcufinder/ => /home/ebenezer/.stmcufinder/plugins/mcufinder
2024-07-27 21:02:49,923 [WARN] DbFile:41 - Overriding database path with different value: /home/ebenezer/.stmcufinder/plugins/mcufinder/ => /home/ebenezer/.stmcufinder/plugins/mcufinder
2024-07-27 21:02:49,923 [INFO] CrossReferenceDbSqlite:203 - Set database path to: /home/ebenezer/.stmcufinder/plugins/mcufinder//mcu/cs/
2024-07-27 21:02:49,978 [INFO] MainPanel:262 - HeapMemory: 268435456
2024-07-27 21:02:50,112 [INFO] DbMcusXml:78 - Set database path to: /opt/st/stm32cubeide_1.13.2/plugins/com.st.stm32cube.common.mx_6.9.2.202309101412//db//mcu/
2024-07-27 21:02:50,112 [INFO] ApiDb:274 - Set plugin database path to: /opt/st/stm32cubeide_1.13.2/plugins/com.st.stm32cube.common.mx_6.9.2.202309101412//db//plugins/boardmanager/
2024-07-27 21:02:50,113 [INFO] ApiDb:261 - Set plugin images path to: /opt/st/stm32cubeide_1.13.2/plugins/com.st.stm32cube.common.mx_6.9.2.202309101412//db//plugins/mcufinder/images/
2024-07-27 21:02:50,113 [WARN] DbFile:41 - Overriding database path with different value: /home/ebenezer/.stmcufinder/plugins/mcufinder/ => /home/ebenezer/.stmcufinder/plugins/mcufinder
2024-07-27 21:02:50,113 [INFO] ApiDb:250 - Set database path to: /home/ebenezer/.stmcufinder/plugins/mcufinder//mcu/
2024-07-27 21:02:50,113 [WARN] DbFile:41 - Overriding database path with different value: /home/ebenezer/.stmcufinder/plugins/mcufinder/ => /home/ebenezer/.stmcufinder/plugins/mcufinder
2024-07-27 21:02:50,113 [INFO] DbMcusAds:125 - Set database path to: /home/ebenezer/.stmcufinder/plugins/mcufinder//mcu/
2024-07-27 21:02:50,113 [WARN] DbFile:41 - Overriding database path with different value: /home/ebenezer/.stmcufinder/plugins/mcufinder/ => /home/ebenezer/.stmcufinder/plugins/mcufinder
2024-07-27 21:02:50,114 [WARN] DbFile:41 - Overriding database path with different value: /home/ebenezer/.stmcufinder/plugins/mcufinder/ => /home/ebenezer/.stmcufinder/plugins/mcufinder
2024-07-27 21:02:50,114 [INFO] CrossReferenceDbSqlite:203 - Set database path to: /home/ebenezer/.stmcufinder/plugins/mcufinder//mcu/cs/
2024-07-27 21:02:50,133 [INFO] ApplicationProperties:184 - Using Application install path: /opt/st/stm32cubeide_1.13.2/plugins/com.st.stm32cube.common.mx_6.9.2.202309101412
2024-07-27 21:02:50,134 [INFO] PluginManage:196 - Search for loadable plugins [exclusion list=, ]
2024-07-27 21:02:50,135 [INFO] PluginManage:310 - Check plugin analytics
2024-07-27 21:02:50,270 [INFO] AnalyticsPlugin:253 - Accepted Software Licenses: 
2024-07-27 21:02:50,270 [INFO] AnalyticsPlugin:255 - Accepted CMSIS Pack Licenses: 
2024-07-27 21:02:50,271 [INFO] AnalyticsPlugin:257 - Accepted Firmware Licenses: FW.G0.1.6.0,FW.F4.1.27.0,FW.G4.1.5.0
2024-07-27 21:02:50,273 [INFO] PluginManage:359 - Loaded plugin analytics (category:tool,tabindex:-1)
2024-07-27 21:02:50,273 [INFO] PluginManage:310 - Check plugin cadmodel
2024-07-27 21:02:50,302 [INFO] CADModel:105 - Init CAD model plugin
2024-07-27 21:02:50,303 [INFO] PluginManage:359 - Loaded plugin cadmodel (category:power,tabindex:5)
2024-07-27 21:02:50,304 [INFO] PluginManage:310 - Check plugin clock
2024-07-27 21:02:50,318 [INFO] PluginManage:359 - Loaded plugin clock (category:base,tabindex:2)
2024-07-27 21:02:50,318 [INFO] PluginManage:310 - Check plugin ddr
2024-07-27 21:02:50,321 [INFO] PluginManage:359 - Loaded plugin ddr (category:tool,tabindex:6)
2024-07-27 21:02:50,322 [INFO] PluginManage:310 - Check plugin filemanager
2024-07-27 21:02:50,434 [INFO] PluginManage:359 - Loaded plugin filemanager (category:base,tabindex:10)
2024-07-27 21:02:50,434 [INFO] PluginManage:310 - Check plugin ipmanager
2024-07-27 21:02:50,440 [INFO] PluginManage:359 - Loaded plugin ipmanager (category:base,tabindex:5)
2024-07-27 21:02:50,440 [INFO] PluginManage:310 - Check plugin lpbam
2024-07-27 21:02:50,449 [INFO] PluginManage:359 - Loaded plugin lpbam (category:base,tabindex:0)
2024-07-27 21:02:50,449 [INFO] PluginManage:310 - Check plugin memorymap
2024-07-27 21:02:50,460 [INFO] PluginManage:359 - Loaded plugin memorymap (category:base,tabindex:4)
2024-07-27 21:02:50,461 [INFO] PluginManage:310 - Check plugin pinoutandconfiguration
2024-07-27 21:02:50,467 [INFO] PluginManage:359 - Loaded plugin pinoutandconfiguration (category:base,tabindex:1)
2024-07-27 21:02:50,467 [INFO] PluginManage:310 - Check plugin pinoutconfig
2024-07-27 21:02:50,556 [WARN] SupportedApi:132 - Cannot load RTOS API schema: s4s-elt-must-match.1: The content of 'definitions' must match (annotation?, (simpleType | complexType)?, (unique | key | keyref)*)). A problem was found starting at: attribute.
2024-07-27 21:02:50,673 [INFO] PluginManage:359 - Loaded plugin pinoutconfig (category:base,tabindex:0)
2024-07-27 21:02:50,674 [INFO] PluginManage:310 - Check plugin power
2024-07-27 21:02:50,681 [INFO] PluginManage:359 - Loaded plugin power (category:power,tabindex:4)
2024-07-27 21:02:50,681 [INFO] PluginManage:310 - Check plugin projectmanager
2024-07-27 21:02:50,693 [INFO] PluginManage:359 - Loaded plugin projectmanager (category:projectmanager,tabindex:3)
2024-07-27 21:02:50,694 [INFO] PluginManage:310 - Check plugin thirdparty
2024-07-27 21:02:50,809 [WARN] IntegrityCheckThread:84 - waiting for thirdparty lock release [integrity check]
2024-07-27 21:02:50,809 [INFO] PluginManage:359 - Loaded plugin thirdparty (category:base,tabindex:-1)
2024-07-27 21:02:50,810 [INFO] IntegrityCheckThread:86 - entering critical section [integrity check]
2024-07-27 21:02:50,810 [INFO] PluginManage:310 - Check plugin tools
2024-07-27 21:02:50,810 [INFO] ThirdPartyUpdaterWithRetryManager:70 - Updater plugin not ready yet. [1/15]
2024-07-27 21:02:50,812 [INFO] PluginManage:359 - Loaded plugin tools (category:base,tabindex:7)
2024-07-27 21:02:50,812 [INFO] PluginManage:310 - Check plugin tutovideos
2024-07-27 21:02:50,978 [INFO] PluginManage:359 - Loaded plugin tutovideos (category:base,tabindex:-1)
2024-07-27 21:02:50,978 [INFO] PluginManage:310 - Check plugin updater
2024-07-27 21:02:50,988 [INFO] PluginManage:359 - Loaded plugin updater (category:base,tabindex:12)
2024-07-27 21:02:50,988 [INFO] PluginManage:310 - Check plugin userauth
2024-07-27 21:02:50,993 [INFO] UserAuth:113 - Init User Auth plugin
2024-07-27 21:02:50,993 [INFO] PluginManage:359 - Loaded plugin userauth (category:base,tabindex:14)
2024-07-27 21:02:50,993 [INFO] PluginManage:283 - PluginManage : Loaded plugins [17]
2024-07-27 21:02:51,173 [INFO] PinOutPanel:1499 - setPackage(No Configuration,No Configuration)
2024-07-27 21:02:51,222 [ERROR] ConfigurationRetriever:142 - IOException on connection: Read timed out
2024-07-27 21:02:51,248 [INFO] CADModel:165 - CPN selected for project level
2024-07-27 21:02:51,249 [INFO] CADModel:114 - Register for checkConnection events
2024-07-27 21:02:51,259 [INFO] IPUIPlugin:80 - create IPUIPlugin
2024-07-27 21:02:51,259 [INFO] PluginManager:220 - loadIPPluginJar : add touchsensing
2024-07-27 21:02:51,266 [INFO] IPUIPlugin:80 - create IPUIPlugin
2024-07-27 21:02:51,266 [INFO] PluginManager:220 - loadIPPluginJar : add adc
2024-07-27 21:02:51,267 [INFO] IPUIPlugin:80 - create IPUIPlugin
2024-07-27 21:02:51,267 [INFO] PluginManager:220 - loadIPPluginJar : add fatfs
2024-07-27 21:02:51,269 [INFO] IPUIPlugin:80 - create IPUIPlugin
2024-07-27 21:02:51,270 [INFO] PluginManager:220 - loadIPPluginJar : add ipddr
2024-07-27 21:02:51,272 [INFO] IPUIPlugin:80 - create IPUIPlugin
2024-07-27 21:02:51,272 [INFO] PluginManager:220 - loadIPPluginJar : add openamp
2024-07-27 21:02:51,274 [INFO] IPUIPlugin:80 - create IPUIPlugin
2024-07-27 21:02:51,274 [INFO] PluginManager:220 - loadIPPluginJar : add i3c
2024-07-27 21:02:51,276 [INFO] IPUIPlugin:80 - create IPUIPlugin
2024-07-27 21:02:51,277 [INFO] PluginManager:220 - loadIPPluginJar : add cryp
2024-07-27 21:02:51,280 [INFO] IPUIPlugin:80 - create IPUIPlugin
2024-07-27 21:02:51,281 [INFO] PluginManager:220 - loadIPPluginJar : add fmc
2024-07-27 21:02:51,283 [INFO] IPUIPlugin:80 - create IPUIPlugin
2024-07-27 21:02:51,283 [INFO] PluginManager:220 - loadIPPluginJar : add tsc
2024-07-27 21:02:51,284 [INFO] IPUIPlugin:80 - create IPUIPlugin
2024-07-27 21:02:51,284 [INFO] PluginManager:220 - loadIPPluginJar : add ltdc
2024-07-27 21:02:51,287 [INFO] IPUIPlugin:80 - create IPUIPlugin
2024-07-27 21:02:51,287 [INFO] PluginManager:220 - loadIPPluginJar : add nvic
2024-07-27 21:02:51,289 [INFO] IPUIPlugin:80 - create IPUIPlugin
2024-07-27 21:02:51,289 [INFO] PluginManager:220 - loadIPPluginJar : add dma3
2024-07-27 21:02:51,290 [INFO] IPUIPlugin:80 - create IPUIPlugin
2024-07-27 21:02:51,290 [INFO] PluginManager:220 - loadIPPluginJar : add ucpd
2024-07-27 21:02:51,295 [INFO] IPUIPlugin:80 - create IPUIPlugin
2024-07-27 21:02:51,296 [INFO] PluginManager:220 - loadIPPluginJar : add freertos
2024-07-27 21:02:51,298 [INFO] IPUIPlugin:80 - create IPUIPlugin
2024-07-27 21:02:51,298 [INFO] PluginManager:220 - loadIPPluginJar : add dfsdm
2024-07-27 21:02:51,299 [INFO] IPUIPlugin:80 - create IPUIPlugin
2024-07-27 21:02:51,300 [INFO] PluginManager:220 - loadIPPluginJar : add aes
2024-07-27 21:02:51,305 [INFO] IPUIPlugin:80 - create IPUIPlugin
2024-07-27 21:02:51,306 [INFO] PluginManager:220 - loadIPPluginJar : add linkedlist
2024-07-27 21:02:51,311 [INFO] IPUIPlugin:80 - create IPUIPlugin
2024-07-27 21:02:51,312 [INFO] PluginManager:220 - loadIPPluginJar : add gic
2024-07-27 21:02:51,313 [INFO] IPUIPlugin:80 - create IPUIPlugin
2024-07-27 21:02:51,313 [INFO] PluginManager:220 - loadIPPluginJar : add genericplugin
2024-07-27 21:02:51,315 [INFO] IPUIPlugin:80 - create IPUIPlugin
2024-07-27 21:02:51,316 [INFO] PluginManager:220 - loadIPPluginJar : add resmgrutility
2024-07-27 21:02:51,317 [INFO] IPUIPlugin:80 - create IPUIPlugin
2024-07-27 21:02:51,317 [INFO] PluginManager:220 - loadIPPluginJar : add gfxmmu
2024-07-27 21:02:51,318 [INFO] IPUIPlugin:80 - create IPUIPlugin
2024-07-27 21:02:51,318 [INFO] PluginManager:220 - loadIPPluginJar : add comp
2024-07-27 21:02:51,319 [INFO] IPUIPlugin:80 - create IPUIPlugin
2024-07-27 21:02:51,320 [INFO] PluginManager:220 - loadIPPluginJar : add i2s
2024-07-27 21:02:51,321 [INFO] IPUIPlugin:80 - create IPUIPlugin
2024-07-27 21:02:51,321 [INFO] PluginManager:220 - loadIPPluginJar : add ts
2024-07-27 21:02:51,323 [INFO] IPUIPlugin:80 - create IPUIPlugin
2024-07-27 21:02:51,323 [INFO] PluginManager:220 - loadIPPluginJar : add pdm2pcm
2024-07-27 21:02:51,325 [INFO] IPUIPlugin:80 - create IPUIPlugin
2024-07-27 21:02:51,325 [INFO] PluginManager:220 - loadIPPluginJar : add gtzc
2024-07-27 21:02:51,328 [INFO] IPUIPlugin:80 - create IPUIPlugin
2024-07-27 21:02:51,328 [INFO] PluginManager:220 - loadIPPluginJar : add can
2024-07-27 21:02:51,329 [INFO] IPUIPlugin:80 - create IPUIPlugin
2024-07-27 21:02:51,329 [INFO] PluginManager:220 - loadIPPluginJar : add tracer_emb
2024-07-27 21:02:51,331 [INFO] IPUIPlugin:80 - create IPUIPlugin
2024-07-27 21:02:51,331 [INFO] PluginManager:220 - loadIPPluginJar : add usart
2024-07-27 21:02:51,334 [INFO] IPUIPlugin:80 - create IPUIPlugin
2024-07-27 21:02:51,334 [INFO] PluginManager:220 - loadIPPluginJar : add gpio
2024-07-27 21:02:51,335 [INFO] IPUIPlugin:80 - create IPUIPlugin
2024-07-27 21:02:51,335 [INFO] PluginManager:220 - loadIPPluginJar : add spi
2024-07-27 21:02:51,340 [INFO] IPUIPlugin:80 - create IPUIPlugin
2024-07-27 21:02:51,344 [INFO] PluginManager:220 - loadIPPluginJar : add plateformsettings
2024-07-27 21:02:51,346 [INFO] IPUIPlugin:80 - create IPUIPlugin
2024-07-27 21:02:51,346 [INFO] PluginManager:220 - loadIPPluginJar : add tim
2024-07-27 21:02:51,349 [INFO] IPUIPlugin:80 - create IPUIPlugin
2024-07-27 21:02:51,350 [INFO] PluginManager:220 - loadIPPluginJar : add stm32_wpan
2024-07-27 21:02:51,351 [INFO] IPUIPlugin:80 - create IPUIPlugin
2024-07-27 21:02:51,352 [INFO] PluginManager:220 - loadIPPluginJar : add opamp
2024-07-27 21:02:51,353 [INFO] IPUIPlugin:80 - create IPUIPlugin
2024-07-27 21:02:51,354 [INFO] PluginManager:220 - loadIPPluginJar : add i2c
2024-07-27 21:02:51,360 [INFO] IPUIPlugin:80 - create IPUIPlugin
2024-07-27 21:02:51,361 [INFO] PluginManager:220 - loadIPPluginJar : add mdma
2024-07-27 21:02:51,364 [INFO] IPUIPlugin:80 - create IPUIPlugin
2024-07-27 21:02:51,365 [INFO] PluginManager:220 - loadIPPluginJar : add usbx
2024-07-27 21:02:51,367 [INFO] IPUIPlugin:80 - create IPUIPlugin
2024-07-27 21:02:51,367 [INFO] PluginManager:220 - loadIPPluginJar : add lorawan
2024-07-27 21:02:51,371 [INFO] IPUIPlugin:80 - create IPUIPlugin
2024-07-27 21:02:51,372 [INFO] PluginManager:220 - loadIPPluginJar : add dma
2024-07-27 21:02:51,373 [INFO] IPUIPlugin:80 - create IPUIPlugin
2024-07-27 21:02:51,374 [INFO] PluginManager:220 - loadIPPluginJar : add hash
2024-07-27 21:02:51,375 [INFO] IPUIPlugin:80 - create IPUIPlugin
2024-07-27 21:02:51,375 [INFO] PluginManager:220 - loadIPPluginJar : add quadspi
2024-07-27 21:02:51,378 [INFO] IPUIPlugin:80 - create IPUIPlugin
2024-07-27 21:02:51,378 [INFO] PluginManager:220 - loadIPPluginJar : add sai
2024-07-27 21:02:51,474 [INFO] CADModel:165 - CPN selected for project level
2024-07-27 21:02:51,474 [INFO] CADModel:114 - Register for checkConnection events
2024-07-27 21:02:51,475 [FATAL] Updater:308 - Updater called before beeing initialized
2024-07-27 21:02:51,475 [ERROR] CADModel:125 - Updater not yet initialized, retry later 
2024-07-27 21:02:51,711 [INFO] CADModel:165 - CPN selected for project level
2024-07-27 21:02:51,711 [INFO] CADModel:114 - Register for checkConnection events
2024-07-27 21:02:51,711 [FATAL] Updater:308 - Updater called before beeing initialized
2024-07-27 21:02:51,711 [ERROR] CADModel:125 - Updater not yet initialized, retry later 
2024-07-27 21:02:51,716 [FATAL] Updater:308 - Updater called before beeing initialized
2024-07-27 21:02:51,861 [FATAL] Updater:308 - Updater called before beeing initialized
2024-07-27 21:02:51,870 [INFO] DbMcusAds:53 - JSON generation date=Thu May 16 05:22:00 EDT 2024 (1715851320852)
2024-07-27 21:02:51,870 [FATAL] Updater:308 - Updater called before beeing initialized
2024-07-27 21:02:51,909 [WARN] DetailPanel:346 - Failed to get advertising image, set to default
2024-07-27 21:02:51,993 [FATAL] Updater:308 - Updater called before beeing initialized
2024-07-27 21:02:51,995 [FATAL] Updater:308 - Updater called before beeing initialized
2024-07-27 21:02:51,995 [FATAL] Updater:308 - Updater called before beeing initialized
2024-07-27 21:02:51,995 [WARN] DetailPanel:346 - Failed to get advertising image, set to default
2024-07-27 21:02:51,996 [FATAL] Updater:308 - Updater called before beeing initialized
2024-07-27 21:02:52,031 [ERROR] Updater:1120 - MainUpdater not yet initialized. External WinMGr cannot be set.
2024-07-27 21:02:52,033 [INFO] Updater:1056 - Updater Version found : 6.9.2
2024-07-27 21:02:52,053 [INFO] ApplicationProperties:184 - Using Application install path: /opt/st/stm32cubeide_1.13.2/plugins/com.st.stm32cube.common.mx_6.9.2.202309101412
2024-07-27 21:02:53,244 [ERROR] ConfigurationRetriever:142 - IOException on connection: Read timed out
2024-07-27 21:02:53,548 [INFO] MainUpdater:2868 - connection check result : 10
2024-07-27 21:02:53,548 [INFO] MainUpdater:3562 - Updater definition file requires update
2024-07-27 21:02:53,549 [INFO] MainUpdater:285 - Updater Check For Update Now.
2024-07-27 21:02:53,549 [INFO] MicroXplorer:498 - Change Database Version : DB.6.0.92
2024-07-27 21:02:53,552 [INFO] McuFinderGlobals:63 - Set McuFinder mode to 2 (CubeIDE integrated)
2024-07-27 21:02:53,601 [INFO] ServerAccessManage:473 - Download File updaters.zip
2024-07-27 21:02:53,682 [INFO] FileExtend:240 - Unzip File : updaters.zip
2024-07-27 21:02:53,682 [INFO] FileExtend:255 - Standard Zip Deflate
2024-07-27 21:02:53,810 [WARN] MainUpdater:1189 - Updater busy. Cannot search thirdparties
2024-07-27 21:02:53,811 [INFO] ThirdPartyUpdaterWithRetryManager:96 - Updater plugin is busy. [1/15]
2024-07-27 21:02:53,861 [INFO] ServerAccessManage:473 - Download File PacksControlFlags.xml
2024-07-27 21:02:53,933 [INFO] ServerAccessManage:473 - Download File cubemx.pidx
2024-07-27 21:02:54,515 [INFO] ServerAccessManage:473 - Download File STMicroelectronics.X-CUBE-TOF1.pdsc
2024-07-27 21:02:55,202 [ERROR] ServerAccessManage:1089 - Problem, file not found on Server
2024-07-27 21:02:55,555 [WARN] PopulateThirdPartyThread:106 - Error when creating pack: /home/ebenezer/.stm32cubemx/thirdparties/pdsc/STMicroelectronics.X-CUBE-TOF1.pdsc
2024-07-27 21:02:55,555 [INFO] PopulateThirdPartyThread:66 - Ending populate Thread
2024-07-27 21:02:55,555 [INFO] LoadServerUpdatesThread:373 - End of LoadServerUpdate Thread
2024-07-27 21:02:55,702 [INFO] CheckServerUpdateThread:120 - End of CheckServer Thread
2024-07-27 21:02:56,896 [WARN] PackLoader:240 - Cannot read IP mode file for STMicroelectronics.FP-SNS-MOTENVWB1.1.4.0
2024-07-27 21:02:56,906 [WARN] PackLoader:240 - Cannot read IP mode file for STMicroelectronics.X-CUBE-SMBUS.2.1.0
2024-07-27 21:02:56,910 [WARN] PackLoader:240 - Cannot read IP mode file for STMicroelectronics.X-CUBE-TOUCHGFX.4.23.0
2024-07-27 21:02:56,912 [WARN] PackLoader:240 - Cannot read IP mode file for STMicroelectronics.X-CUBE-TOUCHGFX.4.23.2
2024-07-27 21:02:56,934 [WARN] PackLoader:240 - Cannot read IP mode file for STMicroelectronics.X-CUBE-AZRTOS-F7.1.1.0
2024-07-27 21:02:56,941 [WARN] PackLoader:240 - Cannot read IP mode file for STMicroelectronics.FP-SNS-MOTENV1.4.3.2
2024-07-27 21:02:56,946 [WARN] PackLoader:240 - Cannot read IP mode file for STMicroelectronics.FP-SNS-FLIGHT1.5.0.2
2024-07-27 21:02:56,952 [WARN] PackLoader:240 - Cannot read IP mode file for STMicroelectronics.X-CUBE-DISPLAY.3.0.0
2024-07-27 21:02:56,963 [WARN] PackLoader:240 - Cannot read IP mode file for STMicroelectronics.X-CUBE-BLE1.7.0.0
2024-07-27 21:02:56,967 [WARN] PackLoader:240 - Cannot read IP mode file for emotas.I-CUBE-CANOPEN.1.3.0
2024-07-27 21:02:56,969 [WARN] PackLoader:240 - Cannot read IP mode file for STMicroelectronics.X-CUBE-TOUCHGFX.4.22.0
2024-07-27 21:02:56,971 [WARN] PackLoader:240 - Cannot read IP mode file for STMicroelectronics.X-CUBE-TOUCHGFX.4.22.1
2024-07-27 21:02:56,979 [WARN] PackLoader:240 - Cannot read IP mode file for STMicroelectronics.X-CUBE-BLEMGR.3.1.0
2024-07-27 21:02:56,985 [WARN] PackLoader:240 - Cannot read IP mode file for STMicroelectronics.FP-SNS-SMARTAG2.1.2.0
2024-07-27 21:02:56,993 [INFO] LogOutputStream:77 - [STDOUT_REDIRECT] 1 : Invalid condition id : UX_CORESTACK_Condition cause : null
2024-07-27 21:02:56,993 [INFO] LogOutputStream:77 - [STDOUT_REDIRECT] 1 : Invalid condition id : UX_CORESTACK_Condition cause : null
2024-07-27 21:02:56,994 [INFO] LogOutputStream:77 - [STDOUT_REDIRECT] 1 : Invalid condition id : UX_CORESTACK_Condition cause : null
2024-07-27 21:02:56,994 [INFO] LogOutputStream:77 - [STDOUT_REDIRECT] 1 : Invalid condition id : UX_CORESTACK_Condition cause : null
2024-07-27 21:02:56,994 [INFO] LogOutputStream:77 - [STDOUT_REDIRECT] 1 : Invalid condition id : UX_CORESTACK_Condition cause : null
2024-07-27 21:02:56,998 [WARN] PackLoader:240 - Cannot read IP mode file for STMicroelectronics.X-CUBE-AZRTOS-WL.2.0.0
2024-07-27 21:02:57,002 [WARN] PackLoader:240 - Cannot read IP mode file for STMicroelectronics.FP-SNS-MOTENV1.5.0.0
2024-07-27 21:02:57,006 [WARN] PackLoader:240 - Cannot read IP mode file for wolfSSL.I-CUBE-wolfMQTT.1.19.0
2024-07-27 21:02:57,011 [WARN] PackLoader:240 - Cannot read IP mode file for WES.I-CUBE-Cesium.1.3.0
2024-07-27 21:02:57,015 [WARN] PackLoader:240 - Cannot read IP mode file for STMicroelectronics.X-CUBE-BLE2.3.3.0
2024-07-27 21:02:57,020 [WARN] PackLoader:240 - Cannot read IP mode file for STMicroelectronics.X-CUBE-TCPP.4.1.0
2024-07-27 21:02:57,027 [WARN] PackLoader:240 - Cannot read IP mode file for STMicroelectronics.X-CUBE-ALGOBUILD.1.3.0
2024-07-27 21:02:57,041 [WARN] PackLoader:240 - Cannot read IP mode file for STMicroelectronics.X-CUBE-AZRTOS-G0.1.1.0
2024-07-27 21:02:57,048 [WARN] PackLoader:240 - Cannot read IP mode file for STMicroelectronics.X-CUBE-SAFEA1.1.2.2
2024-07-27 21:02:57,052 [WARN] PackLoader:240 - Cannot read IP mode file for STMicroelectronics.X-CUBE-NFC4.3.0.0
2024-07-27 21:02:57,055 [ERROR] Engine:466 - /home/ebenezer/.stm32cubemx/thirdparties/pdsc/EmbeddedOffice.I-CUBE-FS-RTOS.1.0.1.pdsc: PDSC version is not supported
2024-07-27 21:02:57,062 [WARN] PackLoader:240 - Cannot read IP mode file for STMicroelectronics.X-CUBE-BLEMGR.3.0.0
2024-07-27 21:02:57,066 [ERROR] Engine:466 - /home/ebenezer/.stm32cubemx/thirdparties/pdsc/RealThread.X-CUBE-RT-Thread_Nano.4.1.1.pdsc: PDSC version is not supported
2024-07-27 21:02:57,068 [WARN] PackLoader:240 - Cannot read IP mode file for STMicroelectronics.FP-ATR-SIGFOX1.3.2.0
2024-07-27 21:02:57,072 [WARN] PackLoader:240 - Cannot read IP mode file for STMicroelectronics.X-CUBE-EEPRMA1.5.1.0
2024-07-27 21:02:57,103 [WARN] PackLoader:240 - Cannot read IP mode file for SEGGER.I-CUBE-embOS.1.3.1
2024-07-27 21:02:57,149 [WARN] PackLoader:240 - Cannot read IP mode file for STMicroelectronics.X-CUBE-ALGOBUILD.1.4.0
2024-07-27 21:02:57,153 [WARN] PackLoader:240 - Cannot read IP mode file for STMicroelectronics.X-CUBE-GNSS1.6.0.0
2024-07-27 21:02:57,168 [WARN] PackLoader:240 - Cannot read IP mode file for STMicroelectronics.X-CUBE-AZRTOS-F4.1.1.0
2024-07-27 21:02:57,173 [WARN] PackLoader:240 - Cannot read IP mode file for wolfSSL.I-CUBE-wolfSSL.5.6.3
2024-07-27 21:02:57,176 [WARN] PackLoader:240 - Cannot read IP mode file for STMicroelectronics.X-CUBE-FREERTOS.1.2.0
2024-07-27 21:02:57,191 [WARN] PackLoader:240 - Cannot read IP mode file for STMicroelectronics.X-CUBE-AZRTOS-L5.2.0.0
2024-07-27 21:02:57,233 [WARN] PackLoader:240 - Cannot read IP mode file for STMicroelectronics.X-CUBE-MEMS1.9.6.0
2024-07-27 21:02:57,395 [WARN] PackLoader:240 - Cannot read IP mode file for STMicroelectronics.X-CUBE-EEPRMA1.4.2.0
2024-07-27 21:02:57,403 [WARN] PackLoader:240 - Cannot read IP mode file for STMicroelectronics.X-CUBE-NFC6.3.1.0
2024-07-27 21:02:57,409 [WARN] PackLoader:240 - Cannot read IP mode file for ITTIA_DB.I-CUBE-ITTIADB.8.8.0
2024-07-27 21:02:57,419 [WARN] PackLoader:240 - Cannot read IP mode file for STMicroelectronics.X-CUBE-BLEMGR.2.0.0
2024-07-27 21:02:57,423 [ERROR] Engine:466 - /home/ebenezer/.stm32cubemx/thirdparties/pdsc/STMicroelectronics.X-CUBE-DPower.1.2.0.pdsc: PDSC version is not supported
2024-07-27 21:02:57,426 [WARN] PackLoader:240 - Cannot read IP mode file for STMicroelectronics.X-CUBE-AI.9.0.0
2024-07-27 21:02:57,445 [WARN] ConditionMgr:438 - getConditionDescription Invalid condition id : UX DEVICE CLASS RTOS Condition cause : null
2024-07-27 21:02:57,446 [WARN] ConditionMgr:438 - getConditionDescription Invalid condition id : UX DEVICE CLASS RTOS Condition cause : null
2024-07-27 21:02:57,451 [WARN] PackLoader:240 - Cannot read IP mode file for STMicroelectronics.X-CUBE-AZRTOS-H7.3.1.0
2024-07-27 21:02:57,452 [WARN] ConditionMgr:1039 - genDependencies : Invalid condition id : UX DEVICE CLASS RTOS Condition cause : null
2024-07-27 21:02:57,453 [WARN] ConditionMgr:1039 - genDependencies : Invalid condition id : UX DEVICE CLASS RTOS Condition cause : null
2024-07-27 21:02:57,454 [WARN] ConditionMgr:1039 - genDependencies : Invalid condition id : UX DEVICE CLASS RTOS Condition cause : null
2024-07-27 21:02:57,454 [WARN] ConditionMgr:1039 - genDependencies : Invalid condition id : UX DEVICE CLASS RTOS Condition cause : null
2024-07-27 21:02:57,455 [WARN] ConditionMgr:1039 - genDependencies : Invalid condition id : UX DEVICE CLASS RTOS Condition cause : null
2024-07-27 21:02:57,460 [WARN] PackLoader:240 - Cannot read IP mode file for STMicroelectronics.X-CUBE-NFC7.1.0.1
2024-07-27 21:02:57,465 [WARN] PackLoader:240 - Cannot read IP mode file for wolfSSL.I-CUBE-wolfTPM.3.2.0
2024-07-27 21:02:57,472 [WARN] PackLoader:240 - Cannot read IP mode file for STMicroelectronics.X-CUBE-NFC6.3.0.0
2024-07-27 21:02:57,479 [WARN] PackLoader:240 - Cannot read IP mode file for STMicroelectronics.X-CUBE-EEPRMA1.4.1.0
2024-07-27 21:02:57,483 [WARN] PackLoader:240 - Cannot read IP mode file for STMicroelectronics.X-CUBE-AI.8.1.0
2024-07-27 21:02:57,503 [WARN] ConditionMgr:438 - getConditionDescription Invalid condition id : LAN8742 Phy interface Condition cause : null
2024-07-27 21:02:57,504 [WARN] PackLoader:240 - Cannot read IP mode file for STMicroelectronics.X-CUBE-AZRTOS-L4.2.0.0
2024-07-27 21:02:57,505 [WARN] ConditionMgr:1039 - genDependencies : Invalid condition id : LAN8742 Phy interface Condition cause : null
2024-07-27 21:02:57,505 [WARN] ConditionMgr:1039 - genDependencies : Invalid condition id : LAN8742 Phy interface Condition cause : null
2024-07-27 21:02:57,506 [WARN] ConditionMgr:1039 - genDependencies : Invalid condition id : LAN8742 Phy interface Condition cause : null
2024-07-27 21:02:57,513 [WARN] PackLoader:240 - Cannot read IP mode file for STMicroelectronics.X-CUBE-SFXS2LP1.4.0.0
2024-07-27 21:02:57,518 [WARN] PackLoader:240 - Cannot read IP mode file for STMicroelectronics.X-CUBE-ISPU.1.1.0
2024-07-27 21:02:57,532 [WARN] ConditionMgr:438 - getConditionDescription Invalid condition id : UX DEVICE CLASS RTOS Condition cause : null
2024-07-27 21:02:57,533 [WARN] ConditionMgr:438 - getConditionDescription Invalid condition id : UX DEVICE CLASS RTOS Condition cause : null
2024-07-27 21:02:57,536 [WARN] PackLoader:240 - Cannot read IP mode file for STMicroelectronics.X-CUBE-AZRTOS-WB.2.0.0
2024-07-27 21:02:57,537 [WARN] ConditionMgr:1039 - genDependencies : Invalid condition id : UX DEVICE CLASS RTOS Condition cause : null
2024-07-27 21:02:57,537 [WARN] ConditionMgr:1039 - genDependencies : Invalid condition id : UX DEVICE CLASS RTOS Condition cause : null
2024-07-27 21:02:57,538 [WARN] ConditionMgr:1039 - genDependencies : Invalid condition id : UX DEVICE CLASS RTOS Condition cause : null
2024-07-27 21:02:57,538 [WARN] ConditionMgr:1039 - genDependencies : Invalid condition id : UX DEVICE CLASS RTOS Condition cause : null
2024-07-27 21:02:57,538 [WARN] ConditionMgr:1039 - genDependencies : Invalid condition id : UX DEVICE CLASS RTOS Condition cause : null
2024-07-27 21:02:57,543 [ERROR] Engine:466 - /home/ebenezer/.stm32cubemx/thirdparties/pdsc/STMicroelectronics.FP-SNS-STBOX1.2.0.0.pdsc: PDSC version is not supported
2024-07-27 21:02:57,553 [WARN] PackLoader:240 - Cannot read IP mode file for STMicroelectronics.X-CUBE-SUBG2.5.0.0
2024-07-27 21:02:57,570 [WARN] PackLoader:240 - Cannot read IP mode file for STMicroelectronics.X-CUBE-TOF1.3.3.1
2024-07-27 21:02:57,596 [WARN] PackLoader:240 - Cannot read IP mode file for STMicroelectronics.X-CUBE-AZRTOS-G4.2.0.0
2024-07-27 21:02:57,610 [WARN] PackLoader:240 - Cannot read IP mode file for Infineon.AIROC-Wi-Fi-Bluetooth-STM32.1.5.1
2024-07-27 21:02:57,617 [WARN] PackLoader:240 - Cannot read IP mode file for STMicroelectronics.FP-SNS-MOTENVWB1.1.3.0
2024-07-27 21:02:57,621 [WARN] PackLoader:240 - Cannot read IP mode file for STMicroelectronics.FP-SNS-MOTENVWB1.1.3.1
2024-07-27 21:02:57,625 [WARN] PackLoader:240 - Cannot read IP mode file for STMicroelectronics.X-CUBE-ISPU.2.0.0
2024-07-27 21:02:57,628 [WARN] PackLoader:240 - Cannot read IP mode file for STMicroelectronics.X-CUBE-ALS.1.0.2
2024-07-27 21:02:57,664 [WARN] PackLoader:240 - Cannot read IP mode file for STMicroelectronics.X-CUBE-MEMS1.10.0.0
2024-07-27 21:02:57,760 [WARN] PackLoader:240 - Cannot read IP mode file for STMicroelectronics.X-CUBE-FREERTOS.1.1.0
2024-07-27 21:02:57,761 [WARN] PackLoader:240 - Cannot read IP mode file for STMicroelectronics.X-CUBE-TOUCHGFX.4.24.0
2024-07-27 21:02:57,764 [WARN] PackLoader:240 - Cannot read IP mode file for portGmbH.I-Cube-SoM-uGOAL.1.1.0
2024-07-27 21:02:57,767 [WARN] PackLoader:240 - Cannot read IP mode file for STMicroelectronics.X-CUBE-ALS.1.0.1
2024-07-27 21:02:57,780 [WARN] PackLoader:240 - Cannot read IP mode file for STMicroelectronics.X-CUBE-AZRTOS-H7RS.1.0.0
2024-07-27 21:02:57,784 [WARN] PackLoader:240 - Cannot read IP mode file for STMicroelectronics.FP-ATR-ASTRA1.2.0.0
2024-07-27 21:02:57,787 [ERROR] Engine:466 - /home/ebenezer/.stm32cubemx/thirdparties/pdsc/STMicroelectronics.X-CUBE-TOF1.3.4.2.pdsc: PDSC version is not supported
2024-07-27 21:02:57,794 [WARN] PackLoader:240 - Cannot read IP mode file for STMicroelectronics.X-CUBE-TOF1.3.4.0
2024-07-27 21:02:57,808 [WARN] PackLoader:240 - Cannot read IP mode file for STMicroelectronics.X-CUBE-TOF1.3.4.1
2024-07-27 21:02:57,830 [WARN] PackLoader:240 - Cannot read IP mode file for STMicroelectronics.X-CUBE-AZRTOS-H7.3.2.0
2024-07-27 21:02:57,834 [WARN] PackLoader:240 - Cannot read IP mode file for wolfSSL.I-CUBE-wolfSSH.1.4.17
2024-07-27 21:02:57,834 [INFO] ThirdParty:978 - Integrity check success = true
2024-07-27 21:02:57,834 [INFO] IntegrityCheckThread:100 - exiting critical section [integrity check]
2024-07-27 21:02:57,834 [INFO] IntegrityCheckThread:103 - End integrity checks thread
2024-07-27 21:03:15,837 [ERROR] LogOutputStream:75 - [STDERR_REDIRECT] SLF4J: Failed to load class "org.slf4j.impl.StaticLoggerBinder".
2024-07-27 21:03:15,837 [ERROR] LogOutputStream:75 - [STDERR_REDIRECT] SLF4J: Defaulting to no-operation (NOP) logger implementation
2024-07-27 21:03:15,838 [ERROR] LogOutputStream:75 - [STDERR_REDIRECT] SLF4J: See http://www.slf4j.org/codes.html#StaticLoggerBinder for further details.
