2024-06-18 23:37:46,031 [INFO] McuFinderGlobals:63 - Set McuFinder mode to 2 (CubeIDE integrated)
2024-06-18 23:37:46,207 [INFO] MainUpdater:2868 - connection check result : 10
2024-06-18 23:37:46,209 [INFO] McuFinderGlobals:76 - Set McuFinderConnectedMode to true
2024-06-18 23:37:48,044 [INFO] ServerAccessManage:473 - Download File mcusAds.json._tmp_
2024-06-18 23:37:48,162 [INFO] LoadUrlFilesThread:156 - End of LoadUrlFiles Thread
2024-06-18 23:37:49,129 [INFO] ServerAccessManage:473 - Download File cube-finder-db.zip
2024-06-18 23:37:50,191 [INFO] FileExtend:240 - Unzip File : cube-finder-db.zip
2024-06-18 23:37:50,192 [INFO] FileExtend:255 - Standard Zip Deflate
2024-06-18 23:37:50,921 [INFO] LoadUrlFilesThread:156 - End of LoadUrlFiles Thread
2024-06-18 23:37:52,911 [INFO] ServerAccessManage:473 - Download File crdb.zip
2024-06-18 23:37:53,463 [INFO] FileExtend:240 - Unzip File : crdb.zip
2024-06-18 23:37:53,463 [INFO] FileExtend:255 - Standard Zip Deflate
2024-06-18 23:37:53,585 [INFO] LoadUrlFilesThread:156 - End of LoadUrlFiles Thread
2024-06-18 23:37:54,420 [INFO] ServerAccessManage:473 - Download File tutoVideoDB.zip
2024-06-18 23:37:54,422 [INFO] FileExtend:240 - Unzip File : tutoVideoDB.zip
2024-06-18 23:37:54,422 [INFO] FileExtend:255 - Standard Zip Deflate
2024-06-18 23:37:54,527 [INFO] LoadUrlFilesThread:156 - End of LoadUrlFiles Thread
2024-06-18 23:37:54,531 [WARN] DbFile:41 - Overriding database path with different value: /home/ebenezer/.stmcufinder/plugins/mcufinder/ => /home/ebenezer/.stmcufinder/plugins/mcufinder
2024-06-18 23:37:55,014 [INFO] ServerAccessManage:473 - Download File api_config.json
2024-06-18 23:37:55,117 [INFO] LoadUrlFilesThread:156 - End of LoadUrlFiles Thread
2024-06-18 23:37:55,117 [INFO] DbMcusAds:53 - JSON generation date=Thu May 16 05:22:00 EDT 2024 (1715851320852)
2024-06-18 23:37:55,144 [INFO] LoadUrlFilesThread:185 - End of LoadServerUrlFiles without Thread
2024-06-18 23:37:55,145 [INFO] TargetSelectorAdapter:259 - Refresh data is successful
2024-06-18 23:37:55,251 [INFO] ApiDb:581 - Connected to CubeFinder SQLite database (/home/ebenezer/.stmcufinder/plugins/mcufinder/mcu/cube-finder-db.db)
2024-06-18 23:37:55,320 [INFO] ApiDb:668 - CubeFinder database Data Model version=2.1
2024-06-18 23:37:55,320 [INFO] ApiDb:669 - CubeFinder database Configuration version=3.0.39
2024-06-18 23:37:55,322 [INFO] ApiDb:670 - CubeFinder database generation date=2024-06-06 (1717689626)
2024-06-18 23:37:55,322 [INFO] ApiDb:671 - CubeFinder database FW Pack versions=[FP-ATR-ASTRA1_V2.0.0, FP-SNS-FLIGHT1_V5.0.2, FP-SNS-MOTENV1_V5.0.0, FP-SNS-MOTENVWB1_V1.4.0, FP-SNS-SMARTAG2_V1.2.0, STM32Cube_FW_C0_V1.2.0, STM32Cube_FW_F4_V1.28.0, STM32Cube_FW_F7_V1.17.2, STM32Cube_FW_G0_V1.6.2, STM32Cube_FW_G4_V1.6.0, STM32Cube_FW_H5_V1.3.0, STM32Cube_FW_H7RS_V1.1.0, STM32Cube_FW_H7_V1.11.2, STM32Cube_FW_L0_V1.12.2, STM32Cube_FW_L5_V1.5.1, STM32Cube_FW_U0_V1.1.0, STM32Cube_FW_U5_V1.6.0, STM32Cube_FW_WB0_V1.0.0, STM32Cube_FW_WBA_V1.4.0, STM32Cube_FW_WB_V1.20.0, STM32Cube_FW_WL_V1.3.0, X-CUBE-ALGOBUILD_V1.4.0, X-CUBE-ALS_V1.0.2, X-CUBE-AZRTOS-F4_V1.1.0, X-CUBE-AZRTOS-F7_V1.1.0, X-CUBE-AZRTOS-G0_V1.1.0, X-CUBE-AZRTOS-G4_V2.0.0, X-CUBE-AZRTOS-H7RS_V1.0.0, X-CUBE-AZRTOS-H7_V3.2.0, X-CUBE-AZRTOS-L4_V2.0.0, X-CUBE-AZRTOS-L5_V1.1.0, X-CUBE-AZRTOS-WB_V2.0.0, X-CUBE-AZRTOS-WL_V2.0.0, X-CUBE-BLE1_V7.0.0, X-CUBE-BLE2_V3.3.0, X-CUBE-BLEMGR_V3.1.0, X-CUBE-EEPRMA1_V5.1.0, X-CUBE-FREERTOS_V1.2.0, X-CUBE-GNSS1_V6.0.0, X-CUBE-MEMS1_V10.0.0, X-CUBE-NFC4_V3.0.0, X-CUBE-NFC7_V1.0.1, X-CUBE-SFXS2LP1_V4.0.0, X-CUBE-SUBG2_V5.0.0, X-CUBE-TOF1_V3.4.1]
2024-06-18 23:37:57,353 [INFO] ApiDb:240 - Found 323 in-development CPN: [B-G473E-ZEST1S, B-WB1M-WPAN1, B-WL5M-SUBG1, NUCLEO-C031C6, NUCLEO-H503RB, NUCLEO-H563ZI, NUCLEO-U545RE-Q, NUCLEO-U5A5ZJ-Q, NUCLEO-WBA52CG, STEVAL-PROTEUS1, STEVAL-SMARTAG2, STEVAL-STWINBX1, STM320518-EVAL, STM32C0116-DK, STM32C011D6Y3TR, STM32C011D6Y6TR, STM32C011F4P3, STM32C011F4P6, STM32C011F4U3, STM32C011F4U6TR, STM32C011F6P3, STM32C011F6P6, STM32C011F6U3, STM32C011F6U6TR, STM32C011J4M3, STM32C011J4M6, STM32C011J6M3, STM32C011J6M6, STM32C0316-DK, STM32C031C4T3, STM32C031C4T6, STM32C031C4U3, STM32C031C4U6, STM32C031C6T3, STM32C031C6T6, STM32C031C6U3, STM32C031C6U6, STM32C031F4P3, STM32C031F4P6, STM32C031F6P3, STM32C031F6P6, STM32C031G4U3, STM32C031G4U6, STM32C031G6U3, STM32C031G6U6, STM32C031K4T3, STM32C031K4T6, STM32C031K4U3, STM32C031K4U6, STM32C031K6T3, STM32C031K6T6, STM32C031K6U3, STM32C031K6U6, STM32G071K8TXN, STM32G071K8UXN, STM32G081GBU6N, STM32G081KBT6N, STM32G081KBUXN, STM32G0B1CCT6N, STM32G0B1KCT6, STM32G0B1NEY6TR, STM32G0B1RCT6N, STM32G0C1CCT6, STM32G0C1CCT6N, STM32G0C1CCU6N, STM32G0C1CET6N, STM32G0C1CEU6N, STM32G0C1KCT6, STM32G0C1NEY6TR, STM32G0C1RCI6N, STM32G0C1RCT6N, STM32G0C1REI6N, STM32G0C1RET6N, STM32G0C1VCI6, STM32G0C1VEI6, STM32G471CCT6, STM32G471CCU6, STM32G471CET3, STM32G471CET6, STM32G471CEU3, STM32G471CEU6, STM32G471MCT6, STM32G471MET3, STM32G471MET6, STM32G471MEY6TR, STM32G471QCT6, STM32G471QET3, STM32G471RCT6, STM32G471RET3, STM32G471RET6, STM32G471VCH6, STM32G471VCI6, STM32G471VCT6, STM32G471VEH3, STM32G471VEH6, STM32G471VEI3, STM32G471VEI6, STM32G471VET3, STM32G471VET6, STM32G474CCT6, STM32H503CBT6, STM32H503CBU6, STM32H503EBY6TR, STM32H503KBU6, STM32H503RBT6, STM32H562AGI6, STM32H562AII6, STM32H562IGK6, STM32H562IGT6, STM32H562IIK6, STM32H562IIT6, STM32H562RGT6, STM32H562RGV6, STM32H562RIT6, STM32H562RIV6, STM32H562VGT6, STM32H562VIT6, STM32H562ZGT6, STM32H562ZIT6, STM32H563AGI6, STM32H563AII3Q, STM32H563AII6, STM32H563IGK6, STM32H563IGT6, STM32H563IIK3Q, STM32H563IIK6, STM32H563IIT3Q, STM32H563IIT6, STM32H563MIY3QTR, STM32H563RGT6, STM32H563RGV6, STM32H563RIT6, STM32H563RIV6, STM32H563VGT6, STM32H563VIT3Q, STM32H563VIT6, STM32H563ZGT6, STM32H563ZIT3Q, STM32H563ZIT6, STM32H573AII3Q, STM32H573AII6, STM32H573I-DK, STM32H573IIK3Q, STM32H573IIK6, STM32H573IIT3Q, STM32H573IIT6, STM32H573MIY3QTR, STM32H573RIT6, STM32H573RIV6, STM32H573VIT3Q, STM32H573VIT6, STM32H573ZIT3Q, STM32H573ZIT6, STM32L4R5QGI6STR, STM32MP131AAE3, STM32MP131AAF3, STM32MP131AAG3, STM32MP131CAE3, STM32MP131CAF3, STM32MP131CAG3, STM32MP131DAE7, STM32MP131DAF7, STM32MP131DAG7, STM32MP131FAE7, STM32MP131FAF7, STM32MP131FAG7, STM32MP133AAE3, STM32MP133AAF3, STM32MP133AAG3, STM32MP133CAE3, STM32MP133CAF3, STM32MP133CAG3, STM32MP133DAE7, STM32MP133DAF7, STM32MP133DAG7, STM32MP133FAE7, STM32MP133FAF7, STM32MP133FAG7, STM32MP135AAE3, STM32MP135AAF3, STM32MP135AAG3, STM32MP135CAE3, STM32MP135CAF3, STM32MP135CAG3, STM32MP135DAE7, STM32MP135DAF7, STM32MP135DAG7, STM32MP135F-DK, STM32MP135FAE7, STM32MP135FAF7, STM32MP135FAF7T, STM32MP135FAF7U, STM32MP135FAG7, STM32U535CBT6, STM32U535CBT6Q, STM32U535CBU6, STM32U535CBU6Q, STM32U535CCT6, STM32U535CCT6Q, STM32U535CCU6, STM32U535CCU6Q, STM32U535CET6, STM32U535CET6Q, STM32U535CEU6, STM32U535CEU6Q, STM32U535JEY6QTR, STM32U535NCY6QTR, STM32U535NEY6QTR, STM32U535RBI6, STM32U535RBI6Q, STM32U535RBT6, STM32U535RBT6Q, STM32U535RCI6, STM32U535RCI6Q, STM32U535RCT6, STM32U535RCT6Q, STM32U535REI6, STM32U535REI6Q, STM32U535RET6, STM32U535RET6Q, STM32U535VCI6, STM32U535VCI6Q, STM32U535VCT6, STM32U535VCT6Q, STM32U535VEI6, STM32U535VEI6Q, STM32U535VET6, STM32U535VET6Q, STM32U545CET6, STM32U545CET6Q, STM32U545CEU6, STM32U545CEU6Q, STM32U545JEY6QTR, STM32U545NEY6QTR, STM32U545REI6, STM32U545REI6Q, STM32U545RET6, STM32U545RET6Q, STM32U545VEI6, STM32U545VEI6Q, STM32U545VET6, STM32U545VET6Q, STM32U595AIH6, STM32U595AIH6Q, STM32U595AJH6, STM32U595AJH6Q, STM32U595QII6, STM32U595QII6Q, STM32U595QJI6, STM32U595QJI6Q, STM32U595RIT6, STM32U595RIT6Q, STM32U595RJT6, STM32U595RJT6Q, STM32U595VIT6, STM32U595VIT6Q, STM32U595VJT6, STM32U595VJT6Q, STM32U595ZIT6, STM32U595ZIT6Q, STM32U595ZIY6QTR, STM32U595ZJT6, STM32U595ZJT6Q, STM32U595ZJY6QTR, STM32U599BJY6QTR, STM32U599NIH6Q, STM32U599NJH6Q, STM32U599VIT6Q, STM32U599VJT6, STM32U599VJT6Q, STM32U599ZIT6Q, STM32U599ZIY6QTR, STM32U599ZJT6Q, STM32U599ZJY6QTR, STM32U5A5AJH6, STM32U5A5AJH6Q, STM32U5A5QJI6, STM32U5A5QJI6Q, STM32U5A5RJT6, STM32U5A5RJT6Q, STM32U5A5VJT6, STM32U5A5VJT6Q, STM32U5A5ZJT6, STM32U5A5ZJT6Q, STM32U5A5ZJY6QTR, STM32U5A9BJY6QTR, STM32U5A9J-DK, STM32U5A9NJH6Q, STM32U5A9VJT6Q, STM32U5A9ZJT6Q, STM32U5A9ZJY6QTR, STM32U5F7VIT6, STM32U5F7VIT6Q, STM32U5F7VJT6, STM32U5F7VJT6Q, STM32U5F9BJY6QTR, STM32U5F9NJH6Q, STM32U5F9VIT6Q, STM32U5F9VJT6Q, STM32U5F9ZIJ6QTR, STM32U5F9ZIT6Q, STM32U5F9ZJJ6QTR, STM32U5F9ZJT6Q, STM32U5G7VJT6, STM32U5G7VJT6Q, STM32U5G9BJY6QTR, STM32U5G9J-DK1, STM32U5G9J-DK2, STM32U5G9NJH6Q, STM32U5G9VJT6Q, STM32U5G9ZJJ6QTR, STM32U5G9ZJT6Q, STM32WB1MMCH6, STM32WBA52CEU6, STM32WBA52CEU6T, STM32WBA52CGU6, STM32WBA52CGU6T, STM32WBA52KEU6, STM32WBA52KEU6T, STM32WBA52KGU6, STM32WBA52KGU6T, STM32WL5MOCH6, STM32WL5MOCH6TR]
2024-06-18 23:37:57,361 [INFO] DbMcus:217 - Found 4212 MCUs, 4212 are supported
2024-06-18 23:37:57,374 [INFO] ApiDb:423 - Load user favorites file /home/ebenezer/.stm32cubeide/favorites.mcus.txt: 0 item(s)
2024-06-18 23:37:57,374 [INFO] ApiDb:427 - User favorites MCUs=[]
2024-06-18 23:37:57,374 [INFO] DbMcus:223 - Set 0 / 0 favorites MCUs
2024-06-18 23:37:57,776 [INFO] ApiDb:668 - CubeFinder database Data Model version=2.1
2024-06-18 23:37:57,776 [INFO] ApiDb:669 - CubeFinder database Configuration version=3.0.39
2024-06-18 23:37:57,777 [INFO] ApiDb:670 - CubeFinder database generation date=2024-06-06 (1717689626)
2024-06-18 23:37:57,777 [INFO] ApiDb:671 - CubeFinder database FW Pack versions=[FP-ATR-ASTRA1_V2.0.0, FP-SNS-FLIGHT1_V5.0.2, FP-SNS-MOTENV1_V5.0.0, FP-SNS-MOTENVWB1_V1.4.0, FP-SNS-SMARTAG2_V1.2.0, STM32Cube_FW_C0_V1.2.0, STM32Cube_FW_F4_V1.28.0, STM32Cube_FW_F7_V1.17.2, STM32Cube_FW_G0_V1.6.2, STM32Cube_FW_G4_V1.6.0, STM32Cube_FW_H5_V1.3.0, STM32Cube_FW_H7RS_V1.1.0, STM32Cube_FW_H7_V1.11.2, STM32Cube_FW_L0_V1.12.2, STM32Cube_FW_L5_V1.5.1, STM32Cube_FW_U0_V1.1.0, STM32Cube_FW_U5_V1.6.0, STM32Cube_FW_WB0_V1.0.0, STM32Cube_FW_WBA_V1.4.0, STM32Cube_FW_WB_V1.20.0, STM32Cube_FW_WL_V1.3.0, X-CUBE-ALGOBUILD_V1.4.0, X-CUBE-ALS_V1.0.2, X-CUBE-AZRTOS-F4_V1.1.0, X-CUBE-AZRTOS-F7_V1.1.0, X-CUBE-AZRTOS-G0_V1.1.0, X-CUBE-AZRTOS-G4_V2.0.0, X-CUBE-AZRTOS-H7RS_V1.0.0, X-CUBE-AZRTOS-H7_V3.2.0, X-CUBE-AZRTOS-L4_V2.0.0, X-CUBE-AZRTOS-L5_V1.1.0, X-CUBE-AZRTOS-WB_V2.0.0, X-CUBE-AZRTOS-WL_V2.0.0, X-CUBE-BLE1_V7.0.0, X-CUBE-BLE2_V3.3.0, X-CUBE-BLEMGR_V3.1.0, X-CUBE-EEPRMA1_V5.1.0, X-CUBE-FREERTOS_V1.2.0, X-CUBE-GNSS1_V6.0.0, X-CUBE-MEMS1_V10.0.0, X-CUBE-NFC4_V3.0.0, X-CUBE-NFC7_V1.0.1, X-CUBE-SFXS2LP1_V4.0.0, X-CUBE-SUBG2_V5.0.0, X-CUBE-TOF1_V3.4.1]
2024-06-18 23:37:57,818 [INFO] DbBoardsSqlite:226 - include board P-NUCLEO-WB55-NUCLEO as a kit item of type 'Nucleo-64'
2024-06-18 23:37:57,818 [INFO] DbBoardsSqlite:226 - include board P-NUCLEO-WB55-USBDONGLE as a kit item of type 'Nucleo USB Dongle'
2024-06-18 23:37:57,819 [INFO] DbBoardsSqlite:226 - include board STEVAL-IDP005V1 as a kit item of type 'Evaluation Board'
2024-06-18 23:37:57,819 [INFO] DbBoardsSqlite:226 - include board STEVAL-IDP005V2 as a kit item of type 'Evaluation Board'
2024-06-18 23:37:57,852 [INFO] ApiDb:240 - Found 323 in-development CPN: [B-G473E-ZEST1S, B-WB1M-WPAN1, B-WL5M-SUBG1, NUCLEO-C031C6, NUCLEO-H503RB, NUCLEO-H563ZI, NUCLEO-U545RE-Q, NUCLEO-U5A5ZJ-Q, NUCLEO-WBA52CG, STEVAL-PROTEUS1, STEVAL-SMARTAG2, STEVAL-STWINBX1, STM320518-EVAL, STM32C0116-DK, STM32C011D6Y3TR, STM32C011D6Y6TR, STM32C011F4P3, STM32C011F4P6, STM32C011F4U3, STM32C011F4U6TR, STM32C011F6P3, STM32C011F6P6, STM32C011F6U3, STM32C011F6U6TR, STM32C011J4M3, STM32C011J4M6, STM32C011J6M3, STM32C011J6M6, STM32C0316-DK, STM32C031C4T3, STM32C031C4T6, STM32C031C4U3, STM32C031C4U6, STM32C031C6T3, STM32C031C6T6, STM32C031C6U3, STM32C031C6U6, STM32C031F4P3, STM32C031F4P6, STM32C031F6P3, STM32C031F6P6, STM32C031G4U3, STM32C031G4U6, STM32C031G6U3, STM32C031G6U6, STM32C031K4T3, STM32C031K4T6, STM32C031K4U3, STM32C031K4U6, STM32C031K6T3, STM32C031K6T6, STM32C031K6U3, STM32C031K6U6, STM32G071K8TXN, STM32G071K8UXN, STM32G081GBU6N, STM32G081KBT6N, STM32G081KBUXN, STM32G0B1CCT6N, STM32G0B1KCT6, STM32G0B1NEY6TR, STM32G0B1RCT6N, STM32G0C1CCT6, STM32G0C1CCT6N, STM32G0C1CCU6N, STM32G0C1CET6N, STM32G0C1CEU6N, STM32G0C1KCT6, STM32G0C1NEY6TR, STM32G0C1RCI6N, STM32G0C1RCT6N, STM32G0C1REI6N, STM32G0C1RET6N, STM32G0C1VCI6, STM32G0C1VEI6, STM32G471CCT6, STM32G471CCU6, STM32G471CET3, STM32G471CET6, STM32G471CEU3, STM32G471CEU6, STM32G471MCT6, STM32G471MET3, STM32G471MET6, STM32G471MEY6TR, STM32G471QCT6, STM32G471QET3, STM32G471RCT6, STM32G471RET3, STM32G471RET6, STM32G471VCH6, STM32G471VCI6, STM32G471VCT6, STM32G471VEH3, STM32G471VEH6, STM32G471VEI3, STM32G471VEI6, STM32G471VET3, STM32G471VET6, STM32G474CCT6, STM32H503CBT6, STM32H503CBU6, STM32H503EBY6TR, STM32H503KBU6, STM32H503RBT6, STM32H562AGI6, STM32H562AII6, STM32H562IGK6, STM32H562IGT6, STM32H562IIK6, STM32H562IIT6, STM32H562RGT6, STM32H562RGV6, STM32H562RIT6, STM32H562RIV6, STM32H562VGT6, STM32H562VIT6, STM32H562ZGT6, STM32H562ZIT6, STM32H563AGI6, STM32H563AII3Q, STM32H563AII6, STM32H563IGK6, STM32H563IGT6, STM32H563IIK3Q, STM32H563IIK6, STM32H563IIT3Q, STM32H563IIT6, STM32H563MIY3QTR, STM32H563RGT6, STM32H563RGV6, STM32H563RIT6, STM32H563RIV6, STM32H563VGT6, STM32H563VIT3Q, STM32H563VIT6, STM32H563ZGT6, STM32H563ZIT3Q, STM32H563ZIT6, STM32H573AII3Q, STM32H573AII6, STM32H573I-DK, STM32H573IIK3Q, STM32H573IIK6, STM32H573IIT3Q, STM32H573IIT6, STM32H573MIY3QTR, STM32H573RIT6, STM32H573RIV6, STM32H573VIT3Q, STM32H573VIT6, STM32H573ZIT3Q, STM32H573ZIT6, STM32L4R5QGI6STR, STM32MP131AAE3, STM32MP131AAF3, STM32MP131AAG3, STM32MP131CAE3, STM32MP131CAF3, STM32MP131CAG3, STM32MP131DAE7, STM32MP131DAF7, STM32MP131DAG7, STM32MP131FAE7, STM32MP131FAF7, STM32MP131FAG7, STM32MP133AAE3, STM32MP133AAF3, STM32MP133AAG3, STM32MP133CAE3, STM32MP133CAF3, STM32MP133CAG3, STM32MP133DAE7, STM32MP133DAF7, STM32MP133DAG7, STM32MP133FAE7, STM32MP133FAF7, STM32MP133FAG7, STM32MP135AAE3, STM32MP135AAF3, STM32MP135AAG3, STM32MP135CAE3, STM32MP135CAF3, STM32MP135CAG3, STM32MP135DAE7, STM32MP135DAF7, STM32MP135DAG7, STM32MP135F-DK, STM32MP135FAE7, STM32MP135FAF7, STM32MP135FAF7T, STM32MP135FAF7U, STM32MP135FAG7, STM32U535CBT6, STM32U535CBT6Q, STM32U535CBU6, STM32U535CBU6Q, STM32U535CCT6, STM32U535CCT6Q, STM32U535CCU6, STM32U535CCU6Q, STM32U535CET6, STM32U535CET6Q, STM32U535CEU6, STM32U535CEU6Q, STM32U535JEY6QTR, STM32U535NCY6QTR, STM32U535NEY6QTR, STM32U535RBI6, STM32U535RBI6Q, STM32U535RBT6, STM32U535RBT6Q, STM32U535RCI6, STM32U535RCI6Q, STM32U535RCT6, STM32U535RCT6Q, STM32U535REI6, STM32U535REI6Q, STM32U535RET6, STM32U535RET6Q, STM32U535VCI6, STM32U535VCI6Q, STM32U535VCT6, STM32U535VCT6Q, STM32U535VEI6, STM32U535VEI6Q, STM32U535VET6, STM32U535VET6Q, STM32U545CET6, STM32U545CET6Q, STM32U545CEU6, STM32U545CEU6Q, STM32U545JEY6QTR, STM32U545NEY6QTR, STM32U545REI6, STM32U545REI6Q, STM32U545RET6, STM32U545RET6Q, STM32U545VEI6, STM32U545VEI6Q, STM32U545VET6, STM32U545VET6Q, STM32U595AIH6, STM32U595AIH6Q, STM32U595AJH6, STM32U595AJH6Q, STM32U595QII6, STM32U595QII6Q, STM32U595QJI6, STM32U595QJI6Q, STM32U595RIT6, STM32U595RIT6Q, STM32U595RJT6, STM32U595RJT6Q, STM32U595VIT6, STM32U595VIT6Q, STM32U595VJT6, STM32U595VJT6Q, STM32U595ZIT6, STM32U595ZIT6Q, STM32U595ZIY6QTR, STM32U595ZJT6, STM32U595ZJT6Q, STM32U595ZJY6QTR, STM32U599BJY6QTR, STM32U599NIH6Q, STM32U599NJH6Q, STM32U599VIT6Q, STM32U599VJT6, STM32U599VJT6Q, STM32U599ZIT6Q, STM32U599ZIY6QTR, STM32U599ZJT6Q, STM32U599ZJY6QTR, STM32U5A5AJH6, STM32U5A5AJH6Q, STM32U5A5QJI6, STM32U5A5QJI6Q, STM32U5A5RJT6, STM32U5A5RJT6Q, STM32U5A5VJT6, STM32U5A5VJT6Q, STM32U5A5ZJT6, STM32U5A5ZJT6Q, STM32U5A5ZJY6QTR, STM32U5A9BJY6QTR, STM32U5A9J-DK, STM32U5A9NJH6Q, STM32U5A9VJT6Q, STM32U5A9ZJT6Q, STM32U5A9ZJY6QTR, STM32U5F7VIT6, STM32U5F7VIT6Q, STM32U5F7VJT6, STM32U5F7VJT6Q, STM32U5F9BJY6QTR, STM32U5F9NJH6Q, STM32U5F9VIT6Q, STM32U5F9VJT6Q, STM32U5F9ZIJ6QTR, STM32U5F9ZIT6Q, STM32U5F9ZJJ6QTR, STM32U5F9ZJT6Q, STM32U5G7VJT6, STM32U5G7VJT6Q, STM32U5G9BJY6QTR, STM32U5G9J-DK1, STM32U5G9J-DK2, STM32U5G9NJH6Q, STM32U5G9VJT6Q, STM32U5G9ZJJ6QTR, STM32U5G9ZJT6Q, STM32WB1MMCH6, STM32WBA52CEU6, STM32WBA52CEU6T, STM32WBA52CGU6, STM32WBA52CGU6T, STM32WBA52KEU6, STM32WBA52KEU6T, STM32WBA52KGU6, STM32WBA52KGU6T, STM32WL5MOCH6, STM32WL5MOCH6TR]
2024-06-18 23:37:57,911 [INFO] BoardInfo:880 - No configuration file found for board NUCLEO-H533RE
2024-06-18 23:37:57,911 [INFO] DbBoards:157 - Board is not supported: NUCLEO-H533RE
2024-06-18 23:37:57,922 [INFO] BoardInfo:880 - No configuration file found for board NUCLEO-H7S3L8
2024-06-18 23:37:57,922 [INFO] DbBoards:157 - Board is not supported: NUCLEO-H7S3L8
2024-06-18 23:37:57,940 [INFO] BoardInfo:880 - No configuration file found for board NUCLEO-U031R8
2024-06-18 23:37:57,940 [INFO] DbBoards:157 - Board is not supported: NUCLEO-U031R8
2024-06-18 23:37:57,941 [INFO] BoardInfo:880 - No configuration file found for board NUCLEO-U083RC
2024-06-18 23:37:57,941 [INFO] DbBoards:157 - Board is not supported: NUCLEO-U083RC
2024-06-18 23:37:57,947 [INFO] BoardInfo:880 - No configuration file found for board NUCLEO-WBA55CG
2024-06-18 23:37:57,947 [INFO] DbBoards:157 - Board is not supported: NUCLEO-WBA55CG
2024-06-18 23:37:57,951 [INFO] BoardInfo:880 - No configuration file found for board P-NUCLEO-WB55
2024-06-18 23:37:57,951 [INFO] DbBoards:157 - Kit is not supported: P-NUCLEO-WB55
2024-06-18 23:37:57,954 [INFO] BoardInfo:880 - No configuration file found for board STEVAL-BFA001V1B
2024-06-18 23:37:57,954 [INFO] DbBoards:157 - Kit is not supported: STEVAL-BFA001V1B
2024-06-18 23:37:57,955 [INFO] BoardInfo:880 - No configuration file found for board STEVAL-BFA001V2B
2024-06-18 23:37:57,955 [INFO] DbBoards:157 - Kit is not supported: STEVAL-BFA001V2B
2024-06-18 23:37:57,958 [INFO] BoardInfo:880 - No configuration file found for board STEVAL-MKBOXPRO
2024-06-18 23:37:57,958 [INFO] DbBoards:157 - Board is not supported: STEVAL-MKBOXPRO
2024-06-18 23:37:58,011 [INFO] BoardInfo:880 - No configuration file found for board STM32H7S78-DK
2024-06-18 23:37:58,011 [INFO] DbBoards:157 - Board is not supported: STM32H7S78-DK
2024-06-18 23:37:58,024 [INFO] BoardInfo:880 - No configuration file found for board STM32U083C-DK
2024-06-18 23:37:58,024 [INFO] DbBoards:157 - Board is not supported: STM32U083C-DK
2024-06-18 23:37:58,029 [INFO] BoardInfo:880 - No configuration file found for board STM32WBA55G-DK1
2024-06-18 23:37:58,029 [INFO] DbBoards:157 - Board is not supported: STM32WBA55G-DK1
2024-06-18 23:37:58,029 [INFO] DbBoards:161 - Found 195 boards, 183 are supported
2024-06-18 23:37:58,032 [INFO] ApiDb:423 - Load user favorites file /home/ebenezer/.stm32cubeide/favorites.boards.txt: 0 item(s)
2024-06-18 23:37:58,032 [INFO] ApiDb:427 - User favorites Boards=[]
2024-06-18 23:37:58,032 [INFO] DbBoards:190 - Set 0 / 0 favorites Boards
2024-06-18 23:37:58,034 [INFO] ApiDb:668 - CubeFinder database Data Model version=2.1
2024-06-18 23:37:58,034 [INFO] ApiDb:669 - CubeFinder database Configuration version=3.0.39
2024-06-18 23:37:58,034 [INFO] ApiDb:670 - CubeFinder database generation date=2024-06-06 (1717689626)
2024-06-18 23:37:58,034 [INFO] ApiDb:671 - CubeFinder database FW Pack versions=[FP-ATR-ASTRA1_V2.0.0, FP-SNS-FLIGHT1_V5.0.2, FP-SNS-MOTENV1_V5.0.0, FP-SNS-MOTENVWB1_V1.4.0, FP-SNS-SMARTAG2_V1.2.0, STM32Cube_FW_C0_V1.2.0, STM32Cube_FW_F4_V1.28.0, STM32Cube_FW_F7_V1.17.2, STM32Cube_FW_G0_V1.6.2, STM32Cube_FW_G4_V1.6.0, STM32Cube_FW_H5_V1.3.0, STM32Cube_FW_H7RS_V1.1.0, STM32Cube_FW_H7_V1.11.2, STM32Cube_FW_L0_V1.12.2, STM32Cube_FW_L5_V1.5.1, STM32Cube_FW_U0_V1.1.0, STM32Cube_FW_U5_V1.6.0, STM32Cube_FW_WB0_V1.0.0, STM32Cube_FW_WBA_V1.4.0, STM32Cube_FW_WB_V1.20.0, STM32Cube_FW_WL_V1.3.0, X-CUBE-ALGOBUILD_V1.4.0, X-CUBE-ALS_V1.0.2, X-CUBE-AZRTOS-F4_V1.1.0, X-CUBE-AZRTOS-F7_V1.1.0, X-CUBE-AZRTOS-G0_V1.1.0, X-CUBE-AZRTOS-G4_V2.0.0, X-CUBE-AZRTOS-H7RS_V1.0.0, X-CUBE-AZRTOS-H7_V3.2.0, X-CUBE-AZRTOS-L4_V2.0.0, X-CUBE-AZRTOS-L5_V1.1.0, X-CUBE-AZRTOS-WB_V2.0.0, X-CUBE-AZRTOS-WL_V2.0.0, X-CUBE-BLE1_V7.0.0, X-CUBE-BLE2_V3.3.0, X-CUBE-BLEMGR_V3.1.0, X-CUBE-EEPRMA1_V5.1.0, X-CUBE-FREERTOS_V1.2.0, X-CUBE-GNSS1_V6.0.0, X-CUBE-MEMS1_V10.0.0, X-CUBE-NFC4_V3.0.0, X-CUBE-NFC7_V1.0.1, X-CUBE-SFXS2LP1_V4.0.0, X-CUBE-SUBG2_V5.0.0, X-CUBE-TOF1_V3.4.1]
2024-06-18 23:37:58,687 [ERROR] DbExamplesSqlite:437 - Missing JSON key: board_cpn
2024-06-18 23:37:58,688 [ERROR] DbExamplesSqlite:437 - Missing JSON key: board_cpn
2024-06-18 23:37:58,688 [ERROR] DbExamplesSqlite:437 - Missing JSON key: board_cpn
2024-06-18 23:37:58,688 [ERROR] DbExamplesSqlite:437 - Missing JSON key: board_cpn
2024-06-18 23:37:58,810 [INFO] DbExamplesSqlite:395 - Ignored 28 examples not supported by CubeIDE
2024-06-18 23:37:58,810 [INFO] DbExamplesSqlite:396 - Found 8590 examples active
2024-06-18 23:37:58,811 [INFO] DbExamplesSqlite:397 - Found 0 examples obsolete
2024-06-18 23:37:58,811 [INFO] DbExamplesSqlite:398 - Found 0 examples under development
2024-06-18 23:37:58,811 [INFO] DbExamplesSqlite:399 - Found 10 examples not building
2024-06-18 23:37:58,814 [INFO] DbExamples:125 - Found 8572 examples
2024-06-18 23:37:58,911 [ERROR] DbExamples:208 - Found 308 examples with invalid data (board or MCU)
2024-06-18 23:37:58,911 [INFO] DbExamples:222 - Found 102 boards with related examples
2024-06-18 23:37:58,913 [INFO] DbExamples:235 - Found 86 MCUs with related examples
2024-06-18 23:37:58,933 [INFO] ApiDb:414 - User favorites file not found: /home/ebenezer/.stm32cubeide/favorites.examples.txt
2024-06-18 23:37:58,934 [INFO] DbExamples:250 - Set 0 / 0 favorites Examples
2024-06-18 23:37:59,059 [INFO] McuFinderGlobals:76 - Set McuFinderConnectedMode to true
2024-06-18 23:37:59,069 [INFO] MultiScanPanel:200 - Auto-refresh data requested => check proxy status ongoing
2024-06-18 23:37:59,072 [INFO] FinderPluginLoader:95 - Searching for filters in installed packs
2024-06-18 23:38:00,402 [INFO] LoadUrlFilesThread:185 - End of LoadServerUrlFiles without Thread
2024-06-18 23:38:00,412 [INFO] DetailPanel:341 - Set advertising image to /home/ebenezer/STM32Cube/Repository//en.prom-stm32h7rs-mcu-finder.jpg
2024-06-18 23:38:07,943 [INFO] MultiScanPanel:200 - Auto-refresh data requested => check proxy status ongoing
2024-06-18 23:38:08,051 [INFO] LoadUrlFilesThread:185 - End of LoadServerUrlFiles without Thread
2024-06-18 23:38:08,051 [INFO] DetailPanel:341 - Set advertising image to /home/ebenezer/STM32Cube/Repository//en.prom-stm32h7rs-mcu-finder.jpg
2024-06-18 23:38:08,061 [INFO] DbBoards:634 - Loading board mini-images...
2024-06-18 23:38:09,868 [INFO] DbBoards:657 - Loaded 195 board mini-images
2024-06-18 23:39:24,913 [INFO] MainUpdater:2868 - connection check result : 10
2024-06-18 23:39:24,914 [INFO] MainUpdater:2868 - connection check result : 10
2024-06-18 23:39:24,925 [INFO] MicroXplorer:468 - Change Database Path : 
2024-06-18 23:39:24,925 [INFO] MicroXplorer:498 - Change Database Version : DB.6.0.92
2024-06-18 23:39:24,930 [WARN] ThirdParty:871 - waiting for thirdparty lock release [close project]
2024-06-18 23:39:24,930 [INFO] ThirdParty:873 - entering critical section [close project]
2024-06-18 23:39:24,931 [INFO] ThirdParty:883 - exiting critical section [close project]
2024-06-18 23:39:24,933 [INFO] PinOutPanel:1499 - setPackage(No Configuration,No Configuration)
2024-06-18 23:39:24,938 [INFO] UtilMem:75 - Begin LoadConfig() Used Memory: 475046544 Bytes (791674880)
2024-06-18 23:39:24,942 [INFO] OpenFileManager:308 - Change cursor
2024-06-18 23:39:24,977 [INFO] ProjectFactory:402 - No CPN specified for board NUCLEO-G491RE => set CPN to STM32G491RET6
2024-06-18 23:39:24,978 [INFO] Mcu:1946 - Initializing MCU STM32G491R(C-E)Tx STM32G491RETx STM32G491RET6
2024-06-18 23:39:28,590 [INFO] Context:659 - Trying to add GPIOservice into a context  which must be forbidden
2024-06-18 23:39:29,414 [INFO] Rule:228 - rule 117617 - U5Cobra4M][GTZC] default value MPCBB3 and MPCBB5 - Not Secured memory - MPCBB1 is applicable
2024-06-18 23:39:29,414 [INFO] Rule:228 - rule 117617 - U5Cobra4M][GTZC] default value MPCBB3 and MPCBB5 - Not Secured memory - MPCBB1 is applicable
2024-06-18 23:39:29,414 [INFO] Rule:228 - rule 117617 - U5Cobra4M][GTZC] default value MPCBB3 and MPCBB5 - Not Secured memory - MPCBB2 is applicable
2024-06-18 23:39:29,414 [INFO] Rule:228 - rule 117617 - U5Cobra4M][GTZC] default value MPCBB3 and MPCBB5 - Not Secured memory - MPCBB2 is applicable
2024-06-18 23:39:29,414 [INFO] Rule:228 - rule 117617 - U5Cobra4M][GTZC] default value MPCBB3 and MPCBB5 - Not Secured memory - MPCBB3 is applicable
2024-06-18 23:39:29,414 [INFO] Rule:228 - rule 117617 - U5Cobra4M][GTZC] default value MPCBB3 and MPCBB5 - Not Secured memory - MPCBB3 is applicable
2024-06-18 23:39:29,414 [INFO] Rule:228 - rule 117617 - U5Cobra4M][GTZC] default value MPCBB3 and MPCBB5 - Not Secured memory - MPCBB4 is applicable
2024-06-18 23:39:29,414 [INFO] Rule:228 - rule 117617 - U5Cobra4M][GTZC] default value MPCBB3 and MPCBB5 - Not Secured memory - MPCBB4 is applicable
2024-06-18 23:39:29,414 [INFO] Rule:228 - rule 117617 - U5Cobra4M][GTZC] default value MPCBB3 and MPCBB5 - Secured memory - MPCBB1 is applicable
2024-06-18 23:39:29,414 [INFO] Rule:228 - rule 117617 - U5Cobra4M][GTZC] default value MPCBB3 and MPCBB5 - Secured memory - MPCBB2 is applicable
2024-06-18 23:39:29,414 [INFO] Rule:228 - rule 117617 - U5Cobra4M][GTZC] default value MPCBB3 and MPCBB5 - Secured memory - MPCBB3 is applicable
2024-06-18 23:39:29,414 [INFO] Rule:228 - rule 117617 - U5Cobra4M][GTZC] default value MPCBB3 and MPCBB5 - Secured memory - MPCBB4 is applicable
2024-06-18 23:39:29,414 [INFO] Rule:228 - rule 117617 - U5Cobra4M][GTZC] default value MPCBB3 and MPCBB5 - Privileged memory - MPCBB1 is applicable
2024-06-18 23:39:29,415 [INFO] Rule:228 - rule 117617 - U5Cobra4M][GTZC] default value MPCBB3 and MPCBB5 - Privileged memory - MPCBB2 is applicable
2024-06-18 23:39:29,415 [INFO] Rule:228 - rule 117617 - U5Cobra4M][GTZC] default value MPCBB3 and MPCBB5 - Privileged memory - MPCBB3 is applicable
2024-06-18 23:39:29,415 [INFO] Rule:228 - rule 117617 - U5Cobra4M][GTZC] default value MPCBB3 and MPCBB5 - Privileged memory - MPCBB4 is applicable
2024-06-18 23:39:29,415 [INFO] Rule:228 - rule 117617 - U5Cobra4M][GTZC] default value MPCBB3 and MPCBB5 - Not Privileged memory - MPCBB1 is applicable
2024-06-18 23:39:29,415 [INFO] Rule:228 - rule 117617 - U5Cobra4M][GTZC] default value MPCBB3 and MPCBB5 - Not Privileged memory - MPCBB2 is applicable
2024-06-18 23:39:29,415 [INFO] Rule:228 - rule 117617 - U5Cobra4M][GTZC] default value MPCBB3 and MPCBB5 - Not Privileged memory - MPCBB3 is applicable
2024-06-18 23:39:29,415 [INFO] Rule:228 - rule 117617 - U5Cobra4M][GTZC] default value MPCBB3 and MPCBB5 - Not Privileged memory - MPCBB4 is applicable
2024-06-18 23:39:29,415 [INFO] Rule:228 - rule 117617 - U5Cobra4M][GTZC] default value MPCBB3 and MPCBB5 - Privileged memory - MPCBB1 is applicable
2024-06-18 23:39:29,415 [INFO] Rule:228 - rule 117617 - U5Cobra4M][GTZC] default value MPCBB3 and MPCBB5 - Privileged memory - MPCBB2 is applicable
2024-06-18 23:39:29,415 [INFO] Rule:228 - rule 117617 - U5Cobra4M][GTZC] default value MPCBB3 and MPCBB5 - Privileged memory - MPCBB3 is applicable
2024-06-18 23:39:29,415 [INFO] Rule:228 - rule 117617 - U5Cobra4M][GTZC] default value MPCBB3 and MPCBB5 - Privileged memory - MPCBB4 is applicable
2024-06-18 23:39:29,415 [INFO] Rule:228 - rule 117617 - U5Cobra4M][GTZC] default value MPCBB3 and MPCBB5 - Privileged memory - MPCBB1 is applicable
2024-06-18 23:39:29,415 [INFO] Rule:228 - rule 117617 - U5Cobra4M][GTZC] default value MPCBB3 and MPCBB5 - Privileged memory - MPCBB2 is applicable
2024-06-18 23:39:29,415 [INFO] Rule:228 - rule 117617 - U5Cobra4M][GTZC] default value MPCBB3 and MPCBB5 - Privileged memory - MPCBB3 is applicable
2024-06-18 23:39:29,415 [INFO] Rule:228 - rule 117617 - U5Cobra4M][GTZC] default value MPCBB3 and MPCBB5 - Privileged memory - MPCBB4 is applicable
2024-06-18 23:39:29,415 [INFO] Rule:228 - rule 117617 - U5Cobra4M][GTZC] default value MPCBB3 and MPCBB5 - Not Privileged memory - MPCBB1 is applicable
2024-06-18 23:39:29,415 [INFO] Rule:228 - rule 117617 - U5Cobra4M][GTZC] default value MPCBB3 and MPCBB5 - Not Privileged memory - MPCBB2 is applicable
2024-06-18 23:39:29,415 [INFO] Rule:228 - rule 117617 - U5Cobra4M][GTZC] default value MPCBB3 and MPCBB5 - Not Privileged memory - MPCBB3 is applicable
2024-06-18 23:39:29,415 [INFO] Rule:228 - rule 117617 - U5Cobra4M][GTZC] default value MPCBB3 and MPCBB5 - Not Privileged memory - MPCBB4 is applicable
2024-06-18 23:39:29,415 [INFO] Rule:228 - rule 117617 - U5Cobra4M][GTZC] default value MPCBB3 and MPCBB5 - Privileged memory - MPCBB1 is applicable
2024-06-18 23:39:29,415 [INFO] Rule:228 - rule 117617 - U5Cobra4M][GTZC] default value MPCBB3 and MPCBB5 - Privileged memory - MPCBB2 is applicable
2024-06-18 23:39:29,415 [INFO] Rule:228 - rule 117617 - U5Cobra4M][GTZC] default value MPCBB3 and MPCBB5 - Privileged memory - MPCBB3 is applicable
2024-06-18 23:39:29,415 [INFO] Rule:228 - rule 117617 - U5Cobra4M][GTZC] default value MPCBB3 and MPCBB5 - Privileged memory - MPCBB4 is applicable
2024-06-18 23:39:29,415 [INFO] Rule:228 - rule Rename SubGHz_Phy SUBGHZ_APPLICATION SUBGHZ_PINGPONG to SUBGHZ_ADV_APPLICATION is applicable
2024-06-18 23:39:29,416 [INFO] Rule:228 - rule Rename Enabled to IBEACON is applicable
2024-06-18 23:39:29,416 [INFO] Rule:228 - rule GTZC_S instance for project manager is applicable
2024-06-18 23:39:29,416 [INFO] Rule:228 - rule GTZC_S instance for context M33S is applicable
2024-06-18 23:39:29,416 [INFO] Rule:228 - rule GTZC_S instance value for IP GTZC is applicable
2024-06-18 23:39:29,416 [INFO] Rule:228 - rule GTZC_S instance for mcu.IP is applicable
2024-06-18 23:39:29,416 [INFO] Rule:228 - rule GTZC_S instance for VP is applicable
2024-06-18 23:39:29,416 [INFO] Rule:228 - rule GTZC_S instance for signal is applicable
2024-06-18 23:39:29,416 [INFO] Rule:228 - rule GTZC_S instance for mcu.Pin is applicable
2024-06-18 23:39:29,416 [INFO] Rule:228 - rule GTZC_S instance for VP is applicable
2024-06-18 23:39:29,416 [INFO] Rule:228 - rule GTZC_S instance for signal is applicable
2024-06-18 23:39:29,416 [INFO] Rule:228 - rule GTZC_S instance for mcu is applicable
2024-06-18 23:39:29,416 [INFO] Rule:228 - rule GTZC_S instance for mcu.Pin is applicable
2024-06-18 23:39:29,416 [INFO] Rule:228 - rule GTZC_S instance value for IP GTZC is applicable
2024-06-18 23:39:29,416 [INFO] Rule:228 - rule GTZC_S instance for project manager is applicable
2024-06-18 23:39:29,416 [INFO] Rule:228 - rule GTZC_S instance for context M33S is applicable
2024-06-18 23:39:29,416 [INFO] Rule:228 - rule GTZC_S instance for VP is applicable
2024-06-18 23:39:29,416 [INFO] Rule:228 - rule GTZC_S instance for signal is applicable
2024-06-18 23:39:29,416 [INFO] Rule:228 - rule WakeUp0 Mode is applicable
2024-06-18 23:39:29,416 [INFO] Rule:228 - rule WakeUp0 SIGNAL is applicable
2024-06-18 23:39:29,416 [INFO] Rule:228 - rule WakeUp1 Mode is applicable
2024-06-18 23:39:29,417 [INFO] Rule:228 - rule WakeUp1 SIGNAL is applicable
2024-06-18 23:39:29,417 [INFO] Rule:228 - rule WakeUp2 Mode is applicable
2024-06-18 23:39:29,417 [INFO] Rule:228 - rule WakeUp2 SIGNAL is applicable
2024-06-18 23:39:29,417 [INFO] Rule:228 - rule WakeUp4 Mode is applicable
2024-06-18 23:39:29,417 [INFO] Rule:228 - rule WakeUp4 SIGNAL is applicable
2024-06-18 23:39:29,417 [INFO] Rule:228 - rule WakeUp5 Mode is applicable
2024-06-18 23:39:29,417 [INFO] Rule:228 - rule WakeUp5 SIGNAL is applicable
2024-06-18 23:39:29,417 [INFO] Rule:228 - rule Change Default Value for LSE Drive Capability for WB family is applicable
2024-06-18 23:39:29,417 [INFO] Rule:228 - rule Change Default Value for ADC Clock Prescaler G0 family is applicable
2024-06-18 23:39:29,417 [INFO] Rule:228 - rule Change USART1CLockSelection refparam name for MP1 is applicable
2024-06-18 23:39:29,417 [INFO] Rule:228 - rule Change USART2CLockSelection refparam name for MP1 is applicable
2024-06-18 23:39:29,417 [INFO] Rule:228 - rule Change USART3CLockSelection refparam name for MP1 is applicable
2024-06-18 23:39:29,417 [INFO] Rule:228 - rule Change UART4CLockSelection refparam name for MP1 is applicable
2024-06-18 23:39:29,417 [INFO] Rule:228 - rule Change UART5CLockSelection refparam name for MP1 is applicable
2024-06-18 23:39:29,417 [INFO] Rule:228 - rule Change LPUART1CLockSelection refparam name for MP1 is applicable
2024-06-18 23:39:29,418 [INFO] Rule:228 - rule Change LPTIM1CLockSelection refparam name for MP1 is applicable
2024-06-18 23:39:29,418 [INFO] Rule:228 - rule Change LPTIM2CLockSelection refparam name for MP1 is applicable
2024-06-18 23:39:29,418 [INFO] Rule:228 - rule Change RCC_MCO1Source refparam name for MP1 is applicable
2024-06-18 23:39:29,418 [INFO] Rule:228 - rule Change LSCOSource1 refparam name for MP1 is applicable
2024-06-18 23:39:29,418 [INFO] Rule:228 - rule Change SMPSCLockSelection refparam name for MP1 is applicable
2024-06-18 23:39:29,418 [INFO] Rule:228 - rule Change LPTIM3CLockSelection refparam name for MP1 is applicable
2024-06-18 23:39:29,418 [INFO] Rule:228 - rule Change MPCBB* Default Template Mode to Parameters is applicable
2024-06-18 23:39:29,418 [INFO] Rule:228 - rule Change MPCWM* or MPCBB* Secure Mode to Parameters is applicable
2024-06-18 23:39:29,418 [INFO] Rule:228 - rule Change MPCWM* or MPCBB* No Secure Mode to Parameters is applicable
2024-06-18 23:39:29,418 [INFO] Rule:228 - rule Change TZSC IP Secure Mode to Parameters is applicable
2024-06-18 23:39:29,418 [INFO] Rule:228 - rule Change TZSC IP No Secure Mode to Parameters is applicable
2024-06-18 23:39:29,418 [INFO] Rule:228 - rule Change TZSC IP Privilege Mode to Parameters is applicable
2024-06-18 23:39:29,418 [INFO] Rule:228 - rule Change TZSC IP No Privilege Mode to Parameters is applicable
2024-06-18 23:39:29,418 [INFO] Rule:228 - rule Change TZIC IT Secure Mode to Parameters is applicable
2024-06-18 23:39:29,418 [INFO] Rule:228 - rule Change TZIC IT No Secure Mode to Parameters is applicable
2024-06-18 23:39:29,418 [INFO] Rule:228 - rule Add MPCBB1_NonSecureArea_Start_Address value with referenced to MPCBB1_NonSecureArea_Start value is applicable
2024-06-18 23:39:29,418 [INFO] Rule:228 - rule Add MPCBB2_NonSecureArea_Start_Address value with referenced to MPCBB2_NonSecureArea_Start value is applicable
2024-06-18 23:39:29,418 [INFO] Rule:228 - rule Add MPCWM1_NonSecureArea*_Start_Address value with referenced to MPCWM1_NonSecureArea*_Start value is applicable
2024-06-18 23:39:29,418 [INFO] Rule:228 - rule Add MPCWM2_NonSecureArea*_Start_Address value with referenced to MPCWM2_NonSecureArea*_Start value is applicable
2024-06-18 23:39:29,418 [INFO] Rule:228 - rule Add MPCWM3_NonSecureArea_Start_Address value with referenced to MPCWM3_NonSecureArea_Start value is applicable
2024-06-18 23:39:29,418 [INFO] Rule:228 - rule Change Default Value for PLL1UserDefinedConfig is applicable
2024-06-18 23:39:29,419 [INFO] Rule:228 - rule OPAMP is applicable
2024-06-18 23:39:29,419 [INFO] Rule:228 - rule LPUART IPParameter rename Prescaler parameter to ClockPrescaler for STM32H7 is applicable
2024-06-18 23:39:29,419 [INFO] Rule:228 - rule LPUART IPParameter rename Prescaler parameter to ClockPrescaler for STM32H7 is applicable
2024-06-18 23:39:29,419 [INFO] Rule:228 - rule LPUART IPParameter rename Prescaler parameter to ClockPrescaler for STM32WB is applicable
2024-06-18 23:39:29,419 [INFO] Rule:228 - rule LPUART IPParameter rename Prescaler parameter to ClockPrescaler for STM32WB is applicable
2024-06-18 23:39:29,419 [INFO] Rule:228 - rule LPUART IPParameter rename Prescaler parameter to ClockPrescaler for STM32G4 is applicable
2024-06-18 23:39:29,419 [INFO] Rule:228 - rule LPUART IPParameter rename Prescaler parameter to ClockPrescaler for STM32G4 is applicable
2024-06-18 23:39:29,419 [INFO] Rule:228 - rule LPUART IPParameter rename Prescaler parameter to ClockPrescaler for STM32L5 is applicable
2024-06-18 23:39:29,419 [INFO] Rule:228 - rule LPUART IPParameter rename Prescaler parameter to ClockPrescaler for STM32L5 is applicable
2024-06-18 23:39:29,419 [INFO] Rule:228 - rule LPUART IPParameter rename Prescaler parameter to ClockPrescaler for STM32G4 is applicable
2024-06-18 23:39:29,419 [INFO] Rule:228 - rule LPUART IPParameter rename Prescaler parameter to ClockPrescaler for STM32G4 is applicable
2024-06-18 23:39:29,419 [INFO] Rule:228 - rule USB device lib V2.5.3 for L0 rename USBD_SUPPORT_USER_STRING parameter to USBD_SUPPORT_USER_STRING_DESC4 is applicable
2024-06-18 23:39:29,419 [INFO] Rule:228 - rule I2SCLockSelection clock entry align is applicable
2024-06-18 23:39:29,419 [INFO] Rule:228 - rule Assign TIMx context if used as SYS timebase is applicable
2024-06-18 23:39:29,419 [INFO] Rule:228 - rule Change GPIO_Pu Default Value for I2C is applicable
2024-06-18 23:39:29,419 [INFO] Rule:228 - rule Change GPIO_Pu Default Value for SMBus is applicable
2024-06-18 23:39:29,419 [INFO] Rule:228 - rule change FDCAN default value is applicable
2024-06-18 23:39:29,423 [INFO] DbConfProperties:307 - Apply Compatibility (7/110 Rules)
2024-06-18 23:39:29,678 [INFO] RtosManager:555 - Registered RTOS mode: class=CMSIS, group=RTOS, mode=CMSIS_V1, owner=FREERTOS
2024-06-18 23:39:29,679 [INFO] RtosManager:555 - Registered RTOS mode: class=CMSIS, group=RTOS2, mode=CMSIS_V2, owner=FREERTOS
2024-06-18 23:39:29,679 [INFO] RtosManager:555 - Registered RTOS mode: class=RTOS, group=Core, mode=CMSIS_V1, owner=FREERTOS
2024-06-18 23:39:29,679 [INFO] RtosManager:555 - Registered RTOS mode: class=RTOS, group=Core, mode=CMSIS_V2, owner=FREERTOS
2024-06-18 23:39:29,679 [WARN] ModelIntegratedComponent:184 - Missing modes for component STMicroelectronics:FreeRTOS:0.0.1:STMicroelectronics:RTOS:FreeRTOS:Core:::10.2.0:
2024-06-18 23:39:29,689 [WARN] ModelIntegratedComponent:63 - No mode defined for component null
2024-06-18 23:39:29,690 [WARN] ModelIntegratedComponent:63 - No mode defined for component null
2024-06-18 23:39:29,690 [WARN] ModelIntegratedComponent:63 - No mode defined for component null
2024-06-18 23:39:29,690 [WARN] ModelIntegratedComponent:63 - No mode defined for component null
2024-06-18 23:39:29,690 [WARN] ModelIntegratedComponent:63 - No mode defined for component null
2024-06-18 23:39:29,690 [WARN] ModelIntegratedComponent:63 - No mode defined for component null
2024-06-18 23:39:29,690 [WARN] ModelIntegratedComponent:63 - No mode defined for component null
2024-06-18 23:39:29,690 [WARN] ModelIntegratedComponent:63 - No mode defined for component null
2024-06-18 23:39:29,690 [WARN] ModelIntegratedComponent:63 - No mode defined for component null
2024-06-18 23:39:29,690 [WARN] ModelIntegratedComponent:63 - No mode defined for component null
2024-06-18 23:39:29,690 [WARN] ModelIntegratedComponent:63 - No mode defined for component null
2024-06-18 23:39:29,690 [WARN] ModelIntegratedComponent:63 - No mode defined for component null
2024-06-18 23:39:29,691 [WARN] ModelIntegratedComponent:63 - No mode defined for component null
2024-06-18 23:39:29,691 [WARN] ModelIntegratedComponent:63 - No mode defined for component null
2024-06-18 23:39:29,691 [WARN] ModelIntegratedComponent:63 - No mode defined for component null
2024-06-18 23:39:29,691 [WARN] ModelIntegratedComponent:63 - No mode defined for component null
2024-06-18 23:39:29,691 [WARN] ModelIntegratedComponent:63 - No mode defined for component null
2024-06-18 23:39:29,691 [WARN] ModelIntegratedComponent:63 - No mode defined for component null
2024-06-18 23:39:29,691 [WARN] ModelIntegratedComponent:63 - No mode defined for component null
2024-06-18 23:39:29,691 [WARN] ModelIntegratedComponent:63 - No mode defined for component null
2024-06-18 23:39:29,691 [WARN] ModelIntegratedComponent:63 - No mode defined for component null
2024-06-18 23:39:29,691 [WARN] ModelIntegratedComponent:63 - No mode defined for component null
2024-06-18 23:39:29,691 [WARN] ModelIntegratedComponent:63 - No mode defined for component null
2024-06-18 23:39:29,691 [WARN] ModelIntegratedComponent:63 - No mode defined for component null
2024-06-18 23:39:29,691 [WARN] ModelIntegratedComponent:63 - No mode defined for component null
2024-06-18 23:39:29,691 [WARN] ModelIntegratedComponent:63 - No mode defined for component null
2024-06-18 23:39:29,691 [WARN] ModelIntegratedComponent:63 - No mode defined for component null
2024-06-18 23:39:29,691 [WARN] ModelIntegratedComponent:63 - No mode defined for component null
2024-06-18 23:39:29,691 [WARN] ModelIntegratedComponent:63 - No mode defined for component null
2024-06-18 23:39:29,691 [WARN] ModelIntegratedComponent:63 - No mode defined for component null
2024-06-18 23:39:29,691 [WARN] ModelIntegratedComponent:63 - No mode defined for component null
2024-06-18 23:39:29,691 [WARN] ModelIntegratedComponent:63 - No mode defined for component null
2024-06-18 23:39:29,691 [WARN] ModelIntegratedComponent:63 - No mode defined for component null
2024-06-18 23:39:29,802 [INFO] ThirdPartyModel:298 - Start build external matchings
2024-06-18 23:39:32,077 [INFO] ThirdPartyModel:316 - End build external matchings
2024-06-18 23:39:32,103 [INFO] ImportTextPane:194 - (OptionalMessage_ERROR) IP (RCC) : Invalid parameter (FamilyName)
2024-06-18 23:39:32,105 [INFO] ImportTextPane:194 - (OptionalMessage_ERROR) IP (RCC) : Parameter (RNGFreq_Value) has invalid value (170000000)
2024-06-18 23:39:32,105 [INFO] ImportTextPane:194 - (OptionalMessage_ERROR) IP (RCC) : Parameter (USBFreq_Value) has invalid value (170000000)
2024-06-18 23:39:32,310 [INFO] UtilMem:75 - End LoadConfig() Used Memory: 885475912 Bytes (1018167296)
2024-06-18 23:39:32,482 [WARN] ThirdParty:833 - waiting for thirdparty lock release [change project]
2024-06-18 23:39:32,483 [INFO] ThirdParty:835 - entering critical section [change project]
2024-06-18 23:39:32,483 [INFO] ThirdParty:1030 - CMSIS Pack Vendor :STMicroelectronics X-CUBE-ISPU 1.1.0
2024-06-18 23:39:32,483 [INFO] ThirdParty:1030 - CMSIS Pack Vendor :STMicroelectronics USBPD 4.1
2024-06-18 23:39:32,483 [INFO] ThirdParty:1030 - CMSIS Pack Vendor :STMicroelectronics X-CUBE-GNSS1 6.0.0
2024-06-18 23:39:32,483 [INFO] ThirdParty:1030 - CMSIS Pack Vendor :STMicroelectronics USB_HOST 2.0.0
2024-06-18 23:39:32,483 [INFO] ThirdParty:1030 - CMSIS Pack Vendor :STMicroelectronics FP-SNS-MOTENVWB1 1.4.0
2024-06-18 23:39:32,483 [INFO] ThirdParty:1030 - CMSIS Pack Vendor :STMicroelectronics X-CUBE-AZRTOS-F4 1.1.0
2024-06-18 23:39:32,483 [INFO] ThirdParty:1030 - CMSIS Pack Vendor :STMicroelectronics LIBJPEG 8.0.0
2024-06-18 23:39:32,483 [INFO] ThirdParty:1030 - CMSIS Pack Vendor :wolfSSL I-CUBE-wolfSSL 5.6.3
2024-06-18 23:39:32,483 [INFO] ThirdParty:1030 - CMSIS Pack Vendor :STMicroelectronics X-CUBE-SMBUS 2.1.0
2024-06-18 23:39:32,484 [INFO] ThirdParty:1030 - CMSIS Pack Vendor :STMicroelectronics USB_DEVICE 3.0.0
2024-06-18 23:39:32,484 [INFO] ThirdParty:1030 - CMSIS Pack Vendor :STMicroelectronics X-CUBE-TCPP 4.1.0
2024-06-18 23:39:32,484 [INFO] ThirdParty:1030 - CMSIS Pack Vendor :STMicroelectronics X-CUBE-FREERTOS 1.2.0
2024-06-18 23:39:32,484 [INFO] ThirdParty:1030 - CMSIS Pack Vendor :STMicroelectronics X-CUBE-AZRTOS-WB 2.0.0
2024-06-18 23:39:32,484 [INFO] ThirdParty:1030 - CMSIS Pack Vendor :STMicroelectronics X-CUBE-TOUCHGFX 4.23.0
2024-06-18 23:39:32,484 [INFO] ThirdParty:1030 - CMSIS Pack Vendor :STMicroelectronics X-CUBE-TOUCHGFX 4.23.2
2024-06-18 23:39:32,484 [INFO] ThirdParty:1030 - CMSIS Pack Vendor :STMicroelectronics X-CUBE-AZRTOS-F7 1.1.0
2024-06-18 23:39:32,484 [INFO] ThirdParty:1030 - CMSIS Pack Vendor :STMicroelectronics X-CUBE-AZRTOS-L5 2.0.0
2024-06-18 23:39:32,484 [INFO] ThirdParty:1030 - CMSIS Pack Vendor :STMicroelectronics USB_DEVICE 2.0.0
2024-06-18 23:39:32,484 [INFO] ThirdParty:1030 - CMSIS Pack Vendor :STMicroelectronics X-CUBE-MEMS1 9.6.0
2024-06-18 23:39:32,484 [INFO] ThirdParty:1030 - CMSIS Pack Vendor :STMicroelectronics X-CUBE-EEPRMA1 4.2.0
2024-06-18 23:39:32,484 [INFO] ThirdParty:1030 - CMSIS Pack Vendor :STMicroelectronics X-CUBE-NFC6 3.1.0
2024-06-18 23:39:32,484 [INFO] ThirdParty:1030 - CMSIS Pack Vendor :ITTIA_DB I-CUBE-ITTIADB 8.8.0
2024-06-18 23:39:32,484 [INFO] ThirdParty:1030 - CMSIS Pack Vendor :STMicroelectronics FP-SNS-MOTENV1 4.3.2
2024-06-18 23:39:32,485 [INFO] ThirdParty:1030 - CMSIS Pack Vendor :STMicroelectronics X-CUBE-ALGOBUILD 1.3.0
2024-06-18 23:39:32,485 [INFO] ThirdParty:1030 - CMSIS Pack Vendor :STMicroelectronics FreeRTOS 0.0.1
2024-06-18 23:39:32,485 [INFO] ThirdParty:1030 - CMSIS Pack Vendor :STMicroelectronics X-CUBE-AZRTOS-G0 1.1.0
2024-06-18 23:39:32,485 [INFO] ThirdParty:1030 - CMSIS Pack Vendor :STMicroelectronics X-CUBE-BLEMGR 2.0.0
2024-06-18 23:39:32,485 [INFO] ThirdParty:1030 - CMSIS Pack Vendor :STMicroelectronics X-CUBE-SAFEA1 1.2.2
2024-06-18 23:39:32,485 [INFO] ThirdParty:1030 - CMSIS Pack Vendor :STMicroelectronics X-CUBE-NFC4 3.0.0
2024-06-18 23:39:32,485 [INFO] ThirdParty:1030 - CMSIS Pack Vendor :STMicroelectronics X-CUBE-SUBG2 5.0.0
2024-06-18 23:39:32,485 [INFO] ThirdParty:1030 - CMSIS Pack Vendor :STMicroelectronics STM32_WPAN 1.0.0
2024-06-18 23:39:32,485 [INFO] ThirdParty:1030 - CMSIS Pack Vendor :STMicroelectronics lwIP 2.0.3
2024-06-18 23:39:32,485 [INFO] ThirdParty:1030 - CMSIS Pack Vendor :STMicroelectronics FP-SNS-FLIGHT1 5.0.2
2024-06-18 23:39:32,485 [INFO] ThirdParty:1030 - CMSIS Pack Vendor :STMicroelectronics USB_HOST 1.0.0
2024-06-18 23:39:32,485 [INFO] ThirdParty:1030 - CMSIS Pack Vendor :STMicroelectronics X-CUBE-TOF1 3.3.1
2024-06-18 23:39:32,485 [INFO] ThirdParty:1030 - CMSIS Pack Vendor :STMicroelectronics X-CUBE-AI 9.0.0
2024-06-18 23:39:32,486 [INFO] ThirdParty:1030 - CMSIS Pack Vendor :STMicroelectronics X-CUBE-AZRTOS-G4 2.0.0
2024-06-18 23:39:32,486 [INFO] ThirdParty:1030 - CMSIS Pack Vendor :STMicroelectronics PDM2PCM 3.1.0
2024-06-18 23:39:32,486 [INFO] ThirdParty:1030 - CMSIS Pack Vendor :STMicroelectronics X-CUBE-AZRTOS-H7 3.1.0
2024-06-18 23:39:32,486 [INFO] ThirdParty:1030 - CMSIS Pack Vendor :Infineon AIROC-Wi-Fi-Bluetooth-STM32 1.5.1
2024-06-18 23:39:32,486 [INFO] ThirdParty:1030 - CMSIS Pack Vendor :STMicroelectronics X-CUBE-BLEMGR 3.0.0
2024-06-18 23:39:32,486 [INFO] ThirdParty:1030 - CMSIS Pack Vendor :STMicroelectronics PDM2PCM 3.3.0
2024-06-18 23:39:32,486 [INFO] ThirdParty:1030 - CMSIS Pack Vendor :STMicroelectronics X-CUBE-DISPLAY 3.0.0
2024-06-18 23:39:32,486 [INFO] ThirdParty:1030 - CMSIS Pack Vendor :STMicroelectronics FP-SNS-MOTENVWB1 1.3.0
2024-06-18 23:39:32,486 [INFO] ThirdParty:1030 - CMSIS Pack Vendor :STMicroelectronics FP-SNS-MOTENVWB1 1.3.1
2024-06-18 23:39:32,486 [INFO] ThirdParty:1030 - CMSIS Pack Vendor :STMicroelectronics X-CUBE-BLE1 7.0.0
2024-06-18 23:39:32,486 [INFO] ThirdParty:1030 - CMSIS Pack Vendor :STMicroelectronics FP-ATR-SIGFOX1 3.2.0
2024-06-18 23:39:32,486 [INFO] ThirdParty:1030 - CMSIS Pack Vendor :STMicroelectronics X-CUBE-ISPU 2.0.0
2024-06-18 23:39:32,486 [INFO] ThirdParty:1030 - CMSIS Pack Vendor :STMicroelectronics X-CUBE-EEPRMA1 5.1.0
2024-06-18 23:39:32,486 [INFO] ThirdParty:1030 - CMSIS Pack Vendor :STMicroelectronics HAL Drivers 0.0.0
2024-06-18 23:39:32,486 [INFO] ThirdParty:1030 - CMSIS Pack Vendor :STMicroelectronics MBEDTLS 2.16.2
2024-06-18 23:39:32,487 [INFO] ThirdParty:1030 - CMSIS Pack Vendor :STMicroelectronics X-CUBE-ALS 1.0.2
2024-06-18 23:39:32,487 [INFO] ThirdParty:1030 - CMSIS Pack Vendor :emotas I-CUBE-CANOPEN 1.3.0
2024-06-18 23:39:32,487 [INFO] ThirdParty:1030 - CMSIS Pack Vendor :STMicroelectronics X-CUBE-MEMS1 10.0.0
2024-06-18 23:39:32,487 [INFO] ThirdParty:1030 - CMSIS Pack Vendor :STMicroelectronics X-CUBE-FREERTOS 1.1.0
2024-06-18 23:39:32,487 [INFO] ThirdParty:1030 - CMSIS Pack Vendor :STMicroelectronics X-CUBE-TOUCHGFX 4.22.0
2024-06-18 23:39:32,487 [INFO] ThirdParty:1030 - CMSIS Pack Vendor :STMicroelectronics X-CUBE-NFC7 1.0.1
2024-06-18 23:39:32,487 [INFO] ThirdParty:1030 - CMSIS Pack Vendor :STMicroelectronics MBEDTLS 2.14.1
2024-06-18 23:39:32,487 [INFO] ThirdParty:1030 - CMSIS Pack Vendor :STMicroelectronics X-CUBE-TOUCHGFX 4.22.1
2024-06-18 23:39:32,487 [INFO] ThirdParty:1030 - CMSIS Pack Vendor :STMicroelectronics X-CUBE-NFC6 3.0.0
2024-06-18 23:39:32,487 [INFO] ThirdParty:1030 - CMSIS Pack Vendor :STMicroelectronics X-CUBE-EEPRMA1 4.1.0
2024-06-18 23:39:32,487 [INFO] ThirdParty:1030 - CMSIS Pack Vendor :portGmbH I-Cube-SoM-uGOAL 1.1.0
2024-06-18 23:39:32,487 [INFO] ThirdParty:1030 - CMSIS Pack Vendor :STMicroelectronics X-CUBE-ALS 1.0.1
2024-06-18 23:39:32,487 [INFO] ThirdParty:1030 - CMSIS Pack Vendor :STMicroelectronics X-CUBE-BLEMGR 3.1.0
2024-06-18 23:39:32,487 [INFO] ThirdParty:1030 - CMSIS Pack Vendor :STMicroelectronics ThreadX 1.0.0
2024-06-18 23:39:32,487 [INFO] ThirdParty:1030 - CMSIS Pack Vendor :STMicroelectronics FP-SNS-SMARTAG2 1.2.0
2024-06-18 23:39:32,488 [INFO] ThirdParty:1030 - CMSIS Pack Vendor :STMicroelectronics X-CUBE-AZRTOS-WL 2.0.0
2024-06-18 23:39:32,488 [INFO] ThirdParty:1030 - CMSIS Pack Vendor :SEGGER I-CUBE-embOS 1.3.1
2024-06-18 23:39:32,488 [INFO] ThirdParty:1030 - CMSIS Pack Vendor :STMicroelectronics X-CUBE-ALGOBUILD 1.4.0
2024-06-18 23:39:32,488 [INFO] ThirdParty:1030 - CMSIS Pack Vendor :STMicroelectronics FP-SNS-MOTENV1 5.0.0
2024-06-18 23:39:32,488 [INFO] ThirdParty:1030 - CMSIS Pack Vendor :STMicroelectronics USB_DEVICE 1.0.0
2024-06-18 23:39:32,488 [INFO] ThirdParty:1030 - CMSIS Pack Vendor :STMicroelectronics X-CUBE-AI 8.1.0
2024-06-18 23:39:32,488 [INFO] ThirdParty:1030 - CMSIS Pack Vendor :STMicroelectronics X-CUBE-AZRTOS-H7RS 1.0.0
2024-06-18 23:39:32,488 [INFO] ThirdParty:1030 - CMSIS Pack Vendor :wolfSSL I-CUBE-wolfMQTT 1.19.0
2024-06-18 23:39:32,488 [INFO] ThirdParty:1030 - CMSIS Pack Vendor :STMicroelectronics X-CUBE-AZRTOS-L4 2.0.0
2024-06-18 23:39:32,488 [INFO] ThirdParty:1030 - CMSIS Pack Vendor :STMicroelectronics ThreadX 0.0.2
2024-06-18 23:39:32,488 [INFO] ThirdParty:1030 - CMSIS Pack Vendor :WES I-CUBE-Cesium 1.3.0
2024-06-18 23:39:32,488 [INFO] ThirdParty:1030 - CMSIS Pack Vendor :STMicroelectronics FP-ATR-ASTRA1 2.0.0
2024-06-18 23:39:32,488 [INFO] ThirdParty:1030 - CMSIS Pack Vendor :STMicroelectronics lwIP 2.1.2
2024-06-18 23:39:32,489 [INFO] ThirdParty:1030 - CMSIS Pack Vendor :STMicroelectronics X-CUBE-SFXS2LP1 4.0.0
2024-06-18 23:39:32,489 [INFO] ThirdParty:1030 - CMSIS Pack Vendor :STMicroelectronics X-CUBE-BLE2 3.3.0
2024-06-18 23:39:32,489 [INFO] ThirdParty:1030 - CMSIS Pack Vendor :STMicroelectronics X-CUBE-TOF1 3.4.0
2024-06-18 23:39:32,489 [INFO] ThirdParty:1030 - CMSIS Pack Vendor :STMicroelectronics X-CUBE-TOF1 3.4.1
2024-06-18 23:39:32,489 [INFO] ThirdParty:1030 - CMSIS Pack Vendor :STMicroelectronics X-CUBE-AZRTOS-H7 3.2.0
2024-06-18 23:39:32,489 [INFO] ThirdParty:1030 - CMSIS Pack Vendor :STMicroelectronics PDM2PCM 3.2.0
2024-06-18 23:39:32,489 [INFO] ThirdParty:841 - exiting critical section [change project]
2024-06-18 23:39:32,931 [INFO] PinOutPanel:1499 - setPackage(No Configuration,No Configuration)
2024-06-18 23:39:32,931 [INFO] PinOutPanel:1499 - setPackage(STM32G491RETx,LQFP64)
2024-06-18 23:39:33,336 [INFO] UtilMem:75 - Before build in PCC Used Memory: 788364384 Bytes (1018167296)
2024-06-18 23:39:34,132 [INFO] UtilMem:75 - After build in PCC Used Memory: 629598848 Bytes (1018167296)
2024-06-18 23:39:34,174 [INFO] IPUIPlugin:80 - create IPUIPlugin
2024-06-18 23:39:34,174 [INFO] IPUIPlugin:80 - create IPUIPlugin
2024-06-18 23:39:34,174 [INFO] IPUIPlugin:80 - create IPUIPlugin
2024-06-18 23:39:34,174 [INFO] IPUIPlugin:80 - create IPUIPlugin
2024-06-18 23:39:34,175 [INFO] IPUIPlugin:80 - create IPUIPlugin
2024-06-18 23:39:34,175 [INFO] IPUIPlugin:80 - create IPUIPlugin
2024-06-18 23:39:34,175 [INFO] IPUIPlugin:80 - create IPUIPlugin
2024-06-18 23:39:34,175 [INFO] IPUIPlugin:80 - create IPUIPlugin
2024-06-18 23:39:34,175 [INFO] IPUIPlugin:80 - create IPUIPlugin
2024-06-18 23:39:34,176 [INFO] IPUIPlugin:80 - create IPUIPlugin
2024-06-18 23:39:34,176 [INFO] IPUIPlugin:80 - create IPUIPlugin
2024-06-18 23:39:34,176 [INFO] IPUIPlugin:80 - create IPUIPlugin
2024-06-18 23:39:34,176 [INFO] IPUIPlugin:80 - create IPUIPlugin
2024-06-18 23:39:34,177 [INFO] IPUIPlugin:80 - create IPUIPlugin
2024-06-18 23:39:34,177 [INFO] IPUIPlugin:80 - create IPUIPlugin
2024-06-18 23:39:34,177 [INFO] IPUIPlugin:80 - create IPUIPlugin
2024-06-18 23:39:34,177 [INFO] IPUIPlugin:80 - create IPUIPlugin
2024-06-18 23:39:34,177 [INFO] IPUIPlugin:80 - create IPUIPlugin
2024-06-18 23:39:34,178 [INFO] IPUIPlugin:80 - create IPUIPlugin
2024-06-18 23:39:34,178 [INFO] IPUIPlugin:80 - create IPUIPlugin
2024-06-18 23:39:34,178 [INFO] IPUIPlugin:80 - create IPUIPlugin
2024-06-18 23:39:34,179 [INFO] IPUIPlugin:80 - create IPUIPlugin
2024-06-18 23:39:34,179 [INFO] IPUIPlugin:80 - create IPUIPlugin
2024-06-18 23:39:34,179 [INFO] IPUIPlugin:80 - create IPUIPlugin
2024-06-18 23:39:34,179 [INFO] IPUIPlugin:80 - create IPUIPlugin
2024-06-18 23:39:34,180 [INFO] IPUIPlugin:80 - create IPUIPlugin
2024-06-18 23:39:34,180 [INFO] IPUIPlugin:80 - create IPUIPlugin
2024-06-18 23:39:34,180 [INFO] IPUIPlugin:80 - create IPUIPlugin
2024-06-18 23:39:34,180 [INFO] IPUIPlugin:80 - create IPUIPlugin
2024-06-18 23:39:34,180 [INFO] IPUIPlugin:80 - create IPUIPlugin
2024-06-18 23:39:34,180 [INFO] IPUIPlugin:80 - create IPUIPlugin
2024-06-18 23:39:34,181 [INFO] IPUIPlugin:80 - create IPUIPlugin
2024-06-18 23:39:34,181 [INFO] IPUIPlugin:80 - create IPUIPlugin
2024-06-18 23:39:34,181 [INFO] IPUIPlugin:80 - create IPUIPlugin
2024-06-18 23:39:34,181 [INFO] IPUIPlugin:80 - create IPUIPlugin
2024-06-18 23:39:34,181 [INFO] IPUIPlugin:80 - create IPUIPlugin
2024-06-18 23:39:34,182 [INFO] IPUIPlugin:80 - create IPUIPlugin
2024-06-18 23:39:34,182 [INFO] IPUIPlugin:80 - create IPUIPlugin
2024-06-18 23:39:34,182 [INFO] IPUIPlugin:80 - create IPUIPlugin
2024-06-18 23:39:34,182 [INFO] IPUIPlugin:80 - create IPUIPlugin
2024-06-18 23:39:34,182 [INFO] IPUIPlugin:80 - create IPUIPlugin
2024-06-18 23:39:34,182 [INFO] IPUIPlugin:80 - create IPUIPlugin
2024-06-18 23:39:34,183 [INFO] IPUIPlugin:80 - create IPUIPlugin
2024-06-18 23:39:34,183 [INFO] IPUIPlugin:80 - create IPUIPlugin
2024-06-18 23:39:34,183 [INFO] IPUIPlugin:80 - create IPUIPlugin
2024-06-18 23:39:34,183 [INFO] IPUIPlugin:80 - create IPUIPlugin
2024-06-18 23:39:34,183 [INFO] IPUIPlugin:80 - create IPUIPlugin
2024-06-18 23:39:34,184 [INFO] IPUIPlugin:80 - create IPUIPlugin
2024-06-18 23:39:34,184 [INFO] IPUIPlugin:80 - create IPUIPlugin
2024-06-18 23:39:34,184 [INFO] IPUIPlugin:80 - create IPUIPlugin
2024-06-18 23:39:34,184 [INFO] IPUIPlugin:80 - create IPUIPlugin
2024-06-18 23:39:34,184 [INFO] IPUIPlugin:80 - create IPUIPlugin
2024-06-18 23:39:34,184 [INFO] IPUIPlugin:80 - create IPUIPlugin
2024-06-18 23:39:34,185 [INFO] IPUIPlugin:80 - create IPUIPlugin
2024-06-18 23:39:34,185 [INFO] IPUIPlugin:80 - create IPUIPlugin
2024-06-18 23:39:34,185 [INFO] IPUIPlugin:80 - create IPUIPlugin
2024-06-18 23:39:34,185 [INFO] IPUIPlugin:80 - create IPUIPlugin
2024-06-18 23:39:34,185 [INFO] IPUIPlugin:80 - create IPUIPlugin
2024-06-18 23:39:34,186 [INFO] IPUIPlugin:80 - create IPUIPlugin
2024-06-18 23:39:34,186 [INFO] IPUIPlugin:80 - create IPUIPlugin
2024-06-18 23:39:34,186 [INFO] IPUIPlugin:80 - create IPUIPlugin
2024-06-18 23:39:34,186 [INFO] IPUIPlugin:80 - create IPUIPlugin
2024-06-18 23:39:34,187 [INFO] IPUIPlugin:80 - create IPUIPlugin
2024-06-18 23:39:34,187 [INFO] IPUIPlugin:80 - create IPUIPlugin
2024-06-18 23:39:34,350 [INFO] CADModel:165 - CPN selected for project levelSTM32G491RET6
2024-06-18 23:39:34,350 [INFO] CADModel:114 - Register for checkConnection events
2024-06-18 23:39:34,391 [INFO] OpenFileManager:328 - Restore cursor
2024-06-18 23:39:34,826 [INFO] UtilMem:75 - End SaveConfig() Used Memory: 761195136 Bytes (1018167296)
2024-06-18 23:39:35,950 [INFO] ServerAccessManage:473 - Download File stm32cube_fw_g4_v150.zip
2024-06-18 23:39:50,842 [INFO] AnalyticsPlugin:368 - Accepted License(s): [FW.G4.1.5.0]
2024-06-18 23:39:50,843 [INFO] FileExtend:240 - Unzip File : stm32cube_fw_g4_v150.zip
2024-06-18 23:39:50,843 [INFO] FileExtend:255 - Standard Zip Deflate
2024-06-18 23:39:55,272 [INFO] ServerAccessManage:473 - Download File stm32cube_fw_g4_v152.zip
2024-06-18 23:40:32,632 [INFO] FileExtend:240 - Unzip File : stm32cube_fw_g4_v152.zip
2024-06-18 23:40:32,632 [INFO] FileExtend:255 - Standard Zip Deflate
2024-06-18 23:40:36,576 [INFO] LoadServerPackagesThread:196 - End of LoadServerPackages Thread
2024-06-18 23:40:36,732 [INFO] ThirdPartyModel:298 - Start build external matchings
2024-06-18 23:40:36,740 [INFO] UtilMem:75 - End SaveConfig() Used Memory: 1057922176 Bytes (1073741824)
2024-06-18 23:40:37,309 [INFO] BlockDiagram:2759 - set Specific Code input for plugin: SYS
2024-06-18 23:40:37,309 [INFO] BlockDiagram:2759 - set Specific Code input for plugin: RCC
2024-06-18 23:40:37,310 [INFO] BlockDiagram:2759 - set Specific Code input for plugin: LPUART
2024-06-18 23:40:37,310 [INFO] BlockDiagram:2759 - set Specific Code input for plugin: NVIC
2024-06-18 23:40:37,310 [INFO] BlockDiagram:2759 - set Specific Code input for plugin: GPIO
2024-06-18 23:40:37,311 [INFO] CodeGenerator:799 - code generatio: config db path: /opt/st/stm32cubeide_1.13.2/plugins/com.st.stm32cube.common.mx_6.9.2.202309101412//db/
2024-06-18 23:40:37,902 [INFO] CodeEngine:255 - oldGeneratedFile, /home/ebenezer/STM32CubeIDE/workspace_1.13.2/FREE_RTOS_SEMAPHORES/MXTmpFiles/license.tmp_save
2024-06-18 23:40:38,509 [INFO] CodeEngine:279 - Generated code: /home/ebenezer/STM32CubeIDE/workspace_1.13.2/FREE_RTOS_SEMAPHORES/MXTmpFiles/license.tmp
2024-06-18 23:40:38,593 [INFO] ThirdPartyModel:316 - End build external matchings
2024-06-18 23:40:38,599 [INFO] CodeEngine:255 - oldGeneratedFile, /home/ebenezer/STM32CubeIDE/workspace_1.13.2/FREE_RTOS_SEMAPHORES/MXTmpFiles/gpio.tmp_save
2024-06-18 23:40:38,616 [INFO] CheckServerUpdateThread:120 - End of CheckServer Thread
2024-06-18 23:40:38,717 [INFO] CodeEngine:279 - Generated code: /home/ebenezer/STM32CubeIDE/workspace_1.13.2/FREE_RTOS_SEMAPHORES/MXTmpFiles/gpio.tmp
2024-06-18 23:40:39,003 [INFO] CodeEngine:255 - oldGeneratedFile, /home/ebenezer/STM32CubeIDE/workspace_1.13.2/FREE_RTOS_SEMAPHORES/Core/Src/stm32g4xx_it.c_save
2024-06-18 23:40:39,204 [INFO] CodeEngine:279 - Generated code: /home/ebenezer/STM32CubeIDE/workspace_1.13.2/FREE_RTOS_SEMAPHORES/Core/Src/stm32g4xx_it.c
2024-06-18 23:40:39,205 [INFO] CodeEngine:255 - oldGeneratedFile, /home/ebenezer/STM32CubeIDE/workspace_1.13.2/FREE_RTOS_SEMAPHORES/Core/Inc/stm32g4xx_it.h_save
2024-06-18 23:40:39,293 [INFO] CodeEngine:279 - Generated code: /home/ebenezer/STM32CubeIDE/workspace_1.13.2/FREE_RTOS_SEMAPHORES/Core/Inc/stm32g4xx_it.h
2024-06-18 23:40:39,299 [INFO] CodeEngine:255 - oldGeneratedFile, /home/ebenezer/STM32CubeIDE/workspace_1.13.2/FREE_RTOS_SEMAPHORES/Core/Src/stm32g4xx_hal_msp.c_save
2024-06-18 23:40:39,434 [INFO] CodeEngine:279 - Generated code: /home/ebenezer/STM32CubeIDE/workspace_1.13.2/FREE_RTOS_SEMAPHORES/Core/Src/stm32g4xx_hal_msp.c
2024-06-18 23:40:39,436 [INFO] CodeEngine:255 - oldGeneratedFile, /home/ebenezer/STM32CubeIDE/workspace_1.13.2/FREE_RTOS_SEMAPHORES/MXTmpFiles/system.tmp_save
2024-06-18 23:40:39,507 [INFO] CodeEngine:279 - Generated code: /home/ebenezer/STM32CubeIDE/workspace_1.13.2/FREE_RTOS_SEMAPHORES/MXTmpFiles/system.tmp
2024-06-18 23:40:39,510 [INFO] CodeEngine:311 - oldGeneratedFile, /home/ebenezer/STM32CubeIDE/workspace_1.13.2/FREE_RTOS_SEMAPHORES/Core/Inc/stm32g4xx_hal_conf.h_save
2024-06-18 23:40:39,590 [INFO] CodeEngine:335 - Generated code: /home/ebenezer/STM32CubeIDE/workspace_1.13.2/FREE_RTOS_SEMAPHORES/Core/Inc/stm32g4xx_hal_conf.h
2024-06-18 23:40:39,632 [WARN] IPConfigManager:2937 - Warning: the RefConfig RCC_CommonPeriphClockConfig is not available in your config.xml file
2024-06-18 23:40:39,639 [INFO] CodeEngine:255 - oldGeneratedFile, /home/ebenezer/STM32CubeIDE/workspace_1.13.2/FREE_RTOS_SEMAPHORES/Core/Inc/main.h_save
2024-06-18 23:40:39,757 [INFO] CodeEngine:279 - Generated code: /home/ebenezer/STM32CubeIDE/workspace_1.13.2/FREE_RTOS_SEMAPHORES/Core/Inc/main.h
2024-06-18 23:40:39,764 [INFO] CodeEngine:255 - oldGeneratedFile, /home/ebenezer/STM32CubeIDE/workspace_1.13.2/FREE_RTOS_SEMAPHORES/Core/Src/main.c_save
2024-06-18 23:40:39,915 [INFO] CodeEngine:279 - Generated code: /home/ebenezer/STM32CubeIDE/workspace_1.13.2/FREE_RTOS_SEMAPHORES/Core/Src/main.c
2024-06-18 23:40:40,665 [INFO] ProjectBuilder:3064 - Time for Copy HAL[1] : 18mS.
2024-06-18 23:40:40,669 [INFO] ProjectBuilder:4404 - Project Generator version: 4.1.0
2024-06-18 23:40:40,915 [INFO] ConfigFileManager:1457 - The Die is : DIE479
2024-06-18 23:40:40,931 [INFO] ApiDbMcu:507 - Load IP Config File for FATFS
2024-06-18 23:40:40,987 [INFO] ApiDbMcu:507 - Load IP Config File for FREERTOS
2024-06-18 23:40:41,067 [INFO] ApiDbMcu:507 - Load IP Config File for USBPD
2024-06-18 23:40:41,108 [INFO] ApiDbMcu:507 - Load IP Config File for USB_Device
2024-06-18 23:40:47,813 [INFO] ProjectBuilder:4626 - Time for Generating toolchain IDE Files: 7144mS.
2024-06-18 23:40:47,814 [INFO] ProjectBuilder:2935 - Time for Copy CMSIS : 0mS.
2024-06-18 23:40:47,815 [INFO] ProjectBuilder:2935 - Time for Copy CMSIS : 0mS.
2024-06-18 23:40:50,223 [INFO] McuFinderGlobals:76 - Set McuFinderConnectedMode to true
2024-06-18 23:40:50,226 [INFO] ApiDb:448 - Save user favorites file /home/ebenezer/.stm32cubeide/favorites.mcus.txt: 0 item(s)
2024-06-18 23:40:50,226 [INFO] ApiDb:452 - User favorites MCUs=[]
2024-06-18 23:40:50,227 [INFO] ApiDb:448 - Save user favorites file /home/ebenezer/.stm32cubeide/favorites.boards.txt: 0 item(s)
2024-06-18 23:40:50,227 [INFO] ApiDb:452 - User favorites Boards=[]
