2024-05-10 01:39:24,523 [INFO] Activator:176 - 


2024-05-10 01:39:24,527 [INFO] Activator:177 - !SESSION log4j initialized
2024-05-10 01:39:28,046 [INFO] LogOutputStream:77 - [STDOUT_REDIRECT] 
2024-05-10 01:39:29,231 [INFO] ApplicationProperties:184 - Using Application install path: /opt/st/stm32cubeide_1.13.2/plugins/com.st.stm32cube.common.mx_6.9.2.202309101412
2024-05-10 01:39:29,260 [INFO] DbMcusXml:78 - Set database path to: /opt/st/stm32cubeide_1.13.2/plugins/com.st.stm32cube.common.mx_6.9.2.202309101412//db//mcu/
2024-05-10 01:39:29,260 [INFO] ApiDb:274 - Set plugin database path to: /opt/st/stm32cubeide_1.13.2/plugins/com.st.stm32cube.common.mx_6.9.2.202309101412//db//plugins/boardmanager/
2024-05-10 01:39:29,261 [WARN] ApiDb:259 - Overriding images path with different value:  => /opt/st/stm32cubeide_1.13.2/plugins/com.st.stm32cube.common.mx_6.9.2.202309101412//db//plugins/mcufinder/images/
2024-05-10 01:39:29,273 [INFO] ApiDb:250 - Set database path to: /home/ebenezer/.stmcufinder/plugins/mcufinder//mcu/
2024-05-10 01:39:29,275 [INFO] DbMcusAds:125 - Set database path to: /home/ebenezer/.stmcufinder/plugins/mcufinder//mcu/
2024-05-10 01:39:29,277 [INFO] CrossReferenceDbSqlite:203 - Set database path to: /home/ebenezer/.stmcufinder/plugins/mcufinder//mcu/cs/
2024-05-10 01:39:29,402 [INFO] RulesReader:64 - Compatibility file has been processed (293 Rules)
2024-05-10 01:39:29,468 [INFO] DbMcusXml:78 - Set database path to: /opt/st/stm32cubeide_1.13.2/plugins/com.st.stm32cube.common.mx_6.9.2.202309101412//db//mcu/
2024-05-10 01:39:29,468 [INFO] ApiDb:274 - Set plugin database path to: /opt/st/stm32cubeide_1.13.2/plugins/com.st.stm32cube.common.mx_6.9.2.202309101412//db//plugins/boardmanager/
2024-05-10 01:39:29,468 [INFO] ApiDb:261 - Set plugin images path to: /opt/st/stm32cubeide_1.13.2/plugins/com.st.stm32cube.common.mx_6.9.2.202309101412//db//plugins/mcufinder/images/
2024-05-10 01:39:29,469 [WARN] DbFile:41 - Overriding database path with different value: /home/ebenezer/.stmcufinder/plugins/mcufinder/ => /home/ebenezer/.stmcufinder/plugins/mcufinder
2024-05-10 01:39:29,469 [INFO] ApiDb:250 - Set database path to: /home/ebenezer/.stmcufinder/plugins/mcufinder//mcu/
2024-05-10 01:39:29,469 [WARN] DbFile:41 - Overriding database path with different value: /home/ebenezer/.stmcufinder/plugins/mcufinder/ => /home/ebenezer/.stmcufinder/plugins/mcufinder
2024-05-10 01:39:29,469 [INFO] DbMcusAds:125 - Set database path to: /home/ebenezer/.stmcufinder/plugins/mcufinder//mcu/
2024-05-10 01:39:29,469 [WARN] DbFile:41 - Overriding database path with different value: /home/ebenezer/.stmcufinder/plugins/mcufinder/ => /home/ebenezer/.stmcufinder/plugins/mcufinder
2024-05-10 01:39:29,470 [WARN] DbFile:41 - Overriding database path with different value: /home/ebenezer/.stmcufinder/plugins/mcufinder/ => /home/ebenezer/.stmcufinder/plugins/mcufinder
2024-05-10 01:39:29,470 [INFO] CrossReferenceDbSqlite:203 - Set database path to: /home/ebenezer/.stmcufinder/plugins/mcufinder//mcu/cs/
2024-05-10 01:39:29,527 [INFO] MainPanel:262 - HeapMemory: 268435456
2024-05-10 01:39:29,594 [INFO] DbMcusXml:78 - Set database path to: /opt/st/stm32cubeide_1.13.2/plugins/com.st.stm32cube.common.mx_6.9.2.202309101412//db//mcu/
2024-05-10 01:39:29,594 [INFO] ApiDb:274 - Set plugin database path to: /opt/st/stm32cubeide_1.13.2/plugins/com.st.stm32cube.common.mx_6.9.2.202309101412//db//plugins/boardmanager/
2024-05-10 01:39:29,594 [INFO] ApiDb:261 - Set plugin images path to: /opt/st/stm32cubeide_1.13.2/plugins/com.st.stm32cube.common.mx_6.9.2.202309101412//db//plugins/mcufinder/images/
2024-05-10 01:39:29,595 [WARN] DbFile:41 - Overriding database path with different value: /home/ebenezer/.stmcufinder/plugins/mcufinder/ => /home/ebenezer/.stmcufinder/plugins/mcufinder
2024-05-10 01:39:29,595 [INFO] ApiDb:250 - Set database path to: /home/ebenezer/.stmcufinder/plugins/mcufinder//mcu/
2024-05-10 01:39:29,595 [WARN] DbFile:41 - Overriding database path with different value: /home/ebenezer/.stmcufinder/plugins/mcufinder/ => /home/ebenezer/.stmcufinder/plugins/mcufinder
2024-05-10 01:39:29,596 [INFO] DbMcusAds:125 - Set database path to: /home/ebenezer/.stmcufinder/plugins/mcufinder//mcu/
2024-05-10 01:39:29,596 [WARN] DbFile:41 - Overriding database path with different value: /home/ebenezer/.stmcufinder/plugins/mcufinder/ => /home/ebenezer/.stmcufinder/plugins/mcufinder
2024-05-10 01:39:29,596 [WARN] DbFile:41 - Overriding database path with different value: /home/ebenezer/.stmcufinder/plugins/mcufinder/ => /home/ebenezer/.stmcufinder/plugins/mcufinder
2024-05-10 01:39:29,596 [INFO] CrossReferenceDbSqlite:203 - Set database path to: /home/ebenezer/.stmcufinder/plugins/mcufinder//mcu/cs/
2024-05-10 01:39:29,609 [INFO] ApplicationProperties:184 - Using Application install path: /opt/st/stm32cubeide_1.13.2/plugins/com.st.stm32cube.common.mx_6.9.2.202309101412
2024-05-10 01:39:29,610 [INFO] PluginManage:196 - Search for loadable plugins [exclusion list=, ]
2024-05-10 01:39:29,612 [INFO] PluginManage:310 - Check plugin analytics
2024-05-10 01:39:29,737 [INFO] AnalyticsPlugin:253 - Accepted Software Licenses: 
2024-05-10 01:39:29,737 [INFO] AnalyticsPlugin:255 - Accepted CMSIS Pack Licenses: 
2024-05-10 01:39:29,737 [INFO] AnalyticsPlugin:257 - Accepted Firmware Licenses: FW.G0.1.6.0,FW.F4.1.27.0
2024-05-10 01:39:29,739 [INFO] PluginManage:359 - Loaded plugin analytics (category:tool,tabindex:-1)
2024-05-10 01:39:29,739 [INFO] PluginManage:310 - Check plugin cadmodel
2024-05-10 01:39:29,756 [INFO] CADModel:105 - Init CAD model plugin
2024-05-10 01:39:29,757 [INFO] PluginManage:359 - Loaded plugin cadmodel (category:power,tabindex:5)
2024-05-10 01:39:29,757 [INFO] PluginManage:310 - Check plugin clock
2024-05-10 01:39:29,763 [INFO] PluginManage:359 - Loaded plugin clock (category:base,tabindex:2)
2024-05-10 01:39:29,763 [INFO] PluginManage:310 - Check plugin ddr
2024-05-10 01:39:29,765 [INFO] PluginManage:359 - Loaded plugin ddr (category:tool,tabindex:6)
2024-05-10 01:39:29,765 [INFO] PluginManage:310 - Check plugin filemanager
2024-05-10 01:39:29,858 [INFO] PluginManage:359 - Loaded plugin filemanager (category:base,tabindex:10)
2024-05-10 01:39:29,858 [INFO] PluginManage:310 - Check plugin ipmanager
2024-05-10 01:39:29,864 [INFO] PluginManage:359 - Loaded plugin ipmanager (category:base,tabindex:5)
2024-05-10 01:39:29,864 [INFO] PluginManage:310 - Check plugin lpbam
2024-05-10 01:39:29,872 [INFO] PluginManage:359 - Loaded plugin lpbam (category:base,tabindex:0)
2024-05-10 01:39:29,872 [INFO] PluginManage:310 - Check plugin memorymap
2024-05-10 01:39:29,882 [INFO] PluginManage:359 - Loaded plugin memorymap (category:base,tabindex:4)
2024-05-10 01:39:29,882 [INFO] PluginManage:310 - Check plugin pinoutandconfiguration
2024-05-10 01:39:29,888 [INFO] PluginManage:359 - Loaded plugin pinoutandconfiguration (category:base,tabindex:1)
2024-05-10 01:39:29,888 [INFO] PluginManage:310 - Check plugin pinoutconfig
2024-05-10 01:39:29,963 [WARN] SupportedApi:132 - Cannot load RTOS API schema: s4s-elt-must-match.1: The content of 'definitions' must match (annotation?, (simpleType | complexType)?, (unique | key | keyref)*)). A problem was found starting at: attribute.
2024-05-10 01:39:30,092 [INFO] PluginManage:359 - Loaded plugin pinoutconfig (category:base,tabindex:0)
2024-05-10 01:39:30,092 [INFO] PluginManage:310 - Check plugin power
2024-05-10 01:39:30,100 [INFO] PluginManage:359 - Loaded plugin power (category:power,tabindex:4)
2024-05-10 01:39:30,101 [INFO] PluginManage:310 - Check plugin projectmanager
2024-05-10 01:39:30,116 [INFO] PluginManage:359 - Loaded plugin projectmanager (category:projectmanager,tabindex:3)
2024-05-10 01:39:30,117 [INFO] PluginManage:310 - Check plugin thirdparty
2024-05-10 01:39:30,212 [INFO] PluginManage:359 - Loaded plugin thirdparty (category:base,tabindex:-1)
2024-05-10 01:39:30,212 [WARN] IntegrityCheckThread:84 - waiting for thirdparty lock release [integrity check]
2024-05-10 01:39:30,213 [INFO] PluginManage:310 - Check plugin tools
2024-05-10 01:39:30,213 [INFO] IntegrityCheckThread:86 - entering critical section [integrity check]
2024-05-10 01:39:30,213 [INFO] ThirdPartyUpdaterWithRetryManager:70 - Updater plugin not ready yet. [1/15]
2024-05-10 01:39:30,214 [INFO] PluginManage:359 - Loaded plugin tools (category:base,tabindex:7)
2024-05-10 01:39:30,215 [INFO] PluginManage:310 - Check plugin tutovideos
2024-05-10 01:39:30,330 [INFO] PluginManage:359 - Loaded plugin tutovideos (category:base,tabindex:-1)
2024-05-10 01:39:30,331 [INFO] PluginManage:310 - Check plugin updater
2024-05-10 01:39:30,338 [INFO] PluginManage:359 - Loaded plugin updater (category:base,tabindex:12)
2024-05-10 01:39:30,339 [INFO] PluginManage:310 - Check plugin userauth
2024-05-10 01:39:30,342 [INFO] UserAuth:113 - Init User Auth plugin
2024-05-10 01:39:30,342 [INFO] PluginManage:359 - Loaded plugin userauth (category:base,tabindex:14)
2024-05-10 01:39:30,343 [INFO] PluginManage:283 - PluginManage : Loaded plugins [17]
2024-05-10 01:39:30,470 [INFO] PinOutPanel:1499 - setPackage(No Configuration,No Configuration)
2024-05-10 01:39:30,549 [INFO] CADModel:165 - CPN selected for project level
2024-05-10 01:39:30,549 [INFO] CADModel:114 - Register for checkConnection events
2024-05-10 01:39:30,560 [INFO] IPUIPlugin:80 - create IPUIPlugin
2024-05-10 01:39:30,560 [INFO] PluginManager:220 - loadIPPluginJar : add touchsensing
2024-05-10 01:39:30,566 [INFO] IPUIPlugin:80 - create IPUIPlugin
2024-05-10 01:39:30,566 [INFO] PluginManager:220 - loadIPPluginJar : add adc
2024-05-10 01:39:30,567 [INFO] IPUIPlugin:80 - create IPUIPlugin
2024-05-10 01:39:30,567 [INFO] PluginManager:220 - loadIPPluginJar : add fatfs
2024-05-10 01:39:30,570 [INFO] IPUIPlugin:80 - create IPUIPlugin
2024-05-10 01:39:30,570 [INFO] PluginManager:220 - loadIPPluginJar : add ipddr
2024-05-10 01:39:30,573 [INFO] IPUIPlugin:80 - create IPUIPlugin
2024-05-10 01:39:30,573 [INFO] PluginManager:220 - loadIPPluginJar : add openamp
2024-05-10 01:39:30,576 [INFO] IPUIPlugin:80 - create IPUIPlugin
2024-05-10 01:39:30,576 [INFO] PluginManager:220 - loadIPPluginJar : add i3c
2024-05-10 01:39:30,578 [INFO] IPUIPlugin:80 - create IPUIPlugin
2024-05-10 01:39:30,578 [INFO] PluginManager:220 - loadIPPluginJar : add cryp
2024-05-10 01:39:30,582 [INFO] IPUIPlugin:80 - create IPUIPlugin
2024-05-10 01:39:30,583 [INFO] PluginManager:220 - loadIPPluginJar : add fmc
2024-05-10 01:39:30,584 [INFO] IPUIPlugin:80 - create IPUIPlugin
2024-05-10 01:39:30,584 [INFO] PluginManager:220 - loadIPPluginJar : add tsc
2024-05-10 01:39:30,585 [INFO] IPUIPlugin:80 - create IPUIPlugin
2024-05-10 01:39:30,585 [INFO] PluginManager:220 - loadIPPluginJar : add ltdc
2024-05-10 01:39:30,588 [INFO] IPUIPlugin:80 - create IPUIPlugin
2024-05-10 01:39:30,588 [INFO] PluginManager:220 - loadIPPluginJar : add nvic
2024-05-10 01:39:30,590 [INFO] IPUIPlugin:80 - create IPUIPlugin
2024-05-10 01:39:30,590 [INFO] PluginManager:220 - loadIPPluginJar : add dma3
2024-05-10 01:39:30,592 [INFO] IPUIPlugin:80 - create IPUIPlugin
2024-05-10 01:39:30,592 [INFO] PluginManager:220 - loadIPPluginJar : add ucpd
2024-05-10 01:39:30,596 [INFO] IPUIPlugin:80 - create IPUIPlugin
2024-05-10 01:39:30,596 [INFO] PluginManager:220 - loadIPPluginJar : add freertos
2024-05-10 01:39:30,598 [INFO] IPUIPlugin:80 - create IPUIPlugin
2024-05-10 01:39:30,598 [INFO] PluginManager:220 - loadIPPluginJar : add dfsdm
2024-05-10 01:39:30,600 [INFO] IPUIPlugin:80 - create IPUIPlugin
2024-05-10 01:39:30,600 [INFO] PluginManager:220 - loadIPPluginJar : add aes
2024-05-10 01:39:30,605 [INFO] IPUIPlugin:80 - create IPUIPlugin
2024-05-10 01:39:30,606 [INFO] PluginManager:220 - loadIPPluginJar : add linkedlist
2024-05-10 01:39:30,609 [INFO] IPUIPlugin:80 - create IPUIPlugin
2024-05-10 01:39:30,610 [INFO] PluginManager:220 - loadIPPluginJar : add gic
2024-05-10 01:39:30,611 [INFO] IPUIPlugin:80 - create IPUIPlugin
2024-05-10 01:39:30,611 [INFO] PluginManager:220 - loadIPPluginJar : add genericplugin
2024-05-10 01:39:30,613 [INFO] IPUIPlugin:80 - create IPUIPlugin
2024-05-10 01:39:30,614 [INFO] PluginManager:220 - loadIPPluginJar : add resmgrutility
2024-05-10 01:39:30,615 [INFO] IPUIPlugin:80 - create IPUIPlugin
2024-05-10 01:39:30,615 [INFO] PluginManager:220 - loadIPPluginJar : add gfxmmu
2024-05-10 01:39:30,616 [INFO] IPUIPlugin:80 - create IPUIPlugin
2024-05-10 01:39:30,616 [INFO] PluginManager:220 - loadIPPluginJar : add comp
2024-05-10 01:39:30,618 [INFO] IPUIPlugin:80 - create IPUIPlugin
2024-05-10 01:39:30,618 [INFO] PluginManager:220 - loadIPPluginJar : add i2s
2024-05-10 01:39:30,619 [INFO] IPUIPlugin:80 - create IPUIPlugin
2024-05-10 01:39:30,620 [INFO] PluginManager:220 - loadIPPluginJar : add ts
2024-05-10 01:39:30,622 [INFO] IPUIPlugin:80 - create IPUIPlugin
2024-05-10 01:39:30,622 [INFO] PluginManager:220 - loadIPPluginJar : add pdm2pcm
2024-05-10 01:39:30,624 [INFO] IPUIPlugin:80 - create IPUIPlugin
2024-05-10 01:39:30,624 [INFO] PluginManager:220 - loadIPPluginJar : add gtzc
2024-05-10 01:39:30,626 [INFO] IPUIPlugin:80 - create IPUIPlugin
2024-05-10 01:39:30,626 [INFO] PluginManager:220 - loadIPPluginJar : add can
2024-05-10 01:39:30,627 [INFO] IPUIPlugin:80 - create IPUIPlugin
2024-05-10 01:39:30,627 [INFO] PluginManager:220 - loadIPPluginJar : add tracer_emb
2024-05-10 01:39:30,629 [INFO] IPUIPlugin:80 - create IPUIPlugin
2024-05-10 01:39:30,629 [INFO] PluginManager:220 - loadIPPluginJar : add usart
2024-05-10 01:39:30,632 [INFO] IPUIPlugin:80 - create IPUIPlugin
2024-05-10 01:39:30,632 [INFO] PluginManager:220 - loadIPPluginJar : add gpio
2024-05-10 01:39:30,633 [INFO] IPUIPlugin:80 - create IPUIPlugin
2024-05-10 01:39:30,633 [INFO] PluginManager:220 - loadIPPluginJar : add spi
2024-05-10 01:39:30,638 [INFO] IPUIPlugin:80 - create IPUIPlugin
2024-05-10 01:39:30,640 [INFO] PluginManager:220 - loadIPPluginJar : add plateformsettings
2024-05-10 01:39:30,641 [INFO] IPUIPlugin:80 - create IPUIPlugin
2024-05-10 01:39:30,641 [INFO] PluginManager:220 - loadIPPluginJar : add tim
2024-05-10 01:39:30,645 [INFO] IPUIPlugin:80 - create IPUIPlugin
2024-05-10 01:39:30,645 [INFO] PluginManager:220 - loadIPPluginJar : add stm32_wpan
2024-05-10 01:39:30,647 [INFO] IPUIPlugin:80 - create IPUIPlugin
2024-05-10 01:39:30,647 [INFO] PluginManager:220 - loadIPPluginJar : add opamp
2024-05-10 01:39:30,649 [INFO] IPUIPlugin:80 - create IPUIPlugin
2024-05-10 01:39:30,649 [INFO] PluginManager:220 - loadIPPluginJar : add i2c
2024-05-10 01:39:30,654 [INFO] IPUIPlugin:80 - create IPUIPlugin
2024-05-10 01:39:30,654 [INFO] PluginManager:220 - loadIPPluginJar : add mdma
2024-05-10 01:39:30,656 [INFO] IPUIPlugin:80 - create IPUIPlugin
2024-05-10 01:39:30,656 [INFO] PluginManager:220 - loadIPPluginJar : add usbx
2024-05-10 01:39:30,658 [INFO] IPUIPlugin:80 - create IPUIPlugin
2024-05-10 01:39:30,658 [INFO] PluginManager:220 - loadIPPluginJar : add lorawan
2024-05-10 01:39:30,663 [INFO] IPUIPlugin:80 - create IPUIPlugin
2024-05-10 01:39:30,663 [INFO] PluginManager:220 - loadIPPluginJar : add dma
2024-05-10 01:39:30,665 [INFO] IPUIPlugin:80 - create IPUIPlugin
2024-05-10 01:39:30,665 [INFO] PluginManager:220 - loadIPPluginJar : add hash
2024-05-10 01:39:30,666 [INFO] IPUIPlugin:80 - create IPUIPlugin
2024-05-10 01:39:30,666 [INFO] PluginManager:220 - loadIPPluginJar : add quadspi
2024-05-10 01:39:30,668 [INFO] IPUIPlugin:80 - create IPUIPlugin
2024-05-10 01:39:30,668 [INFO] PluginManager:220 - loadIPPluginJar : add sai
2024-05-10 01:39:30,764 [INFO] CADModel:165 - CPN selected for project level
2024-05-10 01:39:30,764 [INFO] CADModel:114 - Register for checkConnection events
2024-05-10 01:39:30,764 [FATAL] Updater:308 - Updater called before beeing initialized
2024-05-10 01:39:30,764 [ERROR] CADModel:125 - Updater not yet initialized, retry later 
2024-05-10 01:39:30,855 [INFO] CADModel:165 - CPN selected for project level
2024-05-10 01:39:30,855 [INFO] CADModel:114 - Register for checkConnection events
2024-05-10 01:39:30,855 [FATAL] Updater:308 - Updater called before beeing initialized
2024-05-10 01:39:30,855 [ERROR] CADModel:125 - Updater not yet initialized, retry later 
2024-05-10 01:39:30,857 [FATAL] Updater:308 - Updater called before beeing initialized
2024-05-10 01:39:30,919 [FATAL] Updater:308 - Updater called before beeing initialized
2024-05-10 01:39:30,923 [INFO] DbMcusAds:53 - JSON generation date=Thu May 02 04:37:29 EDT 2024 (1714639049318)
2024-05-10 01:39:30,923 [FATAL] Updater:308 - Updater called before beeing initialized
2024-05-10 01:39:30,951 [WARN] DetailPanel:346 - Failed to get advertising image, set to default
2024-05-10 01:39:31,023 [FATAL] Updater:308 - Updater called before beeing initialized
2024-05-10 01:39:31,024 [FATAL] Updater:308 - Updater called before beeing initialized
2024-05-10 01:39:31,024 [FATAL] Updater:308 - Updater called before beeing initialized
2024-05-10 01:39:31,024 [WARN] DetailPanel:346 - Failed to get advertising image, set to default
2024-05-10 01:39:31,025 [FATAL] Updater:308 - Updater called before beeing initialized
2024-05-10 01:39:31,048 [ERROR] Updater:1120 - MainUpdater not yet initialized. External WinMGr cannot be set.
2024-05-10 01:39:31,049 [INFO] Updater:1056 - Updater Version found : 6.9.2
2024-05-10 01:39:31,059 [INFO] ApplicationProperties:184 - Using Application install path: /opt/st/stm32cubeide_1.13.2/plugins/com.st.stm32cube.common.mx_6.9.2.202309101412
2024-05-10 01:39:31,228 [INFO] MainUpdater:2868 - connection check result : 10
2024-05-10 01:39:31,229 [INFO] MainUpdater:285 - Updater Check For Update Now.
2024-05-10 01:39:31,229 [INFO] MicroXplorer:498 - Change Database Version : DB.6.0.92
2024-05-10 01:39:31,234 [INFO] McuFinderGlobals:63 - Set McuFinder mode to 2 (CubeIDE integrated)
2024-05-10 01:39:31,429 [INFO] CheckServerUpdateThread:120 - End of CheckServer Thread
2024-05-10 01:39:33,328 [WARN] PackLoader:240 - Cannot read IP mode file for STMicroelectronics.FP-SNS-MOTENVWB1.1.4.0
2024-05-10 01:39:33,339 [WARN] PackLoader:240 - Cannot read IP mode file for STMicroelectronics.X-CUBE-SMBUS.2.1.0
2024-05-10 01:39:33,344 [WARN] PackLoader:240 - Cannot read IP mode file for STMicroelectronics.X-CUBE-TOUCHGFX.4.23.0
2024-05-10 01:39:33,347 [WARN] PackLoader:240 - Cannot read IP mode file for STMicroelectronics.X-CUBE-TOUCHGFX.4.23.2
2024-05-10 01:39:33,372 [WARN] PackLoader:240 - Cannot read IP mode file for STMicroelectronics.X-CUBE-AZRTOS-F7.1.1.0
2024-05-10 01:39:33,381 [WARN] PackLoader:240 - Cannot read IP mode file for STMicroelectronics.FP-SNS-MOTENV1.4.3.2
2024-05-10 01:39:33,387 [WARN] PackLoader:240 - Cannot read IP mode file for STMicroelectronics.FP-SNS-FLIGHT1.5.0.2
2024-05-10 01:39:33,392 [WARN] PackLoader:240 - Cannot read IP mode file for STMicroelectronics.X-CUBE-DISPLAY.3.0.0
2024-05-10 01:39:33,401 [WARN] PackLoader:240 - Cannot read IP mode file for STMicroelectronics.X-CUBE-BLE1.7.0.0
2024-05-10 01:39:33,406 [WARN] PackLoader:240 - Cannot read IP mode file for emotas.I-CUBE-CANOPEN.1.3.0
2024-05-10 01:39:33,409 [WARN] PackLoader:240 - Cannot read IP mode file for STMicroelectronics.X-CUBE-TOUCHGFX.4.22.0
2024-05-10 01:39:33,410 [WARN] PackLoader:240 - Cannot read IP mode file for STMicroelectronics.X-CUBE-TOUCHGFX.4.22.1
2024-05-10 01:39:33,418 [WARN] PackLoader:240 - Cannot read IP mode file for STMicroelectronics.X-CUBE-BLEMGR.3.1.0
2024-05-10 01:39:33,423 [WARN] PackLoader:240 - Cannot read IP mode file for STMicroelectronics.FP-SNS-SMARTAG2.1.2.0
2024-05-10 01:39:33,430 [INFO] LogOutputStream:77 - [STDOUT_REDIRECT] 1 : Invalid condition id : UX_CORESTACK_Condition cause : null
2024-05-10 01:39:33,430 [INFO] LogOutputStream:77 - [STDOUT_REDIRECT] 1 : Invalid condition id : UX_CORESTACK_Condition cause : null
2024-05-10 01:39:33,430 [INFO] LogOutputStream:77 - [STDOUT_REDIRECT] 1 : Invalid condition id : UX_CORESTACK_Condition cause : null
2024-05-10 01:39:33,431 [INFO] LogOutputStream:77 - [STDOUT_REDIRECT] 1 : Invalid condition id : UX_CORESTACK_Condition cause : null
2024-05-10 01:39:33,431 [INFO] LogOutputStream:77 - [STDOUT_REDIRECT] 1 : Invalid condition id : UX_CORESTACK_Condition cause : null
2024-05-10 01:39:33,434 [WARN] PackLoader:240 - Cannot read IP mode file for STMicroelectronics.X-CUBE-AZRTOS-WL.2.0.0
2024-05-10 01:39:33,438 [WARN] PackLoader:240 - Cannot read IP mode file for STMicroelectronics.FP-SNS-MOTENV1.5.0.0
2024-05-10 01:39:33,445 [WARN] PackLoader:240 - Cannot read IP mode file for WES.I-CUBE-Cesium.1.3.0
2024-05-10 01:39:33,449 [WARN] PackLoader:240 - Cannot read IP mode file for STMicroelectronics.X-CUBE-BLE2.3.3.0
2024-05-10 01:39:33,454 [WARN] PackLoader:240 - Cannot read IP mode file for STMicroelectronics.X-CUBE-TCPP.4.1.0
2024-05-10 01:39:33,461 [WARN] PackLoader:240 - Cannot read IP mode file for STMicroelectronics.X-CUBE-ALGOBUILD.1.3.0
2024-05-10 01:39:33,475 [WARN] PackLoader:240 - Cannot read IP mode file for STMicroelectronics.X-CUBE-AZRTOS-G0.1.1.0
2024-05-10 01:39:33,482 [WARN] PackLoader:240 - Cannot read IP mode file for STMicroelectronics.X-CUBE-SAFEA1.1.2.2
2024-05-10 01:39:33,488 [WARN] PackLoader:240 - Cannot read IP mode file for STMicroelectronics.X-CUBE-NFC4.3.0.0
2024-05-10 01:39:33,495 [WARN] PackLoader:240 - Cannot read IP mode file for STMicroelectronics.X-CUBE-BLEMGR.3.0.0
2024-05-10 01:39:33,501 [WARN] PackLoader:240 - Cannot read IP mode file for STMicroelectronics.FP-ATR-SIGFOX1.3.2.0
2024-05-10 01:39:33,506 [WARN] PackLoader:240 - Cannot read IP mode file for STMicroelectronics.X-CUBE-EEPRMA1.5.1.0
2024-05-10 01:39:33,591 [WARN] PackLoader:240 - Cannot read IP mode file for SEGGER.I-CUBE-embOS.1.3.1
2024-05-10 01:39:33,688 [WARN] PackLoader:240 - Cannot read IP mode file for STMicroelectronics.X-CUBE-GNSS1.6.0.0
2024-05-10 01:39:33,703 [WARN] PackLoader:240 - Cannot read IP mode file for STMicroelectronics.X-CUBE-AZRTOS-F4.1.1.0
2024-05-10 01:39:33,707 [WARN] PackLoader:240 - Cannot read IP mode file for wolfSSL.I-CUBE-wolfSSL.5.6.3
2024-05-10 01:39:33,710 [WARN] PackLoader:240 - Cannot read IP mode file for STMicroelectronics.X-CUBE-FREERTOS.1.2.0
2024-05-10 01:39:33,730 [WARN] PackLoader:240 - Cannot read IP mode file for STMicroelectronics.X-CUBE-AZRTOS-L5.2.0.0
2024-05-10 01:39:33,781 [WARN] PackLoader:240 - Cannot read IP mode file for STMicroelectronics.X-CUBE-MEMS1.9.6.0
2024-05-10 01:39:34,020 [WARN] PackLoader:240 - Cannot read IP mode file for STMicroelectronics.X-CUBE-EEPRMA1.4.2.0
2024-05-10 01:39:34,028 [WARN] PackLoader:240 - Cannot read IP mode file for STMicroelectronics.X-CUBE-NFC6.3.1.0
2024-05-10 01:39:34,035 [WARN] PackLoader:240 - Cannot read IP mode file for ITTIA_DB.I-CUBE-ITTIADB.8.8.0
2024-05-10 01:39:34,042 [WARN] PackLoader:240 - Cannot read IP mode file for STMicroelectronics.X-CUBE-BLEMGR.2.0.0
2024-05-10 01:39:34,047 [WARN] PackLoader:240 - Cannot read IP mode file for STMicroelectronics.X-CUBE-AI.9.0.0
2024-05-10 01:39:34,064 [WARN] ConditionMgr:438 - getConditionDescription Invalid condition id : UX DEVICE CLASS RTOS Condition cause : null
2024-05-10 01:39:34,065 [WARN] ConditionMgr:438 - getConditionDescription Invalid condition id : UX DEVICE CLASS RTOS Condition cause : null
2024-05-10 01:39:34,069 [WARN] PackLoader:240 - Cannot read IP mode file for STMicroelectronics.X-CUBE-AZRTOS-H7.3.1.0
2024-05-10 01:39:34,070 [WARN] ConditionMgr:1039 - genDependencies : Invalid condition id : UX DEVICE CLASS RTOS Condition cause : null
2024-05-10 01:39:34,070 [WARN] ConditionMgr:1039 - genDependencies : Invalid condition id : UX DEVICE CLASS RTOS Condition cause : null
2024-05-10 01:39:34,071 [WARN] ConditionMgr:1039 - genDependencies : Invalid condition id : UX DEVICE CLASS RTOS Condition cause : null
2024-05-10 01:39:34,072 [WARN] ConditionMgr:1039 - genDependencies : Invalid condition id : UX DEVICE CLASS RTOS Condition cause : null
2024-05-10 01:39:34,072 [WARN] ConditionMgr:1039 - genDependencies : Invalid condition id : UX DEVICE CLASS RTOS Condition cause : null
2024-05-10 01:39:34,077 [WARN] PackLoader:240 - Cannot read IP mode file for STMicroelectronics.X-CUBE-NFC7.1.0.1
2024-05-10 01:39:34,085 [WARN] PackLoader:240 - Cannot read IP mode file for STMicroelectronics.X-CUBE-NFC6.3.0.0
2024-05-10 01:39:34,092 [WARN] PackLoader:240 - Cannot read IP mode file for STMicroelectronics.X-CUBE-EEPRMA1.4.1.0
2024-05-10 01:39:34,097 [WARN] PackLoader:240 - Cannot read IP mode file for STMicroelectronics.X-CUBE-AI.8.1.0
2024-05-10 01:39:34,119 [WARN] ConditionMgr:438 - getConditionDescription Invalid condition id : LAN8742 Phy interface Condition cause : null
2024-05-10 01:39:34,120 [WARN] PackLoader:240 - Cannot read IP mode file for STMicroelectronics.X-CUBE-AZRTOS-L4.2.0.0
2024-05-10 01:39:34,121 [WARN] ConditionMgr:1039 - genDependencies : Invalid condition id : LAN8742 Phy interface Condition cause : null
2024-05-10 01:39:34,122 [WARN] ConditionMgr:1039 - genDependencies : Invalid condition id : LAN8742 Phy interface Condition cause : null
2024-05-10 01:39:34,122 [WARN] ConditionMgr:1039 - genDependencies : Invalid condition id : LAN8742 Phy interface Condition cause : null
2024-05-10 01:39:34,135 [WARN] PackLoader:240 - Cannot read IP mode file for STMicroelectronics.X-CUBE-SFXS2LP1.4.0.0
2024-05-10 01:39:34,139 [WARN] PackLoader:240 - Cannot read IP mode file for STMicroelectronics.X-CUBE-ISPU.1.1.0
2024-05-10 01:39:34,154 [WARN] ConditionMgr:438 - getConditionDescription Invalid condition id : UX DEVICE CLASS RTOS Condition cause : null
2024-05-10 01:39:34,154 [WARN] ConditionMgr:438 - getConditionDescription Invalid condition id : UX DEVICE CLASS RTOS Condition cause : null
2024-05-10 01:39:34,157 [WARN] PackLoader:240 - Cannot read IP mode file for STMicroelectronics.X-CUBE-AZRTOS-WB.2.0.0
2024-05-10 01:39:34,157 [WARN] ConditionMgr:1039 - genDependencies : Invalid condition id : UX DEVICE CLASS RTOS Condition cause : null
2024-05-10 01:39:34,158 [WARN] ConditionMgr:1039 - genDependencies : Invalid condition id : UX DEVICE CLASS RTOS Condition cause : null
2024-05-10 01:39:34,158 [WARN] ConditionMgr:1039 - genDependencies : Invalid condition id : UX DEVICE CLASS RTOS Condition cause : null
2024-05-10 01:39:34,158 [WARN] ConditionMgr:1039 - genDependencies : Invalid condition id : UX DEVICE CLASS RTOS Condition cause : null
2024-05-10 01:39:34,158 [WARN] ConditionMgr:1039 - genDependencies : Invalid condition id : UX DEVICE CLASS RTOS Condition cause : null
2024-05-10 01:39:34,169 [WARN] PackLoader:240 - Cannot read IP mode file for STMicroelectronics.X-CUBE-SUBG2.5.0.0
2024-05-10 01:39:34,185 [WARN] PackLoader:240 - Cannot read IP mode file for STMicroelectronics.X-CUBE-TOF1.3.3.1
2024-05-10 01:39:34,210 [WARN] PackLoader:240 - Cannot read IP mode file for STMicroelectronics.X-CUBE-AZRTOS-G4.2.0.0
2024-05-10 01:39:34,234 [WARN] PackLoader:240 - Cannot read IP mode file for Infineon.AIROC-Wi-Fi-Bluetooth-STM32.1.5.1
2024-05-10 01:39:34,243 [WARN] PackLoader:240 - Cannot read IP mode file for STMicroelectronics.FP-SNS-MOTENVWB1.1.3.0
2024-05-10 01:39:34,247 [WARN] PackLoader:240 - Cannot read IP mode file for STMicroelectronics.FP-SNS-MOTENVWB1.1.3.1
2024-05-10 01:39:34,252 [WARN] PackLoader:240 - Cannot read IP mode file for STMicroelectronics.X-CUBE-ISPU.2.0.0
2024-05-10 01:39:34,281 [WARN] PackLoader:240 - Cannot read IP mode file for STMicroelectronics.X-CUBE-MEMS1.10.0.0
2024-05-10 01:39:34,384 [WARN] PackLoader:240 - Cannot read IP mode file for STMicroelectronics.X-CUBE-FREERTOS.1.1.0
2024-05-10 01:39:34,387 [WARN] PackLoader:240 - Cannot read IP mode file for portGmbH.I-Cube-SoM-uGOAL.1.1.0
2024-05-10 01:39:34,390 [WARN] PackLoader:240 - Cannot read IP mode file for STMicroelectronics.X-CUBE-ALS.1.0.1
2024-05-10 01:39:34,403 [WARN] PackLoader:240 - Cannot read IP mode file for STMicroelectronics.X-CUBE-AZRTOS-H7RS.1.0.0
2024-05-10 01:39:34,407 [WARN] PackLoader:240 - Cannot read IP mode file for STMicroelectronics.FP-ATR-ASTRA1.2.0.0
2024-05-10 01:39:34,414 [WARN] PackLoader:240 - Cannot read IP mode file for STMicroelectronics.X-CUBE-TOF1.3.4.0
2024-05-10 01:39:34,431 [WARN] PackLoader:240 - Cannot read IP mode file for STMicroelectronics.X-CUBE-TOF1.3.4.1
2024-05-10 01:39:34,453 [WARN] PackLoader:240 - Cannot read IP mode file for STMicroelectronics.X-CUBE-AZRTOS-H7.3.2.0
2024-05-10 01:39:34,456 [INFO] ThirdParty:978 - Integrity check success = true
2024-05-10 01:39:34,456 [INFO] IntegrityCheckThread:100 - exiting critical section [integrity check]
2024-05-10 01:39:34,456 [INFO] IntegrityCheckThread:103 - End integrity checks thread
2024-05-10 01:39:51,737 [ERROR] LogOutputStream:75 - [STDERR_REDIRECT] SLF4J: Failed to load class "org.slf4j.impl.StaticLoggerBinder".
2024-05-10 01:39:51,738 [ERROR] LogOutputStream:75 - [STDERR_REDIRECT] SLF4J: Defaulting to no-operation (NOP) logger implementation
2024-05-10 01:39:51,738 [ERROR] LogOutputStream:75 - [STDERR_REDIRECT] SLF4J: See http://www.slf4j.org/codes.html#StaticLoggerBinder for further details.
