2024-06-05 00:19:28,190 [INFO] ADCParametersView:116 -                Rank 1 : false
2024-06-05 00:19:28,509 [INFO] ADCParametersView:116 -                Rank 1 : false
2024-06-05 00:19:28,509 [INFO] ADCParametersView:116 -                Rank 1 : false
2024-06-05 00:19:28,509 [INFO] ADCParametersView:116 -                Rank 1 : false
2024-06-05 00:19:28,510 [INFO] ADCParametersView:116 -                Rank 1 : false
2024-06-05 00:19:28,510 [INFO] ADCParametersView:116 -                Rank 1 : false
2024-06-05 00:19:28,510 [INFO] ADCParametersView:116 -                Rank 1 : false
2024-06-05 00:19:28,510 [INFO] ADCParametersView:116 -                Rank 1 : false
2024-06-05 00:19:28,511 [INFO] ADCParametersView:116 -                Rank 1 : false
2024-06-05 00:19:28,511 [INFO] ADCParametersView:116 -                Rank 1 : false
2024-06-05 00:19:28,511 [INFO] ADCParametersView:116 -                Rank 1 : false
2024-06-05 00:19:28,511 [INFO] ADCParametersView:116 -                Rank 1 : false
2024-06-05 00:19:28,511 [INFO] ADCParametersView:116 -                Rank 1 : false
2024-06-05 00:19:28,512 [INFO] ADCParametersView:116 -                Rank 1 : false
2024-06-05 00:19:28,512 [INFO] ADCParametersView:116 -                Rank 1 : false
2024-06-05 00:19:28,512 [INFO] ADCParametersView:116 -                Rank 1 : false
2024-06-05 00:19:28,512 [INFO] ADCParametersView:116 -                Rank 1 : false
2024-06-05 00:19:28,512 [INFO] ADCParametersView:116 -                Rank 1 : false
2024-06-05 00:19:28,512 [INFO] ADCParametersView:116 -                Rank 1 : false
2024-06-05 00:19:28,513 [INFO] ADCParametersView:116 -                Rank 1 : false
2024-06-05 00:19:28,513 [INFO] ADCParametersView:116 -                Rank 1 : false
2024-06-05 00:19:28,513 [INFO] ADCParametersView:116 -                Rank 1 : false
2024-06-05 00:19:28,532 [INFO] ADCParametersView:116 -                Rank 1 : false
2024-06-05 00:19:28,573 [INFO] ADCParametersView:116 -                Rank 1 : false
2024-06-05 00:19:28,574 [INFO] ADCParametersView:116 -                Rank 1 : false
2024-06-05 00:19:28,574 [INFO] ADCParametersView:116 -                Rank 1 : false
2024-06-05 00:19:28,574 [INFO] ADCParametersView:116 -                Rank 1 : false
2024-06-05 00:19:28,574 [INFO] ADCParametersView:116 -                Rank 1 : false
2024-06-05 00:19:28,574 [INFO] ADCParametersView:116 -                Rank 1 : false
2024-06-05 00:19:28,575 [INFO] ADCParametersView:116 -                Rank 1 : false
2024-06-05 00:19:28,575 [INFO] ADCParametersView:116 -                Rank 1 : false
2024-06-05 00:19:28,575 [INFO] ADCParametersView:116 -                Rank 1 : false
2024-06-05 00:19:28,575 [INFO] ADCParametersView:116 -                Rank 1 : false
2024-06-05 00:19:28,575 [INFO] ADCParametersView:116 -                Rank 1 : false
2024-06-05 00:19:28,575 [INFO] ADCParametersView:116 -                Rank 1 : false
2024-06-05 00:19:28,576 [INFO] ADCParametersView:116 -                Rank 1 : false
2024-06-05 00:19:28,576 [INFO] ADCParametersView:116 -                Rank 1 : false
2024-06-05 00:19:28,576 [INFO] ADCParametersView:116 -                Rank 1 : false
2024-06-05 00:19:28,576 [INFO] ADCParametersView:116 -                Rank 1 : false
2024-06-05 00:19:28,576 [INFO] ADCParametersView:116 -                Rank 1 : false
2024-06-05 00:19:28,576 [INFO] ADCParametersView:116 -                Rank 1 : false
2024-06-05 00:19:28,577 [INFO] ADCParametersView:116 -                Rank 1 : false
2024-06-05 00:19:28,577 [INFO] ADCParametersView:116 -                Rank 1 : false
2024-06-05 00:19:28,577 [INFO] ADCParametersView:116 -                Rank 1 : false
2024-06-05 00:19:28,596 [INFO] ADCParametersView:116 -                Rank 1 : false
2024-06-05 00:19:28,651 [INFO] ADCParametersView:116 -                Rank 1 : false
2024-06-05 00:19:28,652 [INFO] ADCParametersView:116 -                Rank 1 : false
2024-06-05 00:19:28,652 [INFO] ADCParametersView:116 -                Rank 1 : false
2024-06-05 00:19:28,652 [INFO] ADCParametersView:116 -                Rank 1 : false
2024-06-05 00:19:28,652 [INFO] ADCParametersView:116 -                Rank 1 : false
2024-06-05 00:19:28,653 [INFO] ADCParametersView:116 -                Rank 1 : false
2024-06-05 00:19:28,653 [INFO] ADCParametersView:116 -                Rank 1 : false
2024-06-05 00:19:28,653 [INFO] ADCParametersView:116 -                Rank 1 : false
2024-06-05 00:19:28,653 [INFO] ADCParametersView:116 -                Rank 1 : false
2024-06-05 00:19:28,653 [INFO] ADCParametersView:116 -                Rank 1 : false
2024-06-05 00:19:28,653 [INFO] ADCParametersView:116 -                Rank 1 : false
2024-06-05 00:19:28,654 [INFO] ADCParametersView:116 -                Rank 1 : false
2024-06-05 00:19:28,654 [INFO] ADCParametersView:116 -                Rank 1 : false
2024-06-05 00:19:28,654 [INFO] ADCParametersView:116 -                Rank 1 : false
2024-06-05 00:19:28,654 [INFO] ADCParametersView:116 -                Rank 1 : false
2024-06-05 00:19:28,654 [INFO] ADCParametersView:116 -                Rank 1 : false
2024-06-05 00:19:28,654 [INFO] ADCParametersView:116 -                Rank 1 : false
2024-06-05 00:19:28,655 [INFO] ADCParametersView:116 -                Rank 1 : false
2024-06-05 00:19:28,655 [INFO] ADCParametersView:116 -                Rank 1 : false
2024-06-05 00:19:28,655 [INFO] ADCParametersView:116 -                Rank 1 : false
2024-06-05 00:19:28,655 [INFO] ADCParametersView:116 -                Rank 1 : false
2024-06-05 00:19:28,828 [INFO] NvicIntPanel:101 - NVIC parent = com.st.microxplorer.plugins.ip.nvic.MultiNvicIntPanel[,0,0,0x0,invalid,layout=javax.swing.BoxLayout,alignmentX=0.0,alignmentY=0.0,border=,flags=9,maximumSize=,minimumSize=,preferredSize=]
2024-06-05 00:19:28,905 [INFO] ADCParametersView:116 -                Rank 1 : false
2024-06-05 00:20:03,397 [INFO] UtilMem:75 - End SaveConfig() Used Memory: 243244128 Bytes (687865856)
2024-06-05 00:20:03,735 [INFO] UtilMem:75 - End SaveConfig() Used Memory: 283026728 Bytes (687865856)
2024-06-05 00:20:04,608 [INFO] BlockDiagram:2759 - set Specific Code input for plugin: FREERTOS
2024-06-05 00:20:04,608 [INFO] BlockDiagram:2759 - set Specific Code input for plugin: SYS
2024-06-05 00:20:04,608 [INFO] BlockDiagram:2759 - set Specific Code input for plugin: ADC
2024-06-05 00:20:04,608 [INFO] BlockDiagram:2759 - set Specific Code input for plugin: RCC
2024-06-05 00:20:04,609 [INFO] BlockDiagram:2759 - set Specific Code input for plugin: NVIC
2024-06-05 00:20:04,609 [INFO] BlockDiagram:2759 - set Specific Code input for plugin: USART
2024-06-05 00:20:04,609 [INFO] BlockDiagram:2759 - set Specific Code input for plugin: DMA
2024-06-05 00:20:04,610 [INFO] BlockDiagram:2759 - set Specific Code input for plugin: GPIO
2024-06-05 00:20:04,610 [INFO] CodeGenerator:799 - code generatio: config db path: /opt/st/stm32cubeide_1.13.2/plugins/com.st.stm32cube.common.mx_6.9.2.202309101412//db/
2024-06-05 00:20:04,914 [INFO] CodeEngine:255 - oldGeneratedFile, /home/ebenezer/STM32CubeIDE/workspace_1.13.2/embedede_program_02/MXTmpFiles/license.tmp_save
2024-06-05 00:20:05,322 [INFO] CodeEngine:279 - Generated code: /home/ebenezer/STM32CubeIDE/workspace_1.13.2/embedede_program_02/MXTmpFiles/license.tmp
2024-06-05 00:20:05,406 [INFO] CodeEngine:255 - oldGeneratedFile, /home/ebenezer/STM32CubeIDE/workspace_1.13.2/embedede_program_02/MXTmpFiles/gpio.tmp_save
2024-06-05 00:20:05,540 [INFO] CodeEngine:279 - Generated code: /home/ebenezer/STM32CubeIDE/workspace_1.13.2/embedede_program_02/MXTmpFiles/gpio.tmp
2024-06-05 00:20:05,993 [INFO] Middleware:1439 - No code input for Bsp Dependency
2024-06-05 00:20:05,997 [INFO] CodeEngine:255 - oldGeneratedFile, /home/ebenezer/STM32CubeIDE/workspace_1.13.2/embedede_program_02/MXTmpFiles/rtos_inc.tmp_save
2024-06-05 00:20:06,095 [INFO] CodeEngine:279 - Generated code: /home/ebenezer/STM32CubeIDE/workspace_1.13.2/embedede_program_02/MXTmpFiles/rtos_inc.tmp
2024-06-05 00:20:06,096 [INFO] CodeEngine:255 - oldGeneratedFile, /home/ebenezer/STM32CubeIDE/workspace_1.13.2/embedede_program_02/MXTmpFiles/rtos_vars.tmp_save
2024-06-05 00:20:06,192 [INFO] CodeEngine:279 - Generated code: /home/ebenezer/STM32CubeIDE/workspace_1.13.2/embedede_program_02/MXTmpFiles/rtos_vars.tmp
2024-06-05 00:20:06,193 [INFO] CodeEngine:255 - oldGeneratedFile, /home/ebenezer/STM32CubeIDE/workspace_1.13.2/embedede_program_02/MXTmpFiles/rtos_pfp.tmp_save
2024-06-05 00:20:06,284 [INFO] CodeEngine:279 - Generated code: /home/ebenezer/STM32CubeIDE/workspace_1.13.2/embedede_program_02/MXTmpFiles/rtos_pfp.tmp
2024-06-05 00:20:06,286 [INFO] CodeEngine:255 - oldGeneratedFile, /home/ebenezer/STM32CubeIDE/workspace_1.13.2/embedede_program_02/MXTmpFiles/rtos_obj_creat.tmp_save
2024-06-05 00:20:06,373 [INFO] CodeEngine:279 - Generated code: /home/ebenezer/STM32CubeIDE/workspace_1.13.2/embedede_program_02/MXTmpFiles/rtos_obj_creat.tmp
2024-06-05 00:20:06,374 [INFO] CodeEngine:255 - oldGeneratedFile, /home/ebenezer/STM32CubeIDE/workspace_1.13.2/embedede_program_02/MXTmpFiles/rtos_kernelStart.tmp_save
2024-06-05 00:20:06,437 [INFO] CodeEngine:279 - Generated code: /home/ebenezer/STM32CubeIDE/workspace_1.13.2/embedede_program_02/MXTmpFiles/rtos_kernelStart.tmp
2024-06-05 00:20:06,438 [INFO] CodeEngine:255 - oldGeneratedFile, /home/ebenezer/STM32CubeIDE/workspace_1.13.2/embedede_program_02/MXTmpFiles/rtos_default_thread.tmp_save
2024-06-05 00:20:06,505 [INFO] CodeEngine:279 - Generated code: /home/ebenezer/STM32CubeIDE/workspace_1.13.2/embedede_program_02/MXTmpFiles/rtos_default_thread.tmp
2024-06-05 00:20:06,506 [INFO] CodeEngine:255 - oldGeneratedFile, /home/ebenezer/STM32CubeIDE/workspace_1.13.2/embedede_program_02/MXTmpFiles/rtos_threads.tmp_save
2024-06-05 00:20:06,583 [INFO] CodeEngine:279 - Generated code: /home/ebenezer/STM32CubeIDE/workspace_1.13.2/embedede_program_02/MXTmpFiles/rtos_threads.tmp
2024-06-05 00:20:06,597 [INFO] Middleware:1439 - No code input for Bsp Dependency
2024-06-05 00:20:06,602 [INFO] CodeEngine:255 - oldGeneratedFile, /home/ebenezer/STM32CubeIDE/workspace_1.13.2/embedede_program_02/MXTmpFiles/rtos_inc.tmp_save
2024-06-05 00:20:06,669 [INFO] CodeEngine:279 - Generated code: /home/ebenezer/STM32CubeIDE/workspace_1.13.2/embedede_program_02/MXTmpFiles/rtos_inc.tmp
2024-06-05 00:20:06,670 [INFO] CodeEngine:255 - oldGeneratedFile, /home/ebenezer/STM32CubeIDE/workspace_1.13.2/embedede_program_02/MXTmpFiles/rtos_vars.tmp_save
2024-06-05 00:20:06,733 [INFO] CodeEngine:279 - Generated code: /home/ebenezer/STM32CubeIDE/workspace_1.13.2/embedede_program_02/MXTmpFiles/rtos_vars.tmp
2024-06-05 00:20:06,735 [INFO] CodeEngine:255 - oldGeneratedFile, /home/ebenezer/STM32CubeIDE/workspace_1.13.2/embedede_program_02/MXTmpFiles/rtos_pfp.tmp_save
2024-06-05 00:20:06,795 [INFO] CodeEngine:279 - Generated code: /home/ebenezer/STM32CubeIDE/workspace_1.13.2/embedede_program_02/MXTmpFiles/rtos_pfp.tmp
2024-06-05 00:20:06,796 [INFO] CodeEngine:255 - oldGeneratedFile, /home/ebenezer/STM32CubeIDE/workspace_1.13.2/embedede_program_02/MXTmpFiles/rtos_obj_creat.tmp_save
2024-06-05 00:20:06,858 [INFO] CodeEngine:279 - Generated code: /home/ebenezer/STM32CubeIDE/workspace_1.13.2/embedede_program_02/MXTmpFiles/rtos_obj_creat.tmp
2024-06-05 00:20:06,859 [INFO] CodeEngine:255 - oldGeneratedFile, /home/ebenezer/STM32CubeIDE/workspace_1.13.2/embedede_program_02/MXTmpFiles/rtos_kernelStart.tmp_save
2024-06-05 00:20:06,915 [INFO] CodeEngine:279 - Generated code: /home/ebenezer/STM32CubeIDE/workspace_1.13.2/embedede_program_02/MXTmpFiles/rtos_kernelStart.tmp
2024-06-05 00:20:06,916 [INFO] CodeEngine:255 - oldGeneratedFile, /home/ebenezer/STM32CubeIDE/workspace_1.13.2/embedede_program_02/MXTmpFiles/rtos_default_thread.tmp_save
2024-06-05 00:20:06,978 [INFO] CodeEngine:279 - Generated code: /home/ebenezer/STM32CubeIDE/workspace_1.13.2/embedede_program_02/MXTmpFiles/rtos_default_thread.tmp
2024-06-05 00:20:06,980 [INFO] CodeEngine:255 - oldGeneratedFile, /home/ebenezer/STM32CubeIDE/workspace_1.13.2/embedede_program_02/MXTmpFiles/rtos_threads.tmp_save
2024-06-05 00:20:07,034 [INFO] CodeEngine:279 - Generated code: /home/ebenezer/STM32CubeIDE/workspace_1.13.2/embedede_program_02/MXTmpFiles/rtos_threads.tmp
2024-06-05 00:20:07,035 [INFO] CodeEngine:255 - oldGeneratedFile, /home/ebenezer/STM32CubeIDE/workspace_1.13.2/embedede_program_02/Core/Inc/FreeRTOSConfig.h_save
2024-06-05 00:20:07,118 [INFO] CodeEngine:279 - Generated code: /home/ebenezer/STM32CubeIDE/workspace_1.13.2/embedede_program_02/Core/Inc/FreeRTOSConfig.h
2024-06-05 00:20:07,121 [INFO] CodeEngine:255 - oldGeneratedFile, /home/ebenezer/STM32CubeIDE/workspace_1.13.2/embedede_program_02/Core/Src/app_freertos.c_save
2024-06-05 00:20:07,217 [INFO] CodeEngine:279 - Generated code: /home/ebenezer/STM32CubeIDE/workspace_1.13.2/embedede_program_02/Core/Src/app_freertos.c
2024-06-05 00:20:07,248 [INFO] CodeEngine:255 - oldGeneratedFile, /home/ebenezer/STM32CubeIDE/workspace_1.13.2/embedede_program_02/MXTmpFiles/dma.tmp_save
2024-06-05 00:20:07,318 [INFO] CodeEngine:279 - Generated code: /home/ebenezer/STM32CubeIDE/workspace_1.13.2/embedede_program_02/MXTmpFiles/dma.tmp
2024-06-05 00:20:07,319 [INFO] CodeEngine:255 - oldGeneratedFile, /home/ebenezer/STM32CubeIDE/workspace_1.13.2/embedede_program_02/MXTmpFiles/dma_GV.tmp_save
2024-06-05 00:20:07,371 [INFO] CodeEngine:279 - Generated code: /home/ebenezer/STM32CubeIDE/workspace_1.13.2/embedede_program_02/MXTmpFiles/dma_GV.tmp
2024-06-05 00:20:07,377 [INFO] CodeEngine:255 - oldGeneratedFile, /home/ebenezer/STM32CubeIDE/workspace_1.13.2/embedede_program_02/Core/Src/stm32g0xx_it.c_save
2024-06-05 00:20:07,496 [INFO] CodeEngine:279 - Generated code: /home/ebenezer/STM32CubeIDE/workspace_1.13.2/embedede_program_02/Core/Src/stm32g0xx_it.c
2024-06-05 00:20:07,498 [INFO] CodeEngine:255 - oldGeneratedFile, /home/ebenezer/STM32CubeIDE/workspace_1.13.2/embedede_program_02/Core/Inc/stm32g0xx_it.h_save
2024-06-05 00:20:07,590 [INFO] CodeEngine:279 - Generated code: /home/ebenezer/STM32CubeIDE/workspace_1.13.2/embedede_program_02/Core/Inc/stm32g0xx_it.h
2024-06-05 00:20:07,598 [INFO] CodeEngine:255 - oldGeneratedFile, /home/ebenezer/STM32CubeIDE/workspace_1.13.2/embedede_program_02/Core/Src/stm32g0xx_hal_msp.c_save
2024-06-05 00:20:07,765 [INFO] CodeEngine:279 - Generated code: /home/ebenezer/STM32CubeIDE/workspace_1.13.2/embedede_program_02/Core/Src/stm32g0xx_hal_msp.c
2024-06-05 00:20:07,767 [INFO] CodeEngine:255 - oldGeneratedFile, /home/ebenezer/STM32CubeIDE/workspace_1.13.2/embedede_program_02/MXTmpFiles/system.tmp_save
2024-06-05 00:20:07,855 [INFO] CodeEngine:279 - Generated code: /home/ebenezer/STM32CubeIDE/workspace_1.13.2/embedede_program_02/MXTmpFiles/system.tmp
2024-06-05 00:20:07,857 [INFO] CodeEngine:255 - oldGeneratedFile, /home/ebenezer/STM32CubeIDE/workspace_1.13.2/embedede_program_02/Core/Src/stm32g0xx_hal_timebase_tim.c_save
2024-06-05 00:20:07,948 [INFO] CodeEngine:279 - Generated code: /home/ebenezer/STM32CubeIDE/workspace_1.13.2/embedede_program_02/Core/Src/stm32g0xx_hal_timebase_tim.c
2024-06-05 00:20:07,954 [INFO] CodeEngine:311 - oldGeneratedFile, /home/ebenezer/STM32CubeIDE/workspace_1.13.2/embedede_program_02/Core/Inc/stm32g0xx_hal_conf.h_save
2024-06-05 00:20:08,038 [INFO] CodeEngine:335 - Generated code: /home/ebenezer/STM32CubeIDE/workspace_1.13.2/embedede_program_02/Core/Inc/stm32g0xx_hal_conf.h
2024-06-05 00:20:08,083 [INFO] CodeEngine:255 - oldGeneratedFile, /home/ebenezer/STM32CubeIDE/workspace_1.13.2/embedede_program_02/Core/Inc/main.h_save
2024-06-05 00:20:08,166 [INFO] CodeEngine:279 - Generated code: /home/ebenezer/STM32CubeIDE/workspace_1.13.2/embedede_program_02/Core/Inc/main.h
2024-06-05 00:20:08,167 [INFO] CodeEngine:255 - oldGeneratedFile, /home/ebenezer/STM32CubeIDE/workspace_1.13.2/embedede_program_02/Core/Src/main.c_save
2024-06-05 00:20:08,313 [INFO] CodeEngine:279 - Generated code: /home/ebenezer/STM32CubeIDE/workspace_1.13.2/embedede_program_02/Core/Src/main.c
2024-06-05 00:20:08,746 [INFO] ProjectBuilder:3064 - Time for Copy HAL[1] : 30mS.
2024-06-05 00:20:08,751 [INFO] ProjectBuilder:4404 - Project Generator version: 4.1.0
2024-06-05 00:20:09,189 [INFO] ConfigFileManager:1457 - The Die is : DIE467
2024-06-05 00:20:09,192 [INFO] ApiDbMcu:507 - Load IP Config File for FATFS
2024-06-05 00:20:09,200 [INFO] ApiDbMcu:507 - Load IP Config File for USBPD
2024-06-05 00:20:09,217 [INFO] ApiDbMcu:507 - Load IP Config File for USB_Device
2024-06-05 00:20:09,227 [INFO] ApiDbMcu:507 - Load IP Config File for USB_Host
2024-06-05 00:20:10,984 [INFO] ProjectBuilder:4626 - Time for Generating toolchain IDE Files: 2232mS.
2024-06-05 00:20:10,985 [INFO] ProjectBuilder:2935 - Time for Copy CMSIS : 1mS.
2024-06-05 00:20:10,986 [INFO] ProjectBuilder:2935 - Time for Copy CMSIS : 0mS.
