2024-02-26 20:22:19,357 [INFO] Activator:176 - 


2024-02-26 20:22:19,362 [INFO] Activator:177 - !SESSION log4j initialized
2024-02-26 20:22:22,931 [INFO] LogOutputStream:77 - [STDOUT_REDIRECT] 
2024-02-26 20:22:23,818 [INFO] ApplicationProperties:184 - Using Application install path: /opt/st/stm32cubeide_1.13.2/plugins/com.st.stm32cube.common.mx_6.9.2.202309101412
2024-02-26 20:22:23,837 [INFO] DbMcusXml:78 - Set database path to: /opt/st/stm32cubeide_1.13.2/plugins/com.st.stm32cube.common.mx_6.9.2.202309101412//db//mcu/
2024-02-26 20:22:23,838 [INFO] ApiDb:274 - Set plugin database path to: /opt/st/stm32cubeide_1.13.2/plugins/com.st.stm32cube.common.mx_6.9.2.202309101412//db//plugins/boardmanager/
2024-02-26 20:22:23,839 [WARN] ApiDb:259 - Overriding images path with different value:  => /opt/st/stm32cubeide_1.13.2/plugins/com.st.stm32cube.common.mx_6.9.2.202309101412//db//plugins/mcufinder/images/
2024-02-26 20:22:23,852 [INFO] ApiDb:250 - Set database path to: /home/ebenezer/.stmcufinder/plugins/mcufinder//mcu/
2024-02-26 20:22:23,853 [INFO] DbMcusAds:125 - Set database path to: /home/ebenezer/.stmcufinder/plugins/mcufinder//mcu/
2024-02-26 20:22:23,857 [INFO] CrossReferenceDbSqlite:203 - Set database path to: /home/ebenezer/.stmcufinder/plugins/mcufinder//mcu/cs/
2024-02-26 20:22:23,998 [INFO] RulesReader:64 - Compatibility file has been processed (293 Rules)
2024-02-26 20:22:24,071 [INFO] DbMcusXml:78 - Set database path to: /opt/st/stm32cubeide_1.13.2/plugins/com.st.stm32cube.common.mx_6.9.2.202309101412//db//mcu/
2024-02-26 20:22:24,071 [INFO] ApiDb:274 - Set plugin database path to: /opt/st/stm32cubeide_1.13.2/plugins/com.st.stm32cube.common.mx_6.9.2.202309101412//db//plugins/boardmanager/
2024-02-26 20:22:24,072 [INFO] ApiDb:261 - Set plugin images path to: /opt/st/stm32cubeide_1.13.2/plugins/com.st.stm32cube.common.mx_6.9.2.202309101412//db//plugins/mcufinder/images/
2024-02-26 20:22:24,072 [WARN] DbFile:41 - Overriding database path with different value: /home/ebenezer/.stmcufinder/plugins/mcufinder/ => /home/ebenezer/.stmcufinder/plugins/mcufinder
2024-02-26 20:22:24,073 [INFO] ApiDb:250 - Set database path to: /home/ebenezer/.stmcufinder/plugins/mcufinder//mcu/
2024-02-26 20:22:24,073 [WARN] DbFile:41 - Overriding database path with different value: /home/ebenezer/.stmcufinder/plugins/mcufinder/ => /home/ebenezer/.stmcufinder/plugins/mcufinder
2024-02-26 20:22:24,073 [INFO] DbMcusAds:125 - Set database path to: /home/ebenezer/.stmcufinder/plugins/mcufinder//mcu/
2024-02-26 20:22:24,073 [WARN] DbFile:41 - Overriding database path with different value: /home/ebenezer/.stmcufinder/plugins/mcufinder/ => /home/ebenezer/.stmcufinder/plugins/mcufinder
2024-02-26 20:22:24,073 [WARN] DbFile:41 - Overriding database path with different value: /home/ebenezer/.stmcufinder/plugins/mcufinder/ => /home/ebenezer/.stmcufinder/plugins/mcufinder
2024-02-26 20:22:24,073 [INFO] CrossReferenceDbSqlite:203 - Set database path to: /home/ebenezer/.stmcufinder/plugins/mcufinder//mcu/cs/
2024-02-26 20:22:24,136 [INFO] MainPanel:262 - HeapMemory: 268435456
2024-02-26 20:22:24,233 [INFO] DbMcusXml:78 - Set database path to: /opt/st/stm32cubeide_1.13.2/plugins/com.st.stm32cube.common.mx_6.9.2.202309101412//db//mcu/
2024-02-26 20:22:24,233 [INFO] ApiDb:274 - Set plugin database path to: /opt/st/stm32cubeide_1.13.2/plugins/com.st.stm32cube.common.mx_6.9.2.202309101412//db//plugins/boardmanager/
2024-02-26 20:22:24,234 [INFO] ApiDb:261 - Set plugin images path to: /opt/st/stm32cubeide_1.13.2/plugins/com.st.stm32cube.common.mx_6.9.2.202309101412//db//plugins/mcufinder/images/
2024-02-26 20:22:24,234 [WARN] DbFile:41 - Overriding database path with different value: /home/ebenezer/.stmcufinder/plugins/mcufinder/ => /home/ebenezer/.stmcufinder/plugins/mcufinder
2024-02-26 20:22:24,234 [INFO] ApiDb:250 - Set database path to: /home/ebenezer/.stmcufinder/plugins/mcufinder//mcu/
2024-02-26 20:22:24,235 [WARN] DbFile:41 - Overriding database path with different value: /home/ebenezer/.stmcufinder/plugins/mcufinder/ => /home/ebenezer/.stmcufinder/plugins/mcufinder
2024-02-26 20:22:24,235 [INFO] DbMcusAds:125 - Set database path to: /home/ebenezer/.stmcufinder/plugins/mcufinder//mcu/
2024-02-26 20:22:24,235 [WARN] DbFile:41 - Overriding database path with different value: /home/ebenezer/.stmcufinder/plugins/mcufinder/ => /home/ebenezer/.stmcufinder/plugins/mcufinder
2024-02-26 20:22:24,235 [WARN] DbFile:41 - Overriding database path with different value: /home/ebenezer/.stmcufinder/plugins/mcufinder/ => /home/ebenezer/.stmcufinder/plugins/mcufinder
2024-02-26 20:22:24,235 [INFO] CrossReferenceDbSqlite:203 - Set database path to: /home/ebenezer/.stmcufinder/plugins/mcufinder//mcu/cs/
2024-02-26 20:22:24,256 [INFO] ApplicationProperties:184 - Using Application install path: /opt/st/stm32cubeide_1.13.2/plugins/com.st.stm32cube.common.mx_6.9.2.202309101412
2024-02-26 20:22:24,258 [INFO] PluginManage:196 - Search for loadable plugins [exclusion list=, ]
2024-02-26 20:22:24,259 [INFO] PluginManage:310 - Check plugin analytics
2024-02-26 20:22:24,406 [INFO] AnalyticsPlugin:253 - Accepted Software Licenses: 
2024-02-26 20:22:24,406 [INFO] AnalyticsPlugin:255 - Accepted CMSIS Pack Licenses: 
2024-02-26 20:22:24,406 [INFO] AnalyticsPlugin:257 - Accepted Firmware Licenses: FW.G0.1.6.0
2024-02-26 20:22:24,410 [INFO] PluginManage:359 - Loaded plugin analytics (category:tool,tabindex:-1)
2024-02-26 20:22:24,410 [INFO] PluginManage:310 - Check plugin cadmodel
2024-02-26 20:22:24,477 [INFO] CADModel:105 - Init CAD model plugin
2024-02-26 20:22:24,478 [INFO] PluginManage:359 - Loaded plugin cadmodel (category:power,tabindex:5)
2024-02-26 20:22:24,478 [INFO] PluginManage:310 - Check plugin clock
2024-02-26 20:22:24,487 [INFO] PluginManage:359 - Loaded plugin clock (category:base,tabindex:2)
2024-02-26 20:22:24,487 [INFO] PluginManage:310 - Check plugin ddr
2024-02-26 20:22:24,489 [INFO] PluginManage:359 - Loaded plugin ddr (category:tool,tabindex:6)
2024-02-26 20:22:24,489 [INFO] PluginManage:310 - Check plugin filemanager
2024-02-26 20:22:24,630 [INFO] PluginManage:359 - Loaded plugin filemanager (category:base,tabindex:10)
2024-02-26 20:22:24,630 [INFO] PluginManage:310 - Check plugin ipmanager
2024-02-26 20:22:24,635 [INFO] PluginManage:359 - Loaded plugin ipmanager (category:base,tabindex:5)
2024-02-26 20:22:24,636 [INFO] PluginManage:310 - Check plugin lpbam
2024-02-26 20:22:24,644 [INFO] PluginManage:359 - Loaded plugin lpbam (category:base,tabindex:0)
2024-02-26 20:22:24,644 [INFO] PluginManage:310 - Check plugin memorymap
2024-02-26 20:22:24,654 [INFO] PluginManage:359 - Loaded plugin memorymap (category:base,tabindex:4)
2024-02-26 20:22:24,654 [INFO] PluginManage:310 - Check plugin pinoutandconfiguration
2024-02-26 20:22:24,662 [INFO] PluginManage:359 - Loaded plugin pinoutandconfiguration (category:base,tabindex:1)
2024-02-26 20:22:24,662 [INFO] PluginManage:310 - Check plugin pinoutconfig
2024-02-26 20:22:24,744 [WARN] SupportedApi:132 - Cannot load RTOS API schema: s4s-elt-must-match.1: The content of 'definitions' must match (annotation?, (simpleType | complexType)?, (unique | key | keyref)*)). A problem was found starting at: attribute.
2024-02-26 20:22:24,863 [INFO] PluginManage:359 - Loaded plugin pinoutconfig (category:base,tabindex:0)
2024-02-26 20:22:24,863 [INFO] PluginManage:310 - Check plugin power
2024-02-26 20:22:24,871 [INFO] PluginManage:359 - Loaded plugin power (category:power,tabindex:4)
2024-02-26 20:22:24,871 [INFO] PluginManage:310 - Check plugin projectmanager
2024-02-26 20:22:24,884 [INFO] PluginManage:359 - Loaded plugin projectmanager (category:projectmanager,tabindex:3)
2024-02-26 20:22:24,885 [INFO] PluginManage:310 - Check plugin thirdparty
2024-02-26 20:22:25,024 [INFO] PluginManage:359 - Loaded plugin thirdparty (category:base,tabindex:-1)
2024-02-26 20:22:25,024 [WARN] IntegrityCheckThread:84 - waiting for thirdparty lock release [integrity check]
2024-02-26 20:22:25,024 [INFO] PluginManage:310 - Check plugin tools
2024-02-26 20:22:25,024 [INFO] IntegrityCheckThread:86 - entering critical section [integrity check]
2024-02-26 20:22:25,025 [INFO] ThirdPartyUpdaterWithRetryManager:70 - Updater plugin not ready yet. [1/15]
2024-02-26 20:22:25,027 [INFO] PluginManage:359 - Loaded plugin tools (category:base,tabindex:7)
2024-02-26 20:22:25,027 [INFO] PluginManage:310 - Check plugin tutovideos
2024-02-26 20:22:25,173 [INFO] PluginManage:359 - Loaded plugin tutovideos (category:base,tabindex:-1)
2024-02-26 20:22:25,174 [INFO] PluginManage:310 - Check plugin updater
2024-02-26 20:22:25,183 [INFO] PluginManage:359 - Loaded plugin updater (category:base,tabindex:12)
2024-02-26 20:22:25,183 [INFO] PluginManage:310 - Check plugin userauth
2024-02-26 20:22:25,188 [INFO] UserAuth:113 - Init User Auth plugin
2024-02-26 20:22:25,189 [INFO] PluginManage:359 - Loaded plugin userauth (category:base,tabindex:14)
2024-02-26 20:22:25,190 [INFO] PluginManage:283 - PluginManage : Loaded plugins [17]
2024-02-26 20:22:25,374 [INFO] PinOutPanel:1499 - setPackage(No Configuration,No Configuration)
2024-02-26 20:22:25,465 [INFO] CADModel:165 - CPN selected for project level
2024-02-26 20:22:25,466 [INFO] CADModel:114 - Register for checkConnection events
2024-02-26 20:22:25,481 [INFO] IPUIPlugin:80 - create IPUIPlugin
2024-02-26 20:22:25,482 [INFO] PluginManager:220 - loadIPPluginJar : add touchsensing
2024-02-26 20:22:25,490 [INFO] IPUIPlugin:80 - create IPUIPlugin
2024-02-26 20:22:25,490 [INFO] PluginManager:220 - loadIPPluginJar : add adc
2024-02-26 20:22:25,492 [INFO] IPUIPlugin:80 - create IPUIPlugin
2024-02-26 20:22:25,492 [INFO] PluginManager:220 - loadIPPluginJar : add fatfs
2024-02-26 20:22:25,495 [INFO] IPUIPlugin:80 - create IPUIPlugin
2024-02-26 20:22:25,495 [INFO] PluginManager:220 - loadIPPluginJar : add ipddr
2024-02-26 20:22:25,496 [INFO] IPUIPlugin:80 - create IPUIPlugin
2024-02-26 20:22:25,496 [INFO] PluginManager:220 - loadIPPluginJar : add openamp
2024-02-26 20:22:25,498 [INFO] IPUIPlugin:80 - create IPUIPlugin
2024-02-26 20:22:25,498 [INFO] PluginManager:220 - loadIPPluginJar : add i3c
2024-02-26 20:22:25,499 [INFO] IPUIPlugin:80 - create IPUIPlugin
2024-02-26 20:22:25,499 [INFO] PluginManager:220 - loadIPPluginJar : add cryp
2024-02-26 20:22:25,502 [INFO] IPUIPlugin:80 - create IPUIPlugin
2024-02-26 20:22:25,502 [INFO] PluginManager:220 - loadIPPluginJar : add fmc
2024-02-26 20:22:25,503 [INFO] IPUIPlugin:80 - create IPUIPlugin
2024-02-26 20:22:25,504 [INFO] PluginManager:220 - loadIPPluginJar : add tsc
2024-02-26 20:22:25,506 [INFO] IPUIPlugin:80 - create IPUIPlugin
2024-02-26 20:22:25,506 [INFO] PluginManager:220 - loadIPPluginJar : add ltdc
2024-02-26 20:22:25,510 [INFO] IPUIPlugin:80 - create IPUIPlugin
2024-02-26 20:22:25,510 [INFO] PluginManager:220 - loadIPPluginJar : add nvic
2024-02-26 20:22:25,512 [INFO] IPUIPlugin:80 - create IPUIPlugin
2024-02-26 20:22:25,512 [INFO] PluginManager:220 - loadIPPluginJar : add dma3
2024-02-26 20:22:25,513 [INFO] IPUIPlugin:80 - create IPUIPlugin
2024-02-26 20:22:25,513 [INFO] PluginManager:220 - loadIPPluginJar : add ucpd
2024-02-26 20:22:25,516 [INFO] IPUIPlugin:80 - create IPUIPlugin
2024-02-26 20:22:25,517 [INFO] PluginManager:220 - loadIPPluginJar : add freertos
2024-02-26 20:22:25,518 [INFO] IPUIPlugin:80 - create IPUIPlugin
2024-02-26 20:22:25,518 [INFO] PluginManager:220 - loadIPPluginJar : add dfsdm
2024-02-26 20:22:25,519 [INFO] IPUIPlugin:80 - create IPUIPlugin
2024-02-26 20:22:25,519 [INFO] PluginManager:220 - loadIPPluginJar : add aes
2024-02-26 20:22:25,527 [INFO] IPUIPlugin:80 - create IPUIPlugin
2024-02-26 20:22:25,527 [INFO] PluginManager:220 - loadIPPluginJar : add linkedlist
2024-02-26 20:22:25,531 [INFO] IPUIPlugin:80 - create IPUIPlugin
2024-02-26 20:22:25,531 [INFO] PluginManager:220 - loadIPPluginJar : add gic
2024-02-26 20:22:25,532 [INFO] IPUIPlugin:80 - create IPUIPlugin
2024-02-26 20:22:25,532 [INFO] PluginManager:220 - loadIPPluginJar : add genericplugin
2024-02-26 20:22:25,534 [INFO] IPUIPlugin:80 - create IPUIPlugin
2024-02-26 20:22:25,534 [INFO] PluginManager:220 - loadIPPluginJar : add resmgrutility
2024-02-26 20:22:25,536 [INFO] IPUIPlugin:80 - create IPUIPlugin
2024-02-26 20:22:25,536 [INFO] PluginManager:220 - loadIPPluginJar : add gfxmmu
2024-02-26 20:22:25,538 [INFO] IPUIPlugin:80 - create IPUIPlugin
2024-02-26 20:22:25,538 [INFO] PluginManager:220 - loadIPPluginJar : add comp
2024-02-26 20:22:25,540 [INFO] IPUIPlugin:80 - create IPUIPlugin
2024-02-26 20:22:25,540 [INFO] PluginManager:220 - loadIPPluginJar : add i2s
2024-02-26 20:22:25,541 [INFO] IPUIPlugin:80 - create IPUIPlugin
2024-02-26 20:22:25,541 [INFO] PluginManager:220 - loadIPPluginJar : add ts
2024-02-26 20:22:25,543 [INFO] IPUIPlugin:80 - create IPUIPlugin
2024-02-26 20:22:25,543 [INFO] PluginManager:220 - loadIPPluginJar : add pdm2pcm
2024-02-26 20:22:25,545 [INFO] IPUIPlugin:80 - create IPUIPlugin
2024-02-26 20:22:25,545 [INFO] PluginManager:220 - loadIPPluginJar : add gtzc
2024-02-26 20:22:25,546 [INFO] IPUIPlugin:80 - create IPUIPlugin
2024-02-26 20:22:25,546 [INFO] PluginManager:220 - loadIPPluginJar : add can
2024-02-26 20:22:25,547 [INFO] IPUIPlugin:80 - create IPUIPlugin
2024-02-26 20:22:25,547 [INFO] PluginManager:220 - loadIPPluginJar : add tracer_emb
2024-02-26 20:22:25,549 [INFO] IPUIPlugin:80 - create IPUIPlugin
2024-02-26 20:22:25,549 [INFO] PluginManager:220 - loadIPPluginJar : add usart
2024-02-26 20:22:25,551 [INFO] IPUIPlugin:80 - create IPUIPlugin
2024-02-26 20:22:25,551 [INFO] PluginManager:220 - loadIPPluginJar : add gpio
2024-02-26 20:22:25,552 [INFO] IPUIPlugin:80 - create IPUIPlugin
2024-02-26 20:22:25,552 [INFO] PluginManager:220 - loadIPPluginJar : add spi
2024-02-26 20:22:25,558 [INFO] IPUIPlugin:80 - create IPUIPlugin
2024-02-26 20:22:25,559 [INFO] PluginManager:220 - loadIPPluginJar : add plateformsettings
2024-02-26 20:22:25,560 [INFO] IPUIPlugin:80 - create IPUIPlugin
2024-02-26 20:22:25,560 [INFO] PluginManager:220 - loadIPPluginJar : add tim
2024-02-26 20:22:25,563 [INFO] IPUIPlugin:80 - create IPUIPlugin
2024-02-26 20:22:25,563 [INFO] PluginManager:220 - loadIPPluginJar : add stm32_wpan
2024-02-26 20:22:25,564 [INFO] IPUIPlugin:80 - create IPUIPlugin
2024-02-26 20:22:25,564 [INFO] PluginManager:220 - loadIPPluginJar : add opamp
2024-02-26 20:22:25,566 [INFO] IPUIPlugin:80 - create IPUIPlugin
2024-02-26 20:22:25,566 [INFO] PluginManager:220 - loadIPPluginJar : add i2c
2024-02-26 20:22:25,570 [INFO] IPUIPlugin:80 - create IPUIPlugin
2024-02-26 20:22:25,570 [INFO] PluginManager:220 - loadIPPluginJar : add mdma
2024-02-26 20:22:25,572 [INFO] IPUIPlugin:80 - create IPUIPlugin
2024-02-26 20:22:25,572 [INFO] PluginManager:220 - loadIPPluginJar : add usbx
2024-02-26 20:22:25,573 [INFO] IPUIPlugin:80 - create IPUIPlugin
2024-02-26 20:22:25,573 [INFO] PluginManager:220 - loadIPPluginJar : add lorawan
2024-02-26 20:22:25,577 [INFO] IPUIPlugin:80 - create IPUIPlugin
2024-02-26 20:22:25,577 [INFO] PluginManager:220 - loadIPPluginJar : add dma
2024-02-26 20:22:25,579 [INFO] IPUIPlugin:80 - create IPUIPlugin
2024-02-26 20:22:25,579 [INFO] PluginManager:220 - loadIPPluginJar : add hash
2024-02-26 20:22:25,579 [INFO] IPUIPlugin:80 - create IPUIPlugin
2024-02-26 20:22:25,579 [INFO] PluginManager:220 - loadIPPluginJar : add quadspi
2024-02-26 20:22:25,581 [INFO] IPUIPlugin:80 - create IPUIPlugin
2024-02-26 20:22:25,581 [INFO] PluginManager:220 - loadIPPluginJar : add sai
2024-02-26 20:22:25,674 [INFO] CADModel:165 - CPN selected for project level
2024-02-26 20:22:25,675 [INFO] CADModel:114 - Register for checkConnection events
2024-02-26 20:22:25,675 [FATAL] Updater:308 - Updater called before beeing initialized
2024-02-26 20:22:25,675 [ERROR] CADModel:125 - Updater not yet initialized, retry later 
2024-02-26 20:22:25,774 [INFO] CADModel:165 - CPN selected for project level
2024-02-26 20:22:25,774 [INFO] CADModel:114 - Register for checkConnection events
2024-02-26 20:22:25,774 [FATAL] Updater:308 - Updater called before beeing initialized
2024-02-26 20:22:25,774 [ERROR] CADModel:125 - Updater not yet initialized, retry later 
2024-02-26 20:22:25,777 [FATAL] Updater:308 - Updater called before beeing initialized
2024-02-26 20:22:25,861 [FATAL] Updater:308 - Updater called before beeing initialized
2024-02-26 20:22:25,868 [INFO] DbMcusAds:53 - JSON generation date=Wed Nov 29 05:52:38 EST 2023 (1701255158764)
2024-02-26 20:22:25,868 [FATAL] Updater:308 - Updater called before beeing initialized
2024-02-26 20:22:25,909 [WARN] DetailPanel:346 - Failed to get advertising image, set to default
2024-02-26 20:22:25,999 [FATAL] Updater:308 - Updater called before beeing initialized
2024-02-26 20:22:26,001 [FATAL] Updater:308 - Updater called before beeing initialized
2024-02-26 20:22:26,001 [FATAL] Updater:308 - Updater called before beeing initialized
2024-02-26 20:22:26,001 [WARN] DetailPanel:346 - Failed to get advertising image, set to default
2024-02-26 20:22:26,002 [FATAL] Updater:308 - Updater called before beeing initialized
2024-02-26 20:22:26,036 [ERROR] Updater:1120 - MainUpdater not yet initialized. External WinMGr cannot be set.
2024-02-26 20:22:26,038 [INFO] Updater:1056 - Updater Version found : 6.9.2
2024-02-26 20:22:26,057 [INFO] ApplicationProperties:184 - Using Application install path: /opt/st/stm32cubeide_1.13.2/plugins/com.st.stm32cube.common.mx_6.9.2.202309101412
2024-02-26 20:22:26,276 [INFO] MainUpdater:2868 - connection check result : 10
2024-02-26 20:22:26,276 [INFO] MainUpdater:3562 - Updater definition file requires update
2024-02-26 20:22:26,276 [INFO] MainUpdater:285 - Updater Check For Update Now.
2024-02-26 20:22:26,277 [INFO] MicroXplorer:498 - Change Database Version : DB.6.0.92
2024-02-26 20:22:26,282 [INFO] McuFinderGlobals:63 - Set McuFinder mode to 2 (CubeIDE integrated)
2024-02-26 20:22:26,352 [INFO] ServerAccessManage:473 - Download File updaters.zip
2024-02-26 20:22:26,451 [INFO] FileExtend:240 - Unzip File : updaters.zip
2024-02-26 20:22:26,452 [INFO] FileExtend:255 - Standard Zip Deflate
2024-02-26 20:22:26,669 [INFO] ServerAccessManage:473 - Download File PacksControlFlags.xml
2024-02-26 20:22:26,961 [INFO] ServerAccessManage:473 - Download File cubemx.pidx
2024-02-26 20:22:27,039 [INFO] LoadServerUpdatesThread:373 - End of LoadServerUpdate Thread
2024-02-26 20:22:27,228 [INFO] CheckServerUpdateThread:120 - End of CheckServer Thread
2024-02-26 20:22:28,178 [WARN] PackLoader:240 - Cannot read IP mode file for STMicroelectronics.X-CUBE-SMBUS.2.1.0
2024-02-26 20:22:28,185 [WARN] PackLoader:240 - Cannot read IP mode file for STMicroelectronics.X-CUBE-TOUCHGFX.4.23.0
2024-02-26 20:22:28,210 [WARN] PackLoader:240 - Cannot read IP mode file for STMicroelectronics.X-CUBE-AZRTOS-F7.1.1.0
2024-02-26 20:22:28,219 [WARN] PackLoader:240 - Cannot read IP mode file for STMicroelectronics.FP-SNS-MOTENV1.4.3.2
2024-02-26 20:22:28,225 [WARN] PackLoader:240 - Cannot read IP mode file for STMicroelectronics.FP-SNS-FLIGHT1.5.0.2
2024-02-26 20:22:28,232 [WARN] PackLoader:240 - Cannot read IP mode file for STMicroelectronics.X-CUBE-DISPLAY.3.0.0
2024-02-26 20:22:28,243 [WARN] PackLoader:240 - Cannot read IP mode file for STMicroelectronics.X-CUBE-BLE1.7.0.0
2024-02-26 20:22:28,248 [WARN] PackLoader:240 - Cannot read IP mode file for emotas.I-CUBE-CANOPEN.1.3.0
2024-02-26 20:22:28,251 [WARN] PackLoader:240 - Cannot read IP mode file for STMicroelectronics.X-CUBE-TOUCHGFX.4.22.0
2024-02-26 20:22:28,253 [WARN] PackLoader:240 - Cannot read IP mode file for STMicroelectronics.X-CUBE-TOUCHGFX.4.22.1
2024-02-26 20:22:28,256 [WARN] PackLoader:240 - Cannot read IP mode file for STMicroelectronics.FP-SNS-SMARTAG2.1.2.0
2024-02-26 20:22:28,265 [INFO] LogOutputStream:77 - [STDOUT_REDIRECT] 1 : Invalid condition id : UX_CORESTACK_Condition cause : null
2024-02-26 20:22:28,265 [INFO] LogOutputStream:77 - [STDOUT_REDIRECT] 1 : Invalid condition id : UX_CORESTACK_Condition cause : null
2024-02-26 20:22:28,266 [INFO] LogOutputStream:77 - [STDOUT_REDIRECT] 1 : Invalid condition id : UX_CORESTACK_Condition cause : null
2024-02-26 20:22:28,266 [INFO] LogOutputStream:77 - [STDOUT_REDIRECT] 1 : Invalid condition id : UX_CORESTACK_Condition cause : null
2024-02-26 20:22:28,266 [INFO] LogOutputStream:77 - [STDOUT_REDIRECT] 1 : Invalid condition id : UX_CORESTACK_Condition cause : null
2024-02-26 20:22:28,274 [WARN] PackLoader:240 - Cannot read IP mode file for STMicroelectronics.X-CUBE-AZRTOS-WL.2.0.0
2024-02-26 20:22:28,284 [WARN] PackLoader:240 - Cannot read IP mode file for WES.I-CUBE-Cesium.1.3.0
2024-02-26 20:22:28,289 [WARN] PackLoader:240 - Cannot read IP mode file for STMicroelectronics.X-CUBE-BLE2.3.3.0
2024-02-26 20:22:28,296 [WARN] PackLoader:240 - Cannot read IP mode file for STMicroelectronics.X-CUBE-ALGOBUILD.1.3.0
2024-02-26 20:22:28,318 [WARN] PackLoader:240 - Cannot read IP mode file for STMicroelectronics.X-CUBE-AZRTOS-G0.1.1.0
2024-02-26 20:22:28,328 [WARN] PackLoader:240 - Cannot read IP mode file for STMicroelectronics.X-CUBE-NFC4.3.0.0
2024-02-26 20:22:28,343 [WARN] PackLoader:240 - Cannot read IP mode file for STMicroelectronics.X-CUBE-BLEMGR.3.0.0
2024-02-26 20:22:28,352 [WARN] PackLoader:240 - Cannot read IP mode file for STMicroelectronics.FP-ATR-SIGFOX1.3.2.0
2024-02-26 20:22:28,358 [WARN] PackLoader:240 - Cannot read IP mode file for STMicroelectronics.X-CUBE-EEPRMA1.5.1.0
2024-02-26 20:22:28,408 [WARN] PackLoader:240 - Cannot read IP mode file for SEGGER.I-CUBE-embOS.1.3.1
2024-02-26 20:22:28,456 [WARN] PackLoader:240 - Cannot read IP mode file for STMicroelectronics.X-CUBE-GNSS1.6.0.0
2024-02-26 20:22:28,472 [WARN] PackLoader:240 - Cannot read IP mode file for STMicroelectronics.X-CUBE-AZRTOS-F4.1.1.0
2024-02-26 20:22:28,481 [WARN] PackLoader:240 - Cannot read IP mode file for wolfSSL.I-CUBE-wolfSSL.5.6.3
2024-02-26 20:22:28,502 [WARN] PackLoader:240 - Cannot read IP mode file for STMicroelectronics.X-CUBE-AZRTOS-L5.2.0.0
2024-02-26 20:22:28,556 [WARN] PackLoader:240 - Cannot read IP mode file for STMicroelectronics.X-CUBE-MEMS1.9.6.0
2024-02-26 20:22:28,775 [WARN] PackLoader:240 - Cannot read IP mode file for STMicroelectronics.X-CUBE-EEPRMA1.4.2.0
2024-02-26 20:22:28,779 [WARN] PackLoader:240 - Cannot read IP mode file for ITTIA_DB.I-CUBE-ITTIADB.8.8.0
2024-02-26 20:22:28,786 [WARN] PackLoader:240 - Cannot read IP mode file for STMicroelectronics.X-CUBE-BLEMGR.2.0.0
2024-02-26 20:22:28,803 [WARN] ConditionMgr:438 - getConditionDescription Invalid condition id : UX DEVICE CLASS RTOS Condition cause : null
2024-02-26 20:22:28,804 [WARN] ConditionMgr:438 - getConditionDescription Invalid condition id : UX DEVICE CLASS RTOS Condition cause : null
2024-02-26 20:22:28,807 [WARN] PackLoader:240 - Cannot read IP mode file for STMicroelectronics.X-CUBE-AZRTOS-H7.3.1.0
2024-02-26 20:22:28,808 [WARN] ConditionMgr:1039 - genDependencies : Invalid condition id : UX DEVICE CLASS RTOS Condition cause : null
2024-02-26 20:22:28,808 [WARN] ConditionMgr:1039 - genDependencies : Invalid condition id : UX DEVICE CLASS RTOS Condition cause : null
2024-02-26 20:22:28,809 [WARN] ConditionMgr:1039 - genDependencies : Invalid condition id : UX DEVICE CLASS RTOS Condition cause : null
2024-02-26 20:22:28,810 [WARN] ConditionMgr:1039 - genDependencies : Invalid condition id : UX DEVICE CLASS RTOS Condition cause : null
2024-02-26 20:22:28,810 [WARN] ConditionMgr:1039 - genDependencies : Invalid condition id : UX DEVICE CLASS RTOS Condition cause : null
2024-02-26 20:22:28,815 [WARN] PackLoader:240 - Cannot read IP mode file for STMicroelectronics.X-CUBE-NFC7.1.0.1
2024-02-26 20:22:28,821 [WARN] PackLoader:240 - Cannot read IP mode file for STMicroelectronics.X-CUBE-NFC6.3.0.0
2024-02-26 20:22:28,828 [WARN] PackLoader:240 - Cannot read IP mode file for STMicroelectronics.X-CUBE-EEPRMA1.4.1.0
2024-02-26 20:22:28,832 [WARN] PackLoader:240 - Cannot read IP mode file for STMicroelectronics.X-CUBE-AI.8.1.0
2024-02-26 20:22:28,847 [WARN] ConditionMgr:438 - getConditionDescription Invalid condition id : LAN8742 Phy interface Condition cause : null
2024-02-26 20:22:28,848 [WARN] PackLoader:240 - Cannot read IP mode file for STMicroelectronics.X-CUBE-AZRTOS-L4.2.0.0
2024-02-26 20:22:28,849 [WARN] ConditionMgr:1039 - genDependencies : Invalid condition id : LAN8742 Phy interface Condition cause : null
2024-02-26 20:22:28,850 [WARN] ConditionMgr:1039 - genDependencies : Invalid condition id : LAN8742 Phy interface Condition cause : null
2024-02-26 20:22:28,851 [WARN] ConditionMgr:1039 - genDependencies : Invalid condition id : LAN8742 Phy interface Condition cause : null
2024-02-26 20:22:28,859 [WARN] PackLoader:240 - Cannot read IP mode file for STMicroelectronics.X-CUBE-SFXS2LP1.4.0.0
2024-02-26 20:22:28,866 [WARN] PackLoader:240 - Cannot read IP mode file for STMicroelectronics.X-CUBE-ISPU.1.1.0
2024-02-26 20:22:28,879 [WARN] ConditionMgr:438 - getConditionDescription Invalid condition id : UX DEVICE CLASS RTOS Condition cause : null
2024-02-26 20:22:28,880 [WARN] ConditionMgr:438 - getConditionDescription Invalid condition id : UX DEVICE CLASS RTOS Condition cause : null
2024-02-26 20:22:28,882 [WARN] PackLoader:240 - Cannot read IP mode file for STMicroelectronics.X-CUBE-AZRTOS-WB.2.0.0
2024-02-26 20:22:28,883 [WARN] ConditionMgr:1039 - genDependencies : Invalid condition id : UX DEVICE CLASS RTOS Condition cause : null
2024-02-26 20:22:28,883 [WARN] ConditionMgr:1039 - genDependencies : Invalid condition id : UX DEVICE CLASS RTOS Condition cause : null
2024-02-26 20:22:28,884 [WARN] ConditionMgr:1039 - genDependencies : Invalid condition id : UX DEVICE CLASS RTOS Condition cause : null
2024-02-26 20:22:28,884 [WARN] ConditionMgr:1039 - genDependencies : Invalid condition id : UX DEVICE CLASS RTOS Condition cause : null
2024-02-26 20:22:28,885 [WARN] ConditionMgr:1039 - genDependencies : Invalid condition id : UX DEVICE CLASS RTOS Condition cause : null
2024-02-26 20:22:28,895 [WARN] PackLoader:240 - Cannot read IP mode file for STMicroelectronics.X-CUBE-SUBG2.5.0.0
2024-02-26 20:22:28,914 [WARN] PackLoader:240 - Cannot read IP mode file for STMicroelectronics.X-CUBE-TOF1.3.3.1
2024-02-26 20:22:28,942 [WARN] PackLoader:240 - Cannot read IP mode file for STMicroelectronics.X-CUBE-AZRTOS-G4.2.0.0
2024-02-26 20:22:28,958 [WARN] PackLoader:240 - Cannot read IP mode file for Infineon.AIROC-Wi-Fi-Bluetooth-STM32.1.5.1
2024-02-26 20:22:28,966 [WARN] PackLoader:240 - Cannot read IP mode file for STMicroelectronics.FP-SNS-MOTENVWB1.1.3.0
2024-02-26 20:22:28,969 [WARN] PackLoader:240 - Cannot read IP mode file for STMicroelectronics.FP-SNS-MOTENVWB1.1.3.1
2024-02-26 20:22:28,973 [WARN] PackLoader:240 - Cannot read IP mode file for STMicroelectronics.X-CUBE-ISPU.2.0.0
2024-02-26 20:22:29,011 [WARN] PackLoader:240 - Cannot read IP mode file for STMicroelectronics.X-CUBE-MEMS1.10.0.0
2024-02-26 20:22:29,125 [WARN] PackLoader:240 - Cannot read IP mode file for STMicroelectronics.X-CUBE-FREERTOS.1.1.0
2024-02-26 20:22:29,128 [WARN] PackLoader:240 - Cannot read IP mode file for portGmbH.I-Cube-SoM-uGOAL.1.1.0
2024-02-26 20:22:29,131 [WARN] PackLoader:240 - Cannot read IP mode file for STMicroelectronics.X-CUBE-ALS.1.0.1
2024-02-26 20:22:29,133 [WARN] PackLoader:240 - Cannot read IP mode file for STMicroelectronics.FP-ATR-ASTRA1.2.0.0
2024-02-26 20:22:29,139 [WARN] PackLoader:240 - Cannot read IP mode file for STMicroelectronics.X-CUBE-TOF1.3.4.0
2024-02-26 20:22:29,162 [WARN] PackLoader:240 - Cannot read IP mode file for STMicroelectronics.X-CUBE-AZRTOS-H7.3.2.0
2024-02-26 20:22:29,164 [INFO] ThirdParty:978 - Integrity check success = true
2024-02-26 20:22:29,164 [INFO] IntegrityCheckThread:100 - exiting critical section [integrity check]
2024-02-26 20:22:29,164 [INFO] IntegrityCheckThread:103 - End integrity checks thread
2024-02-26 20:22:46,859 [ERROR] LogOutputStream:75 - [STDERR_REDIRECT] SLF4J: Failed to load class "org.slf4j.impl.StaticLoggerBinder".
2024-02-26 20:22:46,859 [ERROR] LogOutputStream:75 - [STDERR_REDIRECT] SLF4J: Defaulting to no-operation (NOP) logger implementation
2024-02-26 20:22:46,859 [ERROR] LogOutputStream:75 - [STDERR_REDIRECT] SLF4J: See http://www.slf4j.org/codes.html#StaticLoggerBinder for further details.
2024-02-26 20:24:00,784 [INFO] McuFinderGlobals:63 - Set McuFinder mode to 2 (CubeIDE integrated)
2024-02-26 20:24:00,785 [INFO] MainUpdater:2868 - connection check result : 10
2024-02-26 20:24:00,786 [INFO] McuFinderGlobals:76 - Set McuFinderConnectedMode to true
2024-02-26 20:24:01,039 [INFO] ServerAccessManage:473 - Download File mcusAds.json._tmp_
2024-02-26 20:24:01,143 [INFO] LoadUrlFilesThread:156 - End of LoadUrlFiles Thread
2024-02-26 20:24:01,366 [INFO] ServerAccessManage:473 - Download File cube-finder-db.zip
2024-02-26 20:24:02,263 [INFO] FileExtend:240 - Unzip File : cube-finder-db.zip
2024-02-26 20:24:02,264 [INFO] FileExtend:255 - Standard Zip Deflate
2024-02-26 20:24:02,948 [INFO] LoadUrlFilesThread:156 - End of LoadUrlFiles Thread
2024-02-26 20:24:03,847 [INFO] ServerAccessManage:473 - Download File crdb.zip
2024-02-26 20:24:04,476 [INFO] FileExtend:240 - Unzip File : crdb.zip
2024-02-26 20:24:04,476 [INFO] FileExtend:255 - Standard Zip Deflate
2024-02-26 20:24:04,614 [INFO] LoadUrlFilesThread:156 - End of LoadUrlFiles Thread
2024-02-26 20:24:04,801 [INFO] ServerAccessManage:473 - Download File tutoVideoDB.zip
2024-02-26 20:24:04,804 [INFO] FileExtend:240 - Unzip File : tutoVideoDB.zip
2024-02-26 20:24:04,805 [INFO] FileExtend:255 - Standard Zip Deflate
2024-02-26 20:24:04,912 [INFO] LoadUrlFilesThread:156 - End of LoadUrlFiles Thread
2024-02-26 20:24:04,915 [WARN] DbFile:41 - Overriding database path with different value: /home/ebenezer/.stmcufinder/plugins/mcufinder/ => /home/ebenezer/.stmcufinder/plugins/mcufinder
2024-02-26 20:24:05,047 [INFO] ServerAccessManage:473 - Download File api_config.json
2024-02-26 20:24:05,157 [INFO] LoadUrlFilesThread:156 - End of LoadUrlFiles Thread
2024-02-26 20:24:05,157 [INFO] DbMcusAds:53 - JSON generation date=Wed Nov 29 05:52:27 EST 2023 (1701255147349)
2024-02-26 20:24:05,177 [INFO] LoadUrlFilesThread:185 - End of LoadServerUrlFiles without Thread
2024-02-26 20:24:05,178 [INFO] TargetSelectorAdapter:259 - Refresh data is successful
2024-02-26 20:24:05,267 [INFO] ApiDb:581 - Connected to CubeFinder SQLite database (/home/ebenezer/.stmcufinder/plugins/mcufinder/mcu/cube-finder-db.db)
2024-02-26 20:24:05,309 [INFO] ApiDb:668 - CubeFinder database Data Model version=2.1
2024-02-26 20:24:05,310 [INFO] ApiDb:669 - CubeFinder database Configuration version=3.0.39
2024-02-26 20:24:05,310 [INFO] ApiDb:670 - CubeFinder database generation date=2024-01-11 (1704964531)
2024-02-26 20:24:05,310 [INFO] ApiDb:671 - CubeFinder database FW Pack versions=[FP-ATR-ASTRA1_V2.0.0, FP-SNS-FLIGHT1_V5.0.1, FP-SNS-FLIGHT1_V5.0.2, FP-SNS-MOTENV1_V4.3.1, FP-SNS-MOTENV1_V4.3.2, FP-SNS-MOTENVWB1_V1.3.1, FP-SNS-SMARTAG2_V1.2.0, STM32Cube_FW_C0_V1.1.0, STM32Cube_FW_F4_V1.28.0, STM32Cube_FW_F7_V1.17.0, STM32Cube_FW_G0_V1.6.2, STM32Cube_FW_G4_V1.5.2, STM32Cube_FW_H5_V0.5.1, STM32Cube_FW_H5_V1.1.1, STM32Cube_FW_H5_V1.2.0RC2, STM32Cube_FW_H7_V1.11.0, STM32Cube_FW_L0_V1.12.2, STM32Cube_FW_L5_V1.5.0, STM32Cube_FW_U5_V1.3.0RC4, STM32Cube_FW_U5_V1.4.0, STM32Cube_FW_WBA_V1.0.0RC1, STM32Cube_FW_WBA_V1.1.0RC1, STM32Cube_FW_WBA_V1.2.0, STM32Cube_FW_WBA_V1.2.0RC2, STM32Cube_FW_WB_V1.15.0RC1, STM32Cube_FW_WB_V1.16.0, STM32Cube_FW_WB_V1.16.0RC2, STM32Cube_FW_WB_V1.18.0, STM32Cube_FW_WL_V1.3.0, X-CUBE-ALGOBUILD_V1.3.0, X-CUBE-ALS_V1.0.1, X-CUBE-AZRTOS-F4_V1.1.0, X-CUBE-AZRTOS-F7_V1.1.0, X-CUBE-AZRTOS-G0_V1.1.0, X-CUBE-AZRTOS-G4_V2.0.0, X-CUBE-AZRTOS-H7_V3.2.0, X-CUBE-AZRTOS-L4_V1.0.0, X-CUBE-AZRTOS-L4_V2.0.0, X-CUBE-AZRTOS-L5_V1.1.0, X-CUBE-AZRTOS-WB_V2.0.0, X-CUBE-AZRTOS-WL_V2.0.0, X-CUBE-BLE1_V7.0.0, X-CUBE-BLE2_V3.3.0, X-CUBE-BLEMGR_V3.0.0, X-CUBE-EEPRMA1_V4.1.0, X-CUBE-EEPRMA1_V4.2.0, X-CUBE-FREERTOS_V1.1.0, X-CUBE-GNSS1_V6.0.0, X-CUBE-MEMS1_V10.0.0, X-CUBE-MEMS1_V9.1.0, X-CUBE-MEMS1_V9.4.0, X-CUBE-MEMS1_V9.6.0, X-CUBE-NFC4_V3.0.0, X-CUBE-NFC7_V1.0.1, X-CUBE-SFXS2LP1_V4.0.0, X-CUBE-SUBG2_V5.0.0, X-CUBE-TOF1_V3.4.0]
2024-02-26 20:24:06,917 [INFO] ApiDb:240 - Found 323 in-development CPN: [B-G473E-ZEST1S, B-WB1M-WPAN1, B-WL5M-SUBG1, NUCLEO-C031C6, NUCLEO-H503RB, NUCLEO-H563ZI, NUCLEO-U545RE-Q, NUCLEO-U5A5ZJ-Q, NUCLEO-WBA52CG, STEVAL-PROTEUS1, STEVAL-SMARTAG2, STEVAL-STWINBX1, STM320518-EVAL, STM32C0116-DK, STM32C011D6Y3TR, STM32C011D6Y6TR, STM32C011F4P3, STM32C011F4P6, STM32C011F4U3, STM32C011F4U6TR, STM32C011F6P3, STM32C011F6P6, STM32C011F6U3, STM32C011F6U6TR, STM32C011J4M3, STM32C011J4M6, STM32C011J6M3, STM32C011J6M6, STM32C0316-DK, STM32C031C4T3, STM32C031C4T6, STM32C031C4U3, STM32C031C4U6, STM32C031C6T3, STM32C031C6T6, STM32C031C6U3, STM32C031C6U6, STM32C031F4P3, STM32C031F4P6, STM32C031F6P3, STM32C031F6P6, STM32C031G4U3, STM32C031G4U6, STM32C031G6U3, STM32C031G6U6, STM32C031K4T3, STM32C031K4T6, STM32C031K4U3, STM32C031K4U6, STM32C031K6T3, STM32C031K6T6, STM32C031K6U3, STM32C031K6U6, STM32G071K8TXN, STM32G071K8UXN, STM32G081GBU6N, STM32G081KBT6N, STM32G081KBUXN, STM32G0B1CCT6N, STM32G0B1KCT6, STM32G0B1NEY6TR, STM32G0B1RCT6N, STM32G0C1CCT6, STM32G0C1CCT6N, STM32G0C1CCU6N, STM32G0C1CET6N, STM32G0C1CEU6N, STM32G0C1KCT6, STM32G0C1NEY6TR, STM32G0C1RCI6N, STM32G0C1RCT6N, STM32G0C1REI6N, STM32G0C1RET6N, STM32G0C1VCI6, STM32G0C1VEI6, STM32G471CCT6, STM32G471CCU6, STM32G471CET3, STM32G471CET6, STM32G471CEU3, STM32G471CEU6, STM32G471MCT6, STM32G471MET3, STM32G471MET6, STM32G471MEY6TR, STM32G471QCT6, STM32G471QET3, STM32G471RCT6, STM32G471RET3, STM32G471RET6, STM32G471VCH6, STM32G471VCI6, STM32G471VCT6, STM32G471VEH3, STM32G471VEH6, STM32G471VEI3, STM32G471VEI6, STM32G471VET3, STM32G471VET6, STM32G474CCT6, STM32H503CBT6, STM32H503CBU6, STM32H503EBY6TR, STM32H503KBU6, STM32H503RBT6, STM32H562AGI6, STM32H562AII6, STM32H562IGK6, STM32H562IGT6, STM32H562IIK6, STM32H562IIT6, STM32H562RGT6, STM32H562RGV6, STM32H562RIT6, STM32H562RIV6, STM32H562VGT6, STM32H562VIT6, STM32H562ZGT6, STM32H562ZIT6, STM32H563AGI6, STM32H563AII3Q, STM32H563AII6, STM32H563IGK6, STM32H563IGT6, STM32H563IIK3Q, STM32H563IIK6, STM32H563IIT3Q, STM32H563IIT6, STM32H563MIY3QTR, STM32H563RGT6, STM32H563RGV6, STM32H563RIT6, STM32H563RIV6, STM32H563VGT6, STM32H563VIT3Q, STM32H563VIT6, STM32H563ZGT6, STM32H563ZIT3Q, STM32H563ZIT6, STM32H573AII3Q, STM32H573AII6, STM32H573I-DK, STM32H573IIK3Q, STM32H573IIK6, STM32H573IIT3Q, STM32H573IIT6, STM32H573MIY3QTR, STM32H573RIT6, STM32H573RIV6, STM32H573VIT3Q, STM32H573VIT6, STM32H573ZIT3Q, STM32H573ZIT6, STM32L4R5QGI6STR, STM32MP131AAE3, STM32MP131AAF3, STM32MP131AAG3, STM32MP131CAE3, STM32MP131CAF3, STM32MP131CAG3, STM32MP131DAE7, STM32MP131DAF7, STM32MP131DAG7, STM32MP131FAE7, STM32MP131FAF7, STM32MP131FAG7, STM32MP133AAE3, STM32MP133AAF3, STM32MP133AAG3, STM32MP133CAE3, STM32MP133CAF3, STM32MP133CAG3, STM32MP133DAE7, STM32MP133DAF7, STM32MP133DAG7, STM32MP133FAE7, STM32MP133FAF7, STM32MP133FAG7, STM32MP135AAE3, STM32MP135AAF3, STM32MP135AAG3, STM32MP135CAE3, STM32MP135CAF3, STM32MP135CAG3, STM32MP135DAE7, STM32MP135DAF7, STM32MP135DAG7, STM32MP135F-DK, STM32MP135FAE7, STM32MP135FAF7, STM32MP135FAF7T, STM32MP135FAF7U, STM32MP135FAG7, STM32U535CBT6, STM32U535CBT6Q, STM32U535CBU6, STM32U535CBU6Q, STM32U535CCT6, STM32U535CCT6Q, STM32U535CCU6, STM32U535CCU6Q, STM32U535CET6, STM32U535CET6Q, STM32U535CEU6, STM32U535CEU6Q, STM32U535JEY6QTR, STM32U535NCY6QTR, STM32U535NEY6QTR, STM32U535RBI6, STM32U535RBI6Q, STM32U535RBT6, STM32U535RBT6Q, STM32U535RCI6, STM32U535RCI6Q, STM32U535RCT6, STM32U535RCT6Q, STM32U535REI6, STM32U535REI6Q, STM32U535RET6, STM32U535RET6Q, STM32U535VCI6, STM32U535VCI6Q, STM32U535VCT6, STM32U535VCT6Q, STM32U535VEI6, STM32U535VEI6Q, STM32U535VET6, STM32U535VET6Q, STM32U545CET6, STM32U545CET6Q, STM32U545CEU6, STM32U545CEU6Q, STM32U545JEY6QTR, STM32U545NEY6QTR, STM32U545REI6, STM32U545REI6Q, STM32U545RET6, STM32U545RET6Q, STM32U545VEI6, STM32U545VEI6Q, STM32U545VET6, STM32U545VET6Q, STM32U595AIH6, STM32U595AIH6Q, STM32U595AJH6, STM32U595AJH6Q, STM32U595QII6, STM32U595QII6Q, STM32U595QJI6, STM32U595QJI6Q, STM32U595RIT6, STM32U595RIT6Q, STM32U595RJT6, STM32U595RJT6Q, STM32U595VIT6, STM32U595VIT6Q, STM32U595VJT6, STM32U595VJT6Q, STM32U595ZIT6, STM32U595ZIT6Q, STM32U595ZIY6QTR, STM32U595ZJT6, STM32U595ZJT6Q, STM32U595ZJY6QTR, STM32U599BJY6QTR, STM32U599NIH6Q, STM32U599NJH6Q, STM32U599VIT6Q, STM32U599VJT6, STM32U599VJT6Q, STM32U599ZIT6Q, STM32U599ZIY6QTR, STM32U599ZJT6Q, STM32U599ZJY6QTR, STM32U5A5AJH6, STM32U5A5AJH6Q, STM32U5A5QJI6, STM32U5A5QJI6Q, STM32U5A5RJT6, STM32U5A5RJT6Q, STM32U5A5VJT6, STM32U5A5VJT6Q, STM32U5A5ZJT6, STM32U5A5ZJT6Q, STM32U5A5ZJY6QTR, STM32U5A9BJY6QTR, STM32U5A9J-DK, STM32U5A9NJH6Q, STM32U5A9VJT6Q, STM32U5A9ZJT6Q, STM32U5A9ZJY6QTR, STM32U5F7VIT6, STM32U5F7VIT6Q, STM32U5F7VJT6, STM32U5F7VJT6Q, STM32U5F9BJY6QTR, STM32U5F9NJH6Q, STM32U5F9VIT6Q, STM32U5F9VJT6Q, STM32U5F9ZIJ6QTR, STM32U5F9ZIT6Q, STM32U5F9ZJJ6QTR, STM32U5F9ZJT6Q, STM32U5G7VJT6, STM32U5G7VJT6Q, STM32U5G9BJY6QTR, STM32U5G9J-DK1, STM32U5G9J-DK2, STM32U5G9NJH6Q, STM32U5G9VJT6Q, STM32U5G9ZJJ6QTR, STM32U5G9ZJT6Q, STM32WB1MMCH6, STM32WBA52CEU6, STM32WBA52CEU6T, STM32WBA52CGU6, STM32WBA52CGU6T, STM32WBA52KEU6, STM32WBA52KEU6T, STM32WBA52KGU6, STM32WBA52KGU6T, STM32WL5MOCH6, STM32WL5MOCH6TR]
2024-02-26 20:24:06,921 [INFO] DbMcus:217 - Found 3882 MCUs, 3882 are supported
2024-02-26 20:24:06,922 [INFO] ApiDb:423 - Load user favorites file /home/ebenezer/.stm32cubeide/favorites.mcus.txt: 0 item(s)
2024-02-26 20:24:06,922 [INFO] ApiDb:427 - User favorites MCUs=[]
2024-02-26 20:24:06,922 [INFO] DbMcus:223 - Set 0 / 0 favorites MCUs
2024-02-26 20:24:07,105 [INFO] ApiDb:668 - CubeFinder database Data Model version=2.1
2024-02-26 20:24:07,106 [INFO] ApiDb:669 - CubeFinder database Configuration version=3.0.39
2024-02-26 20:24:07,107 [INFO] ApiDb:670 - CubeFinder database generation date=2024-01-11 (1704964531)
2024-02-26 20:24:07,107 [INFO] ApiDb:671 - CubeFinder database FW Pack versions=[FP-ATR-ASTRA1_V2.0.0, FP-SNS-FLIGHT1_V5.0.1, FP-SNS-FLIGHT1_V5.0.2, FP-SNS-MOTENV1_V4.3.1, FP-SNS-MOTENV1_V4.3.2, FP-SNS-MOTENVWB1_V1.3.1, FP-SNS-SMARTAG2_V1.2.0, STM32Cube_FW_C0_V1.1.0, STM32Cube_FW_F4_V1.28.0, STM32Cube_FW_F7_V1.17.0, STM32Cube_FW_G0_V1.6.2, STM32Cube_FW_G4_V1.5.2, STM32Cube_FW_H5_V0.5.1, STM32Cube_FW_H5_V1.1.1, STM32Cube_FW_H5_V1.2.0RC2, STM32Cube_FW_H7_V1.11.0, STM32Cube_FW_L0_V1.12.2, STM32Cube_FW_L5_V1.5.0, STM32Cube_FW_U5_V1.3.0RC4, STM32Cube_FW_U5_V1.4.0, STM32Cube_FW_WBA_V1.0.0RC1, STM32Cube_FW_WBA_V1.1.0RC1, STM32Cube_FW_WBA_V1.2.0, STM32Cube_FW_WBA_V1.2.0RC2, STM32Cube_FW_WB_V1.15.0RC1, STM32Cube_FW_WB_V1.16.0, STM32Cube_FW_WB_V1.16.0RC2, STM32Cube_FW_WB_V1.18.0, STM32Cube_FW_WL_V1.3.0, X-CUBE-ALGOBUILD_V1.3.0, X-CUBE-ALS_V1.0.1, X-CUBE-AZRTOS-F4_V1.1.0, X-CUBE-AZRTOS-F7_V1.1.0, X-CUBE-AZRTOS-G0_V1.1.0, X-CUBE-AZRTOS-G4_V2.0.0, X-CUBE-AZRTOS-H7_V3.2.0, X-CUBE-AZRTOS-L4_V1.0.0, X-CUBE-AZRTOS-L4_V2.0.0, X-CUBE-AZRTOS-L5_V1.1.0, X-CUBE-AZRTOS-WB_V2.0.0, X-CUBE-AZRTOS-WL_V2.0.0, X-CUBE-BLE1_V7.0.0, X-CUBE-BLE2_V3.3.0, X-CUBE-BLEMGR_V3.0.0, X-CUBE-EEPRMA1_V4.1.0, X-CUBE-EEPRMA1_V4.2.0, X-CUBE-FREERTOS_V1.1.0, X-CUBE-GNSS1_V6.0.0, X-CUBE-MEMS1_V10.0.0, X-CUBE-MEMS1_V9.1.0, X-CUBE-MEMS1_V9.4.0, X-CUBE-MEMS1_V9.6.0, X-CUBE-NFC4_V3.0.0, X-CUBE-NFC7_V1.0.1, X-CUBE-SFXS2LP1_V4.0.0, X-CUBE-SUBG2_V5.0.0, X-CUBE-TOF1_V3.4.0]
2024-02-26 20:24:07,147 [INFO] DbBoardsSqlite:226 - include board P-NUCLEO-WB55-NUCLEO as a kit item of type 'Nucleo-64'
2024-02-26 20:24:07,148 [INFO] DbBoardsSqlite:226 - include board P-NUCLEO-WB55-USBDONGLE as a kit item of type 'Nucleo USB Dongle'
2024-02-26 20:24:07,148 [INFO] DbBoardsSqlite:226 - include board STEVAL-IDP005V1 as a kit item of type 'Evaluation Board'
2024-02-26 20:24:07,148 [INFO] DbBoardsSqlite:226 - include board STEVAL-IDP005V2 as a kit item of type 'Evaluation Board'
2024-02-26 20:24:07,177 [INFO] ApiDb:240 - Found 323 in-development CPN: [B-G473E-ZEST1S, B-WB1M-WPAN1, B-WL5M-SUBG1, NUCLEO-C031C6, NUCLEO-H503RB, NUCLEO-H563ZI, NUCLEO-U545RE-Q, NUCLEO-U5A5ZJ-Q, NUCLEO-WBA52CG, STEVAL-PROTEUS1, STEVAL-SMARTAG2, STEVAL-STWINBX1, STM320518-EVAL, STM32C0116-DK, STM32C011D6Y3TR, STM32C011D6Y6TR, STM32C011F4P3, STM32C011F4P6, STM32C011F4U3, STM32C011F4U6TR, STM32C011F6P3, STM32C011F6P6, STM32C011F6U3, STM32C011F6U6TR, STM32C011J4M3, STM32C011J4M6, STM32C011J6M3, STM32C011J6M6, STM32C0316-DK, STM32C031C4T3, STM32C031C4T6, STM32C031C4U3, STM32C031C4U6, STM32C031C6T3, STM32C031C6T6, STM32C031C6U3, STM32C031C6U6, STM32C031F4P3, STM32C031F4P6, STM32C031F6P3, STM32C031F6P6, STM32C031G4U3, STM32C031G4U6, STM32C031G6U3, STM32C031G6U6, STM32C031K4T3, STM32C031K4T6, STM32C031K4U3, STM32C031K4U6, STM32C031K6T3, STM32C031K6T6, STM32C031K6U3, STM32C031K6U6, STM32G071K8TXN, STM32G071K8UXN, STM32G081GBU6N, STM32G081KBT6N, STM32G081KBUXN, STM32G0B1CCT6N, STM32G0B1KCT6, STM32G0B1NEY6TR, STM32G0B1RCT6N, STM32G0C1CCT6, STM32G0C1CCT6N, STM32G0C1CCU6N, STM32G0C1CET6N, STM32G0C1CEU6N, STM32G0C1KCT6, STM32G0C1NEY6TR, STM32G0C1RCI6N, STM32G0C1RCT6N, STM32G0C1REI6N, STM32G0C1RET6N, STM32G0C1VCI6, STM32G0C1VEI6, STM32G471CCT6, STM32G471CCU6, STM32G471CET3, STM32G471CET6, STM32G471CEU3, STM32G471CEU6, STM32G471MCT6, STM32G471MET3, STM32G471MET6, STM32G471MEY6TR, STM32G471QCT6, STM32G471QET3, STM32G471RCT6, STM32G471RET3, STM32G471RET6, STM32G471VCH6, STM32G471VCI6, STM32G471VCT6, STM32G471VEH3, STM32G471VEH6, STM32G471VEI3, STM32G471VEI6, STM32G471VET3, STM32G471VET6, STM32G474CCT6, STM32H503CBT6, STM32H503CBU6, STM32H503EBY6TR, STM32H503KBU6, STM32H503RBT6, STM32H562AGI6, STM32H562AII6, STM32H562IGK6, STM32H562IGT6, STM32H562IIK6, STM32H562IIT6, STM32H562RGT6, STM32H562RGV6, STM32H562RIT6, STM32H562RIV6, STM32H562VGT6, STM32H562VIT6, STM32H562ZGT6, STM32H562ZIT6, STM32H563AGI6, STM32H563AII3Q, STM32H563AII6, STM32H563IGK6, STM32H563IGT6, STM32H563IIK3Q, STM32H563IIK6, STM32H563IIT3Q, STM32H563IIT6, STM32H563MIY3QTR, STM32H563RGT6, STM32H563RGV6, STM32H563RIT6, STM32H563RIV6, STM32H563VGT6, STM32H563VIT3Q, STM32H563VIT6, STM32H563ZGT6, STM32H563ZIT3Q, STM32H563ZIT6, STM32H573AII3Q, STM32H573AII6, STM32H573I-DK, STM32H573IIK3Q, STM32H573IIK6, STM32H573IIT3Q, STM32H573IIT6, STM32H573MIY3QTR, STM32H573RIT6, STM32H573RIV6, STM32H573VIT3Q, STM32H573VIT6, STM32H573ZIT3Q, STM32H573ZIT6, STM32L4R5QGI6STR, STM32MP131AAE3, STM32MP131AAF3, STM32MP131AAG3, STM32MP131CAE3, STM32MP131CAF3, STM32MP131CAG3, STM32MP131DAE7, STM32MP131DAF7, STM32MP131DAG7, STM32MP131FAE7, STM32MP131FAF7, STM32MP131FAG7, STM32MP133AAE3, STM32MP133AAF3, STM32MP133AAG3, STM32MP133CAE3, STM32MP133CAF3, STM32MP133CAG3, STM32MP133DAE7, STM32MP133DAF7, STM32MP133DAG7, STM32MP133FAE7, STM32MP133FAF7, STM32MP133FAG7, STM32MP135AAE3, STM32MP135AAF3, STM32MP135AAG3, STM32MP135CAE3, STM32MP135CAF3, STM32MP135CAG3, STM32MP135DAE7, STM32MP135DAF7, STM32MP135DAG7, STM32MP135F-DK, STM32MP135FAE7, STM32MP135FAF7, STM32MP135FAF7T, STM32MP135FAF7U, STM32MP135FAG7, STM32U535CBT6, STM32U535CBT6Q, STM32U535CBU6, STM32U535CBU6Q, STM32U535CCT6, STM32U535CCT6Q, STM32U535CCU6, STM32U535CCU6Q, STM32U535CET6, STM32U535CET6Q, STM32U535CEU6, STM32U535CEU6Q, STM32U535JEY6QTR, STM32U535NCY6QTR, STM32U535NEY6QTR, STM32U535RBI6, STM32U535RBI6Q, STM32U535RBT6, STM32U535RBT6Q, STM32U535RCI6, STM32U535RCI6Q, STM32U535RCT6, STM32U535RCT6Q, STM32U535REI6, STM32U535REI6Q, STM32U535RET6, STM32U535RET6Q, STM32U535VCI6, STM32U535VCI6Q, STM32U535VCT6, STM32U535VCT6Q, STM32U535VEI6, STM32U535VEI6Q, STM32U535VET6, STM32U535VET6Q, STM32U545CET6, STM32U545CET6Q, STM32U545CEU6, STM32U545CEU6Q, STM32U545JEY6QTR, STM32U545NEY6QTR, STM32U545REI6, STM32U545REI6Q, STM32U545RET6, STM32U545RET6Q, STM32U545VEI6, STM32U545VEI6Q, STM32U545VET6, STM32U545VET6Q, STM32U595AIH6, STM32U595AIH6Q, STM32U595AJH6, STM32U595AJH6Q, STM32U595QII6, STM32U595QII6Q, STM32U595QJI6, STM32U595QJI6Q, STM32U595RIT6, STM32U595RIT6Q, STM32U595RJT6, STM32U595RJT6Q, STM32U595VIT6, STM32U595VIT6Q, STM32U595VJT6, STM32U595VJT6Q, STM32U595ZIT6, STM32U595ZIT6Q, STM32U595ZIY6QTR, STM32U595ZJT6, STM32U595ZJT6Q, STM32U595ZJY6QTR, STM32U599BJY6QTR, STM32U599NIH6Q, STM32U599NJH6Q, STM32U599VIT6Q, STM32U599VJT6, STM32U599VJT6Q, STM32U599ZIT6Q, STM32U599ZIY6QTR, STM32U599ZJT6Q, STM32U599ZJY6QTR, STM32U5A5AJH6, STM32U5A5AJH6Q, STM32U5A5QJI6, STM32U5A5QJI6Q, STM32U5A5RJT6, STM32U5A5RJT6Q, STM32U5A5VJT6, STM32U5A5VJT6Q, STM32U5A5ZJT6, STM32U5A5ZJT6Q, STM32U5A5ZJY6QTR, STM32U5A9BJY6QTR, STM32U5A9J-DK, STM32U5A9NJH6Q, STM32U5A9VJT6Q, STM32U5A9ZJT6Q, STM32U5A9ZJY6QTR, STM32U5F7VIT6, STM32U5F7VIT6Q, STM32U5F7VJT6, STM32U5F7VJT6Q, STM32U5F9BJY6QTR, STM32U5F9NJH6Q, STM32U5F9VIT6Q, STM32U5F9VJT6Q, STM32U5F9ZIJ6QTR, STM32U5F9ZIT6Q, STM32U5F9ZJJ6QTR, STM32U5F9ZJT6Q, STM32U5G7VJT6, STM32U5G7VJT6Q, STM32U5G9BJY6QTR, STM32U5G9J-DK1, STM32U5G9J-DK2, STM32U5G9NJH6Q, STM32U5G9VJT6Q, STM32U5G9ZJJ6QTR, STM32U5G9ZJT6Q, STM32WB1MMCH6, STM32WBA52CEU6, STM32WBA52CEU6T, STM32WBA52CGU6, STM32WBA52CGU6T, STM32WBA52KEU6, STM32WBA52KEU6T, STM32WBA52KGU6, STM32WBA52KGU6T, STM32WL5MOCH6, STM32WL5MOCH6TR]
2024-02-26 20:24:07,243 [INFO] BoardInfo:880 - No configuration file found for board P-NUCLEO-WB55
2024-02-26 20:24:07,243 [INFO] DbBoards:157 - Kit is not supported: P-NUCLEO-WB55
2024-02-26 20:24:07,246 [INFO] BoardInfo:880 - No configuration file found for board STEVAL-BFA001V1B
2024-02-26 20:24:07,246 [INFO] DbBoards:157 - Kit is not supported: STEVAL-BFA001V1B
2024-02-26 20:24:07,247 [INFO] BoardInfo:880 - No configuration file found for board STEVAL-BFA001V2B
2024-02-26 20:24:07,247 [INFO] DbBoards:157 - Kit is not supported: STEVAL-BFA001V2B
2024-02-26 20:24:07,249 [INFO] BoardInfo:880 - No configuration file found for board STEVAL-MKBOXPRO
2024-02-26 20:24:07,249 [INFO] DbBoards:157 - Board is not supported: STEVAL-MKBOXPRO
2024-02-26 20:24:07,323 [INFO] DbBoards:161 - Found 191 boards, 187 are supported
2024-02-26 20:24:07,325 [INFO] ApiDb:423 - Load user favorites file /home/ebenezer/.stm32cubeide/favorites.boards.txt: 0 item(s)
2024-02-26 20:24:07,325 [INFO] ApiDb:427 - User favorites Boards=[]
2024-02-26 20:24:07,325 [INFO] DbBoards:190 - Set 0 / 0 favorites Boards
2024-02-26 20:24:07,327 [INFO] ApiDb:668 - CubeFinder database Data Model version=2.1
2024-02-26 20:24:07,327 [INFO] ApiDb:669 - CubeFinder database Configuration version=3.0.39
2024-02-26 20:24:07,328 [INFO] ApiDb:670 - CubeFinder database generation date=2024-01-11 (1704964531)
2024-02-26 20:24:07,328 [INFO] ApiDb:671 - CubeFinder database FW Pack versions=[FP-ATR-ASTRA1_V2.0.0, FP-SNS-FLIGHT1_V5.0.1, FP-SNS-FLIGHT1_V5.0.2, FP-SNS-MOTENV1_V4.3.1, FP-SNS-MOTENV1_V4.3.2, FP-SNS-MOTENVWB1_V1.3.1, FP-SNS-SMARTAG2_V1.2.0, STM32Cube_FW_C0_V1.1.0, STM32Cube_FW_F4_V1.28.0, STM32Cube_FW_F7_V1.17.0, STM32Cube_FW_G0_V1.6.2, STM32Cube_FW_G4_V1.5.2, STM32Cube_FW_H5_V0.5.1, STM32Cube_FW_H5_V1.1.1, STM32Cube_FW_H5_V1.2.0RC2, STM32Cube_FW_H7_V1.11.0, STM32Cube_FW_L0_V1.12.2, STM32Cube_FW_L5_V1.5.0, STM32Cube_FW_U5_V1.3.0RC4, STM32Cube_FW_U5_V1.4.0, STM32Cube_FW_WBA_V1.0.0RC1, STM32Cube_FW_WBA_V1.1.0RC1, STM32Cube_FW_WBA_V1.2.0, STM32Cube_FW_WBA_V1.2.0RC2, STM32Cube_FW_WB_V1.15.0RC1, STM32Cube_FW_WB_V1.16.0, STM32Cube_FW_WB_V1.16.0RC2, STM32Cube_FW_WB_V1.18.0, STM32Cube_FW_WL_V1.3.0, X-CUBE-ALGOBUILD_V1.3.0, X-CUBE-ALS_V1.0.1, X-CUBE-AZRTOS-F4_V1.1.0, X-CUBE-AZRTOS-F7_V1.1.0, X-CUBE-AZRTOS-G0_V1.1.0, X-CUBE-AZRTOS-G4_V2.0.0, X-CUBE-AZRTOS-H7_V3.2.0, X-CUBE-AZRTOS-L4_V1.0.0, X-CUBE-AZRTOS-L4_V2.0.0, X-CUBE-AZRTOS-L5_V1.1.0, X-CUBE-AZRTOS-WB_V2.0.0, X-CUBE-AZRTOS-WL_V2.0.0, X-CUBE-BLE1_V7.0.0, X-CUBE-BLE2_V3.3.0, X-CUBE-BLEMGR_V3.0.0, X-CUBE-EEPRMA1_V4.1.0, X-CUBE-EEPRMA1_V4.2.0, X-CUBE-FREERTOS_V1.1.0, X-CUBE-GNSS1_V6.0.0, X-CUBE-MEMS1_V10.0.0, X-CUBE-MEMS1_V9.1.0, X-CUBE-MEMS1_V9.4.0, X-CUBE-MEMS1_V9.6.0, X-CUBE-NFC4_V3.0.0, X-CUBE-NFC7_V1.0.1, X-CUBE-SFXS2LP1_V4.0.0, X-CUBE-SUBG2_V5.0.0, X-CUBE-TOF1_V3.4.0]
2024-02-26 20:24:07,956 [ERROR] DbExamplesSqlite:437 - Missing JSON key: board_cpn
2024-02-26 20:24:07,956 [ERROR] DbExamplesSqlite:437 - Missing JSON key: board_cpn
2024-02-26 20:24:07,956 [ERROR] DbExamplesSqlite:437 - Missing JSON key: board_cpn
2024-02-26 20:24:07,956 [ERROR] DbExamplesSqlite:437 - Missing JSON key: board_cpn
2024-02-26 20:24:07,993 [INFO] DbExamplesSqlite:395 - Ignored 55 examples not supported by CubeIDE
2024-02-26 20:24:07,993 [INFO] DbExamplesSqlite:396 - Found 7560 examples active
2024-02-26 20:24:07,994 [INFO] DbExamplesSqlite:397 - Found 844 examples obsolete
2024-02-26 20:24:07,994 [INFO] DbExamplesSqlite:398 - Found 0 examples under development
2024-02-26 20:24:07,994 [INFO] DbExamplesSqlite:399 - Found 8 examples not building
2024-02-26 20:24:07,995 [INFO] DbExamples:125 - Found 7513 examples
2024-02-26 20:24:08,051 [ERROR] DbExamples:208 - Found 247 examples with invalid data (board or MCU)
2024-02-26 20:24:08,051 [INFO] DbExamples:222 - Found 93 boards with related examples
2024-02-26 20:24:08,052 [INFO] DbExamples:235 - Found 79 MCUs with related examples
2024-02-26 20:24:08,073 [INFO] ApiDb:414 - User favorites file not found: /home/ebenezer/.stm32cubeide/favorites.examples.txt
2024-02-26 20:24:08,073 [INFO] DbExamples:250 - Set 0 / 0 favorites Examples
2024-02-26 20:24:08,202 [INFO] McuFinderGlobals:76 - Set McuFinderConnectedMode to true
2024-02-26 20:24:08,211 [INFO] MultiScanPanel:200 - Auto-refresh data requested => check proxy status ongoing
2024-02-26 20:24:08,216 [INFO] FinderPluginLoader:95 - Searching for filters in installed packs
2024-02-26 20:24:09,606 [INFO] LoadUrlFilesThread:185 - End of LoadServerUrlFiles without Thread
2024-02-26 20:24:09,614 [INFO] DetailPanel:341 - Set advertising image to /home/ebenezer/STM32Cube/Repository//en.prom-stm32wl3-mcu-finder.jpg
2024-02-26 20:24:54,031 [INFO] MultiScanPanel:200 - Auto-refresh data requested => check proxy status ongoing
2024-02-26 20:24:54,119 [INFO] LoadUrlFilesThread:185 - End of LoadServerUrlFiles without Thread
2024-02-26 20:24:54,119 [INFO] DetailPanel:341 - Set advertising image to /home/ebenezer/STM32Cube/Repository//en.prom-stm32wl3-mcu-finder.jpg
2024-02-26 20:24:54,132 [INFO] DbBoards:634 - Loading board mini-images...
2024-02-26 20:24:55,841 [INFO] DbBoards:657 - Loaded 191 board mini-images
2024-02-26 20:27:05,714 [INFO] MainUpdater:2868 - connection check result : 10
2024-02-26 20:27:05,714 [INFO] MainUpdater:2868 - connection check result : 10
2024-02-26 20:27:05,727 [INFO] MicroXplorer:468 - Change Database Path : 
2024-02-26 20:27:05,728 [INFO] MicroXplorer:498 - Change Database Version : DB.6.0.92
2024-02-26 20:27:05,732 [WARN] ThirdParty:871 - waiting for thirdparty lock release [close project]
2024-02-26 20:27:05,733 [INFO] ThirdParty:873 - entering critical section [close project]
2024-02-26 20:27:05,733 [INFO] ThirdParty:883 - exiting critical section [close project]
2024-02-26 20:27:05,735 [INFO] PinOutPanel:1499 - setPackage(No Configuration,No Configuration)
2024-02-26 20:27:05,742 [INFO] UtilMem:75 - Begin LoadConfig() Used Memory: 776415360 Bytes (1073741824)
2024-02-26 20:27:05,743 [INFO] MicroXplorer:468 - Change Database Path : 
2024-02-26 20:27:05,743 [INFO] MicroXplorer:498 - Change Database Version : DB.6.0.92
2024-02-26 20:27:05,743 [INFO] OpenFileManager:308 - Change cursor
2024-02-26 20:27:05,766 [INFO] Mcu:1946 - Initializing MCU STM32F405RGTx STM32F405RGTx STM32F405RGT6
2024-02-26 20:27:07,220 [INFO] Context:659 - Trying to add GPIOservice into a context  which must be forbidden
2024-02-26 20:27:07,779 [INFO] ImportTextPane:194 - (OptionalMessage_ERROR) Unable to find key (Mcu.ThirdPartyNb) in loaded IOC file
2024-02-26 20:27:07,779 [INFO] ImportTextPane:194 - (OptionalMessage_ERROR) Unable to find key (Mcu.PinsNb) in loaded IOC file
2024-02-26 20:27:07,779 [INFO] ImportTextPane:194 - (OptionalMessage_ERROR) Unable to find key (Mcu.IPNb) in loaded IOC file
2024-02-26 20:27:07,993 [INFO] RtosManager:555 - Registered RTOS mode: class=CMSIS, group=RTOS, mode=CMSIS_V1, owner=FREERTOS
2024-02-26 20:27:07,994 [INFO] RtosManager:555 - Registered RTOS mode: class=CMSIS, group=RTOS2, mode=CMSIS_V2, owner=FREERTOS
2024-02-26 20:27:07,994 [INFO] RtosManager:555 - Registered RTOS mode: class=RTOS, group=Core, mode=CMSIS_V1, owner=FREERTOS
2024-02-26 20:27:07,994 [INFO] RtosManager:555 - Registered RTOS mode: class=RTOS, group=Core, mode=CMSIS_V2, owner=FREERTOS
2024-02-26 20:27:07,995 [WARN] ModelIntegratedComponent:184 - Missing modes for component STMicroelectronics:FreeRTOS:0.0.1:STMicroelectronics:RTOS:FreeRTOS:Core:::10.2.0:
2024-02-26 20:27:08,014 [WARN] ModelIntegratedComponent:63 - No mode defined for component null
2024-02-26 20:27:08,015 [WARN] ModelIntegratedComponent:63 - No mode defined for component null
2024-02-26 20:27:08,015 [WARN] ModelIntegratedComponent:63 - No mode defined for component null
2024-02-26 20:27:08,015 [WARN] ModelIntegratedComponent:63 - No mode defined for component null
2024-02-26 20:27:08,015 [WARN] ModelIntegratedComponent:63 - No mode defined for component null
2024-02-26 20:27:08,015 [WARN] ModelIntegratedComponent:63 - No mode defined for component null
2024-02-26 20:27:08,015 [WARN] ModelIntegratedComponent:63 - No mode defined for component null
2024-02-26 20:27:08,015 [WARN] ModelIntegratedComponent:63 - No mode defined for component null
2024-02-26 20:27:08,015 [WARN] ModelIntegratedComponent:63 - No mode defined for component null
2024-02-26 20:27:08,016 [WARN] ModelIntegratedComponent:63 - No mode defined for component null
2024-02-26 20:27:08,016 [WARN] ModelIntegratedComponent:63 - No mode defined for component null
2024-02-26 20:27:08,016 [WARN] ModelIntegratedComponent:63 - No mode defined for component null
2024-02-26 20:27:08,016 [WARN] ModelIntegratedComponent:63 - No mode defined for component null
2024-02-26 20:27:08,016 [WARN] ModelIntegratedComponent:63 - No mode defined for component null
2024-02-26 20:27:08,016 [WARN] ModelIntegratedComponent:63 - No mode defined for component null
2024-02-26 20:27:08,016 [WARN] ModelIntegratedComponent:63 - No mode defined for component null
2024-02-26 20:27:08,016 [WARN] ModelIntegratedComponent:63 - No mode defined for component null
2024-02-26 20:27:08,016 [WARN] ModelIntegratedComponent:63 - No mode defined for component null
2024-02-26 20:27:08,016 [WARN] ModelIntegratedComponent:63 - No mode defined for component null
2024-02-26 20:27:08,017 [WARN] ModelIntegratedComponent:63 - No mode defined for component null
2024-02-26 20:27:08,017 [WARN] ModelIntegratedComponent:63 - No mode defined for component null
2024-02-26 20:27:08,017 [WARN] ModelIntegratedComponent:63 - No mode defined for component null
2024-02-26 20:27:08,017 [WARN] ModelIntegratedComponent:63 - No mode defined for component null
2024-02-26 20:27:08,017 [WARN] ModelIntegratedComponent:63 - No mode defined for component null
2024-02-26 20:27:08,017 [WARN] ModelIntegratedComponent:63 - No mode defined for component null
2024-02-26 20:27:08,017 [WARN] ModelIntegratedComponent:63 - No mode defined for component null
2024-02-26 20:27:08,017 [WARN] ModelIntegratedComponent:63 - No mode defined for component null
2024-02-26 20:27:08,017 [WARN] ModelIntegratedComponent:63 - No mode defined for component null
2024-02-26 20:27:08,017 [WARN] ModelIntegratedComponent:63 - No mode defined for component null
2024-02-26 20:27:08,017 [WARN] ModelIntegratedComponent:63 - No mode defined for component null
2024-02-26 20:27:08,018 [WARN] ModelIntegratedComponent:63 - No mode defined for component null
2024-02-26 20:27:08,018 [WARN] ModelIntegratedComponent:63 - No mode defined for component null
2024-02-26 20:27:08,018 [WARN] ModelIntegratedComponent:63 - No mode defined for component null
2024-02-26 20:27:08,150 [INFO] ThirdPartyModel:298 - Start build external matchings
2024-02-26 20:27:08,977 [INFO] ThirdPartyModel:316 - End build external matchings
2024-02-26 20:27:09,211 [INFO] UtilMem:75 - End LoadConfig() Used Memory: 926207152 Bytes (1073741824)
2024-02-26 20:27:09,220 [WARN] ThirdParty:833 - waiting for thirdparty lock release [change project]
2024-02-26 20:27:09,220 [INFO] ThirdParty:835 - entering critical section [change project]
2024-02-26 20:27:09,220 [INFO] ThirdParty:1030 - CMSIS Pack Vendor :STMicroelectronics X-CUBE-ISPU 1.1.0
2024-02-26 20:27:09,221 [INFO] ThirdParty:1030 - CMSIS Pack Vendor :STMicroelectronics USBPD 4.1
2024-02-26 20:27:09,221 [INFO] ThirdParty:1030 - CMSIS Pack Vendor :STMicroelectronics X-CUBE-GNSS1 6.0.0
2024-02-26 20:27:09,221 [INFO] ThirdParty:1030 - CMSIS Pack Vendor :STMicroelectronics USB_HOST 2.0.0
2024-02-26 20:27:09,221 [INFO] ThirdParty:1030 - CMSIS Pack Vendor :STMicroelectronics X-CUBE-AZRTOS-F4 1.1.0
2024-02-26 20:27:09,221 [INFO] ThirdParty:1030 - CMSIS Pack Vendor :STMicroelectronics LIBJPEG 8.0.0
2024-02-26 20:27:09,221 [INFO] ThirdParty:1030 - CMSIS Pack Vendor :wolfSSL I-CUBE-wolfSSL 5.6.3
2024-02-26 20:27:09,221 [INFO] ThirdParty:1030 - CMSIS Pack Vendor :STMicroelectronics X-CUBE-SMBUS 2.1.0
2024-02-26 20:27:09,221 [INFO] ThirdParty:1030 - CMSIS Pack Vendor :STMicroelectronics USB_DEVICE 3.0.0
2024-02-26 20:27:09,221 [INFO] ThirdParty:1030 - CMSIS Pack Vendor :STMicroelectronics X-CUBE-AZRTOS-WB 2.0.0
2024-02-26 20:27:09,221 [INFO] ThirdParty:1030 - CMSIS Pack Vendor :STMicroelectronics X-CUBE-TOUCHGFX 4.23.0
2024-02-26 20:27:09,221 [INFO] ThirdParty:1030 - CMSIS Pack Vendor :STMicroelectronics X-CUBE-AZRTOS-F7 1.1.0
2024-02-26 20:27:09,221 [INFO] ThirdParty:1030 - CMSIS Pack Vendor :STMicroelectronics X-CUBE-AZRTOS-L5 2.0.0
2024-02-26 20:27:09,221 [INFO] ThirdParty:1030 - CMSIS Pack Vendor :STMicroelectronics USB_DEVICE 2.0.0
2024-02-26 20:27:09,221 [INFO] ThirdParty:1030 - CMSIS Pack Vendor :STMicroelectronics X-CUBE-MEMS1 9.6.0
2024-02-26 20:27:09,221 [INFO] ThirdParty:1030 - CMSIS Pack Vendor :STMicroelectronics X-CUBE-EEPRMA1 4.2.0
2024-02-26 20:27:09,222 [INFO] ThirdParty:1030 - CMSIS Pack Vendor :ITTIA_DB I-CUBE-ITTIADB 8.8.0
2024-02-26 20:27:09,222 [INFO] ThirdParty:1030 - CMSIS Pack Vendor :STMicroelectronics FP-SNS-MOTENV1 4.3.2
2024-02-26 20:27:09,222 [INFO] ThirdParty:1030 - CMSIS Pack Vendor :STMicroelectronics X-CUBE-ALGOBUILD 1.3.0
2024-02-26 20:27:09,222 [INFO] ThirdParty:1030 - CMSIS Pack Vendor :STMicroelectronics FreeRTOS 0.0.1
2024-02-26 20:27:09,222 [INFO] ThirdParty:1030 - CMSIS Pack Vendor :STMicroelectronics X-CUBE-AZRTOS-G0 1.1.0
2024-02-26 20:27:09,222 [INFO] ThirdParty:1030 - CMSIS Pack Vendor :STMicroelectronics X-CUBE-BLEMGR 2.0.0
2024-02-26 20:27:09,222 [INFO] ThirdParty:1030 - CMSIS Pack Vendor :STMicroelectronics X-CUBE-NFC4 3.0.0
2024-02-26 20:27:09,222 [INFO] ThirdParty:1030 - CMSIS Pack Vendor :STMicroelectronics X-CUBE-SUBG2 5.0.0
2024-02-26 20:27:09,222 [INFO] ThirdParty:1030 - CMSIS Pack Vendor :STMicroelectronics STM32_WPAN 1.0.0
2024-02-26 20:27:09,222 [INFO] ThirdParty:1030 - CMSIS Pack Vendor :STMicroelectronics lwIP 2.0.3
2024-02-26 20:27:09,222 [INFO] ThirdParty:1030 - CMSIS Pack Vendor :STMicroelectronics FP-SNS-FLIGHT1 5.0.2
2024-02-26 20:27:09,222 [INFO] ThirdParty:1030 - CMSIS Pack Vendor :STMicroelectronics USB_HOST 1.0.0
2024-02-26 20:27:09,222 [INFO] ThirdParty:1030 - CMSIS Pack Vendor :STMicroelectronics X-CUBE-TOF1 3.3.1
2024-02-26 20:27:09,222 [INFO] ThirdParty:1030 - CMSIS Pack Vendor :STMicroelectronics X-CUBE-AZRTOS-G4 2.0.0
2024-02-26 20:27:09,222 [INFO] ThirdParty:1030 - CMSIS Pack Vendor :STMicroelectronics PDM2PCM 3.1.0
2024-02-26 20:27:09,222 [INFO] ThirdParty:1030 - CMSIS Pack Vendor :STMicroelectronics X-CUBE-AZRTOS-H7 3.1.0
2024-02-26 20:27:09,222 [INFO] ThirdParty:1030 - CMSIS Pack Vendor :Infineon AIROC-Wi-Fi-Bluetooth-STM32 1.5.1
2024-02-26 20:27:09,222 [INFO] ThirdParty:1030 - CMSIS Pack Vendor :STMicroelectronics X-CUBE-BLEMGR 3.0.0
2024-02-26 20:27:09,222 [INFO] ThirdParty:1030 - CMSIS Pack Vendor :STMicroelectronics PDM2PCM 3.3.0
2024-02-26 20:27:09,223 [INFO] ThirdParty:1030 - CMSIS Pack Vendor :STMicroelectronics X-CUBE-DISPLAY 3.0.0
2024-02-26 20:27:09,223 [INFO] ThirdParty:1030 - CMSIS Pack Vendor :STMicroelectronics FP-SNS-MOTENVWB1 1.3.0
2024-02-26 20:27:09,223 [INFO] ThirdParty:1030 - CMSIS Pack Vendor :STMicroelectronics FP-SNS-MOTENVWB1 1.3.1
2024-02-26 20:27:09,223 [INFO] ThirdParty:1030 - CMSIS Pack Vendor :STMicroelectronics X-CUBE-BLE1 7.0.0
2024-02-26 20:27:09,223 [INFO] ThirdParty:1030 - CMSIS Pack Vendor :STMicroelectronics FP-ATR-SIGFOX1 3.2.0
2024-02-26 20:27:09,223 [INFO] ThirdParty:1030 - CMSIS Pack Vendor :STMicroelectronics X-CUBE-ISPU 2.0.0
2024-02-26 20:27:09,223 [INFO] ThirdParty:1030 - CMSIS Pack Vendor :STMicroelectronics X-CUBE-EEPRMA1 5.1.0
2024-02-26 20:27:09,223 [INFO] ThirdParty:1030 - CMSIS Pack Vendor :STMicroelectronics HAL Drivers 0.0.0
2024-02-26 20:27:09,223 [INFO] ThirdParty:1030 - CMSIS Pack Vendor :STMicroelectronics MBEDTLS 2.16.2
2024-02-26 20:27:09,223 [INFO] ThirdParty:1030 - CMSIS Pack Vendor :emotas I-CUBE-CANOPEN 1.3.0
2024-02-26 20:27:09,223 [INFO] ThirdParty:1030 - CMSIS Pack Vendor :STMicroelectronics X-CUBE-MEMS1 10.0.0
2024-02-26 20:27:09,223 [INFO] ThirdParty:1030 - CMSIS Pack Vendor :STMicroelectronics X-CUBE-FREERTOS 1.1.0
2024-02-26 20:27:09,223 [INFO] ThirdParty:1030 - CMSIS Pack Vendor :STMicroelectronics X-CUBE-TOUCHGFX 4.22.0
2024-02-26 20:27:09,223 [INFO] ThirdParty:1030 - CMSIS Pack Vendor :STMicroelectronics X-CUBE-NFC7 1.0.1
2024-02-26 20:27:09,223 [INFO] ThirdParty:1030 - CMSIS Pack Vendor :STMicroelectronics MBEDTLS 2.14.1
2024-02-26 20:27:09,223 [INFO] ThirdParty:1030 - CMSIS Pack Vendor :STMicroelectronics X-CUBE-TOUCHGFX 4.22.1
2024-02-26 20:27:09,223 [INFO] ThirdParty:1030 - CMSIS Pack Vendor :STMicroelectronics X-CUBE-NFC6 3.0.0
2024-02-26 20:27:09,223 [INFO] ThirdParty:1030 - CMSIS Pack Vendor :STMicroelectronics X-CUBE-EEPRMA1 4.1.0
2024-02-26 20:27:09,223 [INFO] ThirdParty:1030 - CMSIS Pack Vendor :portGmbH I-Cube-SoM-uGOAL 1.1.0
2024-02-26 20:27:09,224 [INFO] ThirdParty:1030 - CMSIS Pack Vendor :STMicroelectronics X-CUBE-ALS 1.0.1
2024-02-26 20:27:09,224 [INFO] ThirdParty:1030 - CMSIS Pack Vendor :STMicroelectronics ThreadX 1.0.0
2024-02-26 20:27:09,224 [INFO] ThirdParty:1030 - CMSIS Pack Vendor :STMicroelectronics FP-SNS-SMARTAG2 1.2.0
2024-02-26 20:27:09,224 [INFO] ThirdParty:1030 - CMSIS Pack Vendor :STMicroelectronics X-CUBE-AZRTOS-WL 2.0.0
2024-02-26 20:27:09,224 [INFO] ThirdParty:1030 - CMSIS Pack Vendor :SEGGER I-CUBE-embOS 1.3.1
2024-02-26 20:27:09,224 [INFO] ThirdParty:1030 - CMSIS Pack Vendor :STMicroelectronics USB_DEVICE 1.0.0
2024-02-26 20:27:09,224 [INFO] ThirdParty:1030 - CMSIS Pack Vendor :STMicroelectronics X-CUBE-AI 8.1.0
2024-02-26 20:27:09,224 [INFO] ThirdParty:1030 - CMSIS Pack Vendor :STMicroelectronics X-CUBE-AZRTOS-L4 2.0.0
2024-02-26 20:27:09,224 [INFO] ThirdParty:1030 - CMSIS Pack Vendor :STMicroelectronics ThreadX 0.0.2
2024-02-26 20:27:09,224 [INFO] ThirdParty:1030 - CMSIS Pack Vendor :WES I-CUBE-Cesium 1.3.0
2024-02-26 20:27:09,224 [INFO] ThirdParty:1030 - CMSIS Pack Vendor :STMicroelectronics FP-ATR-ASTRA1 2.0.0
2024-02-26 20:27:09,224 [INFO] ThirdParty:1030 - CMSIS Pack Vendor :STMicroelectronics lwIP 2.1.2
2024-02-26 20:27:09,224 [INFO] ThirdParty:1030 - CMSIS Pack Vendor :STMicroelectronics X-CUBE-SFXS2LP1 4.0.0
2024-02-26 20:27:09,224 [INFO] ThirdParty:1030 - CMSIS Pack Vendor :STMicroelectronics X-CUBE-BLE2 3.3.0
2024-02-26 20:27:09,224 [INFO] ThirdParty:1030 - CMSIS Pack Vendor :STMicroelectronics X-CUBE-TOF1 3.4.0
2024-02-26 20:27:09,224 [INFO] ThirdParty:1030 - CMSIS Pack Vendor :STMicroelectronics X-CUBE-AZRTOS-H7 3.2.0
2024-02-26 20:27:09,225 [INFO] ThirdParty:1030 - CMSIS Pack Vendor :STMicroelectronics PDM2PCM 3.2.0
2024-02-26 20:27:09,225 [INFO] ThirdParty:841 - exiting critical section [change project]
2024-02-26 20:27:09,752 [INFO] PinOutPanel:1499 - setPackage(No Configuration,No Configuration)
2024-02-26 20:27:09,753 [INFO] PinOutPanel:1499 - setPackage(STM32F405RGTx,LQFP64)
2024-02-26 20:27:10,155 [INFO] UtilMem:75 - Before build in PCC Used Memory: 788930056 Bytes (1073741824)
2024-02-26 20:27:10,778 [INFO] UtilMem:75 - After build in PCC Used Memory: 898724864 Bytes (1073741824)
2024-02-26 20:27:10,821 [INFO] IPUIPlugin:80 - create IPUIPlugin
2024-02-26 20:27:10,822 [INFO] IPUIPlugin:80 - create IPUIPlugin
2024-02-26 20:27:10,822 [INFO] IPUIPlugin:80 - create IPUIPlugin
2024-02-26 20:27:10,822 [INFO] IPUIPlugin:80 - create IPUIPlugin
2024-02-26 20:27:10,822 [INFO] IPUIPlugin:80 - create IPUIPlugin
2024-02-26 20:27:10,822 [INFO] IPUIPlugin:80 - create IPUIPlugin
2024-02-26 20:27:10,823 [INFO] IPUIPlugin:80 - create IPUIPlugin
2024-02-26 20:27:10,823 [INFO] IPUIPlugin:80 - create IPUIPlugin
2024-02-26 20:27:10,823 [INFO] IPUIPlugin:80 - create IPUIPlugin
2024-02-26 20:27:10,823 [INFO] IPUIPlugin:80 - create IPUIPlugin
2024-02-26 20:27:10,823 [INFO] IPUIPlugin:80 - create IPUIPlugin
2024-02-26 20:27:10,824 [INFO] IPUIPlugin:80 - create IPUIPlugin
2024-02-26 20:27:10,824 [INFO] IPUIPlugin:80 - create IPUIPlugin
2024-02-26 20:27:10,824 [INFO] IPUIPlugin:80 - create IPUIPlugin
2024-02-26 20:27:10,824 [INFO] IPUIPlugin:80 - create IPUIPlugin
2024-02-26 20:27:10,824 [INFO] IPUIPlugin:80 - create IPUIPlugin
2024-02-26 20:27:10,825 [INFO] IPUIPlugin:80 - create IPUIPlugin
2024-02-26 20:27:10,825 [INFO] IPUIPlugin:80 - create IPUIPlugin
2024-02-26 20:27:10,825 [INFO] IPUIPlugin:80 - create IPUIPlugin
2024-02-26 20:27:10,825 [INFO] IPUIPlugin:80 - create IPUIPlugin
2024-02-26 20:27:10,826 [INFO] IPUIPlugin:80 - create IPUIPlugin
2024-02-26 20:27:10,826 [INFO] IPUIPlugin:80 - create IPUIPlugin
2024-02-26 20:27:10,826 [INFO] IPUIPlugin:80 - create IPUIPlugin
2024-02-26 20:27:10,827 [INFO] IPUIPlugin:80 - create IPUIPlugin
2024-02-26 20:27:10,827 [INFO] IPUIPlugin:80 - create IPUIPlugin
2024-02-26 20:27:10,827 [INFO] IPUIPlugin:80 - create IPUIPlugin
2024-02-26 20:27:10,828 [INFO] IPUIPlugin:80 - create IPUIPlugin
2024-02-26 20:27:10,828 [INFO] IPUIPlugin:80 - create IPUIPlugin
2024-02-26 20:27:10,828 [INFO] IPUIPlugin:80 - create IPUIPlugin
2024-02-26 20:27:10,828 [INFO] IPUIPlugin:80 - create IPUIPlugin
2024-02-26 20:27:10,829 [INFO] IPUIPlugin:80 - create IPUIPlugin
2024-02-26 20:27:10,829 [INFO] IPUIPlugin:80 - create IPUIPlugin
2024-02-26 20:27:10,829 [INFO] IPUIPlugin:80 - create IPUIPlugin
2024-02-26 20:27:10,830 [INFO] IPUIPlugin:80 - create IPUIPlugin
2024-02-26 20:27:10,830 [INFO] IPUIPlugin:80 - create IPUIPlugin
2024-02-26 20:27:10,830 [INFO] IPUIPlugin:80 - create IPUIPlugin
2024-02-26 20:27:10,831 [INFO] IPUIPlugin:80 - create IPUIPlugin
2024-02-26 20:27:10,831 [INFO] IPUIPlugin:80 - create IPUIPlugin
2024-02-26 20:27:10,831 [INFO] IPUIPlugin:80 - create IPUIPlugin
2024-02-26 20:27:10,831 [INFO] IPUIPlugin:80 - create IPUIPlugin
2024-02-26 20:27:10,832 [INFO] IPUIPlugin:80 - create IPUIPlugin
2024-02-26 20:27:10,832 [INFO] IPUIPlugin:80 - create IPUIPlugin
2024-02-26 20:27:10,832 [INFO] IPUIPlugin:80 - create IPUIPlugin
2024-02-26 20:27:10,833 [INFO] IPUIPlugin:80 - create IPUIPlugin
2024-02-26 20:27:10,833 [INFO] IPUIPlugin:80 - create IPUIPlugin
2024-02-26 20:27:10,833 [INFO] IPUIPlugin:80 - create IPUIPlugin
2024-02-26 20:27:10,834 [INFO] IPUIPlugin:80 - create IPUIPlugin
2024-02-26 20:27:10,834 [INFO] IPUIPlugin:80 - create IPUIPlugin
2024-02-26 20:27:10,834 [INFO] IPUIPlugin:80 - create IPUIPlugin
2024-02-26 20:27:10,835 [INFO] IPUIPlugin:80 - create IPUIPlugin
2024-02-26 20:27:10,835 [INFO] IPUIPlugin:80 - create IPUIPlugin
2024-02-26 20:27:10,836 [INFO] IPUIPlugin:80 - create IPUIPlugin
2024-02-26 20:27:10,836 [INFO] IPUIPlugin:80 - create IPUIPlugin
2024-02-26 20:27:10,837 [INFO] IPUIPlugin:80 - create IPUIPlugin
2024-02-26 20:27:10,885 [INFO] ApiDbMcu:507 - Load IP Config File for PDM2PCM
2024-02-26 20:27:11,093 [INFO] CADModel:165 - CPN selected for project levelSTM32F405RGT6
2024-02-26 20:27:11,093 [INFO] CADModel:114 - Register for checkConnection events
2024-02-26 20:27:11,133 [INFO] OpenFileManager:328 - Restore cursor
2024-02-26 20:27:11,670 [INFO] UtilMem:75 - End SaveConfig() Used Memory: 841460072 Bytes (1073741824)
2024-02-26 20:27:12,374 [INFO] ServerAccessManage:473 - Download File stm32cube_fw_f4_v1270.zip
2024-02-26 20:29:13,070 [INFO] AnalyticsPlugin:368 - Accepted License(s): [FW.F4.1.27.0]
2024-02-26 20:29:13,070 [INFO] FileExtend:240 - Unzip File : stm32cube_fw_f4_v1270.zip
2024-02-26 20:29:13,071 [INFO] FileExtend:255 - Standard Zip Deflate
2024-02-26 20:29:21,929 [INFO] ServerAccessManage:473 - Download File stm32cube_fw_f4_v1271.zip
2024-02-26 20:29:30,358 [INFO] FileExtend:240 - Unzip File : stm32cube_fw_f4_v1271.zip
2024-02-26 20:29:30,358 [INFO] FileExtend:255 - Standard Zip Deflate
2024-02-26 20:29:31,145 [INFO] LoadServerPackagesThread:196 - End of LoadServerPackages Thread
2024-02-26 20:29:31,270 [INFO] ThirdPartyModel:298 - Start build external matchings
2024-02-26 20:29:31,276 [INFO] UtilMem:75 - End SaveConfig() Used Memory: 437355960 Bytes (1073741824)
2024-02-26 20:29:31,860 [INFO] BlockDiagram:2759 - set Specific Code input for plugin: RCC
2024-02-26 20:29:31,860 [INFO] BlockDiagram:2759 - set Specific Code input for plugin: NVIC
2024-02-26 20:29:31,861 [INFO] CodeGenerator:799 - code generatio: config db path: /opt/st/stm32cubeide_1.13.2/plugins/com.st.stm32cube.common.mx_6.9.2.202309101412//db/
2024-02-26 20:29:32,383 [INFO] CodeEngine:255 - oldGeneratedFile, /home/ebenezer/STM32CubeIDE/workspace_1.13.2/new_skna/MXTmpFiles/license.tmp_save
2024-02-26 20:29:32,483 [INFO] ThirdPartyModel:316 - End build external matchings
2024-02-26 20:29:32,495 [INFO] CheckServerUpdateThread:120 - End of CheckServer Thread
2024-02-26 20:29:32,707 [INFO] CodeEngine:279 - Generated code: /home/ebenezer/STM32CubeIDE/workspace_1.13.2/new_skna/MXTmpFiles/license.tmp
2024-02-26 20:29:32,713 [INFO] CodeEngine:255 - oldGeneratedFile, /home/ebenezer/STM32CubeIDE/workspace_1.13.2/new_skna/Core/Src/stm32f4xx_it.c_save
2024-02-26 20:29:32,832 [INFO] CodeEngine:279 - Generated code: /home/ebenezer/STM32CubeIDE/workspace_1.13.2/new_skna/Core/Src/stm32f4xx_it.c
2024-02-26 20:29:32,833 [INFO] CodeEngine:255 - oldGeneratedFile, /home/ebenezer/STM32CubeIDE/workspace_1.13.2/new_skna/Core/Inc/stm32f4xx_it.h_save
2024-02-26 20:29:32,916 [INFO] CodeEngine:279 - Generated code: /home/ebenezer/STM32CubeIDE/workspace_1.13.2/new_skna/Core/Inc/stm32f4xx_it.h
2024-02-26 20:29:33,103 [INFO] CodeEngine:255 - oldGeneratedFile, /home/ebenezer/STM32CubeIDE/workspace_1.13.2/new_skna/Core/Src/stm32f4xx_hal_msp.c_save
2024-02-26 20:29:33,231 [INFO] CodeEngine:279 - Generated code: /home/ebenezer/STM32CubeIDE/workspace_1.13.2/new_skna/Core/Src/stm32f4xx_hal_msp.c
2024-02-26 20:29:33,232 [INFO] CodeEngine:255 - oldGeneratedFile, /home/ebenezer/STM32CubeIDE/workspace_1.13.2/new_skna/MXTmpFiles/system.tmp_save
2024-02-26 20:29:33,304 [INFO] CodeEngine:279 - Generated code: /home/ebenezer/STM32CubeIDE/workspace_1.13.2/new_skna/MXTmpFiles/system.tmp
2024-02-26 20:29:33,308 [INFO] CodeEngine:311 - oldGeneratedFile, /home/ebenezer/STM32CubeIDE/workspace_1.13.2/new_skna/Core/Inc/stm32f4xx_hal_conf.h_save
2024-02-26 20:29:33,383 [INFO] CodeEngine:335 - Generated code: /home/ebenezer/STM32CubeIDE/workspace_1.13.2/new_skna/Core/Inc/stm32f4xx_hal_conf.h
2024-02-26 20:29:33,418 [INFO] CodeEngine:255 - oldGeneratedFile, /home/ebenezer/STM32CubeIDE/workspace_1.13.2/new_skna/Core/Inc/main.h_save
2024-02-26 20:29:33,543 [INFO] CodeEngine:279 - Generated code: /home/ebenezer/STM32CubeIDE/workspace_1.13.2/new_skna/Core/Inc/main.h
2024-02-26 20:29:33,545 [INFO] CodeEngine:255 - oldGeneratedFile, /home/ebenezer/STM32CubeIDE/workspace_1.13.2/new_skna/Core/Src/main.c_save
2024-02-26 20:29:33,691 [INFO] CodeEngine:279 - Generated code: /home/ebenezer/STM32CubeIDE/workspace_1.13.2/new_skna/Core/Src/main.c
2024-02-26 20:29:34,206 [INFO] ProjectBuilder:3064 - Time for Copy HAL[1] : 21mS.
2024-02-26 20:29:34,210 [INFO] ProjectBuilder:4404 - Project Generator version: 4.1.0
2024-02-26 20:29:34,440 [INFO] ConfigFileManager:1457 - The Die is : DIE413
2024-02-26 20:29:34,450 [INFO] ApiDbMcu:507 - Load IP Config File for FATFS
2024-02-26 20:29:34,456 [INFO] ApiDbMcu:507 - Load IP Config File for FREERTOS
2024-02-26 20:29:34,459 [INFO] ApiDbMcu:507 - Load IP Config File for LIBJPEG
2024-02-26 20:29:34,469 [INFO] ApiDbMcu:507 - Load IP Config File for MBEDTLS
2024-02-26 20:29:34,479 [INFO] ApiDbMcu:507 - Load IP Config File for USB_DEVICE
2024-02-26 20:29:34,485 [INFO] ApiDbMcu:507 - Load IP Config File for USB_HOST
2024-02-26 20:29:36,718 [INFO] LogOutputStream:77 - [STDOUT_REDIRECT] 
2024-02-26 20:29:49,415 [INFO] ProjectBuilder:4626 - Time for Generating toolchain IDE Files: 15205mS.
2024-02-26 20:29:49,416 [INFO] ProjectBuilder:2935 - Time for Copy CMSIS : 0mS.
2024-02-26 20:29:49,417 [INFO] ProjectBuilder:2935 - Time for Copy CMSIS : 0mS.
2024-02-26 20:29:50,042 [INFO] McuFinderGlobals:76 - Set McuFinderConnectedMode to true
2024-02-26 20:29:50,043 [INFO] ApiDb:448 - Save user favorites file /home/ebenezer/.stm32cubeide/favorites.mcus.txt: 0 item(s)
2024-02-26 20:29:50,043 [INFO] ApiDb:452 - User favorites MCUs=[]
2024-02-26 20:29:50,044 [INFO] ApiDb:448 - Save user favorites file /home/ebenezer/.stm32cubeide/favorites.boards.txt: 0 item(s)
2024-02-26 20:29:50,045 [INFO] ApiDb:452 - User favorites Boards=[]
2024-02-26 20:33:03,632 [INFO] Gpio:273 - dependency for GPIO []
2024-02-26 20:34:04,042 [INFO] Gpio:273 - dependency for GPIO []
2024-02-26 20:34:17,366 [INFO] NvicIntPanel:101 - NVIC parent = com.st.microxplorer.plugins.ip.nvic.MultiNvicIntPanel[,0,0,0x0,invalid,layout=javax.swing.BoxLayout,alignmentX=0.0,alignmentY=0.0,border=,flags=9,maximumSize=,minimumSize=,preferredSize=]
2024-02-26 20:34:32,286 [INFO] NvicIntPanel:101 - NVIC parent = com.st.microxplorer.plugins.ip.nvic.MultiNvicIntPanel[,0,0,0x0,invalid,layout=javax.swing.BoxLayout,alignmentX=0.0,alignmentY=0.0,border=,flags=9,maximumSize=,minimumSize=,preferredSize=]
2024-02-26 20:34:56,089 [INFO] NvicIntPanel:101 - NVIC parent = com.st.microxplorer.plugins.ip.nvic.MultiNvicIntPanel[,0,0,0x0,invalid,layout=javax.swing.BoxLayout,alignmentX=0.0,alignmentY=0.0,border=,flags=9,maximumSize=,minimumSize=,preferredSize=]
2024-02-26 20:35:01,313 [INFO] Gpio:273 - dependency for GPIO [USART6]
2024-02-26 20:35:47,039 [WARN] IP:2114 - I2C_Coeff_DF not found: check if there is a RefParameter without a condition.
2024-02-26 20:35:47,039 [WARN] IP:2114 - Analog_Filter not found: check if there is a RefParameter without a condition.
2024-02-26 20:35:47,068 [WARN] IP:2114 - I2C_Coeff_DF not found: check if there is a RefParameter without a condition.
2024-02-26 20:35:47,068 [WARN] IP:2114 - Analog_Filter not found: check if there is a RefParameter without a condition.
2024-02-26 20:35:47,069 [WARN] IP:2114 - I2C_Coeff_DF not found: check if there is a RefParameter without a condition.
2024-02-26 20:35:47,069 [WARN] IP:2114 - Analog_Filter not found: check if there is a RefParameter without a condition.
2024-02-26 20:35:47,115 [WARN] IP:2114 - I2C_Coeff_DF not found: check if there is a RefParameter without a condition.
2024-02-26 20:35:47,115 [WARN] IP:2114 - Analog_Filter not found: check if there is a RefParameter without a condition.
2024-02-26 20:35:47,116 [WARN] IP:2114 - I2C_Coeff_DF not found: check if there is a RefParameter without a condition.
2024-02-26 20:35:47,117 [WARN] IP:2114 - Analog_Filter not found: check if there is a RefParameter without a condition.
2024-02-26 20:36:22,963 [WARN] IP:2114 - I2C_Coeff_DF not found: check if there is a RefParameter without a condition.
2024-02-26 20:36:22,963 [WARN] IP:2114 - Analog_Filter not found: check if there is a RefParameter without a condition.
2024-02-26 20:36:51,284 [INFO] UtilMem:75 - End SaveConfig() Used Memory: 522893272 Bytes (901775360)
2024-02-26 20:36:51,872 [INFO] UtilMem:75 - End SaveConfig() Used Memory: 574273464 Bytes (901775360)
2024-02-26 20:36:52,144 [INFO] BlockDiagram:2759 - set Specific Code input for plugin: RCC
2024-02-26 20:36:52,145 [INFO] BlockDiagram:2759 - set Specific Code input for plugin: I2C
2024-02-26 20:36:52,145 [INFO] BlockDiagram:2759 - set Specific Code input for plugin: NVIC
2024-02-26 20:36:52,145 [INFO] BlockDiagram:2759 - set Specific Code input for plugin: USART
2024-02-26 20:36:52,145 [INFO] BlockDiagram:2759 - set Specific Code input for plugin: GPIO
2024-02-26 20:36:52,146 [INFO] CodeGenerator:799 - code generatio: config db path: /opt/st/stm32cubeide_1.13.2/plugins/com.st.stm32cube.common.mx_6.9.2.202309101412//db/
2024-02-26 20:36:52,148 [WARN] IP:2114 - I2C_Coeff_DF not found: check if there is a RefParameter without a condition.
2024-02-26 20:36:52,148 [WARN] IP:2114 - Analog_Filter not found: check if there is a RefParameter without a condition.
2024-02-26 20:36:52,378 [INFO] CodeEngine:255 - oldGeneratedFile, /home/ebenezer/STM32CubeIDE/workspace_1.13.2/new_skna/MXTmpFiles/license.tmp_save
2024-02-26 20:36:52,472 [INFO] CodeEngine:279 - Generated code: /home/ebenezer/STM32CubeIDE/workspace_1.13.2/new_skna/MXTmpFiles/license.tmp
2024-02-26 20:36:52,553 [INFO] CodeEngine:255 - oldGeneratedFile, /home/ebenezer/STM32CubeIDE/workspace_1.13.2/new_skna/MXTmpFiles/gpio.tmp_save
2024-02-26 20:36:52,651 [INFO] CodeEngine:279 - Generated code: /home/ebenezer/STM32CubeIDE/workspace_1.13.2/new_skna/MXTmpFiles/gpio.tmp
2024-02-26 20:36:52,704 [INFO] CodeEngine:255 - oldGeneratedFile, /home/ebenezer/STM32CubeIDE/workspace_1.13.2/new_skna/Core/Src/stm32f4xx_it.c_save
2024-02-26 20:36:52,786 [INFO] CodeEngine:279 - Generated code: /home/ebenezer/STM32CubeIDE/workspace_1.13.2/new_skna/Core/Src/stm32f4xx_it.c
2024-02-26 20:36:52,787 [INFO] CodeEngine:255 - oldGeneratedFile, /home/ebenezer/STM32CubeIDE/workspace_1.13.2/new_skna/Core/Inc/stm32f4xx_it.h_save
2024-02-26 20:36:52,844 [INFO] CodeEngine:279 - Generated code: /home/ebenezer/STM32CubeIDE/workspace_1.13.2/new_skna/Core/Inc/stm32f4xx_it.h
2024-02-26 20:36:52,855 [INFO] CodeEngine:255 - oldGeneratedFile, /home/ebenezer/STM32CubeIDE/workspace_1.13.2/new_skna/Core/Src/stm32f4xx_hal_msp.c_save
2024-02-26 20:36:52,942 [INFO] CodeEngine:279 - Generated code: /home/ebenezer/STM32CubeIDE/workspace_1.13.2/new_skna/Core/Src/stm32f4xx_hal_msp.c
2024-02-26 20:36:52,943 [INFO] CodeEngine:255 - oldGeneratedFile, /home/ebenezer/STM32CubeIDE/workspace_1.13.2/new_skna/MXTmpFiles/system.tmp_save
2024-02-26 20:36:52,991 [INFO] CodeEngine:279 - Generated code: /home/ebenezer/STM32CubeIDE/workspace_1.13.2/new_skna/MXTmpFiles/system.tmp
2024-02-26 20:36:52,993 [INFO] CodeEngine:311 - oldGeneratedFile, /home/ebenezer/STM32CubeIDE/workspace_1.13.2/new_skna/Core/Inc/stm32f4xx_hal_conf.h_save
2024-02-26 20:36:53,049 [INFO] CodeEngine:335 - Generated code: /home/ebenezer/STM32CubeIDE/workspace_1.13.2/new_skna/Core/Inc/stm32f4xx_hal_conf.h
2024-02-26 20:36:53,058 [INFO] CodeEngine:255 - oldGeneratedFile, /home/ebenezer/STM32CubeIDE/workspace_1.13.2/new_skna/Core/Inc/main.h_save
2024-02-26 20:36:53,117 [INFO] CodeEngine:279 - Generated code: /home/ebenezer/STM32CubeIDE/workspace_1.13.2/new_skna/Core/Inc/main.h
2024-02-26 20:36:53,119 [INFO] CodeEngine:255 - oldGeneratedFile, /home/ebenezer/STM32CubeIDE/workspace_1.13.2/new_skna/Core/Src/main.c_save
2024-02-26 20:36:53,195 [INFO] CodeEngine:279 - Generated code: /home/ebenezer/STM32CubeIDE/workspace_1.13.2/new_skna/Core/Src/main.c
2024-02-26 20:36:53,517 [INFO] ProjectBuilder:3064 - Time for Copy HAL[1] : 20mS.
2024-02-26 20:36:53,518 [INFO] ProjectBuilder:4404 - Project Generator version: 4.1.0
2024-02-26 20:36:53,681 [INFO] ConfigFileManager:1457 - The Die is : DIE413
2024-02-26 20:36:55,099 [INFO] ProjectBuilder:4626 - Time for Generating toolchain IDE Files: 1581mS.
2024-02-26 20:36:55,099 [INFO] ProjectBuilder:2935 - Time for Copy CMSIS : 0mS.
2024-02-26 20:36:55,100 [INFO] ProjectBuilder:2935 - Time for Copy CMSIS : 0mS.
2024-02-26 21:18:19,662 [INFO] UtilMem:75 - End SaveConfig() Used Memory: 529404488 Bytes (748683264)
2024-02-26 21:18:19,884 [INFO] BlockDiagram:2759 - set Specific Code input for plugin: RCC
2024-02-26 21:18:19,884 [INFO] BlockDiagram:2759 - set Specific Code input for plugin: I2C
2024-02-26 21:18:19,884 [INFO] BlockDiagram:2759 - set Specific Code input for plugin: NVIC
2024-02-26 21:18:19,884 [INFO] BlockDiagram:2759 - set Specific Code input for plugin: USART
2024-02-26 21:18:19,885 [INFO] BlockDiagram:2759 - set Specific Code input for plugin: GPIO
2024-02-26 21:18:19,885 [INFO] CodeGenerator:799 - code generatio: config db path: /opt/st/stm32cubeide_1.13.2/plugins/com.st.stm32cube.common.mx_6.9.2.202309101412//db/
2024-02-26 21:18:19,886 [WARN] IP:2114 - I2C_Coeff_DF not found: check if there is a RefParameter without a condition.
2024-02-26 21:18:19,886 [WARN] IP:2114 - Analog_Filter not found: check if there is a RefParameter without a condition.
2024-02-26 21:18:20,101 [INFO] CodeEngine:255 - oldGeneratedFile, /home/ebenezer/STM32CubeIDE/workspace_1.13.2/new_skna/MXTmpFiles/license.tmp_save
2024-02-26 21:18:20,180 [INFO] CodeEngine:279 - Generated code: /home/ebenezer/STM32CubeIDE/workspace_1.13.2/new_skna/MXTmpFiles/license.tmp
2024-02-26 21:18:20,189 [INFO] CodeEngine:255 - oldGeneratedFile, /home/ebenezer/STM32CubeIDE/workspace_1.13.2/new_skna/MXTmpFiles/gpio.tmp_save
2024-02-26 21:18:20,262 [INFO] CodeEngine:279 - Generated code: /home/ebenezer/STM32CubeIDE/workspace_1.13.2/new_skna/MXTmpFiles/gpio.tmp
2024-02-26 21:18:20,300 [INFO] CodeEngine:255 - oldGeneratedFile, /home/ebenezer/STM32CubeIDE/workspace_1.13.2/new_skna/Core/Src/stm32f4xx_it.c_save
2024-02-26 21:18:20,500 [INFO] CodeEngine:279 - Generated code: /home/ebenezer/STM32CubeIDE/workspace_1.13.2/new_skna/Core/Src/stm32f4xx_it.c
2024-02-26 21:18:20,501 [INFO] CodeEngine:255 - oldGeneratedFile, /home/ebenezer/STM32CubeIDE/workspace_1.13.2/new_skna/Core/Inc/stm32f4xx_it.h_save
2024-02-26 21:18:20,564 [INFO] CodeEngine:279 - Generated code: /home/ebenezer/STM32CubeIDE/workspace_1.13.2/new_skna/Core/Inc/stm32f4xx_it.h
2024-02-26 21:18:20,578 [INFO] CodeEngine:255 - oldGeneratedFile, /home/ebenezer/STM32CubeIDE/workspace_1.13.2/new_skna/Core/Src/stm32f4xx_hal_msp.c_save
2024-02-26 21:18:20,689 [INFO] CodeEngine:279 - Generated code: /home/ebenezer/STM32CubeIDE/workspace_1.13.2/new_skna/Core/Src/stm32f4xx_hal_msp.c
2024-02-26 21:18:20,691 [INFO] CodeEngine:255 - oldGeneratedFile, /home/ebenezer/STM32CubeIDE/workspace_1.13.2/new_skna/MXTmpFiles/system.tmp_save
2024-02-26 21:18:20,743 [INFO] CodeEngine:279 - Generated code: /home/ebenezer/STM32CubeIDE/workspace_1.13.2/new_skna/MXTmpFiles/system.tmp
2024-02-26 21:18:20,745 [INFO] CodeEngine:311 - oldGeneratedFile, /home/ebenezer/STM32CubeIDE/workspace_1.13.2/new_skna/Core/Inc/stm32f4xx_hal_conf.h_save
2024-02-26 21:18:20,798 [INFO] CodeEngine:335 - Generated code: /home/ebenezer/STM32CubeIDE/workspace_1.13.2/new_skna/Core/Inc/stm32f4xx_hal_conf.h
2024-02-26 21:18:20,807 [INFO] CodeEngine:255 - oldGeneratedFile, /home/ebenezer/STM32CubeIDE/workspace_1.13.2/new_skna/Core/Inc/main.h_save
2024-02-26 21:18:20,866 [INFO] CodeEngine:279 - Generated code: /home/ebenezer/STM32CubeIDE/workspace_1.13.2/new_skna/Core/Inc/main.h
2024-02-26 21:18:20,868 [INFO] CodeEngine:255 - oldGeneratedFile, /home/ebenezer/STM32CubeIDE/workspace_1.13.2/new_skna/Core/Src/main.c_save
2024-02-26 21:18:20,941 [INFO] CodeEngine:279 - Generated code: /home/ebenezer/STM32CubeIDE/workspace_1.13.2/new_skna/Core/Src/main.c
2024-02-26 21:18:21,345 [INFO] ProjectBuilder:3064 - Time for Copy HAL[1] : 19mS.
2024-02-26 21:18:21,346 [INFO] ProjectBuilder:4404 - Project Generator version: 4.1.0
2024-02-26 21:18:21,620 [INFO] ConfigFileManager:1457 - The Die is : DIE413
2024-02-26 21:18:22,679 [INFO] ProjectBuilder:4626 - Time for Generating toolchain IDE Files: 1333mS.
2024-02-26 21:18:22,680 [INFO] ProjectBuilder:2935 - Time for Copy CMSIS : 0mS.
2024-02-26 21:18:22,681 [INFO] ProjectBuilder:2935 - Time for Copy CMSIS : 0mS.
