2024-06-14 20:41:59,129 [INFO] Activator:176 - 


2024-06-14 20:41:59,133 [INFO] Activator:177 - !SESSION log4j initialized
2024-06-14 20:42:03,358 [INFO] LogOutputStream:77 - [STDOUT_REDIRECT] 
2024-06-14 20:42:04,733 [INFO] ApplicationProperties:184 - Using Application install path: /opt/st/stm32cubeide_1.13.2/plugins/com.st.stm32cube.common.mx_6.9.2.202309101412
2024-06-14 20:42:04,783 [INFO] DbMcusXml:78 - Set database path to: /opt/st/stm32cubeide_1.13.2/plugins/com.st.stm32cube.common.mx_6.9.2.202309101412//db//mcu/
2024-06-14 20:42:04,783 [INFO] ApiDb:274 - Set plugin database path to: /opt/st/stm32cubeide_1.13.2/plugins/com.st.stm32cube.common.mx_6.9.2.202309101412//db//plugins/boardmanager/
2024-06-14 20:42:04,783 [WARN] ApiDb:259 - Overriding images path with different value:  => /opt/st/stm32cubeide_1.13.2/plugins/com.st.stm32cube.common.mx_6.9.2.202309101412//db//plugins/mcufinder/images/
2024-06-14 20:42:04,808 [INFO] ApiDb:250 - Set database path to: /home/ebenezer/.stmcufinder/plugins/mcufinder//mcu/
2024-06-14 20:42:04,809 [INFO] DbMcusAds:125 - Set database path to: /home/ebenezer/.stmcufinder/plugins/mcufinder//mcu/
2024-06-14 20:42:04,812 [INFO] CrossReferenceDbSqlite:203 - Set database path to: /home/ebenezer/.stmcufinder/plugins/mcufinder//mcu/cs/
2024-06-14 20:42:04,964 [INFO] RulesReader:64 - Compatibility file has been processed (293 Rules)
2024-06-14 20:42:05,050 [INFO] DbMcusXml:78 - Set database path to: /opt/st/stm32cubeide_1.13.2/plugins/com.st.stm32cube.common.mx_6.9.2.202309101412//db//mcu/
2024-06-14 20:42:05,050 [INFO] ApiDb:274 - Set plugin database path to: /opt/st/stm32cubeide_1.13.2/plugins/com.st.stm32cube.common.mx_6.9.2.202309101412//db//plugins/boardmanager/
2024-06-14 20:42:05,051 [INFO] ApiDb:261 - Set plugin images path to: /opt/st/stm32cubeide_1.13.2/plugins/com.st.stm32cube.common.mx_6.9.2.202309101412//db//plugins/mcufinder/images/
2024-06-14 20:42:05,051 [WARN] DbFile:41 - Overriding database path with different value: /home/ebenezer/.stmcufinder/plugins/mcufinder/ => /home/ebenezer/.stmcufinder/plugins/mcufinder
2024-06-14 20:42:05,051 [INFO] ApiDb:250 - Set database path to: /home/ebenezer/.stmcufinder/plugins/mcufinder//mcu/
2024-06-14 20:42:05,051 [WARN] DbFile:41 - Overriding database path with different value: /home/ebenezer/.stmcufinder/plugins/mcufinder/ => /home/ebenezer/.stmcufinder/plugins/mcufinder
2024-06-14 20:42:05,051 [INFO] DbMcusAds:125 - Set database path to: /home/ebenezer/.stmcufinder/plugins/mcufinder//mcu/
2024-06-14 20:42:05,051 [WARN] DbFile:41 - Overriding database path with different value: /home/ebenezer/.stmcufinder/plugins/mcufinder/ => /home/ebenezer/.stmcufinder/plugins/mcufinder
2024-06-14 20:42:05,051 [WARN] DbFile:41 - Overriding database path with different value: /home/ebenezer/.stmcufinder/plugins/mcufinder/ => /home/ebenezer/.stmcufinder/plugins/mcufinder
2024-06-14 20:42:05,052 [INFO] CrossReferenceDbSqlite:203 - Set database path to: /home/ebenezer/.stmcufinder/plugins/mcufinder//mcu/cs/
2024-06-14 20:42:05,133 [INFO] MainPanel:262 - HeapMemory: 268435456
2024-06-14 20:42:05,250 [INFO] DbMcusXml:78 - Set database path to: /opt/st/stm32cubeide_1.13.2/plugins/com.st.stm32cube.common.mx_6.9.2.202309101412//db//mcu/
2024-06-14 20:42:05,250 [INFO] ApiDb:274 - Set plugin database path to: /opt/st/stm32cubeide_1.13.2/plugins/com.st.stm32cube.common.mx_6.9.2.202309101412//db//plugins/boardmanager/
2024-06-14 20:42:05,250 [INFO] ApiDb:261 - Set plugin images path to: /opt/st/stm32cubeide_1.13.2/plugins/com.st.stm32cube.common.mx_6.9.2.202309101412//db//plugins/mcufinder/images/
2024-06-14 20:42:05,251 [WARN] DbFile:41 - Overriding database path with different value: /home/ebenezer/.stmcufinder/plugins/mcufinder/ => /home/ebenezer/.stmcufinder/plugins/mcufinder
2024-06-14 20:42:05,251 [INFO] ApiDb:250 - Set database path to: /home/ebenezer/.stmcufinder/plugins/mcufinder//mcu/
2024-06-14 20:42:05,251 [WARN] DbFile:41 - Overriding database path with different value: /home/ebenezer/.stmcufinder/plugins/mcufinder/ => /home/ebenezer/.stmcufinder/plugins/mcufinder
2024-06-14 20:42:05,251 [INFO] DbMcusAds:125 - Set database path to: /home/ebenezer/.stmcufinder/plugins/mcufinder//mcu/
2024-06-14 20:42:05,251 [WARN] DbFile:41 - Overriding database path with different value: /home/ebenezer/.stmcufinder/plugins/mcufinder/ => /home/ebenezer/.stmcufinder/plugins/mcufinder
2024-06-14 20:42:05,251 [WARN] DbFile:41 - Overriding database path with different value: /home/ebenezer/.stmcufinder/plugins/mcufinder/ => /home/ebenezer/.stmcufinder/plugins/mcufinder
2024-06-14 20:42:05,251 [INFO] CrossReferenceDbSqlite:203 - Set database path to: /home/ebenezer/.stmcufinder/plugins/mcufinder//mcu/cs/
2024-06-14 20:42:05,270 [INFO] ApplicationProperties:184 - Using Application install path: /opt/st/stm32cubeide_1.13.2/plugins/com.st.stm32cube.common.mx_6.9.2.202309101412
2024-06-14 20:42:05,272 [INFO] PluginManage:196 - Search for loadable plugins [exclusion list=, ]
2024-06-14 20:42:05,274 [INFO] PluginManage:310 - Check plugin analytics
2024-06-14 20:42:05,416 [INFO] AnalyticsPlugin:253 - Accepted Software Licenses: 
2024-06-14 20:42:05,417 [INFO] AnalyticsPlugin:255 - Accepted CMSIS Pack Licenses: 
2024-06-14 20:42:05,417 [INFO] AnalyticsPlugin:257 - Accepted Firmware Licenses: FW.G0.1.6.0,FW.F4.1.27.0
2024-06-14 20:42:05,420 [INFO] PluginManage:359 - Loaded plugin analytics (category:tool,tabindex:-1)
2024-06-14 20:42:05,420 [INFO] PluginManage:310 - Check plugin cadmodel
2024-06-14 20:42:05,444 [INFO] CADModel:105 - Init CAD model plugin
2024-06-14 20:42:05,444 [INFO] PluginManage:359 - Loaded plugin cadmodel (category:power,tabindex:5)
2024-06-14 20:42:05,444 [INFO] PluginManage:310 - Check plugin clock
2024-06-14 20:42:05,453 [INFO] PluginManage:359 - Loaded plugin clock (category:base,tabindex:2)
2024-06-14 20:42:05,453 [INFO] PluginManage:310 - Check plugin ddr
2024-06-14 20:42:05,455 [INFO] PluginManage:359 - Loaded plugin ddr (category:tool,tabindex:6)
2024-06-14 20:42:05,455 [INFO] PluginManage:310 - Check plugin filemanager
2024-06-14 20:42:05,556 [INFO] PluginManage:359 - Loaded plugin filemanager (category:base,tabindex:10)
2024-06-14 20:42:05,557 [INFO] PluginManage:310 - Check plugin ipmanager
2024-06-14 20:42:05,561 [INFO] PluginManage:359 - Loaded plugin ipmanager (category:base,tabindex:5)
2024-06-14 20:42:05,561 [INFO] PluginManage:310 - Check plugin lpbam
2024-06-14 20:42:05,571 [INFO] PluginManage:359 - Loaded plugin lpbam (category:base,tabindex:0)
2024-06-14 20:42:05,572 [INFO] PluginManage:310 - Check plugin memorymap
2024-06-14 20:42:05,582 [INFO] PluginManage:359 - Loaded plugin memorymap (category:base,tabindex:4)
2024-06-14 20:42:05,582 [INFO] PluginManage:310 - Check plugin pinoutandconfiguration
2024-06-14 20:42:05,589 [INFO] PluginManage:359 - Loaded plugin pinoutandconfiguration (category:base,tabindex:1)
2024-06-14 20:42:05,589 [INFO] PluginManage:310 - Check plugin pinoutconfig
2024-06-14 20:42:05,660 [WARN] SupportedApi:132 - Cannot load RTOS API schema: s4s-elt-must-match.1: The content of 'definitions' must match (annotation?, (simpleType | complexType)?, (unique | key | keyref)*)). A problem was found starting at: attribute.
2024-06-14 20:42:05,789 [INFO] PluginManage:359 - Loaded plugin pinoutconfig (category:base,tabindex:0)
2024-06-14 20:42:05,789 [INFO] PluginManage:310 - Check plugin power
2024-06-14 20:42:05,799 [INFO] PluginManage:359 - Loaded plugin power (category:power,tabindex:4)
2024-06-14 20:42:05,799 [INFO] PluginManage:310 - Check plugin projectmanager
2024-06-14 20:42:05,812 [INFO] PluginManage:359 - Loaded plugin projectmanager (category:projectmanager,tabindex:3)
2024-06-14 20:42:05,812 [INFO] PluginManage:310 - Check plugin thirdparty
2024-06-14 20:42:05,928 [INFO] PluginManage:359 - Loaded plugin thirdparty (category:base,tabindex:-1)
2024-06-14 20:42:05,928 [WARN] IntegrityCheckThread:84 - waiting for thirdparty lock release [integrity check]
2024-06-14 20:42:05,928 [INFO] IntegrityCheckThread:86 - entering critical section [integrity check]
2024-06-14 20:42:05,928 [INFO] PluginManage:310 - Check plugin tools
2024-06-14 20:42:05,928 [INFO] ThirdPartyUpdaterWithRetryManager:70 - Updater plugin not ready yet. [1/15]
2024-06-14 20:42:05,930 [INFO] PluginManage:359 - Loaded plugin tools (category:base,tabindex:7)
2024-06-14 20:42:05,930 [INFO] PluginManage:310 - Check plugin tutovideos
2024-06-14 20:42:06,060 [INFO] PluginManage:359 - Loaded plugin tutovideos (category:base,tabindex:-1)
2024-06-14 20:42:06,060 [INFO] PluginManage:310 - Check plugin updater
2024-06-14 20:42:06,070 [INFO] PluginManage:359 - Loaded plugin updater (category:base,tabindex:12)
2024-06-14 20:42:06,070 [INFO] PluginManage:310 - Check plugin userauth
2024-06-14 20:42:06,075 [INFO] UserAuth:113 - Init User Auth plugin
2024-06-14 20:42:06,075 [INFO] PluginManage:359 - Loaded plugin userauth (category:base,tabindex:14)
2024-06-14 20:42:06,076 [INFO] PluginManage:283 - PluginManage : Loaded plugins [17]
2024-06-14 20:42:06,221 [INFO] PinOutPanel:1499 - setPackage(No Configuration,No Configuration)
2024-06-14 20:42:06,290 [INFO] CADModel:165 - CPN selected for project level
2024-06-14 20:42:06,290 [INFO] CADModel:114 - Register for checkConnection events
2024-06-14 20:42:06,300 [INFO] IPUIPlugin:80 - create IPUIPlugin
2024-06-14 20:42:06,301 [INFO] PluginManager:220 - loadIPPluginJar : add touchsensing
2024-06-14 20:42:06,307 [INFO] IPUIPlugin:80 - create IPUIPlugin
2024-06-14 20:42:06,307 [INFO] PluginManager:220 - loadIPPluginJar : add adc
2024-06-14 20:42:06,308 [INFO] IPUIPlugin:80 - create IPUIPlugin
2024-06-14 20:42:06,308 [INFO] PluginManager:220 - loadIPPluginJar : add fatfs
2024-06-14 20:42:06,311 [INFO] IPUIPlugin:80 - create IPUIPlugin
2024-06-14 20:42:06,311 [INFO] PluginManager:220 - loadIPPluginJar : add ipddr
2024-06-14 20:42:06,314 [INFO] IPUIPlugin:80 - create IPUIPlugin
2024-06-14 20:42:06,314 [INFO] PluginManager:220 - loadIPPluginJar : add openamp
2024-06-14 20:42:06,316 [INFO] IPUIPlugin:80 - create IPUIPlugin
2024-06-14 20:42:06,317 [INFO] PluginManager:220 - loadIPPluginJar : add i3c
2024-06-14 20:42:06,318 [INFO] IPUIPlugin:80 - create IPUIPlugin
2024-06-14 20:42:06,319 [INFO] PluginManager:220 - loadIPPluginJar : add cryp
2024-06-14 20:42:06,322 [INFO] IPUIPlugin:80 - create IPUIPlugin
2024-06-14 20:42:06,322 [INFO] PluginManager:220 - loadIPPluginJar : add fmc
2024-06-14 20:42:06,324 [INFO] IPUIPlugin:80 - create IPUIPlugin
2024-06-14 20:42:06,324 [INFO] PluginManager:220 - loadIPPluginJar : add tsc
2024-06-14 20:42:06,325 [INFO] IPUIPlugin:80 - create IPUIPlugin
2024-06-14 20:42:06,325 [INFO] PluginManager:220 - loadIPPluginJar : add ltdc
2024-06-14 20:42:06,329 [INFO] IPUIPlugin:80 - create IPUIPlugin
2024-06-14 20:42:06,329 [INFO] PluginManager:220 - loadIPPluginJar : add nvic
2024-06-14 20:42:06,332 [INFO] IPUIPlugin:80 - create IPUIPlugin
2024-06-14 20:42:06,332 [INFO] PluginManager:220 - loadIPPluginJar : add dma3
2024-06-14 20:42:06,333 [INFO] IPUIPlugin:80 - create IPUIPlugin
2024-06-14 20:42:06,333 [INFO] PluginManager:220 - loadIPPluginJar : add ucpd
2024-06-14 20:42:06,338 [INFO] IPUIPlugin:80 - create IPUIPlugin
2024-06-14 20:42:06,339 [INFO] PluginManager:220 - loadIPPluginJar : add freertos
2024-06-14 20:42:06,341 [INFO] IPUIPlugin:80 - create IPUIPlugin
2024-06-14 20:42:06,341 [INFO] PluginManager:220 - loadIPPluginJar : add dfsdm
2024-06-14 20:42:06,342 [INFO] IPUIPlugin:80 - create IPUIPlugin
2024-06-14 20:42:06,342 [INFO] PluginManager:220 - loadIPPluginJar : add aes
2024-06-14 20:42:06,347 [INFO] IPUIPlugin:80 - create IPUIPlugin
2024-06-14 20:42:06,347 [INFO] PluginManager:220 - loadIPPluginJar : add linkedlist
2024-06-14 20:42:06,351 [INFO] IPUIPlugin:80 - create IPUIPlugin
2024-06-14 20:42:06,351 [INFO] PluginManager:220 - loadIPPluginJar : add gic
2024-06-14 20:42:06,352 [INFO] IPUIPlugin:80 - create IPUIPlugin
2024-06-14 20:42:06,352 [INFO] PluginManager:220 - loadIPPluginJar : add genericplugin
2024-06-14 20:42:06,355 [INFO] IPUIPlugin:80 - create IPUIPlugin
2024-06-14 20:42:06,355 [INFO] PluginManager:220 - loadIPPluginJar : add resmgrutility
2024-06-14 20:42:06,357 [INFO] IPUIPlugin:80 - create IPUIPlugin
2024-06-14 20:42:06,357 [INFO] PluginManager:220 - loadIPPluginJar : add gfxmmu
2024-06-14 20:42:06,358 [INFO] IPUIPlugin:80 - create IPUIPlugin
2024-06-14 20:42:06,358 [INFO] PluginManager:220 - loadIPPluginJar : add comp
2024-06-14 20:42:06,360 [INFO] IPUIPlugin:80 - create IPUIPlugin
2024-06-14 20:42:06,360 [INFO] PluginManager:220 - loadIPPluginJar : add i2s
2024-06-14 20:42:06,361 [INFO] IPUIPlugin:80 - create IPUIPlugin
2024-06-14 20:42:06,362 [INFO] PluginManager:220 - loadIPPluginJar : add ts
2024-06-14 20:42:06,364 [INFO] IPUIPlugin:80 - create IPUIPlugin
2024-06-14 20:42:06,364 [INFO] PluginManager:220 - loadIPPluginJar : add pdm2pcm
2024-06-14 20:42:06,367 [INFO] IPUIPlugin:80 - create IPUIPlugin
2024-06-14 20:42:06,367 [INFO] PluginManager:220 - loadIPPluginJar : add gtzc
2024-06-14 20:42:06,369 [INFO] IPUIPlugin:80 - create IPUIPlugin
2024-06-14 20:42:06,369 [INFO] PluginManager:220 - loadIPPluginJar : add can
2024-06-14 20:42:06,370 [INFO] IPUIPlugin:80 - create IPUIPlugin
2024-06-14 20:42:06,370 [INFO] PluginManager:220 - loadIPPluginJar : add tracer_emb
2024-06-14 20:42:06,372 [INFO] IPUIPlugin:80 - create IPUIPlugin
2024-06-14 20:42:06,372 [INFO] PluginManager:220 - loadIPPluginJar : add usart
2024-06-14 20:42:06,376 [INFO] IPUIPlugin:80 - create IPUIPlugin
2024-06-14 20:42:06,376 [INFO] PluginManager:220 - loadIPPluginJar : add gpio
2024-06-14 20:42:06,378 [INFO] IPUIPlugin:80 - create IPUIPlugin
2024-06-14 20:42:06,378 [INFO] PluginManager:220 - loadIPPluginJar : add spi
2024-06-14 20:42:06,383 [INFO] IPUIPlugin:80 - create IPUIPlugin
2024-06-14 20:42:06,385 [INFO] PluginManager:220 - loadIPPluginJar : add plateformsettings
2024-06-14 20:42:06,386 [INFO] IPUIPlugin:80 - create IPUIPlugin
2024-06-14 20:42:06,386 [INFO] PluginManager:220 - loadIPPluginJar : add tim
2024-06-14 20:42:06,389 [INFO] IPUIPlugin:80 - create IPUIPlugin
2024-06-14 20:42:06,389 [INFO] PluginManager:220 - loadIPPluginJar : add stm32_wpan
2024-06-14 20:42:06,390 [INFO] IPUIPlugin:80 - create IPUIPlugin
2024-06-14 20:42:06,391 [INFO] PluginManager:220 - loadIPPluginJar : add opamp
2024-06-14 20:42:06,392 [INFO] IPUIPlugin:80 - create IPUIPlugin
2024-06-14 20:42:06,392 [INFO] PluginManager:220 - loadIPPluginJar : add i2c
2024-06-14 20:42:06,402 [INFO] IPUIPlugin:80 - create IPUIPlugin
2024-06-14 20:42:06,403 [INFO] PluginManager:220 - loadIPPluginJar : add mdma
2024-06-14 20:42:06,405 [INFO] IPUIPlugin:80 - create IPUIPlugin
2024-06-14 20:42:06,406 [INFO] PluginManager:220 - loadIPPluginJar : add usbx
2024-06-14 20:42:06,407 [INFO] IPUIPlugin:80 - create IPUIPlugin
2024-06-14 20:42:06,408 [INFO] PluginManager:220 - loadIPPluginJar : add lorawan
2024-06-14 20:42:06,412 [INFO] IPUIPlugin:80 - create IPUIPlugin
2024-06-14 20:42:06,412 [INFO] PluginManager:220 - loadIPPluginJar : add dma
2024-06-14 20:42:06,414 [INFO] IPUIPlugin:80 - create IPUIPlugin
2024-06-14 20:42:06,414 [INFO] PluginManager:220 - loadIPPluginJar : add hash
2024-06-14 20:42:06,415 [INFO] IPUIPlugin:80 - create IPUIPlugin
2024-06-14 20:42:06,415 [INFO] PluginManager:220 - loadIPPluginJar : add quadspi
2024-06-14 20:42:06,417 [INFO] IPUIPlugin:80 - create IPUIPlugin
2024-06-14 20:42:06,417 [INFO] PluginManager:220 - loadIPPluginJar : add sai
2024-06-14 20:42:06,522 [INFO] CADModel:165 - CPN selected for project level
2024-06-14 20:42:06,522 [INFO] CADModel:114 - Register for checkConnection events
2024-06-14 20:42:06,522 [FATAL] Updater:308 - Updater called before beeing initialized
2024-06-14 20:42:06,523 [ERROR] CADModel:125 - Updater not yet initialized, retry later 
2024-06-14 20:42:06,666 [INFO] CADModel:165 - CPN selected for project level
2024-06-14 20:42:06,666 [INFO] CADModel:114 - Register for checkConnection events
2024-06-14 20:42:06,666 [FATAL] Updater:308 - Updater called before beeing initialized
2024-06-14 20:42:06,666 [ERROR] CADModel:125 - Updater not yet initialized, retry later 
2024-06-14 20:42:06,671 [FATAL] Updater:308 - Updater called before beeing initialized
2024-06-14 20:42:06,767 [FATAL] Updater:308 - Updater called before beeing initialized
2024-06-14 20:42:06,774 [INFO] DbMcusAds:53 - JSON generation date=Thu May 16 05:22:01 EDT 2024 (1715851321456)
2024-06-14 20:42:06,775 [FATAL] Updater:308 - Updater called before beeing initialized
2024-06-14 20:42:06,817 [WARN] DetailPanel:346 - Failed to get advertising image, set to default
2024-06-14 20:42:06,916 [FATAL] Updater:308 - Updater called before beeing initialized
2024-06-14 20:42:06,919 [FATAL] Updater:308 - Updater called before beeing initialized
2024-06-14 20:42:06,919 [FATAL] Updater:308 - Updater called before beeing initialized
2024-06-14 20:42:06,919 [WARN] DetailPanel:346 - Failed to get advertising image, set to default
2024-06-14 20:42:06,922 [FATAL] Updater:308 - Updater called before beeing initialized
2024-06-14 20:42:06,962 [ERROR] Updater:1120 - MainUpdater not yet initialized. External WinMGr cannot be set.
2024-06-14 20:42:06,964 [INFO] Updater:1056 - Updater Version found : 6.9.2
2024-06-14 20:42:06,984 [INFO] ApplicationProperties:184 - Using Application install path: /opt/st/stm32cubeide_1.13.2/plugins/com.st.stm32cube.common.mx_6.9.2.202309101412
2024-06-14 20:42:07,184 [INFO] MainUpdater:2868 - connection check result : 10
2024-06-14 20:42:07,184 [INFO] MainUpdater:3562 - Updater definition file requires update
2024-06-14 20:42:07,185 [INFO] MainUpdater:285 - Updater Check For Update Now.
2024-06-14 20:42:07,185 [INFO] MicroXplorer:498 - Change Database Version : DB.6.0.92
2024-06-14 20:42:07,190 [INFO] McuFinderGlobals:63 - Set McuFinder mode to 2 (CubeIDE integrated)
2024-06-14 20:42:07,272 [INFO] ServerAccessManage:473 - Download File updaters.zip
2024-06-14 20:42:07,398 [INFO] FileExtend:240 - Unzip File : updaters.zip
2024-06-14 20:42:07,398 [INFO] FileExtend:255 - Standard Zip Deflate
2024-06-14 20:42:07,556 [INFO] ServerAccessManage:473 - Download File PacksControlFlags.xml
2024-06-14 20:42:07,652 [INFO] ServerAccessManage:473 - Download File cubemx.pidx
2024-06-14 20:42:07,745 [INFO] LoadServerUpdatesThread:373 - End of LoadServerUpdate Thread
2024-06-14 20:42:07,898 [INFO] CheckServerUpdateThread:120 - End of CheckServer Thread
2024-06-14 20:42:09,018 [WARN] PackLoader:240 - Cannot read IP mode file for STMicroelectronics.FP-SNS-MOTENVWB1.1.4.0
2024-06-14 20:42:09,026 [WARN] PackLoader:240 - Cannot read IP mode file for STMicroelectronics.X-CUBE-SMBUS.2.1.0
2024-06-14 20:42:09,030 [WARN] PackLoader:240 - Cannot read IP mode file for STMicroelectronics.X-CUBE-TOUCHGFX.4.23.0
2024-06-14 20:42:09,032 [WARN] PackLoader:240 - Cannot read IP mode file for STMicroelectronics.X-CUBE-TOUCHGFX.4.23.2
2024-06-14 20:42:09,062 [WARN] PackLoader:240 - Cannot read IP mode file for STMicroelectronics.X-CUBE-AZRTOS-F7.1.1.0
2024-06-14 20:42:09,073 [WARN] PackLoader:240 - Cannot read IP mode file for STMicroelectronics.FP-SNS-MOTENV1.4.3.2
2024-06-14 20:42:09,079 [WARN] PackLoader:240 - Cannot read IP mode file for STMicroelectronics.FP-SNS-FLIGHT1.5.0.2
2024-06-14 20:42:09,087 [WARN] PackLoader:240 - Cannot read IP mode file for STMicroelectronics.X-CUBE-DISPLAY.3.0.0
2024-06-14 20:42:09,099 [WARN] PackLoader:240 - Cannot read IP mode file for STMicroelectronics.X-CUBE-BLE1.7.0.0
2024-06-14 20:42:09,105 [WARN] PackLoader:240 - Cannot read IP mode file for emotas.I-CUBE-CANOPEN.1.3.0
2024-06-14 20:42:09,107 [WARN] PackLoader:240 - Cannot read IP mode file for STMicroelectronics.X-CUBE-TOUCHGFX.4.22.0
2024-06-14 20:42:09,110 [WARN] PackLoader:240 - Cannot read IP mode file for STMicroelectronics.X-CUBE-TOUCHGFX.4.22.1
2024-06-14 20:42:09,121 [WARN] PackLoader:240 - Cannot read IP mode file for STMicroelectronics.X-CUBE-BLEMGR.3.1.0
2024-06-14 20:42:09,127 [WARN] PackLoader:240 - Cannot read IP mode file for STMicroelectronics.FP-SNS-SMARTAG2.1.2.0
2024-06-14 20:42:09,137 [INFO] LogOutputStream:77 - [STDOUT_REDIRECT] 1 : Invalid condition id : UX_CORESTACK_Condition cause : null
2024-06-14 20:42:09,138 [INFO] LogOutputStream:77 - [STDOUT_REDIRECT] 1 : Invalid condition id : UX_CORESTACK_Condition cause : null
2024-06-14 20:42:09,138 [INFO] LogOutputStream:77 - [STDOUT_REDIRECT] 1 : Invalid condition id : UX_CORESTACK_Condition cause : null
2024-06-14 20:42:09,138 [INFO] LogOutputStream:77 - [STDOUT_REDIRECT] 1 : Invalid condition id : UX_CORESTACK_Condition cause : null
2024-06-14 20:42:09,138 [INFO] LogOutputStream:77 - [STDOUT_REDIRECT] 1 : Invalid condition id : UX_CORESTACK_Condition cause : null
2024-06-14 20:42:09,142 [WARN] PackLoader:240 - Cannot read IP mode file for STMicroelectronics.X-CUBE-AZRTOS-WL.2.0.0
2024-06-14 20:42:09,147 [WARN] PackLoader:240 - Cannot read IP mode file for STMicroelectronics.FP-SNS-MOTENV1.5.0.0
2024-06-14 20:42:09,151 [WARN] PackLoader:240 - Cannot read IP mode file for wolfSSL.I-CUBE-wolfMQTT.1.19.0
2024-06-14 20:42:09,158 [WARN] PackLoader:240 - Cannot read IP mode file for WES.I-CUBE-Cesium.1.3.0
2024-06-14 20:42:09,162 [WARN] PackLoader:240 - Cannot read IP mode file for STMicroelectronics.X-CUBE-BLE2.3.3.0
2024-06-14 20:42:09,166 [WARN] PackLoader:240 - Cannot read IP mode file for STMicroelectronics.X-CUBE-TCPP.4.1.0
2024-06-14 20:42:09,177 [WARN] PackLoader:240 - Cannot read IP mode file for STMicroelectronics.X-CUBE-ALGOBUILD.1.3.0
2024-06-14 20:42:09,201 [WARN] PackLoader:240 - Cannot read IP mode file for STMicroelectronics.X-CUBE-AZRTOS-G0.1.1.0
2024-06-14 20:42:09,212 [WARN] PackLoader:240 - Cannot read IP mode file for STMicroelectronics.X-CUBE-SAFEA1.1.2.2
2024-06-14 20:42:09,221 [WARN] PackLoader:240 - Cannot read IP mode file for STMicroelectronics.X-CUBE-NFC4.3.0.0
2024-06-14 20:42:09,234 [WARN] PackLoader:240 - Cannot read IP mode file for STMicroelectronics.X-CUBE-BLEMGR.3.0.0
2024-06-14 20:42:09,241 [WARN] PackLoader:240 - Cannot read IP mode file for STMicroelectronics.FP-ATR-SIGFOX1.3.2.0
2024-06-14 20:42:09,250 [WARN] PackLoader:240 - Cannot read IP mode file for STMicroelectronics.X-CUBE-EEPRMA1.5.1.0
2024-06-14 20:42:09,300 [WARN] PackLoader:240 - Cannot read IP mode file for SEGGER.I-CUBE-embOS.1.3.1
2024-06-14 20:42:09,351 [WARN] PackLoader:240 - Cannot read IP mode file for STMicroelectronics.X-CUBE-ALGOBUILD.1.4.0
2024-06-14 20:42:09,355 [WARN] PackLoader:240 - Cannot read IP mode file for STMicroelectronics.X-CUBE-GNSS1.6.0.0
2024-06-14 20:42:09,370 [WARN] PackLoader:240 - Cannot read IP mode file for STMicroelectronics.X-CUBE-AZRTOS-F4.1.1.0
2024-06-14 20:42:09,375 [WARN] PackLoader:240 - Cannot read IP mode file for wolfSSL.I-CUBE-wolfSSL.5.6.3
2024-06-14 20:42:09,379 [WARN] PackLoader:240 - Cannot read IP mode file for STMicroelectronics.X-CUBE-FREERTOS.1.2.0
2024-06-14 20:42:09,394 [WARN] PackLoader:240 - Cannot read IP mode file for STMicroelectronics.X-CUBE-AZRTOS-L5.2.0.0
2024-06-14 20:42:09,438 [WARN] PackLoader:240 - Cannot read IP mode file for STMicroelectronics.X-CUBE-MEMS1.9.6.0
2024-06-14 20:42:09,596 [WARN] PackLoader:240 - Cannot read IP mode file for STMicroelectronics.X-CUBE-EEPRMA1.4.2.0
2024-06-14 20:42:09,602 [WARN] PackLoader:240 - Cannot read IP mode file for STMicroelectronics.X-CUBE-NFC6.3.1.0
2024-06-14 20:42:09,608 [WARN] PackLoader:240 - Cannot read IP mode file for ITTIA_DB.I-CUBE-ITTIADB.8.8.0
2024-06-14 20:42:09,613 [WARN] PackLoader:240 - Cannot read IP mode file for STMicroelectronics.X-CUBE-BLEMGR.2.0.0
2024-06-14 20:42:09,618 [WARN] PackLoader:240 - Cannot read IP mode file for STMicroelectronics.X-CUBE-AI.9.0.0
2024-06-14 20:42:09,631 [WARN] ConditionMgr:438 - getConditionDescription Invalid condition id : UX DEVICE CLASS RTOS Condition cause : null
2024-06-14 20:42:09,632 [WARN] ConditionMgr:438 - getConditionDescription Invalid condition id : UX DEVICE CLASS RTOS Condition cause : null
2024-06-14 20:42:09,635 [WARN] PackLoader:240 - Cannot read IP mode file for STMicroelectronics.X-CUBE-AZRTOS-H7.3.1.0
2024-06-14 20:42:09,637 [WARN] ConditionMgr:1039 - genDependencies : Invalid condition id : UX DEVICE CLASS RTOS Condition cause : null
2024-06-14 20:42:09,637 [WARN] ConditionMgr:1039 - genDependencies : Invalid condition id : UX DEVICE CLASS RTOS Condition cause : null
2024-06-14 20:42:09,638 [WARN] ConditionMgr:1039 - genDependencies : Invalid condition id : UX DEVICE CLASS RTOS Condition cause : null
2024-06-14 20:42:09,639 [WARN] ConditionMgr:1039 - genDependencies : Invalid condition id : UX DEVICE CLASS RTOS Condition cause : null
2024-06-14 20:42:09,639 [WARN] ConditionMgr:1039 - genDependencies : Invalid condition id : UX DEVICE CLASS RTOS Condition cause : null
2024-06-14 20:42:09,644 [WARN] PackLoader:240 - Cannot read IP mode file for STMicroelectronics.X-CUBE-NFC7.1.0.1
2024-06-14 20:42:09,651 [WARN] PackLoader:240 - Cannot read IP mode file for STMicroelectronics.X-CUBE-NFC6.3.0.0
2024-06-14 20:42:09,657 [WARN] PackLoader:240 - Cannot read IP mode file for STMicroelectronics.X-CUBE-EEPRMA1.4.1.0
2024-06-14 20:42:09,661 [WARN] PackLoader:240 - Cannot read IP mode file for STMicroelectronics.X-CUBE-AI.8.1.0
2024-06-14 20:42:09,678 [WARN] ConditionMgr:438 - getConditionDescription Invalid condition id : LAN8742 Phy interface Condition cause : null
2024-06-14 20:42:09,678 [WARN] PackLoader:240 - Cannot read IP mode file for STMicroelectronics.X-CUBE-AZRTOS-L4.2.0.0
2024-06-14 20:42:09,680 [WARN] ConditionMgr:1039 - genDependencies : Invalid condition id : LAN8742 Phy interface Condition cause : null
2024-06-14 20:42:09,680 [WARN] ConditionMgr:1039 - genDependencies : Invalid condition id : LAN8742 Phy interface Condition cause : null
2024-06-14 20:42:09,681 [WARN] ConditionMgr:1039 - genDependencies : Invalid condition id : LAN8742 Phy interface Condition cause : null
2024-06-14 20:42:09,688 [WARN] PackLoader:240 - Cannot read IP mode file for STMicroelectronics.X-CUBE-SFXS2LP1.4.0.0
2024-06-14 20:42:09,692 [WARN] PackLoader:240 - Cannot read IP mode file for STMicroelectronics.X-CUBE-ISPU.1.1.0
2024-06-14 20:42:09,703 [WARN] ConditionMgr:438 - getConditionDescription Invalid condition id : UX DEVICE CLASS RTOS Condition cause : null
2024-06-14 20:42:09,703 [WARN] ConditionMgr:438 - getConditionDescription Invalid condition id : UX DEVICE CLASS RTOS Condition cause : null
2024-06-14 20:42:09,705 [WARN] PackLoader:240 - Cannot read IP mode file for STMicroelectronics.X-CUBE-AZRTOS-WB.2.0.0
2024-06-14 20:42:09,706 [WARN] ConditionMgr:1039 - genDependencies : Invalid condition id : UX DEVICE CLASS RTOS Condition cause : null
2024-06-14 20:42:09,706 [WARN] ConditionMgr:1039 - genDependencies : Invalid condition id : UX DEVICE CLASS RTOS Condition cause : null
2024-06-14 20:42:09,707 [WARN] ConditionMgr:1039 - genDependencies : Invalid condition id : UX DEVICE CLASS RTOS Condition cause : null
2024-06-14 20:42:09,707 [WARN] ConditionMgr:1039 - genDependencies : Invalid condition id : UX DEVICE CLASS RTOS Condition cause : null
2024-06-14 20:42:09,707 [WARN] ConditionMgr:1039 - genDependencies : Invalid condition id : UX DEVICE CLASS RTOS Condition cause : null
2024-06-14 20:42:09,715 [WARN] PackLoader:240 - Cannot read IP mode file for STMicroelectronics.X-CUBE-SUBG2.5.0.0
2024-06-14 20:42:09,730 [WARN] PackLoader:240 - Cannot read IP mode file for STMicroelectronics.X-CUBE-TOF1.3.3.1
2024-06-14 20:42:09,749 [WARN] PackLoader:240 - Cannot read IP mode file for STMicroelectronics.X-CUBE-AZRTOS-G4.2.0.0
2024-06-14 20:42:09,758 [WARN] PackLoader:240 - Cannot read IP mode file for Infineon.AIROC-Wi-Fi-Bluetooth-STM32.1.5.1
2024-06-14 20:42:09,765 [WARN] PackLoader:240 - Cannot read IP mode file for STMicroelectronics.FP-SNS-MOTENVWB1.1.3.0
2024-06-14 20:42:09,769 [WARN] PackLoader:240 - Cannot read IP mode file for STMicroelectronics.FP-SNS-MOTENVWB1.1.3.1
2024-06-14 20:42:09,773 [WARN] PackLoader:240 - Cannot read IP mode file for STMicroelectronics.X-CUBE-ISPU.2.0.0
2024-06-14 20:42:09,779 [WARN] PackLoader:240 - Cannot read IP mode file for STMicroelectronics.X-CUBE-ALS.1.0.2
2024-06-14 20:42:09,840 [WARN] PackLoader:240 - Cannot read IP mode file for STMicroelectronics.X-CUBE-MEMS1.10.0.0
2024-06-14 20:42:09,940 [WARN] PackLoader:240 - Cannot read IP mode file for STMicroelectronics.X-CUBE-FREERTOS.1.1.0
2024-06-14 20:42:09,944 [WARN] PackLoader:240 - Cannot read IP mode file for portGmbH.I-Cube-SoM-uGOAL.1.1.0
2024-06-14 20:42:09,948 [WARN] PackLoader:240 - Cannot read IP mode file for STMicroelectronics.X-CUBE-ALS.1.0.1
2024-06-14 20:42:09,963 [WARN] PackLoader:240 - Cannot read IP mode file for STMicroelectronics.X-CUBE-AZRTOS-H7RS.1.0.0
2024-06-14 20:42:09,967 [WARN] PackLoader:240 - Cannot read IP mode file for STMicroelectronics.FP-ATR-ASTRA1.2.0.0
2024-06-14 20:42:09,976 [WARN] PackLoader:240 - Cannot read IP mode file for STMicroelectronics.X-CUBE-TOF1.3.4.0
2024-06-14 20:42:09,991 [WARN] PackLoader:240 - Cannot read IP mode file for STMicroelectronics.X-CUBE-TOF1.3.4.1
2024-06-14 20:42:10,015 [WARN] PackLoader:240 - Cannot read IP mode file for STMicroelectronics.X-CUBE-AZRTOS-H7.3.2.0
2024-06-14 20:42:10,018 [INFO] ThirdParty:978 - Integrity check success = true
2024-06-14 20:42:10,018 [INFO] IntegrityCheckThread:100 - exiting critical section [integrity check]
2024-06-14 20:42:10,018 [INFO] IntegrityCheckThread:103 - End integrity checks thread
2024-06-14 20:42:28,416 [ERROR] LogOutputStream:75 - [STDERR_REDIRECT] SLF4J: Failed to load class "org.slf4j.impl.StaticLoggerBinder".
2024-06-14 20:42:28,416 [ERROR] LogOutputStream:75 - [STDERR_REDIRECT] SLF4J: Defaulting to no-operation (NOP) logger implementation
2024-06-14 20:42:28,416 [ERROR] LogOutputStream:75 - [STDERR_REDIRECT] SLF4J: See http://www.slf4j.org/codes.html#StaticLoggerBinder for further details.
