2023-10-18 08:06:48,773 [INFO] Activator:176 - 


2023-10-18 08:06:48,780 [INFO] Activator:177 - !SESSION log4j initialized
2023-10-18 08:06:52,324 [INFO] LogOutputStream:77 - [STDOUT_REDIRECT] 
2023-10-18 08:06:53,142 [INFO] ApplicationProperties:184 - Using Application install path: /opt/st/stm32cubeide_1.13.2/plugins/com.st.stm32cube.common.mx_6.9.2.202309101412
2023-10-18 08:06:53,158 [INFO] DbMcusXml:78 - Set database path to: /opt/st/stm32cubeide_1.13.2/plugins/com.st.stm32cube.common.mx_6.9.2.202309101412//db//mcu/
2023-10-18 08:06:53,158 [INFO] ApiDb:274 - Set plugin database path to: /opt/st/stm32cubeide_1.13.2/plugins/com.st.stm32cube.common.mx_6.9.2.202309101412//db//plugins/boardmanager/
2023-10-18 08:06:53,158 [WARN] ApiDb:259 - Overriding images path with different value:  => /opt/st/stm32cubeide_1.13.2/plugins/com.st.stm32cube.common.mx_6.9.2.202309101412//db//plugins/mcufinder/images/
2023-10-18 08:06:53,169 [INFO] ApiDb:250 - Set database path to: /home/ebenezer/.stmcufinder/plugins/mcufinder//mcu/
2023-10-18 08:06:53,171 [INFO] DbMcusAds:125 - Set database path to: /home/ebenezer/.stmcufinder/plugins/mcufinder//mcu/
2023-10-18 08:06:53,173 [INFO] CrossReferenceDbSqlite:203 - Set database path to: /home/ebenezer/.stmcufinder/plugins/mcufinder//mcu/cs/
2023-10-18 08:06:53,320 [INFO] RulesReader:64 - Compatibility file has been processed (293 Rules)
2023-10-18 08:06:53,370 [INFO] DbMcusXml:78 - Set database path to: /opt/st/stm32cubeide_1.13.2/plugins/com.st.stm32cube.common.mx_6.9.2.202309101412//db//mcu/
2023-10-18 08:06:53,370 [INFO] ApiDb:274 - Set plugin database path to: /opt/st/stm32cubeide_1.13.2/plugins/com.st.stm32cube.common.mx_6.9.2.202309101412//db//plugins/boardmanager/
2023-10-18 08:06:53,370 [INFO] ApiDb:261 - Set plugin images path to: /opt/st/stm32cubeide_1.13.2/plugins/com.st.stm32cube.common.mx_6.9.2.202309101412//db//plugins/mcufinder/images/
2023-10-18 08:06:53,371 [WARN] DbFile:41 - Overriding database path with different value: /home/ebenezer/.stmcufinder/plugins/mcufinder/ => /home/ebenezer/.stmcufinder/plugins/mcufinder
2023-10-18 08:06:53,371 [INFO] ApiDb:250 - Set database path to: /home/ebenezer/.stmcufinder/plugins/mcufinder//mcu/
2023-10-18 08:06:53,371 [WARN] DbFile:41 - Overriding database path with different value: /home/ebenezer/.stmcufinder/plugins/mcufinder/ => /home/ebenezer/.stmcufinder/plugins/mcufinder
2023-10-18 08:06:53,371 [INFO] DbMcusAds:125 - Set database path to: /home/ebenezer/.stmcufinder/plugins/mcufinder//mcu/
2023-10-18 08:06:53,371 [WARN] DbFile:41 - Overriding database path with different value: /home/ebenezer/.stmcufinder/plugins/mcufinder/ => /home/ebenezer/.stmcufinder/plugins/mcufinder
2023-10-18 08:06:53,371 [WARN] DbFile:41 - Overriding database path with different value: /home/ebenezer/.stmcufinder/plugins/mcufinder/ => /home/ebenezer/.stmcufinder/plugins/mcufinder
2023-10-18 08:06:53,371 [INFO] CrossReferenceDbSqlite:203 - Set database path to: /home/ebenezer/.stmcufinder/plugins/mcufinder//mcu/cs/
2023-10-18 08:06:53,425 [INFO] MainPanel:262 - HeapMemory: 268435456
2023-10-18 08:06:53,488 [INFO] DbMcusXml:78 - Set database path to: /opt/st/stm32cubeide_1.13.2/plugins/com.st.stm32cube.common.mx_6.9.2.202309101412//db//mcu/
2023-10-18 08:06:53,488 [INFO] ApiDb:274 - Set plugin database path to: /opt/st/stm32cubeide_1.13.2/plugins/com.st.stm32cube.common.mx_6.9.2.202309101412//db//plugins/boardmanager/
2023-10-18 08:06:53,488 [INFO] ApiDb:261 - Set plugin images path to: /opt/st/stm32cubeide_1.13.2/plugins/com.st.stm32cube.common.mx_6.9.2.202309101412//db//plugins/mcufinder/images/
2023-10-18 08:06:53,488 [WARN] DbFile:41 - Overriding database path with different value: /home/ebenezer/.stmcufinder/plugins/mcufinder/ => /home/ebenezer/.stmcufinder/plugins/mcufinder
2023-10-18 08:06:53,488 [INFO] ApiDb:250 - Set database path to: /home/ebenezer/.stmcufinder/plugins/mcufinder//mcu/
2023-10-18 08:06:53,489 [WARN] DbFile:41 - Overriding database path with different value: /home/ebenezer/.stmcufinder/plugins/mcufinder/ => /home/ebenezer/.stmcufinder/plugins/mcufinder
2023-10-18 08:06:53,489 [INFO] DbMcusAds:125 - Set database path to: /home/ebenezer/.stmcufinder/plugins/mcufinder//mcu/
2023-10-18 08:06:53,489 [WARN] DbFile:41 - Overriding database path with different value: /home/ebenezer/.stmcufinder/plugins/mcufinder/ => /home/ebenezer/.stmcufinder/plugins/mcufinder
2023-10-18 08:06:53,489 [WARN] DbFile:41 - Overriding database path with different value: /home/ebenezer/.stmcufinder/plugins/mcufinder/ => /home/ebenezer/.stmcufinder/plugins/mcufinder
2023-10-18 08:06:53,489 [INFO] CrossReferenceDbSqlite:203 - Set database path to: /home/ebenezer/.stmcufinder/plugins/mcufinder//mcu/cs/
2023-10-18 08:06:53,501 [INFO] ApplicationProperties:184 - Using Application install path: /opt/st/stm32cubeide_1.13.2/plugins/com.st.stm32cube.common.mx_6.9.2.202309101412
2023-10-18 08:06:53,502 [INFO] PluginManage:196 - Search for loadable plugins [exclusion list=, ]
2023-10-18 08:06:53,503 [INFO] PluginManage:310 - Check plugin analytics
2023-10-18 08:06:53,617 [INFO] AnalyticsPlugin:253 - Accepted Software Licenses: 
2023-10-18 08:06:53,617 [INFO] AnalyticsPlugin:255 - Accepted CMSIS Pack Licenses: 
2023-10-18 08:06:53,617 [INFO] AnalyticsPlugin:257 - Accepted Firmware Licenses: FW.G0.1.6.0
2023-10-18 08:06:53,620 [INFO] PluginManage:359 - Loaded plugin analytics (category:tool,tabindex:-1)
2023-10-18 08:06:53,621 [INFO] PluginManage:310 - Check plugin cadmodel
2023-10-18 08:06:53,638 [INFO] CADModel:105 - Init CAD model plugin
2023-10-18 08:06:53,638 [INFO] PluginManage:359 - Loaded plugin cadmodel (category:power,tabindex:5)
2023-10-18 08:06:53,638 [INFO] PluginManage:310 - Check plugin clock
2023-10-18 08:06:53,644 [INFO] PluginManage:359 - Loaded plugin clock (category:base,tabindex:2)
2023-10-18 08:06:53,644 [INFO] PluginManage:310 - Check plugin ddr
2023-10-18 08:06:53,645 [INFO] PluginManage:359 - Loaded plugin ddr (category:tool,tabindex:6)
2023-10-18 08:06:53,646 [INFO] PluginManage:310 - Check plugin filemanager
2023-10-18 08:06:53,730 [INFO] PluginManage:359 - Loaded plugin filemanager (category:base,tabindex:10)
2023-10-18 08:06:53,730 [INFO] PluginManage:310 - Check plugin ipmanager
2023-10-18 08:06:53,735 [INFO] PluginManage:359 - Loaded plugin ipmanager (category:base,tabindex:5)
2023-10-18 08:06:53,735 [INFO] PluginManage:310 - Check plugin lpbam
2023-10-18 08:06:53,741 [INFO] PluginManage:359 - Loaded plugin lpbam (category:base,tabindex:0)
2023-10-18 08:06:53,741 [INFO] PluginManage:310 - Check plugin memorymap
2023-10-18 08:06:53,748 [INFO] PluginManage:359 - Loaded plugin memorymap (category:base,tabindex:4)
2023-10-18 08:06:53,748 [INFO] PluginManage:310 - Check plugin pinoutandconfiguration
2023-10-18 08:06:53,753 [INFO] PluginManage:359 - Loaded plugin pinoutandconfiguration (category:base,tabindex:1)
2023-10-18 08:06:53,753 [INFO] PluginManage:310 - Check plugin pinoutconfig
2023-10-18 08:06:53,811 [WARN] SupportedApi:132 - Cannot load RTOS API schema: s4s-elt-must-match.1: The content of 'definitions' must match (annotation?, (simpleType | complexType)?, (unique | key | keyref)*)). A problem was found starting at: attribute.
2023-10-18 08:06:53,899 [INFO] PluginManage:359 - Loaded plugin pinoutconfig (category:base,tabindex:0)
2023-10-18 08:06:53,899 [INFO] PluginManage:310 - Check plugin power
2023-10-18 08:06:53,905 [INFO] PluginManage:359 - Loaded plugin power (category:power,tabindex:4)
2023-10-18 08:06:53,905 [INFO] PluginManage:310 - Check plugin projectmanager
2023-10-18 08:06:53,915 [INFO] PluginManage:359 - Loaded plugin projectmanager (category:projectmanager,tabindex:3)
2023-10-18 08:06:53,915 [INFO] PluginManage:310 - Check plugin thirdparty
2023-10-18 08:06:53,994 [INFO] PluginManage:359 - Loaded plugin thirdparty (category:base,tabindex:-1)
2023-10-18 08:06:53,994 [WARN] IntegrityCheckThread:84 - waiting for thirdparty lock release [integrity check]
2023-10-18 08:06:53,994 [INFO] PluginManage:310 - Check plugin tools
2023-10-18 08:06:53,994 [INFO] IntegrityCheckThread:86 - entering critical section [integrity check]
2023-10-18 08:06:53,994 [INFO] ThirdPartyUpdaterWithRetryManager:70 - Updater plugin not ready yet. [1/15]
2023-10-18 08:06:53,996 [INFO] PluginManage:359 - Loaded plugin tools (category:base,tabindex:7)
2023-10-18 08:06:53,996 [INFO] PluginManage:310 - Check plugin tutovideos
2023-10-18 08:06:54,117 [INFO] PluginManage:359 - Loaded plugin tutovideos (category:base,tabindex:-1)
2023-10-18 08:06:54,117 [INFO] PluginManage:310 - Check plugin updater
2023-10-18 08:06:54,125 [INFO] PluginManage:359 - Loaded plugin updater (category:base,tabindex:12)
2023-10-18 08:06:54,125 [INFO] PluginManage:310 - Check plugin userauth
2023-10-18 08:06:54,128 [INFO] UserAuth:113 - Init User Auth plugin
2023-10-18 08:06:54,129 [INFO] PluginManage:359 - Loaded plugin userauth (category:base,tabindex:14)
2023-10-18 08:06:54,129 [INFO] PluginManage:283 - PluginManage : Loaded plugins [17]
2023-10-18 08:06:54,251 [INFO] PinOutPanel:1499 - setPackage(No Configuration,No Configuration)
2023-10-18 08:06:54,324 [INFO] CADModel:165 - CPN selected for project level
2023-10-18 08:06:54,324 [INFO] CADModel:114 - Register for checkConnection events
2023-10-18 08:06:54,332 [INFO] IPUIPlugin:80 - create IPUIPlugin
2023-10-18 08:06:54,332 [INFO] PluginManager:220 - loadIPPluginJar : add touchsensing
2023-10-18 08:06:54,337 [INFO] IPUIPlugin:80 - create IPUIPlugin
2023-10-18 08:06:54,338 [INFO] PluginManager:220 - loadIPPluginJar : add adc
2023-10-18 08:06:54,339 [INFO] IPUIPlugin:80 - create IPUIPlugin
2023-10-18 08:06:54,339 [INFO] PluginManager:220 - loadIPPluginJar : add fatfs
2023-10-18 08:06:54,341 [INFO] IPUIPlugin:80 - create IPUIPlugin
2023-10-18 08:06:54,341 [INFO] PluginManager:220 - loadIPPluginJar : add ipddr
2023-10-18 08:06:54,343 [INFO] IPUIPlugin:80 - create IPUIPlugin
2023-10-18 08:06:54,343 [INFO] PluginManager:220 - loadIPPluginJar : add openamp
2023-10-18 08:06:54,344 [INFO] IPUIPlugin:80 - create IPUIPlugin
2023-10-18 08:06:54,345 [INFO] PluginManager:220 - loadIPPluginJar : add i3c
2023-10-18 08:06:54,346 [INFO] IPUIPlugin:80 - create IPUIPlugin
2023-10-18 08:06:54,346 [INFO] PluginManager:220 - loadIPPluginJar : add cryp
2023-10-18 08:06:54,348 [INFO] IPUIPlugin:80 - create IPUIPlugin
2023-10-18 08:06:54,349 [INFO] PluginManager:220 - loadIPPluginJar : add fmc
2023-10-18 08:06:54,350 [INFO] IPUIPlugin:80 - create IPUIPlugin
2023-10-18 08:06:54,350 [INFO] PluginManager:220 - loadIPPluginJar : add tsc
2023-10-18 08:06:54,351 [INFO] IPUIPlugin:80 - create IPUIPlugin
2023-10-18 08:06:54,351 [INFO] PluginManager:220 - loadIPPluginJar : add ltdc
2023-10-18 08:06:54,353 [INFO] IPUIPlugin:80 - create IPUIPlugin
2023-10-18 08:06:54,353 [INFO] PluginManager:220 - loadIPPluginJar : add nvic
2023-10-18 08:06:54,355 [INFO] IPUIPlugin:80 - create IPUIPlugin
2023-10-18 08:06:54,355 [INFO] PluginManager:220 - loadIPPluginJar : add dma3
2023-10-18 08:06:54,356 [INFO] IPUIPlugin:80 - create IPUIPlugin
2023-10-18 08:06:54,356 [INFO] PluginManager:220 - loadIPPluginJar : add ucpd
2023-10-18 08:06:54,359 [INFO] IPUIPlugin:80 - create IPUIPlugin
2023-10-18 08:06:54,359 [INFO] PluginManager:220 - loadIPPluginJar : add freertos
2023-10-18 08:06:54,361 [INFO] IPUIPlugin:80 - create IPUIPlugin
2023-10-18 08:06:54,361 [INFO] PluginManager:220 - loadIPPluginJar : add dfsdm
2023-10-18 08:06:54,362 [INFO] IPUIPlugin:80 - create IPUIPlugin
2023-10-18 08:06:54,362 [INFO] PluginManager:220 - loadIPPluginJar : add aes
2023-10-18 08:06:54,367 [INFO] IPUIPlugin:80 - create IPUIPlugin
2023-10-18 08:06:54,367 [INFO] PluginManager:220 - loadIPPluginJar : add linkedlist
2023-10-18 08:06:54,370 [INFO] IPUIPlugin:80 - create IPUIPlugin
2023-10-18 08:06:54,370 [INFO] PluginManager:220 - loadIPPluginJar : add gic
2023-10-18 08:06:54,371 [INFO] IPUIPlugin:80 - create IPUIPlugin
2023-10-18 08:06:54,371 [INFO] PluginManager:220 - loadIPPluginJar : add genericplugin
2023-10-18 08:06:54,373 [INFO] IPUIPlugin:80 - create IPUIPlugin
2023-10-18 08:06:54,373 [INFO] PluginManager:220 - loadIPPluginJar : add resmgrutility
2023-10-18 08:06:54,375 [INFO] IPUIPlugin:80 - create IPUIPlugin
2023-10-18 08:06:54,375 [INFO] PluginManager:220 - loadIPPluginJar : add gfxmmu
2023-10-18 08:06:54,376 [INFO] IPUIPlugin:80 - create IPUIPlugin
2023-10-18 08:06:54,376 [INFO] PluginManager:220 - loadIPPluginJar : add comp
2023-10-18 08:06:54,377 [INFO] IPUIPlugin:80 - create IPUIPlugin
2023-10-18 08:06:54,377 [INFO] PluginManager:220 - loadIPPluginJar : add i2s
2023-10-18 08:06:54,378 [INFO] IPUIPlugin:80 - create IPUIPlugin
2023-10-18 08:06:54,378 [INFO] PluginManager:220 - loadIPPluginJar : add ts
2023-10-18 08:06:54,380 [INFO] IPUIPlugin:80 - create IPUIPlugin
2023-10-18 08:06:54,380 [INFO] PluginManager:220 - loadIPPluginJar : add pdm2pcm
2023-10-18 08:06:54,382 [INFO] IPUIPlugin:80 - create IPUIPlugin
2023-10-18 08:06:54,382 [INFO] PluginManager:220 - loadIPPluginJar : add gtzc
2023-10-18 08:06:54,383 [INFO] IPUIPlugin:80 - create IPUIPlugin
2023-10-18 08:06:54,383 [INFO] PluginManager:220 - loadIPPluginJar : add can
2023-10-18 08:06:54,385 [INFO] IPUIPlugin:80 - create IPUIPlugin
2023-10-18 08:06:54,385 [INFO] PluginManager:220 - loadIPPluginJar : add tracer_emb
2023-10-18 08:06:54,386 [INFO] IPUIPlugin:80 - create IPUIPlugin
2023-10-18 08:06:54,387 [INFO] PluginManager:220 - loadIPPluginJar : add usart
2023-10-18 08:06:54,389 [INFO] IPUIPlugin:80 - create IPUIPlugin
2023-10-18 08:06:54,389 [INFO] PluginManager:220 - loadIPPluginJar : add gpio
2023-10-18 08:06:54,390 [INFO] IPUIPlugin:80 - create IPUIPlugin
2023-10-18 08:06:54,390 [INFO] PluginManager:220 - loadIPPluginJar : add spi
2023-10-18 08:06:54,394 [INFO] IPUIPlugin:80 - create IPUIPlugin
2023-10-18 08:06:54,396 [INFO] PluginManager:220 - loadIPPluginJar : add plateformsettings
2023-10-18 08:06:54,397 [INFO] IPUIPlugin:80 - create IPUIPlugin
2023-10-18 08:06:54,397 [INFO] PluginManager:220 - loadIPPluginJar : add tim
2023-10-18 08:06:54,400 [INFO] IPUIPlugin:80 - create IPUIPlugin
2023-10-18 08:06:54,400 [INFO] PluginManager:220 - loadIPPluginJar : add stm32_wpan
2023-10-18 08:06:54,402 [INFO] IPUIPlugin:80 - create IPUIPlugin
2023-10-18 08:06:54,402 [INFO] PluginManager:220 - loadIPPluginJar : add opamp
2023-10-18 08:06:54,403 [INFO] IPUIPlugin:80 - create IPUIPlugin
2023-10-18 08:06:54,403 [INFO] PluginManager:220 - loadIPPluginJar : add i2c
2023-10-18 08:06:54,407 [INFO] IPUIPlugin:80 - create IPUIPlugin
2023-10-18 08:06:54,407 [INFO] PluginManager:220 - loadIPPluginJar : add mdma
2023-10-18 08:06:54,409 [INFO] IPUIPlugin:80 - create IPUIPlugin
2023-10-18 08:06:54,409 [INFO] PluginManager:220 - loadIPPluginJar : add usbx
2023-10-18 08:06:54,410 [INFO] IPUIPlugin:80 - create IPUIPlugin
2023-10-18 08:06:54,411 [INFO] PluginManager:220 - loadIPPluginJar : add lorawan
2023-10-18 08:06:54,414 [INFO] IPUIPlugin:80 - create IPUIPlugin
2023-10-18 08:06:54,414 [INFO] PluginManager:220 - loadIPPluginJar : add dma
2023-10-18 08:06:54,416 [INFO] IPUIPlugin:80 - create IPUIPlugin
2023-10-18 08:06:54,416 [INFO] PluginManager:220 - loadIPPluginJar : add hash
2023-10-18 08:06:54,417 [INFO] IPUIPlugin:80 - create IPUIPlugin
2023-10-18 08:06:54,417 [INFO] PluginManager:220 - loadIPPluginJar : add quadspi
2023-10-18 08:06:54,419 [INFO] IPUIPlugin:80 - create IPUIPlugin
2023-10-18 08:06:54,419 [INFO] PluginManager:220 - loadIPPluginJar : add sai
2023-10-18 08:06:54,512 [INFO] CADModel:165 - CPN selected for project level
2023-10-18 08:06:54,513 [INFO] CADModel:114 - Register for checkConnection events
2023-10-18 08:06:54,513 [FATAL] Updater:308 - Updater called before beeing initialized
2023-10-18 08:06:54,513 [ERROR] CADModel:125 - Updater not yet initialized, retry later 
2023-10-18 08:06:54,598 [INFO] CADModel:165 - CPN selected for project level
2023-10-18 08:06:54,598 [INFO] CADModel:114 - Register for checkConnection events
2023-10-18 08:06:54,598 [FATAL] Updater:308 - Updater called before beeing initialized
2023-10-18 08:06:54,599 [ERROR] CADModel:125 - Updater not yet initialized, retry later 
2023-10-18 08:06:54,601 [FATAL] Updater:308 - Updater called before beeing initialized
2023-10-18 08:06:54,672 [FATAL] Updater:308 - Updater called before beeing initialized
2023-10-18 08:06:54,677 [INFO] DbMcusAds:53 - JSON generation date=Tue Mar 07 03:50:55 EST 2023 (1678179055114)
2023-10-18 08:06:54,677 [FATAL] Updater:308 - Updater called before beeing initialized
2023-10-18 08:06:54,703 [WARN] DetailPanel:346 - Failed to get advertising image, set to default
2023-10-18 08:06:54,781 [FATAL] Updater:308 - Updater called before beeing initialized
2023-10-18 08:06:54,784 [FATAL] Updater:308 - Updater called before beeing initialized
2023-10-18 08:06:54,784 [FATAL] Updater:308 - Updater called before beeing initialized
2023-10-18 08:06:54,784 [WARN] DetailPanel:346 - Failed to get advertising image, set to default
2023-10-18 08:06:54,785 [FATAL] Updater:308 - Updater called before beeing initialized
2023-10-18 08:06:54,811 [ERROR] Updater:1120 - MainUpdater not yet initialized. External WinMGr cannot be set.
2023-10-18 08:06:54,812 [INFO] Updater:1056 - Updater Version found : 6.9.2
2023-10-18 08:06:54,823 [INFO] ApplicationProperties:184 - Using Application install path: /opt/st/stm32cubeide_1.13.2/plugins/com.st.stm32cube.common.mx_6.9.2.202309101412
2023-10-18 08:06:55,650 [INFO] MainUpdater:2868 - connection check result : 10
2023-10-18 08:06:55,651 [INFO] MainUpdater:3562 - Updater definition file requires update
2023-10-18 08:06:55,651 [INFO] MainUpdater:285 - Updater Check For Update Now.
2023-10-18 08:06:55,651 [INFO] MicroXplorer:498 - Change Database Version : DB.6.0.92
2023-10-18 08:06:55,655 [INFO] McuFinderGlobals:63 - Set McuFinder mode to 2 (CubeIDE integrated)
2023-10-18 08:06:55,714 [INFO] ServerAccessManage:473 - Download File updaters.zip
2023-10-18 08:06:55,794 [INFO] FileExtend:240 - Unzip File : updaters.zip
2023-10-18 08:06:55,794 [INFO] FileExtend:255 - Standard Zip Deflate
2023-10-18 08:06:55,982 [INFO] ServerAccessManage:473 - Download File PacksControlFlags.xml
2023-10-18 08:06:56,088 [INFO] ServerAccessManage:473 - Download File cubemx.pidx
2023-10-18 08:06:56,642 [INFO] ServerAccessManage:473 - Download File STMicroelectronics.X-CUBE-MEMS1.pdsc
2023-10-18 08:06:56,995 [WARN] MainUpdater:1189 - Updater busy. Cannot search thirdparties
2023-10-18 08:06:56,995 [INFO] ThirdPartyUpdaterWithRetryManager:96 - Updater plugin is busy. [1/15]
2023-10-18 08:06:59,996 [WARN] MainUpdater:1189 - Updater busy. Cannot search thirdparties
2023-10-18 08:06:59,996 [INFO] ThirdPartyUpdaterWithRetryManager:96 - Updater plugin is busy. [2/15]
2023-10-18 08:07:00,171 [ERROR] ServerAccessManage:1096 - Problem, Http access forbiden
2023-10-18 08:07:00,171 [ERROR] ServerAccessManage:651 - Problem, Http access forbiden : RoweBots.I-CUBE-UNISONRTOS.pdsc.
2023-10-18 08:07:00,412 [WARN] PackLoader:240 - Cannot read IP mode file for STMicroelectronics.X-CUBE-MEMS1.10.0.0
2023-10-18 08:07:00,447 [INFO] CheckServerUpdateThread:120 - End of CheckServer Thread
2023-10-18 08:07:00,587 [INFO] PopulateThirdPartyThread:66 - Ending populate Thread
2023-10-18 08:07:00,588 [INFO] ThirdParty:1030 - CMSIS Pack Vendor :STMicroelectronics X-CUBE-MEMS1 10.0.0
2023-10-18 08:07:00,588 [INFO] LoadServerUpdatesThread:373 - End of LoadServerUpdate Thread
2023-10-18 08:07:03,076 [WARN] PackLoader:240 - Cannot read IP mode file for STMicroelectronics.X-CUBE-SMBUS.2.1.0
2023-10-18 08:07:03,098 [WARN] PackLoader:240 - Cannot read IP mode file for STMicroelectronics.X-CUBE-AZRTOS-F7.1.1.0
2023-10-18 08:07:03,109 [WARN] PackLoader:240 - Cannot read IP mode file for STMicroelectronics.FP-SNS-MOTENV1.4.3.2
2023-10-18 08:07:03,115 [WARN] PackLoader:240 - Cannot read IP mode file for STMicroelectronics.FP-SNS-FLIGHT1.5.0.2
2023-10-18 08:07:03,124 [WARN] PackLoader:240 - Cannot read IP mode file for STMicroelectronics.X-CUBE-DISPLAY.3.0.0
2023-10-18 08:07:03,134 [WARN] PackLoader:240 - Cannot read IP mode file for STMicroelectronics.X-CUBE-BLE1.7.0.0
2023-10-18 08:07:03,140 [WARN] PackLoader:240 - Cannot read IP mode file for emotas.I-CUBE-CANOPEN.1.3.0
2023-10-18 08:07:03,144 [WARN] PackLoader:240 - Cannot read IP mode file for STMicroelectronics.X-CUBE-TOUCHGFX.4.22.0
2023-10-18 08:07:03,148 [WARN] PackLoader:240 - Cannot read IP mode file for STMicroelectronics.X-CUBE-TOUCHGFX.4.22.1
2023-10-18 08:07:03,153 [WARN] PackLoader:240 - Cannot read IP mode file for STMicroelectronics.FP-SNS-SMARTAG2.1.2.0
2023-10-18 08:07:03,166 [INFO] LogOutputStream:77 - [STDOUT_REDIRECT] 1 : Invalid condition id : UX_CORESTACK_Condition cause : null
2023-10-18 08:07:03,166 [INFO] LogOutputStream:77 - [STDOUT_REDIRECT] 1 : Invalid condition id : UX_CORESTACK_Condition cause : null
2023-10-18 08:07:03,167 [INFO] LogOutputStream:77 - [STDOUT_REDIRECT] 1 : Invalid condition id : UX_CORESTACK_Condition cause : null
2023-10-18 08:07:03,167 [INFO] LogOutputStream:77 - [STDOUT_REDIRECT] 1 : Invalid condition id : UX_CORESTACK_Condition cause : null
2023-10-18 08:07:03,167 [INFO] LogOutputStream:77 - [STDOUT_REDIRECT] 1 : Invalid condition id : UX_CORESTACK_Condition cause : null
2023-10-18 08:07:03,173 [WARN] PackLoader:240 - Cannot read IP mode file for STMicroelectronics.X-CUBE-AZRTOS-WL.2.0.0
2023-10-18 08:07:03,181 [WARN] PackLoader:240 - Cannot read IP mode file for WES.I-CUBE-Cesium.1.3.0
2023-10-18 08:07:03,188 [WARN] PackLoader:240 - Cannot read IP mode file for STMicroelectronics.X-CUBE-BLE2.3.3.0
2023-10-18 08:07:03,196 [WARN] PackLoader:240 - Cannot read IP mode file for STMicroelectronics.X-CUBE-ALGOBUILD.1.3.0
2023-10-18 08:07:03,220 [WARN] PackLoader:240 - Cannot read IP mode file for STMicroelectronics.X-CUBE-AZRTOS-G0.1.1.0
2023-10-18 08:07:03,229 [WARN] PackLoader:240 - Cannot read IP mode file for STMicroelectronics.X-CUBE-NFC4.3.0.0
2023-10-18 08:07:03,234 [WARN] PackLoader:240 - Cannot read IP mode file for STMicroelectronics.FP-ATR-SIGFOX1.3.2.0
2023-10-18 08:07:03,293 [WARN] PackLoader:240 - Cannot read IP mode file for SEGGER.I-CUBE-embOS.1.3.1
2023-10-18 08:07:03,345 [WARN] PackLoader:240 - Cannot read IP mode file for STMicroelectronics.X-CUBE-GNSS1.6.0.0
2023-10-18 08:07:03,370 [WARN] PackLoader:240 - Cannot read IP mode file for STMicroelectronics.X-CUBE-AZRTOS-F4.1.1.0
2023-10-18 08:07:03,380 [WARN] PackLoader:240 - Cannot read IP mode file for wolfSSL.I-CUBE-wolfSSL.5.6.3
2023-10-18 08:07:03,404 [WARN] PackLoader:240 - Cannot read IP mode file for STMicroelectronics.X-CUBE-AZRTOS-L5.2.0.0
2023-10-18 08:07:03,451 [WARN] PackLoader:240 - Cannot read IP mode file for STMicroelectronics.X-CUBE-MEMS1.9.6.0
2023-10-18 08:07:03,589 [WARN] PackLoader:240 - Cannot read IP mode file for ITTIA_DB.I-CUBE-ITTIADB.8.8.0
2023-10-18 08:07:03,594 [WARN] PackLoader:240 - Cannot read IP mode file for STMicroelectronics.X-CUBE-BLEMGR.2.0.0
2023-10-18 08:07:03,607 [WARN] ConditionMgr:438 - getConditionDescription Invalid condition id : UX DEVICE CLASS RTOS Condition cause : null
2023-10-18 08:07:03,607 [WARN] ConditionMgr:438 - getConditionDescription Invalid condition id : UX DEVICE CLASS RTOS Condition cause : null
2023-10-18 08:07:03,610 [WARN] PackLoader:240 - Cannot read IP mode file for STMicroelectronics.X-CUBE-AZRTOS-H7.3.1.0
2023-10-18 08:07:03,611 [WARN] ConditionMgr:1039 - genDependencies : Invalid condition id : UX DEVICE CLASS RTOS Condition cause : null
2023-10-18 08:07:03,611 [WARN] ConditionMgr:1039 - genDependencies : Invalid condition id : UX DEVICE CLASS RTOS Condition cause : null
2023-10-18 08:07:03,612 [WARN] ConditionMgr:1039 - genDependencies : Invalid condition id : UX DEVICE CLASS RTOS Condition cause : null
2023-10-18 08:07:03,612 [WARN] ConditionMgr:1039 - genDependencies : Invalid condition id : UX DEVICE CLASS RTOS Condition cause : null
2023-10-18 08:07:03,612 [WARN] ConditionMgr:1039 - genDependencies : Invalid condition id : UX DEVICE CLASS RTOS Condition cause : null
2023-10-18 08:07:03,616 [WARN] PackLoader:240 - Cannot read IP mode file for STMicroelectronics.X-CUBE-NFC7.1.0.1
2023-10-18 08:07:03,621 [WARN] PackLoader:240 - Cannot read IP mode file for STMicroelectronics.X-CUBE-NFC6.3.0.0
2023-10-18 08:07:03,625 [WARN] PackLoader:240 - Cannot read IP mode file for STMicroelectronics.X-CUBE-EEPRMA1.4.1.0
2023-10-18 08:07:03,628 [WARN] PackLoader:240 - Cannot read IP mode file for STMicroelectronics.X-CUBE-AI.8.1.0
2023-10-18 08:07:03,640 [WARN] ConditionMgr:438 - getConditionDescription Invalid condition id : LAN8742 Phy interface Condition cause : null
2023-10-18 08:07:03,641 [WARN] PackLoader:240 - Cannot read IP mode file for STMicroelectronics.X-CUBE-AZRTOS-L4.2.0.0
2023-10-18 08:07:03,642 [WARN] ConditionMgr:1039 - genDependencies : Invalid condition id : LAN8742 Phy interface Condition cause : null
2023-10-18 08:07:03,642 [WARN] ConditionMgr:1039 - genDependencies : Invalid condition id : LAN8742 Phy interface Condition cause : null
2023-10-18 08:07:03,642 [WARN] ConditionMgr:1039 - genDependencies : Invalid condition id : LAN8742 Phy interface Condition cause : null
2023-10-18 08:07:03,646 [WARN] PackLoader:240 - Cannot read IP mode file for STMicroelectronics.X-CUBE-SFXS2LP1.4.0.0
2023-10-18 08:07:03,649 [WARN] PackLoader:240 - Cannot read IP mode file for STMicroelectronics.X-CUBE-ISPU.1.1.0
2023-10-18 08:07:03,657 [WARN] ConditionMgr:438 - getConditionDescription Invalid condition id : UX DEVICE CLASS RTOS Condition cause : null
2023-10-18 08:07:03,657 [WARN] ConditionMgr:438 - getConditionDescription Invalid condition id : UX DEVICE CLASS RTOS Condition cause : null
2023-10-18 08:07:03,659 [WARN] PackLoader:240 - Cannot read IP mode file for STMicroelectronics.X-CUBE-AZRTOS-WB.2.0.0
2023-10-18 08:07:03,660 [WARN] ConditionMgr:1039 - genDependencies : Invalid condition id : UX DEVICE CLASS RTOS Condition cause : null
2023-10-18 08:07:03,660 [WARN] ConditionMgr:1039 - genDependencies : Invalid condition id : UX DEVICE CLASS RTOS Condition cause : null
2023-10-18 08:07:03,660 [WARN] ConditionMgr:1039 - genDependencies : Invalid condition id : UX DEVICE CLASS RTOS Condition cause : null
2023-10-18 08:07:03,660 [WARN] ConditionMgr:1039 - genDependencies : Invalid condition id : UX DEVICE CLASS RTOS Condition cause : null
2023-10-18 08:07:03,660 [WARN] ConditionMgr:1039 - genDependencies : Invalid condition id : UX DEVICE CLASS RTOS Condition cause : null
2023-10-18 08:07:03,667 [WARN] PackLoader:240 - Cannot read IP mode file for STMicroelectronics.X-CUBE-SUBG2.5.0.0
2023-10-18 08:07:03,677 [WARN] PackLoader:240 - Cannot read IP mode file for STMicroelectronics.X-CUBE-TOF1.3.3.1
2023-10-18 08:07:03,692 [WARN] PackLoader:240 - Cannot read IP mode file for STMicroelectronics.X-CUBE-AZRTOS-G4.2.0.0
2023-10-18 08:07:03,700 [WARN] PackLoader:240 - Cannot read IP mode file for Infineon.AIROC-Wi-Fi-Bluetooth-STM32.1.5.1
2023-10-18 08:07:03,731 [WARN] PackLoader:240 - Cannot read IP mode file for STMicroelectronics.X-CUBE-MEMS1.10.0.0
2023-10-18 08:07:03,823 [WARN] PackLoader:240 - Cannot read IP mode file for STMicroelectronics.X-CUBE-FREERTOS.1.1.0
2023-10-18 08:07:03,826 [WARN] PackLoader:240 - Cannot read IP mode file for portGmbH.I-Cube-SoM-uGOAL.1.1.0
2023-10-18 08:07:03,828 [WARN] PackLoader:240 - Cannot read IP mode file for STMicroelectronics.X-CUBE-ALS.1.0.1
2023-10-18 08:07:03,830 [WARN] PackLoader:240 - Cannot read IP mode file for STMicroelectronics.FP-ATR-ASTRA1.2.0.0
2023-10-18 08:07:03,831 [INFO] ThirdParty:978 - Integrity check success = true
2023-10-18 08:07:03,831 [INFO] IntegrityCheckThread:100 - exiting critical section [integrity check]
2023-10-18 08:07:03,831 [INFO] IntegrityCheckThread:103 - End integrity checks thread
2023-10-18 08:07:18,092 [ERROR] LogOutputStream:75 - [STDERR_REDIRECT] SLF4J: Failed to load class "org.slf4j.impl.StaticLoggerBinder".
2023-10-18 08:07:18,092 [ERROR] LogOutputStream:75 - [STDERR_REDIRECT] SLF4J: Defaulting to no-operation (NOP) logger implementation
2023-10-18 08:07:18,093 [ERROR] LogOutputStream:75 - [STDERR_REDIRECT] SLF4J: See http://www.slf4j.org/codes.html#StaticLoggerBinder for further details.
2023-10-18 08:40:12,484 [INFO] Activator:176 - 


2023-10-18 08:40:12,487 [INFO] Activator:177 - !SESSION log4j initialized
2023-10-18 08:40:16,055 [INFO] LogOutputStream:77 - [STDOUT_REDIRECT] 
2023-10-18 08:40:16,867 [INFO] ApplicationProperties:184 - Using Application install path: /opt/st/stm32cubeide_1.13.2/plugins/com.st.stm32cube.common.mx_6.9.2.202309101412
2023-10-18 08:40:16,888 [INFO] DbMcusXml:78 - Set database path to: /opt/st/stm32cubeide_1.13.2/plugins/com.st.stm32cube.common.mx_6.9.2.202309101412//db//mcu/
2023-10-18 08:40:16,888 [INFO] ApiDb:274 - Set plugin database path to: /opt/st/stm32cubeide_1.13.2/plugins/com.st.stm32cube.common.mx_6.9.2.202309101412//db//plugins/boardmanager/
2023-10-18 08:40:16,889 [WARN] ApiDb:259 - Overriding images path with different value:  => /opt/st/stm32cubeide_1.13.2/plugins/com.st.stm32cube.common.mx_6.9.2.202309101412//db//plugins/mcufinder/images/
2023-10-18 08:40:16,899 [INFO] ApiDb:250 - Set database path to: /home/ebenezer/.stmcufinder/plugins/mcufinder//mcu/
2023-10-18 08:40:16,900 [INFO] DbMcusAds:125 - Set database path to: /home/ebenezer/.stmcufinder/plugins/mcufinder//mcu/
2023-10-18 08:40:16,903 [INFO] CrossReferenceDbSqlite:203 - Set database path to: /home/ebenezer/.stmcufinder/plugins/mcufinder//mcu/cs/
2023-10-18 08:40:17,047 [INFO] RulesReader:64 - Compatibility file has been processed (293 Rules)
2023-10-18 08:40:17,109 [INFO] DbMcusXml:78 - Set database path to: /opt/st/stm32cubeide_1.13.2/plugins/com.st.stm32cube.common.mx_6.9.2.202309101412//db//mcu/
2023-10-18 08:40:17,109 [INFO] ApiDb:274 - Set plugin database path to: /opt/st/stm32cubeide_1.13.2/plugins/com.st.stm32cube.common.mx_6.9.2.202309101412//db//plugins/boardmanager/
2023-10-18 08:40:17,110 [INFO] ApiDb:261 - Set plugin images path to: /opt/st/stm32cubeide_1.13.2/plugins/com.st.stm32cube.common.mx_6.9.2.202309101412//db//plugins/mcufinder/images/
2023-10-18 08:40:17,110 [WARN] DbFile:41 - Overriding database path with different value: /home/ebenezer/.stmcufinder/plugins/mcufinder/ => /home/ebenezer/.stmcufinder/plugins/mcufinder
2023-10-18 08:40:17,110 [INFO] ApiDb:250 - Set database path to: /home/ebenezer/.stmcufinder/plugins/mcufinder//mcu/
2023-10-18 08:40:17,110 [WARN] DbFile:41 - Overriding database path with different value: /home/ebenezer/.stmcufinder/plugins/mcufinder/ => /home/ebenezer/.stmcufinder/plugins/mcufinder
2023-10-18 08:40:17,111 [INFO] DbMcusAds:125 - Set database path to: /home/ebenezer/.stmcufinder/plugins/mcufinder//mcu/
2023-10-18 08:40:17,111 [WARN] DbFile:41 - Overriding database path with different value: /home/ebenezer/.stmcufinder/plugins/mcufinder/ => /home/ebenezer/.stmcufinder/plugins/mcufinder
2023-10-18 08:40:17,111 [WARN] DbFile:41 - Overriding database path with different value: /home/ebenezer/.stmcufinder/plugins/mcufinder/ => /home/ebenezer/.stmcufinder/plugins/mcufinder
2023-10-18 08:40:17,111 [INFO] CrossReferenceDbSqlite:203 - Set database path to: /home/ebenezer/.stmcufinder/plugins/mcufinder//mcu/cs/
2023-10-18 08:40:17,180 [INFO] MainPanel:262 - HeapMemory: 268435456
2023-10-18 08:40:17,248 [INFO] DbMcusXml:78 - Set database path to: /opt/st/stm32cubeide_1.13.2/plugins/com.st.stm32cube.common.mx_6.9.2.202309101412//db//mcu/
2023-10-18 08:40:17,248 [INFO] ApiDb:274 - Set plugin database path to: /opt/st/stm32cubeide_1.13.2/plugins/com.st.stm32cube.common.mx_6.9.2.202309101412//db//plugins/boardmanager/
2023-10-18 08:40:17,249 [INFO] ApiDb:261 - Set plugin images path to: /opt/st/stm32cubeide_1.13.2/plugins/com.st.stm32cube.common.mx_6.9.2.202309101412//db//plugins/mcufinder/images/
2023-10-18 08:40:17,249 [WARN] DbFile:41 - Overriding database path with different value: /home/ebenezer/.stmcufinder/plugins/mcufinder/ => /home/ebenezer/.stmcufinder/plugins/mcufinder
2023-10-18 08:40:17,249 [INFO] ApiDb:250 - Set database path to: /home/ebenezer/.stmcufinder/plugins/mcufinder//mcu/
2023-10-18 08:40:17,249 [WARN] DbFile:41 - Overriding database path with different value: /home/ebenezer/.stmcufinder/plugins/mcufinder/ => /home/ebenezer/.stmcufinder/plugins/mcufinder
2023-10-18 08:40:17,249 [INFO] DbMcusAds:125 - Set database path to: /home/ebenezer/.stmcufinder/plugins/mcufinder//mcu/
2023-10-18 08:40:17,249 [WARN] DbFile:41 - Overriding database path with different value: /home/ebenezer/.stmcufinder/plugins/mcufinder/ => /home/ebenezer/.stmcufinder/plugins/mcufinder
2023-10-18 08:40:17,249 [WARN] DbFile:41 - Overriding database path with different value: /home/ebenezer/.stmcufinder/plugins/mcufinder/ => /home/ebenezer/.stmcufinder/plugins/mcufinder
2023-10-18 08:40:17,250 [INFO] CrossReferenceDbSqlite:203 - Set database path to: /home/ebenezer/.stmcufinder/plugins/mcufinder//mcu/cs/
2023-10-18 08:40:17,262 [INFO] ApplicationProperties:184 - Using Application install path: /opt/st/stm32cubeide_1.13.2/plugins/com.st.stm32cube.common.mx_6.9.2.202309101412
2023-10-18 08:40:17,263 [INFO] PluginManage:196 - Search for loadable plugins [exclusion list=, ]
2023-10-18 08:40:17,264 [INFO] PluginManage:310 - Check plugin analytics
2023-10-18 08:40:17,395 [INFO] AnalyticsPlugin:253 - Accepted Software Licenses: 
2023-10-18 08:40:17,395 [INFO] AnalyticsPlugin:255 - Accepted CMSIS Pack Licenses: 
2023-10-18 08:40:17,396 [INFO] AnalyticsPlugin:257 - Accepted Firmware Licenses: FW.G0.1.6.0
2023-10-18 08:40:17,398 [INFO] PluginManage:359 - Loaded plugin analytics (category:tool,tabindex:-1)
2023-10-18 08:40:17,398 [INFO] PluginManage:310 - Check plugin cadmodel
2023-10-18 08:40:17,416 [INFO] CADModel:105 - Init CAD model plugin
2023-10-18 08:40:17,417 [INFO] PluginManage:359 - Loaded plugin cadmodel (category:power,tabindex:5)
2023-10-18 08:40:17,417 [INFO] PluginManage:310 - Check plugin clock
2023-10-18 08:40:17,423 [INFO] PluginManage:359 - Loaded plugin clock (category:base,tabindex:2)
2023-10-18 08:40:17,424 [INFO] PluginManage:310 - Check plugin ddr
2023-10-18 08:40:17,426 [INFO] PluginManage:359 - Loaded plugin ddr (category:tool,tabindex:6)
2023-10-18 08:40:17,426 [INFO] PluginManage:310 - Check plugin filemanager
2023-10-18 08:40:17,517 [INFO] PluginManage:359 - Loaded plugin filemanager (category:base,tabindex:10)
2023-10-18 08:40:17,517 [INFO] PluginManage:310 - Check plugin ipmanager
2023-10-18 08:40:17,521 [INFO] PluginManage:359 - Loaded plugin ipmanager (category:base,tabindex:5)
2023-10-18 08:40:17,522 [INFO] PluginManage:310 - Check plugin lpbam
2023-10-18 08:40:17,527 [INFO] PluginManage:359 - Loaded plugin lpbam (category:base,tabindex:0)
2023-10-18 08:40:17,527 [INFO] PluginManage:310 - Check plugin memorymap
2023-10-18 08:40:17,533 [INFO] PluginManage:359 - Loaded plugin memorymap (category:base,tabindex:4)
2023-10-18 08:40:17,533 [INFO] PluginManage:310 - Check plugin pinoutandconfiguration
2023-10-18 08:40:17,538 [INFO] PluginManage:359 - Loaded plugin pinoutandconfiguration (category:base,tabindex:1)
2023-10-18 08:40:17,538 [INFO] PluginManage:310 - Check plugin pinoutconfig
2023-10-18 08:40:17,597 [WARN] SupportedApi:132 - Cannot load RTOS API schema: s4s-elt-must-match.1: The content of 'definitions' must match (annotation?, (simpleType | complexType)?, (unique | key | keyref)*)). A problem was found starting at: attribute.
2023-10-18 08:40:17,692 [INFO] PluginManage:359 - Loaded plugin pinoutconfig (category:base,tabindex:0)
2023-10-18 08:40:17,693 [INFO] PluginManage:310 - Check plugin power
2023-10-18 08:40:17,700 [INFO] PluginManage:359 - Loaded plugin power (category:power,tabindex:4)
2023-10-18 08:40:17,700 [INFO] PluginManage:310 - Check plugin projectmanager
2023-10-18 08:40:17,714 [INFO] PluginManage:359 - Loaded plugin projectmanager (category:projectmanager,tabindex:3)
2023-10-18 08:40:17,714 [INFO] PluginManage:310 - Check plugin thirdparty
2023-10-18 08:40:17,810 [WARN] IntegrityCheckThread:84 - waiting for thirdparty lock release [integrity check]
2023-10-18 08:40:17,811 [INFO] PluginManage:359 - Loaded plugin thirdparty (category:base,tabindex:-1)
2023-10-18 08:40:17,811 [INFO] IntegrityCheckThread:86 - entering critical section [integrity check]
2023-10-18 08:40:17,811 [INFO] PluginManage:310 - Check plugin tools
2023-10-18 08:40:17,811 [INFO] ThirdPartyUpdaterWithRetryManager:70 - Updater plugin not ready yet. [1/15]
2023-10-18 08:40:17,813 [INFO] PluginManage:359 - Loaded plugin tools (category:base,tabindex:7)
2023-10-18 08:40:17,813 [INFO] PluginManage:310 - Check plugin tutovideos
2023-10-18 08:40:17,934 [INFO] PluginManage:359 - Loaded plugin tutovideos (category:base,tabindex:-1)
2023-10-18 08:40:17,934 [INFO] PluginManage:310 - Check plugin updater
2023-10-18 08:40:17,941 [INFO] PluginManage:359 - Loaded plugin updater (category:base,tabindex:12)
2023-10-18 08:40:17,941 [INFO] PluginManage:310 - Check plugin userauth
2023-10-18 08:40:17,945 [INFO] UserAuth:113 - Init User Auth plugin
2023-10-18 08:40:17,945 [INFO] PluginManage:359 - Loaded plugin userauth (category:base,tabindex:14)
2023-10-18 08:40:17,946 [INFO] PluginManage:283 - PluginManage : Loaded plugins [17]
2023-10-18 08:40:18,074 [INFO] PinOutPanel:1499 - setPackage(No Configuration,No Configuration)
2023-10-18 08:40:18,152 [INFO] CADModel:165 - CPN selected for project level
2023-10-18 08:40:18,152 [INFO] CADModel:114 - Register for checkConnection events
2023-10-18 08:40:18,163 [INFO] IPUIPlugin:80 - create IPUIPlugin
2023-10-18 08:40:18,163 [INFO] PluginManager:220 - loadIPPluginJar : add touchsensing
2023-10-18 08:40:18,169 [INFO] IPUIPlugin:80 - create IPUIPlugin
2023-10-18 08:40:18,169 [INFO] PluginManager:220 - loadIPPluginJar : add adc
2023-10-18 08:40:18,170 [INFO] IPUIPlugin:80 - create IPUIPlugin
2023-10-18 08:40:18,170 [INFO] PluginManager:220 - loadIPPluginJar : add fatfs
2023-10-18 08:40:18,173 [INFO] IPUIPlugin:80 - create IPUIPlugin
2023-10-18 08:40:18,174 [INFO] PluginManager:220 - loadIPPluginJar : add ipddr
2023-10-18 08:40:18,176 [INFO] IPUIPlugin:80 - create IPUIPlugin
2023-10-18 08:40:18,176 [INFO] PluginManager:220 - loadIPPluginJar : add openamp
2023-10-18 08:40:18,179 [INFO] IPUIPlugin:80 - create IPUIPlugin
2023-10-18 08:40:18,179 [INFO] PluginManager:220 - loadIPPluginJar : add i3c
2023-10-18 08:40:18,181 [INFO] IPUIPlugin:80 - create IPUIPlugin
2023-10-18 08:40:18,181 [INFO] PluginManager:220 - loadIPPluginJar : add cryp
2023-10-18 08:40:18,185 [INFO] IPUIPlugin:80 - create IPUIPlugin
2023-10-18 08:40:18,185 [INFO] PluginManager:220 - loadIPPluginJar : add fmc
2023-10-18 08:40:18,186 [INFO] IPUIPlugin:80 - create IPUIPlugin
2023-10-18 08:40:18,186 [INFO] PluginManager:220 - loadIPPluginJar : add tsc
2023-10-18 08:40:18,186 [INFO] IPUIPlugin:80 - create IPUIPlugin
2023-10-18 08:40:18,186 [INFO] PluginManager:220 - loadIPPluginJar : add ltdc
2023-10-18 08:40:18,188 [INFO] IPUIPlugin:80 - create IPUIPlugin
2023-10-18 08:40:18,189 [INFO] PluginManager:220 - loadIPPluginJar : add nvic
2023-10-18 08:40:18,190 [INFO] IPUIPlugin:80 - create IPUIPlugin
2023-10-18 08:40:18,190 [INFO] PluginManager:220 - loadIPPluginJar : add dma3
2023-10-18 08:40:18,191 [INFO] IPUIPlugin:80 - create IPUIPlugin
2023-10-18 08:40:18,191 [INFO] PluginManager:220 - loadIPPluginJar : add ucpd
2023-10-18 08:40:18,196 [INFO] IPUIPlugin:80 - create IPUIPlugin
2023-10-18 08:40:18,196 [INFO] PluginManager:220 - loadIPPluginJar : add freertos
2023-10-18 08:40:18,197 [INFO] IPUIPlugin:80 - create IPUIPlugin
2023-10-18 08:40:18,197 [INFO] PluginManager:220 - loadIPPluginJar : add dfsdm
2023-10-18 08:40:18,199 [INFO] IPUIPlugin:80 - create IPUIPlugin
2023-10-18 08:40:18,199 [INFO] PluginManager:220 - loadIPPluginJar : add aes
2023-10-18 08:40:18,203 [INFO] IPUIPlugin:80 - create IPUIPlugin
2023-10-18 08:40:18,204 [INFO] PluginManager:220 - loadIPPluginJar : add linkedlist
2023-10-18 08:40:18,207 [INFO] IPUIPlugin:80 - create IPUIPlugin
2023-10-18 08:40:18,207 [INFO] PluginManager:220 - loadIPPluginJar : add gic
2023-10-18 08:40:18,208 [INFO] IPUIPlugin:80 - create IPUIPlugin
2023-10-18 08:40:18,208 [INFO] PluginManager:220 - loadIPPluginJar : add genericplugin
2023-10-18 08:40:18,211 [INFO] IPUIPlugin:80 - create IPUIPlugin
2023-10-18 08:40:18,211 [INFO] PluginManager:220 - loadIPPluginJar : add resmgrutility
2023-10-18 08:40:18,212 [INFO] IPUIPlugin:80 - create IPUIPlugin
2023-10-18 08:40:18,212 [INFO] PluginManager:220 - loadIPPluginJar : add gfxmmu
2023-10-18 08:40:18,213 [INFO] IPUIPlugin:80 - create IPUIPlugin
2023-10-18 08:40:18,213 [INFO] PluginManager:220 - loadIPPluginJar : add comp
2023-10-18 08:40:18,215 [INFO] IPUIPlugin:80 - create IPUIPlugin
2023-10-18 08:40:18,215 [INFO] PluginManager:220 - loadIPPluginJar : add i2s
2023-10-18 08:40:18,216 [INFO] IPUIPlugin:80 - create IPUIPlugin
2023-10-18 08:40:18,216 [INFO] PluginManager:220 - loadIPPluginJar : add ts
2023-10-18 08:40:18,218 [INFO] IPUIPlugin:80 - create IPUIPlugin
2023-10-18 08:40:18,218 [INFO] PluginManager:220 - loadIPPluginJar : add pdm2pcm
2023-10-18 08:40:18,219 [INFO] IPUIPlugin:80 - create IPUIPlugin
2023-10-18 08:40:18,219 [INFO] PluginManager:220 - loadIPPluginJar : add gtzc
2023-10-18 08:40:18,221 [INFO] IPUIPlugin:80 - create IPUIPlugin
2023-10-18 08:40:18,221 [INFO] PluginManager:220 - loadIPPluginJar : add can
2023-10-18 08:40:18,222 [INFO] IPUIPlugin:80 - create IPUIPlugin
2023-10-18 08:40:18,222 [INFO] PluginManager:220 - loadIPPluginJar : add tracer_emb
2023-10-18 08:40:18,224 [INFO] IPUIPlugin:80 - create IPUIPlugin
2023-10-18 08:40:18,224 [INFO] PluginManager:220 - loadIPPluginJar : add usart
2023-10-18 08:40:18,227 [INFO] IPUIPlugin:80 - create IPUIPlugin
2023-10-18 08:40:18,228 [INFO] PluginManager:220 - loadIPPluginJar : add gpio
2023-10-18 08:40:18,229 [INFO] IPUIPlugin:80 - create IPUIPlugin
2023-10-18 08:40:18,229 [INFO] PluginManager:220 - loadIPPluginJar : add spi
2023-10-18 08:40:18,233 [INFO] IPUIPlugin:80 - create IPUIPlugin
2023-10-18 08:40:18,235 [INFO] PluginManager:220 - loadIPPluginJar : add plateformsettings
2023-10-18 08:40:18,236 [INFO] IPUIPlugin:80 - create IPUIPlugin
2023-10-18 08:40:18,236 [INFO] PluginManager:220 - loadIPPluginJar : add tim
2023-10-18 08:40:18,239 [INFO] IPUIPlugin:80 - create IPUIPlugin
2023-10-18 08:40:18,240 [INFO] PluginManager:220 - loadIPPluginJar : add stm32_wpan
2023-10-18 08:40:18,242 [INFO] IPUIPlugin:80 - create IPUIPlugin
2023-10-18 08:40:18,242 [INFO] PluginManager:220 - loadIPPluginJar : add opamp
2023-10-18 08:40:18,244 [INFO] IPUIPlugin:80 - create IPUIPlugin
2023-10-18 08:40:18,244 [INFO] PluginManager:220 - loadIPPluginJar : add i2c
2023-10-18 08:40:18,247 [INFO] IPUIPlugin:80 - create IPUIPlugin
2023-10-18 08:40:18,248 [INFO] PluginManager:220 - loadIPPluginJar : add mdma
2023-10-18 08:40:18,249 [INFO] IPUIPlugin:80 - create IPUIPlugin
2023-10-18 08:40:18,249 [INFO] PluginManager:220 - loadIPPluginJar : add usbx
2023-10-18 08:40:18,251 [INFO] IPUIPlugin:80 - create IPUIPlugin
2023-10-18 08:40:18,251 [INFO] PluginManager:220 - loadIPPluginJar : add lorawan
2023-10-18 08:40:18,254 [INFO] IPUIPlugin:80 - create IPUIPlugin
2023-10-18 08:40:18,255 [INFO] PluginManager:220 - loadIPPluginJar : add dma
2023-10-18 08:40:18,256 [INFO] IPUIPlugin:80 - create IPUIPlugin
2023-10-18 08:40:18,256 [INFO] PluginManager:220 - loadIPPluginJar : add hash
2023-10-18 08:40:18,257 [INFO] IPUIPlugin:80 - create IPUIPlugin
2023-10-18 08:40:18,257 [INFO] PluginManager:220 - loadIPPluginJar : add quadspi
2023-10-18 08:40:18,260 [INFO] IPUIPlugin:80 - create IPUIPlugin
2023-10-18 08:40:18,260 [INFO] PluginManager:220 - loadIPPluginJar : add sai
2023-10-18 08:40:18,354 [INFO] CADModel:165 - CPN selected for project level
2023-10-18 08:40:18,355 [INFO] CADModel:114 - Register for checkConnection events
2023-10-18 08:40:18,355 [FATAL] Updater:308 - Updater called before beeing initialized
2023-10-18 08:40:18,355 [ERROR] CADModel:125 - Updater not yet initialized, retry later 
2023-10-18 08:40:18,463 [INFO] CADModel:165 - CPN selected for project level
2023-10-18 08:40:18,463 [INFO] CADModel:114 - Register for checkConnection events
2023-10-18 08:40:18,463 [FATAL] Updater:308 - Updater called before beeing initialized
2023-10-18 08:40:18,464 [ERROR] CADModel:125 - Updater not yet initialized, retry later 
2023-10-18 08:40:18,467 [FATAL] Updater:308 - Updater called before beeing initialized
2023-10-18 08:40:18,556 [FATAL] Updater:308 - Updater called before beeing initialized
2023-10-18 08:40:18,560 [INFO] DbMcusAds:53 - JSON generation date=Tue Mar 07 03:50:55 EST 2023 (1678179055114)
2023-10-18 08:40:18,560 [FATAL] Updater:308 - Updater called before beeing initialized
2023-10-18 08:40:18,586 [WARN] DetailPanel:346 - Failed to get advertising image, set to default
2023-10-18 08:40:18,664 [FATAL] Updater:308 - Updater called before beeing initialized
2023-10-18 08:40:18,665 [FATAL] Updater:308 - Updater called before beeing initialized
2023-10-18 08:40:18,665 [FATAL] Updater:308 - Updater called before beeing initialized
2023-10-18 08:40:18,665 [WARN] DetailPanel:346 - Failed to get advertising image, set to default
2023-10-18 08:40:18,666 [FATAL] Updater:308 - Updater called before beeing initialized
2023-10-18 08:40:18,695 [ERROR] Updater:1120 - MainUpdater not yet initialized. External WinMGr cannot be set.
2023-10-18 08:40:18,696 [INFO] Updater:1056 - Updater Version found : 6.9.2
2023-10-18 08:40:18,707 [INFO] ApplicationProperties:184 - Using Application install path: /opt/st/stm32cubeide_1.13.2/plugins/com.st.stm32cube.common.mx_6.9.2.202309101412
2023-10-18 08:40:18,796 [INFO] MainUpdater:2868 - connection check result : 10
2023-10-18 08:40:18,797 [INFO] MainUpdater:285 - Updater Check For Update Now.
2023-10-18 08:40:18,797 [INFO] MicroXplorer:498 - Change Database Version : DB.6.0.92
2023-10-18 08:40:18,802 [INFO] McuFinderGlobals:63 - Set McuFinder mode to 2 (CubeIDE integrated)
2023-10-18 08:40:18,965 [INFO] CheckServerUpdateThread:120 - End of CheckServer Thread
2023-10-18 08:40:20,904 [WARN] PackLoader:240 - Cannot read IP mode file for STMicroelectronics.X-CUBE-SMBUS.2.1.0
2023-10-18 08:40:20,937 [WARN] PackLoader:240 - Cannot read IP mode file for STMicroelectronics.X-CUBE-AZRTOS-F7.1.1.0
2023-10-18 08:40:20,951 [WARN] PackLoader:240 - Cannot read IP mode file for STMicroelectronics.FP-SNS-MOTENV1.4.3.2
2023-10-18 08:40:20,960 [WARN] PackLoader:240 - Cannot read IP mode file for STMicroelectronics.FP-SNS-FLIGHT1.5.0.2
2023-10-18 08:40:20,970 [WARN] PackLoader:240 - Cannot read IP mode file for STMicroelectronics.X-CUBE-DISPLAY.3.0.0
2023-10-18 08:40:20,980 [WARN] PackLoader:240 - Cannot read IP mode file for STMicroelectronics.X-CUBE-BLE1.7.0.0
2023-10-18 08:40:20,985 [WARN] PackLoader:240 - Cannot read IP mode file for emotas.I-CUBE-CANOPEN.1.3.0
2023-10-18 08:40:20,988 [WARN] PackLoader:240 - Cannot read IP mode file for STMicroelectronics.X-CUBE-TOUCHGFX.4.22.0
2023-10-18 08:40:20,990 [WARN] PackLoader:240 - Cannot read IP mode file for STMicroelectronics.X-CUBE-TOUCHGFX.4.22.1
2023-10-18 08:40:20,994 [WARN] PackLoader:240 - Cannot read IP mode file for STMicroelectronics.FP-SNS-SMARTAG2.1.2.0
2023-10-18 08:40:21,004 [INFO] LogOutputStream:77 - [STDOUT_REDIRECT] 1 : Invalid condition id : UX_CORESTACK_Condition cause : null
2023-10-18 08:40:21,004 [INFO] LogOutputStream:77 - [STDOUT_REDIRECT] 1 : Invalid condition id : UX_CORESTACK_Condition cause : null
2023-10-18 08:40:21,004 [INFO] LogOutputStream:77 - [STDOUT_REDIRECT] 1 : Invalid condition id : UX_CORESTACK_Condition cause : null
2023-10-18 08:40:21,005 [INFO] LogOutputStream:77 - [STDOUT_REDIRECT] 1 : Invalid condition id : UX_CORESTACK_Condition cause : null
2023-10-18 08:40:21,005 [INFO] LogOutputStream:77 - [STDOUT_REDIRECT] 1 : Invalid condition id : UX_CORESTACK_Condition cause : null
2023-10-18 08:40:21,008 [WARN] PackLoader:240 - Cannot read IP mode file for STMicroelectronics.X-CUBE-AZRTOS-WL.2.0.0
2023-10-18 08:40:21,015 [WARN] PackLoader:240 - Cannot read IP mode file for WES.I-CUBE-Cesium.1.3.0
2023-10-18 08:40:21,019 [WARN] PackLoader:240 - Cannot read IP mode file for STMicroelectronics.X-CUBE-BLE2.3.3.0
2023-10-18 08:40:21,024 [WARN] PackLoader:240 - Cannot read IP mode file for STMicroelectronics.X-CUBE-ALGOBUILD.1.3.0
2023-10-18 08:40:21,046 [WARN] PackLoader:240 - Cannot read IP mode file for STMicroelectronics.X-CUBE-AZRTOS-G0.1.1.0
2023-10-18 08:40:21,053 [WARN] PackLoader:240 - Cannot read IP mode file for STMicroelectronics.X-CUBE-NFC4.3.0.0
2023-10-18 08:40:21,057 [WARN] PackLoader:240 - Cannot read IP mode file for STMicroelectronics.FP-ATR-SIGFOX1.3.2.0
2023-10-18 08:40:21,094 [WARN] PackLoader:240 - Cannot read IP mode file for SEGGER.I-CUBE-embOS.1.3.1
2023-10-18 08:40:21,144 [WARN] PackLoader:240 - Cannot read IP mode file for STMicroelectronics.X-CUBE-GNSS1.6.0.0
2023-10-18 08:40:21,163 [WARN] PackLoader:240 - Cannot read IP mode file for STMicroelectronics.X-CUBE-AZRTOS-F4.1.1.0
2023-10-18 08:40:21,169 [WARN] PackLoader:240 - Cannot read IP mode file for wolfSSL.I-CUBE-wolfSSL.5.6.3
2023-10-18 08:40:21,188 [WARN] PackLoader:240 - Cannot read IP mode file for STMicroelectronics.X-CUBE-AZRTOS-L5.2.0.0
2023-10-18 08:40:21,245 [WARN] PackLoader:240 - Cannot read IP mode file for STMicroelectronics.X-CUBE-MEMS1.9.6.0
2023-10-18 08:40:21,419 [WARN] PackLoader:240 - Cannot read IP mode file for ITTIA_DB.I-CUBE-ITTIADB.8.8.0
2023-10-18 08:40:21,424 [WARN] PackLoader:240 - Cannot read IP mode file for STMicroelectronics.X-CUBE-BLEMGR.2.0.0
2023-10-18 08:40:21,437 [WARN] ConditionMgr:438 - getConditionDescription Invalid condition id : UX DEVICE CLASS RTOS Condition cause : null
2023-10-18 08:40:21,437 [WARN] ConditionMgr:438 - getConditionDescription Invalid condition id : UX DEVICE CLASS RTOS Condition cause : null
2023-10-18 08:40:21,440 [WARN] PackLoader:240 - Cannot read IP mode file for STMicroelectronics.X-CUBE-AZRTOS-H7.3.1.0
2023-10-18 08:40:21,441 [WARN] ConditionMgr:1039 - genDependencies : Invalid condition id : UX DEVICE CLASS RTOS Condition cause : null
2023-10-18 08:40:21,441 [WARN] ConditionMgr:1039 - genDependencies : Invalid condition id : UX DEVICE CLASS RTOS Condition cause : null
2023-10-18 08:40:21,441 [WARN] ConditionMgr:1039 - genDependencies : Invalid condition id : UX DEVICE CLASS RTOS Condition cause : null
2023-10-18 08:40:21,442 [WARN] ConditionMgr:1039 - genDependencies : Invalid condition id : UX DEVICE CLASS RTOS Condition cause : null
2023-10-18 08:40:21,442 [WARN] ConditionMgr:1039 - genDependencies : Invalid condition id : UX DEVICE CLASS RTOS Condition cause : null
2023-10-18 08:40:21,447 [WARN] PackLoader:240 - Cannot read IP mode file for STMicroelectronics.X-CUBE-NFC7.1.0.1
2023-10-18 08:40:21,453 [WARN] PackLoader:240 - Cannot read IP mode file for STMicroelectronics.X-CUBE-NFC6.3.0.0
2023-10-18 08:40:21,457 [WARN] PackLoader:240 - Cannot read IP mode file for STMicroelectronics.X-CUBE-EEPRMA1.4.1.0
2023-10-18 08:40:21,461 [WARN] PackLoader:240 - Cannot read IP mode file for STMicroelectronics.X-CUBE-AI.8.1.0
2023-10-18 08:40:21,479 [WARN] ConditionMgr:438 - getConditionDescription Invalid condition id : LAN8742 Phy interface Condition cause : null
2023-10-18 08:40:21,480 [WARN] PackLoader:240 - Cannot read IP mode file for STMicroelectronics.X-CUBE-AZRTOS-L4.2.0.0
2023-10-18 08:40:21,481 [WARN] ConditionMgr:1039 - genDependencies : Invalid condition id : LAN8742 Phy interface Condition cause : null
2023-10-18 08:40:21,481 [WARN] ConditionMgr:1039 - genDependencies : Invalid condition id : LAN8742 Phy interface Condition cause : null
2023-10-18 08:40:21,482 [WARN] ConditionMgr:1039 - genDependencies : Invalid condition id : LAN8742 Phy interface Condition cause : null
2023-10-18 08:40:21,489 [WARN] PackLoader:240 - Cannot read IP mode file for STMicroelectronics.X-CUBE-SFXS2LP1.4.0.0
2023-10-18 08:40:21,495 [WARN] PackLoader:240 - Cannot read IP mode file for STMicroelectronics.X-CUBE-ISPU.1.1.0
2023-10-18 08:40:21,514 [WARN] ConditionMgr:438 - getConditionDescription Invalid condition id : UX DEVICE CLASS RTOS Condition cause : null
2023-10-18 08:40:21,514 [WARN] ConditionMgr:438 - getConditionDescription Invalid condition id : UX DEVICE CLASS RTOS Condition cause : null
2023-10-18 08:40:21,516 [WARN] PackLoader:240 - Cannot read IP mode file for STMicroelectronics.X-CUBE-AZRTOS-WB.2.0.0
2023-10-18 08:40:21,517 [WARN] ConditionMgr:1039 - genDependencies : Invalid condition id : UX DEVICE CLASS RTOS Condition cause : null
2023-10-18 08:40:21,517 [WARN] ConditionMgr:1039 - genDependencies : Invalid condition id : UX DEVICE CLASS RTOS Condition cause : null
2023-10-18 08:40:21,518 [WARN] ConditionMgr:1039 - genDependencies : Invalid condition id : UX DEVICE CLASS RTOS Condition cause : null
2023-10-18 08:40:21,518 [WARN] ConditionMgr:1039 - genDependencies : Invalid condition id : UX DEVICE CLASS RTOS Condition cause : null
2023-10-18 08:40:21,518 [WARN] ConditionMgr:1039 - genDependencies : Invalid condition id : UX DEVICE CLASS RTOS Condition cause : null
2023-10-18 08:40:21,524 [WARN] PackLoader:240 - Cannot read IP mode file for STMicroelectronics.X-CUBE-SUBG2.5.0.0
2023-10-18 08:40:21,534 [WARN] PackLoader:240 - Cannot read IP mode file for STMicroelectronics.X-CUBE-TOF1.3.3.1
2023-10-18 08:40:21,551 [WARN] PackLoader:240 - Cannot read IP mode file for STMicroelectronics.X-CUBE-AZRTOS-G4.2.0.0
2023-10-18 08:40:21,559 [WARN] PackLoader:240 - Cannot read IP mode file for Infineon.AIROC-Wi-Fi-Bluetooth-STM32.1.5.1
2023-10-18 08:40:21,595 [WARN] PackLoader:240 - Cannot read IP mode file for STMicroelectronics.X-CUBE-MEMS1.10.0.0
2023-10-18 08:40:21,689 [WARN] PackLoader:240 - Cannot read IP mode file for STMicroelectronics.X-CUBE-FREERTOS.1.1.0
2023-10-18 08:40:21,692 [WARN] PackLoader:240 - Cannot read IP mode file for portGmbH.I-Cube-SoM-uGOAL.1.1.0
2023-10-18 08:40:21,696 [WARN] PackLoader:240 - Cannot read IP mode file for STMicroelectronics.X-CUBE-ALS.1.0.1
2023-10-18 08:40:21,698 [WARN] PackLoader:240 - Cannot read IP mode file for STMicroelectronics.FP-ATR-ASTRA1.2.0.0
2023-10-18 08:40:21,699 [INFO] ThirdParty:978 - Integrity check success = true
2023-10-18 08:40:21,699 [INFO] IntegrityCheckThread:100 - exiting critical section [integrity check]
2023-10-18 08:40:21,699 [INFO] IntegrityCheckThread:103 - End integrity checks thread
2023-10-18 08:40:39,242 [ERROR] LogOutputStream:75 - [STDERR_REDIRECT] SLF4J: Failed to load class "org.slf4j.impl.StaticLoggerBinder".
2023-10-18 08:40:39,243 [ERROR] LogOutputStream:75 - [STDERR_REDIRECT] SLF4J: Defaulting to no-operation (NOP) logger implementation
2023-10-18 08:40:39,243 [ERROR] LogOutputStream:75 - [STDERR_REDIRECT] SLF4J: See http://www.slf4j.org/codes.html#StaticLoggerBinder for further details.
