2023-10-24 01:02:07,946 [INFO] Activator:176 - 


2023-10-24 01:02:07,952 [INFO] Activator:177 - !SESSION log4j initialized
2023-10-24 01:02:11,812 [INFO] LogOutputStream:77 - [STDOUT_REDIRECT] 
2023-10-24 01:02:13,223 [INFO] ApplicationProperties:184 - Using Application install path: /opt/st/stm32cubeide_1.13.2/plugins/com.st.stm32cube.common.mx_6.9.2.202309101412
2023-10-24 01:02:13,243 [INFO] DbMcusXml:78 - Set database path to: /opt/st/stm32cubeide_1.13.2/plugins/com.st.stm32cube.common.mx_6.9.2.202309101412//db//mcu/
2023-10-24 01:02:13,244 [INFO] ApiDb:274 - Set plugin database path to: /opt/st/stm32cubeide_1.13.2/plugins/com.st.stm32cube.common.mx_6.9.2.202309101412//db//plugins/boardmanager/
2023-10-24 01:02:13,244 [WARN] ApiDb:259 - Overriding images path with different value:  => /opt/st/stm32cubeide_1.13.2/plugins/com.st.stm32cube.common.mx_6.9.2.202309101412//db//plugins/mcufinder/images/
2023-10-24 01:02:13,253 [INFO] ApiDb:250 - Set database path to: /home/ebenezer/.stmcufinder/plugins/mcufinder//mcu/
2023-10-24 01:02:13,255 [INFO] DbMcusAds:125 - Set database path to: /home/ebenezer/.stmcufinder/plugins/mcufinder//mcu/
2023-10-24 01:02:13,257 [INFO] CrossReferenceDbSqlite:203 - Set database path to: /home/ebenezer/.stmcufinder/plugins/mcufinder//mcu/cs/
2023-10-24 01:02:13,370 [INFO] RulesReader:64 - Compatibility file has been processed (293 Rules)
2023-10-24 01:02:13,423 [INFO] DbMcusXml:78 - Set database path to: /opt/st/stm32cubeide_1.13.2/plugins/com.st.stm32cube.common.mx_6.9.2.202309101412//db//mcu/
2023-10-24 01:02:13,423 [INFO] ApiDb:274 - Set plugin database path to: /opt/st/stm32cubeide_1.13.2/plugins/com.st.stm32cube.common.mx_6.9.2.202309101412//db//plugins/boardmanager/
2023-10-24 01:02:13,424 [INFO] ApiDb:261 - Set plugin images path to: /opt/st/stm32cubeide_1.13.2/plugins/com.st.stm32cube.common.mx_6.9.2.202309101412//db//plugins/mcufinder/images/
2023-10-24 01:02:13,424 [WARN] DbFile:41 - Overriding database path with different value: /home/ebenezer/.stmcufinder/plugins/mcufinder/ => /home/ebenezer/.stmcufinder/plugins/mcufinder
2023-10-24 01:02:13,424 [INFO] ApiDb:250 - Set database path to: /home/ebenezer/.stmcufinder/plugins/mcufinder//mcu/
2023-10-24 01:02:13,424 [WARN] DbFile:41 - Overriding database path with different value: /home/ebenezer/.stmcufinder/plugins/mcufinder/ => /home/ebenezer/.stmcufinder/plugins/mcufinder
2023-10-24 01:02:13,424 [INFO] DbMcusAds:125 - Set database path to: /home/ebenezer/.stmcufinder/plugins/mcufinder//mcu/
2023-10-24 01:02:13,424 [WARN] DbFile:41 - Overriding database path with different value: /home/ebenezer/.stmcufinder/plugins/mcufinder/ => /home/ebenezer/.stmcufinder/plugins/mcufinder
2023-10-24 01:02:13,424 [WARN] DbFile:41 - Overriding database path with different value: /home/ebenezer/.stmcufinder/plugins/mcufinder/ => /home/ebenezer/.stmcufinder/plugins/mcufinder
2023-10-24 01:02:13,424 [INFO] CrossReferenceDbSqlite:203 - Set database path to: /home/ebenezer/.stmcufinder/plugins/mcufinder//mcu/cs/
2023-10-24 01:02:13,475 [INFO] MainPanel:262 - HeapMemory: 268435456
2023-10-24 01:02:13,546 [INFO] DbMcusXml:78 - Set database path to: /opt/st/stm32cubeide_1.13.2/plugins/com.st.stm32cube.common.mx_6.9.2.202309101412//db//mcu/
2023-10-24 01:02:13,546 [INFO] ApiDb:274 - Set plugin database path to: /opt/st/stm32cubeide_1.13.2/plugins/com.st.stm32cube.common.mx_6.9.2.202309101412//db//plugins/boardmanager/
2023-10-24 01:02:13,546 [INFO] ApiDb:261 - Set plugin images path to: /opt/st/stm32cubeide_1.13.2/plugins/com.st.stm32cube.common.mx_6.9.2.202309101412//db//plugins/mcufinder/images/
2023-10-24 01:02:13,547 [WARN] DbFile:41 - Overriding database path with different value: /home/ebenezer/.stmcufinder/plugins/mcufinder/ => /home/ebenezer/.stmcufinder/plugins/mcufinder
2023-10-24 01:02:13,547 [INFO] ApiDb:250 - Set database path to: /home/ebenezer/.stmcufinder/plugins/mcufinder//mcu/
2023-10-24 01:02:13,547 [WARN] DbFile:41 - Overriding database path with different value: /home/ebenezer/.stmcufinder/plugins/mcufinder/ => /home/ebenezer/.stmcufinder/plugins/mcufinder
2023-10-24 01:02:13,547 [INFO] DbMcusAds:125 - Set database path to: /home/ebenezer/.stmcufinder/plugins/mcufinder//mcu/
2023-10-24 01:02:13,547 [WARN] DbFile:41 - Overriding database path with different value: /home/ebenezer/.stmcufinder/plugins/mcufinder/ => /home/ebenezer/.stmcufinder/plugins/mcufinder
2023-10-24 01:02:13,547 [WARN] DbFile:41 - Overriding database path with different value: /home/ebenezer/.stmcufinder/plugins/mcufinder/ => /home/ebenezer/.stmcufinder/plugins/mcufinder
2023-10-24 01:02:13,548 [INFO] CrossReferenceDbSqlite:203 - Set database path to: /home/ebenezer/.stmcufinder/plugins/mcufinder//mcu/cs/
2023-10-24 01:02:13,561 [INFO] ApplicationProperties:184 - Using Application install path: /opt/st/stm32cubeide_1.13.2/plugins/com.st.stm32cube.common.mx_6.9.2.202309101412
2023-10-24 01:02:13,563 [INFO] PluginManage:196 - Search for loadable plugins [exclusion list=, ]
2023-10-24 01:02:13,565 [INFO] PluginManage:310 - Check plugin analytics
2023-10-24 01:02:13,699 [INFO] AnalyticsPlugin:253 - Accepted Software Licenses: 
2023-10-24 01:02:13,699 [INFO] AnalyticsPlugin:255 - Accepted CMSIS Pack Licenses: 
2023-10-24 01:02:13,699 [INFO] AnalyticsPlugin:257 - Accepted Firmware Licenses: FW.G0.1.6.0
2023-10-24 01:02:13,702 [INFO] PluginManage:359 - Loaded plugin analytics (category:tool,tabindex:-1)
2023-10-24 01:02:13,702 [INFO] PluginManage:310 - Check plugin cadmodel
2023-10-24 01:02:13,727 [INFO] CADModel:105 - Init CAD model plugin
2023-10-24 01:02:13,727 [INFO] PluginManage:359 - Loaded plugin cadmodel (category:power,tabindex:5)
2023-10-24 01:02:13,728 [INFO] PluginManage:310 - Check plugin clock
2023-10-24 01:02:13,735 [INFO] PluginManage:359 - Loaded plugin clock (category:base,tabindex:2)
2023-10-24 01:02:13,735 [INFO] PluginManage:310 - Check plugin ddr
2023-10-24 01:02:13,737 [INFO] PluginManage:359 - Loaded plugin ddr (category:tool,tabindex:6)
2023-10-24 01:02:13,737 [INFO] PluginManage:310 - Check plugin filemanager
2023-10-24 01:02:13,841 [INFO] PluginManage:359 - Loaded plugin filemanager (category:base,tabindex:10)
2023-10-24 01:02:13,842 [INFO] PluginManage:310 - Check plugin ipmanager
2023-10-24 01:02:13,847 [INFO] PluginManage:359 - Loaded plugin ipmanager (category:base,tabindex:5)
2023-10-24 01:02:13,847 [INFO] PluginManage:310 - Check plugin lpbam
2023-10-24 01:02:13,854 [INFO] PluginManage:359 - Loaded plugin lpbam (category:base,tabindex:0)
2023-10-24 01:02:13,854 [INFO] PluginManage:310 - Check plugin memorymap
2023-10-24 01:02:13,862 [INFO] PluginManage:359 - Loaded plugin memorymap (category:base,tabindex:4)
2023-10-24 01:02:13,862 [INFO] PluginManage:310 - Check plugin pinoutandconfiguration
2023-10-24 01:02:13,866 [INFO] PluginManage:359 - Loaded plugin pinoutandconfiguration (category:base,tabindex:1)
2023-10-24 01:02:13,866 [INFO] PluginManage:310 - Check plugin pinoutconfig
2023-10-24 01:02:13,927 [WARN] SupportedApi:132 - Cannot load RTOS API schema: s4s-elt-must-match.1: The content of 'definitions' must match (annotation?, (simpleType | complexType)?, (unique | key | keyref)*)). A problem was found starting at: attribute.
2023-10-24 01:02:14,033 [INFO] PluginManage:359 - Loaded plugin pinoutconfig (category:base,tabindex:0)
2023-10-24 01:02:14,033 [INFO] PluginManage:310 - Check plugin power
2023-10-24 01:02:14,040 [INFO] PluginManage:359 - Loaded plugin power (category:power,tabindex:4)
2023-10-24 01:02:14,040 [INFO] PluginManage:310 - Check plugin projectmanager
2023-10-24 01:02:14,051 [INFO] PluginManage:359 - Loaded plugin projectmanager (category:projectmanager,tabindex:3)
2023-10-24 01:02:14,051 [INFO] PluginManage:310 - Check plugin thirdparty
2023-10-24 01:02:14,148 [INFO] PluginManage:359 - Loaded plugin thirdparty (category:base,tabindex:-1)
2023-10-24 01:02:14,148 [WARN] IntegrityCheckThread:84 - waiting for thirdparty lock release [integrity check]
2023-10-24 01:02:14,148 [INFO] PluginManage:310 - Check plugin tools
2023-10-24 01:02:14,148 [INFO] IntegrityCheckThread:86 - entering critical section [integrity check]
2023-10-24 01:02:14,149 [INFO] ThirdPartyUpdaterWithRetryManager:70 - Updater plugin not ready yet. [1/15]
2023-10-24 01:02:14,150 [INFO] PluginManage:359 - Loaded plugin tools (category:base,tabindex:7)
2023-10-24 01:02:14,150 [INFO] PluginManage:310 - Check plugin tutovideos
2023-10-24 01:02:14,292 [INFO] PluginManage:359 - Loaded plugin tutovideos (category:base,tabindex:-1)
2023-10-24 01:02:14,293 [INFO] PluginManage:310 - Check plugin updater
2023-10-24 01:02:14,301 [INFO] PluginManage:359 - Loaded plugin updater (category:base,tabindex:12)
2023-10-24 01:02:14,302 [INFO] PluginManage:310 - Check plugin userauth
2023-10-24 01:02:14,306 [INFO] UserAuth:113 - Init User Auth plugin
2023-10-24 01:02:14,306 [INFO] PluginManage:359 - Loaded plugin userauth (category:base,tabindex:14)
2023-10-24 01:02:14,307 [INFO] PluginManage:283 - PluginManage : Loaded plugins [17]
2023-10-24 01:02:14,478 [INFO] PinOutPanel:1499 - setPackage(No Configuration,No Configuration)
2023-10-24 01:02:14,562 [INFO] CADModel:165 - CPN selected for project level
2023-10-24 01:02:14,562 [INFO] CADModel:114 - Register for checkConnection events
2023-10-24 01:02:14,576 [INFO] IPUIPlugin:80 - create IPUIPlugin
2023-10-24 01:02:14,576 [INFO] PluginManager:220 - loadIPPluginJar : add touchsensing
2023-10-24 01:02:14,582 [INFO] IPUIPlugin:80 - create IPUIPlugin
2023-10-24 01:02:14,582 [INFO] PluginManager:220 - loadIPPluginJar : add adc
2023-10-24 01:02:14,583 [INFO] IPUIPlugin:80 - create IPUIPlugin
2023-10-24 01:02:14,583 [INFO] PluginManager:220 - loadIPPluginJar : add fatfs
2023-10-24 01:02:14,586 [INFO] IPUIPlugin:80 - create IPUIPlugin
2023-10-24 01:02:14,586 [INFO] PluginManager:220 - loadIPPluginJar : add ipddr
2023-10-24 01:02:14,588 [INFO] IPUIPlugin:80 - create IPUIPlugin
2023-10-24 01:02:14,588 [INFO] PluginManager:220 - loadIPPluginJar : add openamp
2023-10-24 01:02:14,590 [INFO] IPUIPlugin:80 - create IPUIPlugin
2023-10-24 01:02:14,590 [INFO] PluginManager:220 - loadIPPluginJar : add i3c
2023-10-24 01:02:14,591 [INFO] IPUIPlugin:80 - create IPUIPlugin
2023-10-24 01:02:14,591 [INFO] PluginManager:220 - loadIPPluginJar : add cryp
2023-10-24 01:02:14,593 [INFO] IPUIPlugin:80 - create IPUIPlugin
2023-10-24 01:02:14,593 [INFO] PluginManager:220 - loadIPPluginJar : add fmc
2023-10-24 01:02:14,594 [INFO] IPUIPlugin:80 - create IPUIPlugin
2023-10-24 01:02:14,594 [INFO] PluginManager:220 - loadIPPluginJar : add tsc
2023-10-24 01:02:14,595 [INFO] IPUIPlugin:80 - create IPUIPlugin
2023-10-24 01:02:14,595 [INFO] PluginManager:220 - loadIPPluginJar : add ltdc
2023-10-24 01:02:14,597 [INFO] IPUIPlugin:80 - create IPUIPlugin
2023-10-24 01:02:14,598 [INFO] PluginManager:220 - loadIPPluginJar : add nvic
2023-10-24 01:02:14,599 [INFO] IPUIPlugin:80 - create IPUIPlugin
2023-10-24 01:02:14,599 [INFO] PluginManager:220 - loadIPPluginJar : add dma3
2023-10-24 01:02:14,600 [INFO] IPUIPlugin:80 - create IPUIPlugin
2023-10-24 01:02:14,600 [INFO] PluginManager:220 - loadIPPluginJar : add ucpd
2023-10-24 01:02:14,604 [INFO] IPUIPlugin:80 - create IPUIPlugin
2023-10-24 01:02:14,604 [INFO] PluginManager:220 - loadIPPluginJar : add freertos
2023-10-24 01:02:14,605 [INFO] IPUIPlugin:80 - create IPUIPlugin
2023-10-24 01:02:14,605 [INFO] PluginManager:220 - loadIPPluginJar : add dfsdm
2023-10-24 01:02:14,607 [INFO] IPUIPlugin:80 - create IPUIPlugin
2023-10-24 01:02:14,607 [INFO] PluginManager:220 - loadIPPluginJar : add aes
2023-10-24 01:02:14,611 [INFO] IPUIPlugin:80 - create IPUIPlugin
2023-10-24 01:02:14,611 [INFO] PluginManager:220 - loadIPPluginJar : add linkedlist
2023-10-24 01:02:14,615 [INFO] IPUIPlugin:80 - create IPUIPlugin
2023-10-24 01:02:14,615 [INFO] PluginManager:220 - loadIPPluginJar : add gic
2023-10-24 01:02:14,616 [INFO] IPUIPlugin:80 - create IPUIPlugin
2023-10-24 01:02:14,616 [INFO] PluginManager:220 - loadIPPluginJar : add genericplugin
2023-10-24 01:02:14,618 [INFO] IPUIPlugin:80 - create IPUIPlugin
2023-10-24 01:02:14,618 [INFO] PluginManager:220 - loadIPPluginJar : add resmgrutility
2023-10-24 01:02:14,619 [INFO] IPUIPlugin:80 - create IPUIPlugin
2023-10-24 01:02:14,619 [INFO] PluginManager:220 - loadIPPluginJar : add gfxmmu
2023-10-24 01:02:14,620 [INFO] IPUIPlugin:80 - create IPUIPlugin
2023-10-24 01:02:14,620 [INFO] PluginManager:220 - loadIPPluginJar : add comp
2023-10-24 01:02:14,621 [INFO] IPUIPlugin:80 - create IPUIPlugin
2023-10-24 01:02:14,621 [INFO] PluginManager:220 - loadIPPluginJar : add i2s
2023-10-24 01:02:14,622 [INFO] IPUIPlugin:80 - create IPUIPlugin
2023-10-24 01:02:14,622 [INFO] PluginManager:220 - loadIPPluginJar : add ts
2023-10-24 01:02:14,624 [INFO] IPUIPlugin:80 - create IPUIPlugin
2023-10-24 01:02:14,624 [INFO] PluginManager:220 - loadIPPluginJar : add pdm2pcm
2023-10-24 01:02:14,626 [INFO] IPUIPlugin:80 - create IPUIPlugin
2023-10-24 01:02:14,626 [INFO] PluginManager:220 - loadIPPluginJar : add gtzc
2023-10-24 01:02:14,627 [INFO] IPUIPlugin:80 - create IPUIPlugin
2023-10-24 01:02:14,627 [INFO] PluginManager:220 - loadIPPluginJar : add can
2023-10-24 01:02:14,629 [INFO] IPUIPlugin:80 - create IPUIPlugin
2023-10-24 01:02:14,629 [INFO] PluginManager:220 - loadIPPluginJar : add tracer_emb
2023-10-24 01:02:14,632 [INFO] IPUIPlugin:80 - create IPUIPlugin
2023-10-24 01:02:14,632 [INFO] PluginManager:220 - loadIPPluginJar : add usart
2023-10-24 01:02:14,635 [INFO] IPUIPlugin:80 - create IPUIPlugin
2023-10-24 01:02:14,636 [INFO] PluginManager:220 - loadIPPluginJar : add gpio
2023-10-24 01:02:14,637 [INFO] IPUIPlugin:80 - create IPUIPlugin
2023-10-24 01:02:14,638 [INFO] PluginManager:220 - loadIPPluginJar : add spi
2023-10-24 01:02:14,643 [INFO] IPUIPlugin:80 - create IPUIPlugin
2023-10-24 01:02:14,646 [INFO] PluginManager:220 - loadIPPluginJar : add plateformsettings
2023-10-24 01:02:14,647 [INFO] IPUIPlugin:80 - create IPUIPlugin
2023-10-24 01:02:14,648 [INFO] PluginManager:220 - loadIPPluginJar : add tim
2023-10-24 01:02:14,652 [INFO] IPUIPlugin:80 - create IPUIPlugin
2023-10-24 01:02:14,652 [INFO] PluginManager:220 - loadIPPluginJar : add stm32_wpan
2023-10-24 01:02:14,655 [INFO] IPUIPlugin:80 - create IPUIPlugin
2023-10-24 01:02:14,655 [INFO] PluginManager:220 - loadIPPluginJar : add opamp
2023-10-24 01:02:14,657 [INFO] IPUIPlugin:80 - create IPUIPlugin
2023-10-24 01:02:14,658 [INFO] PluginManager:220 - loadIPPluginJar : add i2c
2023-10-24 01:02:14,664 [INFO] IPUIPlugin:80 - create IPUIPlugin
2023-10-24 01:02:14,664 [INFO] PluginManager:220 - loadIPPluginJar : add mdma
2023-10-24 01:02:14,668 [INFO] IPUIPlugin:80 - create IPUIPlugin
2023-10-24 01:02:14,668 [INFO] PluginManager:220 - loadIPPluginJar : add usbx
2023-10-24 01:02:14,670 [INFO] IPUIPlugin:80 - create IPUIPlugin
2023-10-24 01:02:14,670 [INFO] PluginManager:220 - loadIPPluginJar : add lorawan
2023-10-24 01:02:14,676 [INFO] IPUIPlugin:80 - create IPUIPlugin
2023-10-24 01:02:14,676 [INFO] PluginManager:220 - loadIPPluginJar : add dma
2023-10-24 01:02:14,678 [INFO] IPUIPlugin:80 - create IPUIPlugin
2023-10-24 01:02:14,678 [INFO] PluginManager:220 - loadIPPluginJar : add hash
2023-10-24 01:02:14,679 [INFO] IPUIPlugin:80 - create IPUIPlugin
2023-10-24 01:02:14,680 [INFO] PluginManager:220 - loadIPPluginJar : add quadspi
2023-10-24 01:02:14,683 [INFO] IPUIPlugin:80 - create IPUIPlugin
2023-10-24 01:02:14,683 [INFO] PluginManager:220 - loadIPPluginJar : add sai
2023-10-24 01:02:14,782 [INFO] CADModel:165 - CPN selected for project level
2023-10-24 01:02:14,782 [INFO] CADModel:114 - Register for checkConnection events
2023-10-24 01:02:14,782 [FATAL] Updater:308 - Updater called before beeing initialized
2023-10-24 01:02:14,783 [ERROR] CADModel:125 - Updater not yet initialized, retry later 
2023-10-24 01:02:14,875 [INFO] CADModel:165 - CPN selected for project level
2023-10-24 01:02:14,875 [INFO] CADModel:114 - Register for checkConnection events
2023-10-24 01:02:14,875 [FATAL] Updater:308 - Updater called before beeing initialized
2023-10-24 01:02:14,875 [ERROR] CADModel:125 - Updater not yet initialized, retry later 
2023-10-24 01:02:14,878 [FATAL] Updater:308 - Updater called before beeing initialized
2023-10-24 01:02:14,943 [FATAL] Updater:308 - Updater called before beeing initialized
2023-10-24 01:02:14,950 [INFO] DbMcusAds:53 - JSON generation date=Tue Mar 07 03:50:55 EST 2023 (1678179055114)
2023-10-24 01:02:14,951 [FATAL] Updater:308 - Updater called before beeing initialized
2023-10-24 01:02:14,981 [WARN] DetailPanel:346 - Failed to get advertising image, set to default
2023-10-24 01:02:15,070 [FATAL] Updater:308 - Updater called before beeing initialized
2023-10-24 01:02:15,071 [FATAL] Updater:308 - Updater called before beeing initialized
2023-10-24 01:02:15,072 [FATAL] Updater:308 - Updater called before beeing initialized
2023-10-24 01:02:15,072 [WARN] DetailPanel:346 - Failed to get advertising image, set to default
2023-10-24 01:02:15,073 [FATAL] Updater:308 - Updater called before beeing initialized
2023-10-24 01:02:15,118 [ERROR] Updater:1120 - MainUpdater not yet initialized. External WinMGr cannot be set.
2023-10-24 01:02:15,120 [INFO] Updater:1056 - Updater Version found : 6.9.2
2023-10-24 01:02:15,144 [INFO] ApplicationProperties:184 - Using Application install path: /opt/st/stm32cubeide_1.13.2/plugins/com.st.stm32cube.common.mx_6.9.2.202309101412
2023-10-24 01:02:15,260 [INFO] MainUpdater:2868 - connection check result : 10
2023-10-24 01:02:15,260 [INFO] MainUpdater:3562 - Updater definition file requires update
2023-10-24 01:02:15,261 [INFO] MainUpdater:285 - Updater Check For Update Now.
2023-10-24 01:02:15,261 [INFO] MicroXplorer:498 - Change Database Version : DB.6.0.92
2023-10-24 01:02:15,266 [INFO] McuFinderGlobals:63 - Set McuFinder mode to 2 (CubeIDE integrated)
2023-10-24 01:02:15,312 [INFO] ServerAccessManage:473 - Download File updaters.zip
2023-10-24 01:02:15,393 [INFO] FileExtend:240 - Unzip File : updaters.zip
2023-10-24 01:02:15,393 [INFO] FileExtend:255 - Standard Zip Deflate
2023-10-24 01:02:15,491 [INFO] ServerAccessManage:473 - Download File PacksControlFlags.xml
2023-10-24 01:02:15,533 [INFO] ServerAccessManage:473 - Download File cubemx.pidx
2023-10-24 01:02:15,625 [INFO] LoadServerUpdatesThread:373 - End of LoadServerUpdate Thread
2023-10-24 01:02:15,777 [INFO] CheckServerUpdateThread:120 - End of CheckServer Thread
2023-10-24 01:02:17,237 [WARN] PackLoader:240 - Cannot read IP mode file for STMicroelectronics.X-CUBE-SMBUS.2.1.0
2023-10-24 01:02:17,276 [WARN] PackLoader:240 - Cannot read IP mode file for STMicroelectronics.X-CUBE-AZRTOS-F7.1.1.0
2023-10-24 01:02:17,285 [WARN] PackLoader:240 - Cannot read IP mode file for STMicroelectronics.FP-SNS-MOTENV1.4.3.2
2023-10-24 01:02:17,290 [WARN] PackLoader:240 - Cannot read IP mode file for STMicroelectronics.FP-SNS-FLIGHT1.5.0.2
2023-10-24 01:02:17,298 [WARN] PackLoader:240 - Cannot read IP mode file for STMicroelectronics.X-CUBE-DISPLAY.3.0.0
2023-10-24 01:02:17,309 [WARN] PackLoader:240 - Cannot read IP mode file for STMicroelectronics.X-CUBE-BLE1.7.0.0
2023-10-24 01:02:17,313 [WARN] PackLoader:240 - Cannot read IP mode file for emotas.I-CUBE-CANOPEN.1.3.0
2023-10-24 01:02:17,317 [WARN] PackLoader:240 - Cannot read IP mode file for STMicroelectronics.X-CUBE-TOUCHGFX.4.22.0
2023-10-24 01:02:17,319 [WARN] PackLoader:240 - Cannot read IP mode file for STMicroelectronics.X-CUBE-TOUCHGFX.4.22.1
2023-10-24 01:02:17,322 [WARN] PackLoader:240 - Cannot read IP mode file for STMicroelectronics.FP-SNS-SMARTAG2.1.2.0
2023-10-24 01:02:17,332 [INFO] LogOutputStream:77 - [STDOUT_REDIRECT] 1 : Invalid condition id : UX_CORESTACK_Condition cause : null
2023-10-24 01:02:17,332 [INFO] LogOutputStream:77 - [STDOUT_REDIRECT] 1 : Invalid condition id : UX_CORESTACK_Condition cause : null
2023-10-24 01:02:17,332 [INFO] LogOutputStream:77 - [STDOUT_REDIRECT] 1 : Invalid condition id : UX_CORESTACK_Condition cause : null
2023-10-24 01:02:17,333 [INFO] LogOutputStream:77 - [STDOUT_REDIRECT] 1 : Invalid condition id : UX_CORESTACK_Condition cause : null
2023-10-24 01:02:17,333 [INFO] LogOutputStream:77 - [STDOUT_REDIRECT] 1 : Invalid condition id : UX_CORESTACK_Condition cause : null
2023-10-24 01:02:17,337 [WARN] PackLoader:240 - Cannot read IP mode file for STMicroelectronics.X-CUBE-AZRTOS-WL.2.0.0
2023-10-24 01:02:17,344 [WARN] PackLoader:240 - Cannot read IP mode file for WES.I-CUBE-Cesium.1.3.0
2023-10-24 01:02:17,348 [WARN] PackLoader:240 - Cannot read IP mode file for STMicroelectronics.X-CUBE-BLE2.3.3.0
2023-10-24 01:02:17,353 [WARN] PackLoader:240 - Cannot read IP mode file for STMicroelectronics.X-CUBE-ALGOBUILD.1.3.0
2023-10-24 01:02:17,368 [WARN] PackLoader:240 - Cannot read IP mode file for STMicroelectronics.X-CUBE-AZRTOS-G0.1.1.0
2023-10-24 01:02:17,375 [WARN] PackLoader:240 - Cannot read IP mode file for STMicroelectronics.X-CUBE-NFC4.3.0.0
2023-10-24 01:02:17,379 [WARN] PackLoader:240 - Cannot read IP mode file for STMicroelectronics.FP-ATR-SIGFOX1.3.2.0
2023-10-24 01:02:17,410 [WARN] PackLoader:240 - Cannot read IP mode file for SEGGER.I-CUBE-embOS.1.3.1
2023-10-24 01:02:17,455 [WARN] PackLoader:240 - Cannot read IP mode file for STMicroelectronics.X-CUBE-GNSS1.6.0.0
2023-10-24 01:02:17,472 [WARN] PackLoader:240 - Cannot read IP mode file for STMicroelectronics.X-CUBE-AZRTOS-F4.1.1.0
2023-10-24 01:02:17,479 [WARN] PackLoader:240 - Cannot read IP mode file for wolfSSL.I-CUBE-wolfSSL.5.6.3
2023-10-24 01:02:17,493 [WARN] PackLoader:240 - Cannot read IP mode file for STMicroelectronics.X-CUBE-AZRTOS-L5.2.0.0
2023-10-24 01:02:17,533 [WARN] PackLoader:240 - Cannot read IP mode file for STMicroelectronics.X-CUBE-MEMS1.9.6.0
2023-10-24 01:02:17,720 [WARN] PackLoader:240 - Cannot read IP mode file for ITTIA_DB.I-CUBE-ITTIADB.8.8.0
2023-10-24 01:02:17,726 [WARN] PackLoader:240 - Cannot read IP mode file for STMicroelectronics.X-CUBE-BLEMGR.2.0.0
2023-10-24 01:02:17,742 [WARN] ConditionMgr:438 - getConditionDescription Invalid condition id : UX DEVICE CLASS RTOS Condition cause : null
2023-10-24 01:02:17,742 [WARN] ConditionMgr:438 - getConditionDescription Invalid condition id : UX DEVICE CLASS RTOS Condition cause : null
2023-10-24 01:02:17,745 [WARN] PackLoader:240 - Cannot read IP mode file for STMicroelectronics.X-CUBE-AZRTOS-H7.3.1.0
2023-10-24 01:02:17,747 [WARN] ConditionMgr:1039 - genDependencies : Invalid condition id : UX DEVICE CLASS RTOS Condition cause : null
2023-10-24 01:02:17,747 [WARN] ConditionMgr:1039 - genDependencies : Invalid condition id : UX DEVICE CLASS RTOS Condition cause : null
2023-10-24 01:02:17,748 [WARN] ConditionMgr:1039 - genDependencies : Invalid condition id : UX DEVICE CLASS RTOS Condition cause : null
2023-10-24 01:02:17,748 [WARN] ConditionMgr:1039 - genDependencies : Invalid condition id : UX DEVICE CLASS RTOS Condition cause : null
2023-10-24 01:02:17,749 [WARN] ConditionMgr:1039 - genDependencies : Invalid condition id : UX DEVICE CLASS RTOS Condition cause : null
2023-10-24 01:02:17,754 [WARN] PackLoader:240 - Cannot read IP mode file for STMicroelectronics.X-CUBE-NFC7.1.0.1
2023-10-24 01:02:17,760 [WARN] PackLoader:240 - Cannot read IP mode file for STMicroelectronics.X-CUBE-NFC6.3.0.0
2023-10-24 01:02:17,766 [WARN] PackLoader:240 - Cannot read IP mode file for STMicroelectronics.X-CUBE-EEPRMA1.4.1.0
2023-10-24 01:02:17,770 [WARN] PackLoader:240 - Cannot read IP mode file for STMicroelectronics.X-CUBE-AI.8.1.0
2023-10-24 01:02:17,785 [WARN] ConditionMgr:438 - getConditionDescription Invalid condition id : LAN8742 Phy interface Condition cause : null
2023-10-24 01:02:17,785 [WARN] PackLoader:240 - Cannot read IP mode file for STMicroelectronics.X-CUBE-AZRTOS-L4.2.0.0
2023-10-24 01:02:17,787 [WARN] ConditionMgr:1039 - genDependencies : Invalid condition id : LAN8742 Phy interface Condition cause : null
2023-10-24 01:02:17,787 [WARN] ConditionMgr:1039 - genDependencies : Invalid condition id : LAN8742 Phy interface Condition cause : null
2023-10-24 01:02:17,788 [WARN] ConditionMgr:1039 - genDependencies : Invalid condition id : LAN8742 Phy interface Condition cause : null
2023-10-24 01:02:17,793 [WARN] PackLoader:240 - Cannot read IP mode file for STMicroelectronics.X-CUBE-SFXS2LP1.4.0.0
2023-10-24 01:02:17,797 [WARN] PackLoader:240 - Cannot read IP mode file for STMicroelectronics.X-CUBE-ISPU.1.1.0
2023-10-24 01:02:17,807 [WARN] ConditionMgr:438 - getConditionDescription Invalid condition id : UX DEVICE CLASS RTOS Condition cause : null
2023-10-24 01:02:17,807 [WARN] ConditionMgr:438 - getConditionDescription Invalid condition id : UX DEVICE CLASS RTOS Condition cause : null
2023-10-24 01:02:17,810 [WARN] PackLoader:240 - Cannot read IP mode file for STMicroelectronics.X-CUBE-AZRTOS-WB.2.0.0
2023-10-24 01:02:17,810 [WARN] ConditionMgr:1039 - genDependencies : Invalid condition id : UX DEVICE CLASS RTOS Condition cause : null
2023-10-24 01:02:17,811 [WARN] ConditionMgr:1039 - genDependencies : Invalid condition id : UX DEVICE CLASS RTOS Condition cause : null
2023-10-24 01:02:17,811 [WARN] ConditionMgr:1039 - genDependencies : Invalid condition id : UX DEVICE CLASS RTOS Condition cause : null
2023-10-24 01:02:17,812 [WARN] ConditionMgr:1039 - genDependencies : Invalid condition id : UX DEVICE CLASS RTOS Condition cause : null
2023-10-24 01:02:17,812 [WARN] ConditionMgr:1039 - genDependencies : Invalid condition id : UX DEVICE CLASS RTOS Condition cause : null
2023-10-24 01:02:17,820 [WARN] PackLoader:240 - Cannot read IP mode file for STMicroelectronics.X-CUBE-SUBG2.5.0.0
2023-10-24 01:02:17,833 [WARN] PackLoader:240 - Cannot read IP mode file for STMicroelectronics.X-CUBE-TOF1.3.3.1
2023-10-24 01:02:17,854 [WARN] PackLoader:240 - Cannot read IP mode file for STMicroelectronics.X-CUBE-AZRTOS-G4.2.0.0
2023-10-24 01:02:17,865 [WARN] PackLoader:240 - Cannot read IP mode file for Infineon.AIROC-Wi-Fi-Bluetooth-STM32.1.5.1
2023-10-24 01:02:17,895 [WARN] PackLoader:240 - Cannot read IP mode file for STMicroelectronics.X-CUBE-MEMS1.10.0.0
2023-10-24 01:02:18,018 [WARN] PackLoader:240 - Cannot read IP mode file for STMicroelectronics.X-CUBE-FREERTOS.1.1.0
2023-10-24 01:02:18,023 [WARN] PackLoader:240 - Cannot read IP mode file for portGmbH.I-Cube-SoM-uGOAL.1.1.0
2023-10-24 01:02:18,027 [WARN] PackLoader:240 - Cannot read IP mode file for STMicroelectronics.X-CUBE-ALS.1.0.1
2023-10-24 01:02:18,030 [WARN] PackLoader:240 - Cannot read IP mode file for STMicroelectronics.FP-ATR-ASTRA1.2.0.0
2023-10-24 01:02:18,031 [INFO] ThirdParty:978 - Integrity check success = true
2023-10-24 01:02:18,031 [INFO] IntegrityCheckThread:100 - exiting critical section [integrity check]
2023-10-24 01:02:18,032 [INFO] IntegrityCheckThread:103 - End integrity checks thread
2023-10-24 01:02:35,792 [ERROR] LogOutputStream:75 - [STDERR_REDIRECT] SLF4J: Failed to load class "org.slf4j.impl.StaticLoggerBinder".
2023-10-24 01:02:35,793 [ERROR] LogOutputStream:75 - [STDERR_REDIRECT] SLF4J: Defaulting to no-operation (NOP) logger implementation
2023-10-24 01:02:35,793 [ERROR] LogOutputStream:75 - [STDERR_REDIRECT] SLF4J: See http://www.slf4j.org/codes.html#StaticLoggerBinder for further details.
