2023-12-24 18:49:02,227 [INFO] Activator:176 - 


2023-12-24 18:49:02,232 [INFO] Activator:177 - !SESSION log4j initialized
2023-12-24 18:49:05,712 [INFO] LogOutputStream:77 - [STDOUT_REDIRECT] 
2023-12-24 18:49:06,762 [INFO] ApplicationProperties:184 - Using Application install path: /opt/st/stm32cubeide_1.13.2/plugins/com.st.stm32cube.common.mx_6.9.2.202309101412
2023-12-24 18:49:06,784 [INFO] DbMcusXml:78 - Set database path to: /opt/st/stm32cubeide_1.13.2/plugins/com.st.stm32cube.common.mx_6.9.2.202309101412//db//mcu/
2023-12-24 18:49:06,785 [INFO] ApiDb:274 - Set plugin database path to: /opt/st/stm32cubeide_1.13.2/plugins/com.st.stm32cube.common.mx_6.9.2.202309101412//db//plugins/boardmanager/
2023-12-24 18:49:06,785 [WARN] ApiDb:259 - Overriding images path with different value:  => /opt/st/stm32cubeide_1.13.2/plugins/com.st.stm32cube.common.mx_6.9.2.202309101412//db//plugins/mcufinder/images/
2023-12-24 18:49:06,800 [INFO] ApiDb:250 - Set database path to: /home/ebenezer/.stmcufinder/plugins/mcufinder//mcu/
2023-12-24 18:49:06,801 [INFO] DbMcusAds:125 - Set database path to: /home/ebenezer/.stmcufinder/plugins/mcufinder//mcu/
2023-12-24 18:49:06,809 [INFO] CrossReferenceDbSqlite:203 - Set database path to: /home/ebenezer/.stmcufinder/plugins/mcufinder//mcu/cs/
2023-12-24 18:49:06,961 [INFO] RulesReader:64 - Compatibility file has been processed (293 Rules)
2023-12-24 18:49:07,027 [INFO] DbMcusXml:78 - Set database path to: /opt/st/stm32cubeide_1.13.2/plugins/com.st.stm32cube.common.mx_6.9.2.202309101412//db//mcu/
2023-12-24 18:49:07,028 [INFO] ApiDb:274 - Set plugin database path to: /opt/st/stm32cubeide_1.13.2/plugins/com.st.stm32cube.common.mx_6.9.2.202309101412//db//plugins/boardmanager/
2023-12-24 18:49:07,028 [INFO] ApiDb:261 - Set plugin images path to: /opt/st/stm32cubeide_1.13.2/plugins/com.st.stm32cube.common.mx_6.9.2.202309101412//db//plugins/mcufinder/images/
2023-12-24 18:49:07,028 [WARN] DbFile:41 - Overriding database path with different value: /home/ebenezer/.stmcufinder/plugins/mcufinder/ => /home/ebenezer/.stmcufinder/plugins/mcufinder
2023-12-24 18:49:07,028 [INFO] ApiDb:250 - Set database path to: /home/ebenezer/.stmcufinder/plugins/mcufinder//mcu/
2023-12-24 18:49:07,028 [WARN] DbFile:41 - Overriding database path with different value: /home/ebenezer/.stmcufinder/plugins/mcufinder/ => /home/ebenezer/.stmcufinder/plugins/mcufinder
2023-12-24 18:49:07,028 [INFO] DbMcusAds:125 - Set database path to: /home/ebenezer/.stmcufinder/plugins/mcufinder//mcu/
2023-12-24 18:49:07,028 [WARN] DbFile:41 - Overriding database path with different value: /home/ebenezer/.stmcufinder/plugins/mcufinder/ => /home/ebenezer/.stmcufinder/plugins/mcufinder
2023-12-24 18:49:07,028 [WARN] DbFile:41 - Overriding database path with different value: /home/ebenezer/.stmcufinder/plugins/mcufinder/ => /home/ebenezer/.stmcufinder/plugins/mcufinder
2023-12-24 18:49:07,029 [INFO] CrossReferenceDbSqlite:203 - Set database path to: /home/ebenezer/.stmcufinder/plugins/mcufinder//mcu/cs/
2023-12-24 18:49:07,104 [INFO] MainPanel:262 - HeapMemory: 268435456
2023-12-24 18:49:07,175 [INFO] DbMcusXml:78 - Set database path to: /opt/st/stm32cubeide_1.13.2/plugins/com.st.stm32cube.common.mx_6.9.2.202309101412//db//mcu/
2023-12-24 18:49:07,175 [INFO] ApiDb:274 - Set plugin database path to: /opt/st/stm32cubeide_1.13.2/plugins/com.st.stm32cube.common.mx_6.9.2.202309101412//db//plugins/boardmanager/
2023-12-24 18:49:07,176 [INFO] ApiDb:261 - Set plugin images path to: /opt/st/stm32cubeide_1.13.2/plugins/com.st.stm32cube.common.mx_6.9.2.202309101412//db//plugins/mcufinder/images/
2023-12-24 18:49:07,176 [WARN] DbFile:41 - Overriding database path with different value: /home/ebenezer/.stmcufinder/plugins/mcufinder/ => /home/ebenezer/.stmcufinder/plugins/mcufinder
2023-12-24 18:49:07,176 [INFO] ApiDb:250 - Set database path to: /home/ebenezer/.stmcufinder/plugins/mcufinder//mcu/
2023-12-24 18:49:07,176 [WARN] DbFile:41 - Overriding database path with different value: /home/ebenezer/.stmcufinder/plugins/mcufinder/ => /home/ebenezer/.stmcufinder/plugins/mcufinder
2023-12-24 18:49:07,176 [INFO] DbMcusAds:125 - Set database path to: /home/ebenezer/.stmcufinder/plugins/mcufinder//mcu/
2023-12-24 18:49:07,176 [WARN] DbFile:41 - Overriding database path with different value: /home/ebenezer/.stmcufinder/plugins/mcufinder/ => /home/ebenezer/.stmcufinder/plugins/mcufinder
2023-12-24 18:49:07,176 [WARN] DbFile:41 - Overriding database path with different value: /home/ebenezer/.stmcufinder/plugins/mcufinder/ => /home/ebenezer/.stmcufinder/plugins/mcufinder
2023-12-24 18:49:07,176 [INFO] CrossReferenceDbSqlite:203 - Set database path to: /home/ebenezer/.stmcufinder/plugins/mcufinder//mcu/cs/
2023-12-24 18:49:07,190 [INFO] ApplicationProperties:184 - Using Application install path: /opt/st/stm32cubeide_1.13.2/plugins/com.st.stm32cube.common.mx_6.9.2.202309101412
2023-12-24 18:49:07,192 [INFO] PluginManage:196 - Search for loadable plugins [exclusion list=, ]
2023-12-24 18:49:07,193 [INFO] PluginManage:310 - Check plugin analytics
2023-12-24 18:49:07,337 [INFO] AnalyticsPlugin:253 - Accepted Software Licenses: 
2023-12-24 18:49:07,337 [INFO] AnalyticsPlugin:255 - Accepted CMSIS Pack Licenses: 
2023-12-24 18:49:07,337 [INFO] AnalyticsPlugin:257 - Accepted Firmware Licenses: FW.G0.1.6.0
2023-12-24 18:49:07,340 [INFO] PluginManage:359 - Loaded plugin analytics (category:tool,tabindex:-1)
2023-12-24 18:49:07,341 [INFO] PluginManage:310 - Check plugin cadmodel
2023-12-24 18:49:07,365 [INFO] CADModel:105 - Init CAD model plugin
2023-12-24 18:49:07,366 [INFO] PluginManage:359 - Loaded plugin cadmodel (category:power,tabindex:5)
2023-12-24 18:49:07,366 [INFO] PluginManage:310 - Check plugin clock
2023-12-24 18:49:07,376 [INFO] PluginManage:359 - Loaded plugin clock (category:base,tabindex:2)
2023-12-24 18:49:07,376 [INFO] PluginManage:310 - Check plugin ddr
2023-12-24 18:49:07,378 [INFO] PluginManage:359 - Loaded plugin ddr (category:tool,tabindex:6)
2023-12-24 18:49:07,378 [INFO] PluginManage:310 - Check plugin filemanager
2023-12-24 18:49:07,489 [INFO] PluginManage:359 - Loaded plugin filemanager (category:base,tabindex:10)
2023-12-24 18:49:07,489 [INFO] PluginManage:310 - Check plugin ipmanager
2023-12-24 18:49:07,493 [INFO] PluginManage:359 - Loaded plugin ipmanager (category:base,tabindex:5)
2023-12-24 18:49:07,494 [INFO] PluginManage:310 - Check plugin lpbam
2023-12-24 18:49:07,500 [INFO] PluginManage:359 - Loaded plugin lpbam (category:base,tabindex:0)
2023-12-24 18:49:07,501 [INFO] PluginManage:310 - Check plugin memorymap
2023-12-24 18:49:07,509 [INFO] PluginManage:359 - Loaded plugin memorymap (category:base,tabindex:4)
2023-12-24 18:49:07,509 [INFO] PluginManage:310 - Check plugin pinoutandconfiguration
2023-12-24 18:49:07,514 [INFO] PluginManage:359 - Loaded plugin pinoutandconfiguration (category:base,tabindex:1)
2023-12-24 18:49:07,515 [INFO] PluginManage:310 - Check plugin pinoutconfig
2023-12-24 18:49:07,589 [WARN] SupportedApi:132 - Cannot load RTOS API schema: s4s-elt-must-match.1: The content of 'definitions' must match (annotation?, (simpleType | complexType)?, (unique | key | keyref)*)). A problem was found starting at: attribute.
2023-12-24 18:49:07,735 [INFO] PluginManage:359 - Loaded plugin pinoutconfig (category:base,tabindex:0)
2023-12-24 18:49:07,736 [INFO] PluginManage:310 - Check plugin power
2023-12-24 18:49:07,741 [INFO] PluginManage:359 - Loaded plugin power (category:power,tabindex:4)
2023-12-24 18:49:07,741 [INFO] PluginManage:310 - Check plugin projectmanager
2023-12-24 18:49:07,752 [INFO] PluginManage:359 - Loaded plugin projectmanager (category:projectmanager,tabindex:3)
2023-12-24 18:49:07,752 [INFO] PluginManage:310 - Check plugin thirdparty
2023-12-24 18:49:07,841 [WARN] IntegrityCheckThread:84 - waiting for thirdparty lock release [integrity check]
2023-12-24 18:49:07,842 [INFO] PluginManage:359 - Loaded plugin thirdparty (category:base,tabindex:-1)
2023-12-24 18:49:07,842 [INFO] IntegrityCheckThread:86 - entering critical section [integrity check]
2023-12-24 18:49:07,842 [INFO] PluginManage:310 - Check plugin tools
2023-12-24 18:49:07,843 [INFO] ThirdPartyUpdaterWithRetryManager:70 - Updater plugin not ready yet. [1/15]
2023-12-24 18:49:07,844 [INFO] PluginManage:359 - Loaded plugin tools (category:base,tabindex:7)
2023-12-24 18:49:07,845 [INFO] PluginManage:310 - Check plugin tutovideos
2023-12-24 18:49:07,981 [INFO] PluginManage:359 - Loaded plugin tutovideos (category:base,tabindex:-1)
2023-12-24 18:49:07,982 [INFO] PluginManage:310 - Check plugin updater
2023-12-24 18:49:07,990 [INFO] PluginManage:359 - Loaded plugin updater (category:base,tabindex:12)
2023-12-24 18:49:07,991 [INFO] PluginManage:310 - Check plugin userauth
2023-12-24 18:49:07,995 [INFO] UserAuth:113 - Init User Auth plugin
2023-12-24 18:49:07,995 [INFO] PluginManage:359 - Loaded plugin userauth (category:base,tabindex:14)
2023-12-24 18:49:07,995 [INFO] PluginManage:283 - PluginManage : Loaded plugins [17]
2023-12-24 18:49:08,153 [INFO] PinOutPanel:1499 - setPackage(No Configuration,No Configuration)
2023-12-24 18:49:08,229 [INFO] CADModel:165 - CPN selected for project level
2023-12-24 18:49:08,229 [INFO] CADModel:114 - Register for checkConnection events
2023-12-24 18:49:08,245 [INFO] IPUIPlugin:80 - create IPUIPlugin
2023-12-24 18:49:08,245 [INFO] PluginManager:220 - loadIPPluginJar : add touchsensing
2023-12-24 18:49:08,253 [INFO] IPUIPlugin:80 - create IPUIPlugin
2023-12-24 18:49:08,253 [INFO] PluginManager:220 - loadIPPluginJar : add adc
2023-12-24 18:49:08,255 [INFO] IPUIPlugin:80 - create IPUIPlugin
2023-12-24 18:49:08,255 [INFO] PluginManager:220 - loadIPPluginJar : add fatfs
2023-12-24 18:49:08,258 [INFO] IPUIPlugin:80 - create IPUIPlugin
2023-12-24 18:49:08,258 [INFO] PluginManager:220 - loadIPPluginJar : add ipddr
2023-12-24 18:49:08,261 [INFO] IPUIPlugin:80 - create IPUIPlugin
2023-12-24 18:49:08,261 [INFO] PluginManager:220 - loadIPPluginJar : add openamp
2023-12-24 18:49:08,263 [INFO] IPUIPlugin:80 - create IPUIPlugin
2023-12-24 18:49:08,263 [INFO] PluginManager:220 - loadIPPluginJar : add i3c
2023-12-24 18:49:08,265 [INFO] IPUIPlugin:80 - create IPUIPlugin
2023-12-24 18:49:08,265 [INFO] PluginManager:220 - loadIPPluginJar : add cryp
2023-12-24 18:49:08,268 [INFO] IPUIPlugin:80 - create IPUIPlugin
2023-12-24 18:49:08,268 [INFO] PluginManager:220 - loadIPPluginJar : add fmc
2023-12-24 18:49:08,269 [INFO] IPUIPlugin:80 - create IPUIPlugin
2023-12-24 18:49:08,269 [INFO] PluginManager:220 - loadIPPluginJar : add tsc
2023-12-24 18:49:08,270 [INFO] IPUIPlugin:80 - create IPUIPlugin
2023-12-24 18:49:08,270 [INFO] PluginManager:220 - loadIPPluginJar : add ltdc
2023-12-24 18:49:08,273 [INFO] IPUIPlugin:80 - create IPUIPlugin
2023-12-24 18:49:08,273 [INFO] PluginManager:220 - loadIPPluginJar : add nvic
2023-12-24 18:49:08,276 [INFO] IPUIPlugin:80 - create IPUIPlugin
2023-12-24 18:49:08,276 [INFO] PluginManager:220 - loadIPPluginJar : add dma3
2023-12-24 18:49:08,278 [INFO] IPUIPlugin:80 - create IPUIPlugin
2023-12-24 18:49:08,278 [INFO] PluginManager:220 - loadIPPluginJar : add ucpd
2023-12-24 18:49:08,282 [INFO] IPUIPlugin:80 - create IPUIPlugin
2023-12-24 18:49:08,283 [INFO] PluginManager:220 - loadIPPluginJar : add freertos
2023-12-24 18:49:08,285 [INFO] IPUIPlugin:80 - create IPUIPlugin
2023-12-24 18:49:08,285 [INFO] PluginManager:220 - loadIPPluginJar : add dfsdm
2023-12-24 18:49:08,286 [INFO] IPUIPlugin:80 - create IPUIPlugin
2023-12-24 18:49:08,287 [INFO] PluginManager:220 - loadIPPluginJar : add aes
2023-12-24 18:49:08,293 [INFO] IPUIPlugin:80 - create IPUIPlugin
2023-12-24 18:49:08,293 [INFO] PluginManager:220 - loadIPPluginJar : add linkedlist
2023-12-24 18:49:08,299 [INFO] IPUIPlugin:80 - create IPUIPlugin
2023-12-24 18:49:08,299 [INFO] PluginManager:220 - loadIPPluginJar : add gic
2023-12-24 18:49:08,300 [INFO] IPUIPlugin:80 - create IPUIPlugin
2023-12-24 18:49:08,300 [INFO] PluginManager:220 - loadIPPluginJar : add genericplugin
2023-12-24 18:49:08,302 [INFO] IPUIPlugin:80 - create IPUIPlugin
2023-12-24 18:49:08,302 [INFO] PluginManager:220 - loadIPPluginJar : add resmgrutility
2023-12-24 18:49:08,304 [INFO] IPUIPlugin:80 - create IPUIPlugin
2023-12-24 18:49:08,304 [INFO] PluginManager:220 - loadIPPluginJar : add gfxmmu
2023-12-24 18:49:08,306 [INFO] IPUIPlugin:80 - create IPUIPlugin
2023-12-24 18:49:08,306 [INFO] PluginManager:220 - loadIPPluginJar : add comp
2023-12-24 18:49:08,308 [INFO] IPUIPlugin:80 - create IPUIPlugin
2023-12-24 18:49:08,308 [INFO] PluginManager:220 - loadIPPluginJar : add i2s
2023-12-24 18:49:08,310 [INFO] IPUIPlugin:80 - create IPUIPlugin
2023-12-24 18:49:08,310 [INFO] PluginManager:220 - loadIPPluginJar : add ts
2023-12-24 18:49:08,312 [INFO] IPUIPlugin:80 - create IPUIPlugin
2023-12-24 18:49:08,313 [INFO] PluginManager:220 - loadIPPluginJar : add pdm2pcm
2023-12-24 18:49:08,314 [INFO] IPUIPlugin:80 - create IPUIPlugin
2023-12-24 18:49:08,315 [INFO] PluginManager:220 - loadIPPluginJar : add gtzc
2023-12-24 18:49:08,316 [INFO] IPUIPlugin:80 - create IPUIPlugin
2023-12-24 18:49:08,317 [INFO] PluginManager:220 - loadIPPluginJar : add can
2023-12-24 18:49:08,318 [INFO] IPUIPlugin:80 - create IPUIPlugin
2023-12-24 18:49:08,318 [INFO] PluginManager:220 - loadIPPluginJar : add tracer_emb
2023-12-24 18:49:08,320 [INFO] IPUIPlugin:80 - create IPUIPlugin
2023-12-24 18:49:08,321 [INFO] PluginManager:220 - loadIPPluginJar : add usart
2023-12-24 18:49:08,324 [INFO] IPUIPlugin:80 - create IPUIPlugin
2023-12-24 18:49:08,325 [INFO] PluginManager:220 - loadIPPluginJar : add gpio
2023-12-24 18:49:08,327 [INFO] IPUIPlugin:80 - create IPUIPlugin
2023-12-24 18:49:08,327 [INFO] PluginManager:220 - loadIPPluginJar : add spi
2023-12-24 18:49:08,333 [INFO] IPUIPlugin:80 - create IPUIPlugin
2023-12-24 18:49:08,335 [INFO] PluginManager:220 - loadIPPluginJar : add plateformsettings
2023-12-24 18:49:08,337 [INFO] IPUIPlugin:80 - create IPUIPlugin
2023-12-24 18:49:08,337 [INFO] PluginManager:220 - loadIPPluginJar : add tim
2023-12-24 18:49:08,342 [INFO] IPUIPlugin:80 - create IPUIPlugin
2023-12-24 18:49:08,342 [INFO] PluginManager:220 - loadIPPluginJar : add stm32_wpan
2023-12-24 18:49:08,345 [INFO] IPUIPlugin:80 - create IPUIPlugin
2023-12-24 18:49:08,345 [INFO] PluginManager:220 - loadIPPluginJar : add opamp
2023-12-24 18:49:08,347 [INFO] IPUIPlugin:80 - create IPUIPlugin
2023-12-24 18:49:08,347 [INFO] PluginManager:220 - loadIPPluginJar : add i2c
2023-12-24 18:49:08,353 [INFO] IPUIPlugin:80 - create IPUIPlugin
2023-12-24 18:49:08,353 [INFO] PluginManager:220 - loadIPPluginJar : add mdma
2023-12-24 18:49:08,355 [INFO] IPUIPlugin:80 - create IPUIPlugin
2023-12-24 18:49:08,356 [INFO] PluginManager:220 - loadIPPluginJar : add usbx
2023-12-24 18:49:08,358 [INFO] IPUIPlugin:80 - create IPUIPlugin
2023-12-24 18:49:08,358 [INFO] PluginManager:220 - loadIPPluginJar : add lorawan
2023-12-24 18:49:08,365 [INFO] IPUIPlugin:80 - create IPUIPlugin
2023-12-24 18:49:08,365 [INFO] PluginManager:220 - loadIPPluginJar : add dma
2023-12-24 18:49:08,367 [INFO] IPUIPlugin:80 - create IPUIPlugin
2023-12-24 18:49:08,367 [INFO] PluginManager:220 - loadIPPluginJar : add hash
2023-12-24 18:49:08,369 [INFO] IPUIPlugin:80 - create IPUIPlugin
2023-12-24 18:49:08,369 [INFO] PluginManager:220 - loadIPPluginJar : add quadspi
2023-12-24 18:49:08,372 [INFO] IPUIPlugin:80 - create IPUIPlugin
2023-12-24 18:49:08,372 [INFO] PluginManager:220 - loadIPPluginJar : add sai
2023-12-24 18:49:08,473 [INFO] CADModel:165 - CPN selected for project level
2023-12-24 18:49:08,473 [INFO] CADModel:114 - Register for checkConnection events
2023-12-24 18:49:08,473 [FATAL] Updater:308 - Updater called before beeing initialized
2023-12-24 18:49:08,474 [ERROR] CADModel:125 - Updater not yet initialized, retry later 
2023-12-24 18:49:08,601 [INFO] CADModel:165 - CPN selected for project level
2023-12-24 18:49:08,601 [INFO] CADModel:114 - Register for checkConnection events
2023-12-24 18:49:08,601 [FATAL] Updater:308 - Updater called before beeing initialized
2023-12-24 18:49:08,601 [ERROR] CADModel:125 - Updater not yet initialized, retry later 
2023-12-24 18:49:08,605 [FATAL] Updater:308 - Updater called before beeing initialized
2023-12-24 18:49:08,701 [FATAL] Updater:308 - Updater called before beeing initialized
2023-12-24 18:49:08,707 [INFO] DbMcusAds:53 - JSON generation date=Wed Nov 29 05:52:38 EST 2023 (1701255158764)
2023-12-24 18:49:08,707 [FATAL] Updater:308 - Updater called before beeing initialized
2023-12-24 18:49:08,745 [WARN] DetailPanel:346 - Failed to get advertising image, set to default
2023-12-24 18:49:08,849 [FATAL] Updater:308 - Updater called before beeing initialized
2023-12-24 18:49:08,851 [FATAL] Updater:308 - Updater called before beeing initialized
2023-12-24 18:49:08,851 [FATAL] Updater:308 - Updater called before beeing initialized
2023-12-24 18:49:08,851 [WARN] DetailPanel:346 - Failed to get advertising image, set to default
2023-12-24 18:49:08,852 [FATAL] Updater:308 - Updater called before beeing initialized
2023-12-24 18:49:08,887 [ERROR] Updater:1120 - MainUpdater not yet initialized. External WinMGr cannot be set.
2023-12-24 18:49:08,889 [INFO] Updater:1056 - Updater Version found : 6.9.2
2023-12-24 18:49:08,910 [INFO] ApplicationProperties:184 - Using Application install path: /opt/st/stm32cubeide_1.13.2/plugins/com.st.stm32cube.common.mx_6.9.2.202309101412
2023-12-24 18:49:09,052 [INFO] MainUpdater:2868 - connection check result : 10
2023-12-24 18:49:09,053 [INFO] MainUpdater:285 - Updater Check For Update Now.
2023-12-24 18:49:09,053 [INFO] MicroXplorer:498 - Change Database Version : DB.6.0.92
2023-12-24 18:49:09,060 [INFO] McuFinderGlobals:63 - Set McuFinder mode to 2 (CubeIDE integrated)
2023-12-24 18:49:09,262 [INFO] CheckServerUpdateThread:120 - End of CheckServer Thread
2023-12-24 18:49:10,916 [WARN] PackLoader:240 - Cannot read IP mode file for STMicroelectronics.X-CUBE-SMBUS.2.1.0
2023-12-24 18:49:10,922 [WARN] PackLoader:240 - Cannot read IP mode file for STMicroelectronics.X-CUBE-TOUCHGFX.4.23.0
2023-12-24 18:49:10,949 [WARN] PackLoader:240 - Cannot read IP mode file for STMicroelectronics.X-CUBE-AZRTOS-F7.1.1.0
2023-12-24 18:49:10,958 [WARN] PackLoader:240 - Cannot read IP mode file for STMicroelectronics.FP-SNS-MOTENV1.4.3.2
2023-12-24 18:49:10,965 [WARN] PackLoader:240 - Cannot read IP mode file for STMicroelectronics.FP-SNS-FLIGHT1.5.0.2
2023-12-24 18:49:10,972 [WARN] PackLoader:240 - Cannot read IP mode file for STMicroelectronics.X-CUBE-DISPLAY.3.0.0
2023-12-24 18:49:10,985 [WARN] PackLoader:240 - Cannot read IP mode file for STMicroelectronics.X-CUBE-BLE1.7.0.0
2023-12-24 18:49:10,990 [WARN] PackLoader:240 - Cannot read IP mode file for emotas.I-CUBE-CANOPEN.1.3.0
2023-12-24 18:49:10,993 [WARN] PackLoader:240 - Cannot read IP mode file for STMicroelectronics.X-CUBE-TOUCHGFX.4.22.0
2023-12-24 18:49:10,996 [WARN] PackLoader:240 - Cannot read IP mode file for STMicroelectronics.X-CUBE-TOUCHGFX.4.22.1
2023-12-24 18:49:11,000 [WARN] PackLoader:240 - Cannot read IP mode file for STMicroelectronics.FP-SNS-SMARTAG2.1.2.0
2023-12-24 18:49:11,011 [INFO] LogOutputStream:77 - [STDOUT_REDIRECT] 1 : Invalid condition id : UX_CORESTACK_Condition cause : null
2023-12-24 18:49:11,012 [INFO] LogOutputStream:77 - [STDOUT_REDIRECT] 1 : Invalid condition id : UX_CORESTACK_Condition cause : null
2023-12-24 18:49:11,012 [INFO] LogOutputStream:77 - [STDOUT_REDIRECT] 1 : Invalid condition id : UX_CORESTACK_Condition cause : null
2023-12-24 18:49:11,013 [INFO] LogOutputStream:77 - [STDOUT_REDIRECT] 1 : Invalid condition id : UX_CORESTACK_Condition cause : null
2023-12-24 18:49:11,013 [INFO] LogOutputStream:77 - [STDOUT_REDIRECT] 1 : Invalid condition id : UX_CORESTACK_Condition cause : null
2023-12-24 18:49:11,017 [WARN] PackLoader:240 - Cannot read IP mode file for STMicroelectronics.X-CUBE-AZRTOS-WL.2.0.0
2023-12-24 18:49:11,026 [WARN] PackLoader:240 - Cannot read IP mode file for WES.I-CUBE-Cesium.1.3.0
2023-12-24 18:49:11,030 [WARN] PackLoader:240 - Cannot read IP mode file for STMicroelectronics.X-CUBE-BLE2.3.3.0
2023-12-24 18:49:11,036 [WARN] PackLoader:240 - Cannot read IP mode file for STMicroelectronics.X-CUBE-ALGOBUILD.1.3.0
2023-12-24 18:49:11,051 [WARN] PackLoader:240 - Cannot read IP mode file for STMicroelectronics.X-CUBE-AZRTOS-G0.1.1.0
2023-12-24 18:49:11,058 [WARN] PackLoader:240 - Cannot read IP mode file for STMicroelectronics.X-CUBE-NFC4.3.0.0
2023-12-24 18:49:11,066 [WARN] PackLoader:240 - Cannot read IP mode file for STMicroelectronics.X-CUBE-BLEMGR.3.0.0
2023-12-24 18:49:11,073 [WARN] PackLoader:240 - Cannot read IP mode file for STMicroelectronics.FP-ATR-SIGFOX1.3.2.0
2023-12-24 18:49:11,114 [WARN] PackLoader:240 - Cannot read IP mode file for SEGGER.I-CUBE-embOS.1.3.1
2023-12-24 18:49:11,159 [WARN] PackLoader:240 - Cannot read IP mode file for STMicroelectronics.X-CUBE-GNSS1.6.0.0
2023-12-24 18:49:11,172 [WARN] PackLoader:240 - Cannot read IP mode file for STMicroelectronics.X-CUBE-AZRTOS-F4.1.1.0
2023-12-24 18:49:11,177 [WARN] PackLoader:240 - Cannot read IP mode file for wolfSSL.I-CUBE-wolfSSL.5.6.3
2023-12-24 18:49:11,189 [WARN] PackLoader:240 - Cannot read IP mode file for STMicroelectronics.X-CUBE-AZRTOS-L5.2.0.0
2023-12-24 18:49:11,246 [WARN] PackLoader:240 - Cannot read IP mode file for STMicroelectronics.X-CUBE-MEMS1.9.6.0
2023-12-24 18:49:11,526 [WARN] PackLoader:240 - Cannot read IP mode file for STMicroelectronics.X-CUBE-EEPRMA1.4.2.0
2023-12-24 18:49:11,536 [WARN] PackLoader:240 - Cannot read IP mode file for ITTIA_DB.I-CUBE-ITTIADB.8.8.0
2023-12-24 18:49:11,544 [WARN] PackLoader:240 - Cannot read IP mode file for STMicroelectronics.X-CUBE-BLEMGR.2.0.0
2023-12-24 18:49:11,565 [WARN] ConditionMgr:438 - getConditionDescription Invalid condition id : UX DEVICE CLASS RTOS Condition cause : null
2023-12-24 18:49:11,566 [WARN] ConditionMgr:438 - getConditionDescription Invalid condition id : UX DEVICE CLASS RTOS Condition cause : null
2023-12-24 18:49:11,570 [WARN] PackLoader:240 - Cannot read IP mode file for STMicroelectronics.X-CUBE-AZRTOS-H7.3.1.0
2023-12-24 18:49:11,571 [WARN] ConditionMgr:1039 - genDependencies : Invalid condition id : UX DEVICE CLASS RTOS Condition cause : null
2023-12-24 18:49:11,571 [WARN] ConditionMgr:1039 - genDependencies : Invalid condition id : UX DEVICE CLASS RTOS Condition cause : null
2023-12-24 18:49:11,572 [WARN] ConditionMgr:1039 - genDependencies : Invalid condition id : UX DEVICE CLASS RTOS Condition cause : null
2023-12-24 18:49:11,573 [WARN] ConditionMgr:1039 - genDependencies : Invalid condition id : UX DEVICE CLASS RTOS Condition cause : null
2023-12-24 18:49:11,573 [WARN] ConditionMgr:1039 - genDependencies : Invalid condition id : UX DEVICE CLASS RTOS Condition cause : null
2023-12-24 18:49:11,579 [WARN] PackLoader:240 - Cannot read IP mode file for STMicroelectronics.X-CUBE-NFC7.1.0.1
2023-12-24 18:49:11,587 [WARN] PackLoader:240 - Cannot read IP mode file for STMicroelectronics.X-CUBE-NFC6.3.0.0
2023-12-24 18:49:11,594 [WARN] PackLoader:240 - Cannot read IP mode file for STMicroelectronics.X-CUBE-EEPRMA1.4.1.0
2023-12-24 18:49:11,598 [WARN] PackLoader:240 - Cannot read IP mode file for STMicroelectronics.X-CUBE-AI.8.1.0
2023-12-24 18:49:11,617 [WARN] ConditionMgr:438 - getConditionDescription Invalid condition id : LAN8742 Phy interface Condition cause : null
2023-12-24 18:49:11,618 [WARN] PackLoader:240 - Cannot read IP mode file for STMicroelectronics.X-CUBE-AZRTOS-L4.2.0.0
2023-12-24 18:49:11,620 [WARN] ConditionMgr:1039 - genDependencies : Invalid condition id : LAN8742 Phy interface Condition cause : null
2023-12-24 18:49:11,620 [WARN] ConditionMgr:1039 - genDependencies : Invalid condition id : LAN8742 Phy interface Condition cause : null
2023-12-24 18:49:11,621 [WARN] ConditionMgr:1039 - genDependencies : Invalid condition id : LAN8742 Phy interface Condition cause : null
2023-12-24 18:49:11,627 [WARN] PackLoader:240 - Cannot read IP mode file for STMicroelectronics.X-CUBE-SFXS2LP1.4.0.0
2023-12-24 18:49:11,632 [WARN] PackLoader:240 - Cannot read IP mode file for STMicroelectronics.X-CUBE-ISPU.1.1.0
2023-12-24 18:49:11,645 [WARN] ConditionMgr:438 - getConditionDescription Invalid condition id : UX DEVICE CLASS RTOS Condition cause : null
2023-12-24 18:49:11,646 [WARN] ConditionMgr:438 - getConditionDescription Invalid condition id : UX DEVICE CLASS RTOS Condition cause : null
2023-12-24 18:49:11,648 [WARN] PackLoader:240 - Cannot read IP mode file for STMicroelectronics.X-CUBE-AZRTOS-WB.2.0.0
2023-12-24 18:49:11,649 [WARN] ConditionMgr:1039 - genDependencies : Invalid condition id : UX DEVICE CLASS RTOS Condition cause : null
2023-12-24 18:49:11,649 [WARN] ConditionMgr:1039 - genDependencies : Invalid condition id : UX DEVICE CLASS RTOS Condition cause : null
2023-12-24 18:49:11,650 [WARN] ConditionMgr:1039 - genDependencies : Invalid condition id : UX DEVICE CLASS RTOS Condition cause : null
2023-12-24 18:49:11,651 [WARN] ConditionMgr:1039 - genDependencies : Invalid condition id : UX DEVICE CLASS RTOS Condition cause : null
2023-12-24 18:49:11,651 [WARN] ConditionMgr:1039 - genDependencies : Invalid condition id : UX DEVICE CLASS RTOS Condition cause : null
2023-12-24 18:49:11,661 [WARN] PackLoader:240 - Cannot read IP mode file for STMicroelectronics.X-CUBE-SUBG2.5.0.0
2023-12-24 18:49:11,677 [WARN] PackLoader:240 - Cannot read IP mode file for STMicroelectronics.X-CUBE-TOF1.3.3.1
2023-12-24 18:49:11,704 [WARN] PackLoader:240 - Cannot read IP mode file for STMicroelectronics.X-CUBE-AZRTOS-G4.2.0.0
2023-12-24 18:49:11,722 [WARN] PackLoader:240 - Cannot read IP mode file for Infineon.AIROC-Wi-Fi-Bluetooth-STM32.1.5.1
2023-12-24 18:49:11,731 [WARN] PackLoader:240 - Cannot read IP mode file for STMicroelectronics.FP-SNS-MOTENVWB1.1.3.0
2023-12-24 18:49:11,735 [WARN] PackLoader:240 - Cannot read IP mode file for STMicroelectronics.FP-SNS-MOTENVWB1.1.3.1
2023-12-24 18:49:11,737 [WARN] PackLoader:240 - Cannot read IP mode file for STMicroelectronics.X-CUBE-ISPU.2.0.0
2023-12-24 18:49:11,769 [WARN] PackLoader:240 - Cannot read IP mode file for STMicroelectronics.X-CUBE-MEMS1.10.0.0
2023-12-24 18:49:11,887 [WARN] PackLoader:240 - Cannot read IP mode file for STMicroelectronics.X-CUBE-FREERTOS.1.1.0
2023-12-24 18:49:11,891 [WARN] PackLoader:240 - Cannot read IP mode file for portGmbH.I-Cube-SoM-uGOAL.1.1.0
2023-12-24 18:49:11,894 [WARN] PackLoader:240 - Cannot read IP mode file for STMicroelectronics.X-CUBE-ALS.1.0.1
2023-12-24 18:49:11,896 [WARN] PackLoader:240 - Cannot read IP mode file for STMicroelectronics.FP-ATR-ASTRA1.2.0.0
2023-12-24 18:49:11,904 [WARN] PackLoader:240 - Cannot read IP mode file for STMicroelectronics.X-CUBE-TOF1.3.4.0
2023-12-24 18:49:11,941 [WARN] PackLoader:240 - Cannot read IP mode file for STMicroelectronics.X-CUBE-AZRTOS-H7.3.2.0
2023-12-24 18:49:11,944 [INFO] ThirdParty:978 - Integrity check success = true
2023-12-24 18:49:11,944 [INFO] IntegrityCheckThread:100 - exiting critical section [integrity check]
2023-12-24 18:49:11,944 [INFO] IntegrityCheckThread:103 - End integrity checks thread
2023-12-24 18:49:29,590 [ERROR] LogOutputStream:75 - [STDERR_REDIRECT] SLF4J: Failed to load class "org.slf4j.impl.StaticLoggerBinder".
2023-12-24 18:49:29,591 [ERROR] LogOutputStream:75 - [STDERR_REDIRECT] SLF4J: Defaulting to no-operation (NOP) logger implementation
2023-12-24 18:49:29,591 [ERROR] LogOutputStream:75 - [STDERR_REDIRECT] SLF4J: See http://www.slf4j.org/codes.html#StaticLoggerBinder for further details.
