2023-11-20 01:30:49,891 [INFO] Activator:176 - 


2023-11-20 01:30:49,900 [INFO] Activator:177 - !SESSION log4j initialized
2023-11-20 01:30:53,917 [INFO] LogOutputStream:77 - [STDOUT_REDIRECT] 
2023-11-20 01:30:55,068 [INFO] ApplicationProperties:184 - Using Application install path: /opt/st/stm32cubeide_1.13.2/plugins/com.st.stm32cube.common.mx_6.9.2.202309101412
2023-11-20 01:30:55,108 [INFO] DbMcusXml:78 - Set database path to: /opt/st/stm32cubeide_1.13.2/plugins/com.st.stm32cube.common.mx_6.9.2.202309101412//db//mcu/
2023-11-20 01:30:55,109 [INFO] ApiDb:274 - Set plugin database path to: /opt/st/stm32cubeide_1.13.2/plugins/com.st.stm32cube.common.mx_6.9.2.202309101412//db//plugins/boardmanager/
2023-11-20 01:30:55,109 [WARN] ApiDb:259 - Overriding images path with different value:  => /opt/st/stm32cubeide_1.13.2/plugins/com.st.stm32cube.common.mx_6.9.2.202309101412//db//plugins/mcufinder/images/
2023-11-20 01:30:55,126 [INFO] ApiDb:250 - Set database path to: /home/ebenezer/.stmcufinder/plugins/mcufinder//mcu/
2023-11-20 01:30:55,128 [INFO] DbMcusAds:125 - Set database path to: /home/ebenezer/.stmcufinder/plugins/mcufinder//mcu/
2023-11-20 01:30:55,131 [INFO] CrossReferenceDbSqlite:203 - Set database path to: /home/ebenezer/.stmcufinder/plugins/mcufinder//mcu/cs/
2023-11-20 01:30:55,251 [INFO] RulesReader:64 - Compatibility file has been processed (293 Rules)
2023-11-20 01:30:55,319 [INFO] DbMcusXml:78 - Set database path to: /opt/st/stm32cubeide_1.13.2/plugins/com.st.stm32cube.common.mx_6.9.2.202309101412//db//mcu/
2023-11-20 01:30:55,320 [INFO] ApiDb:274 - Set plugin database path to: /opt/st/stm32cubeide_1.13.2/plugins/com.st.stm32cube.common.mx_6.9.2.202309101412//db//plugins/boardmanager/
2023-11-20 01:30:55,320 [INFO] ApiDb:261 - Set plugin images path to: /opt/st/stm32cubeide_1.13.2/plugins/com.st.stm32cube.common.mx_6.9.2.202309101412//db//plugins/mcufinder/images/
2023-11-20 01:30:55,320 [WARN] DbFile:41 - Overriding database path with different value: /home/ebenezer/.stmcufinder/plugins/mcufinder/ => /home/ebenezer/.stmcufinder/plugins/mcufinder
2023-11-20 01:30:55,320 [INFO] ApiDb:250 - Set database path to: /home/ebenezer/.stmcufinder/plugins/mcufinder//mcu/
2023-11-20 01:30:55,321 [WARN] DbFile:41 - Overriding database path with different value: /home/ebenezer/.stmcufinder/plugins/mcufinder/ => /home/ebenezer/.stmcufinder/plugins/mcufinder
2023-11-20 01:30:55,321 [INFO] DbMcusAds:125 - Set database path to: /home/ebenezer/.stmcufinder/plugins/mcufinder//mcu/
2023-11-20 01:30:55,321 [WARN] DbFile:41 - Overriding database path with different value: /home/ebenezer/.stmcufinder/plugins/mcufinder/ => /home/ebenezer/.stmcufinder/plugins/mcufinder
2023-11-20 01:30:55,321 [WARN] DbFile:41 - Overriding database path with different value: /home/ebenezer/.stmcufinder/plugins/mcufinder/ => /home/ebenezer/.stmcufinder/plugins/mcufinder
2023-11-20 01:30:55,322 [INFO] CrossReferenceDbSqlite:203 - Set database path to: /home/ebenezer/.stmcufinder/plugins/mcufinder//mcu/cs/
2023-11-20 01:30:55,420 [INFO] MainPanel:262 - HeapMemory: 268435456
2023-11-20 01:30:55,562 [INFO] DbMcusXml:78 - Set database path to: /opt/st/stm32cubeide_1.13.2/plugins/com.st.stm32cube.common.mx_6.9.2.202309101412//db//mcu/
2023-11-20 01:30:55,562 [INFO] ApiDb:274 - Set plugin database path to: /opt/st/stm32cubeide_1.13.2/plugins/com.st.stm32cube.common.mx_6.9.2.202309101412//db//plugins/boardmanager/
2023-11-20 01:30:55,562 [INFO] ApiDb:261 - Set plugin images path to: /opt/st/stm32cubeide_1.13.2/plugins/com.st.stm32cube.common.mx_6.9.2.202309101412//db//plugins/mcufinder/images/
2023-11-20 01:30:55,563 [WARN] DbFile:41 - Overriding database path with different value: /home/ebenezer/.stmcufinder/plugins/mcufinder/ => /home/ebenezer/.stmcufinder/plugins/mcufinder
2023-11-20 01:30:55,563 [INFO] ApiDb:250 - Set database path to: /home/ebenezer/.stmcufinder/plugins/mcufinder//mcu/
2023-11-20 01:30:55,563 [WARN] DbFile:41 - Overriding database path with different value: /home/ebenezer/.stmcufinder/plugins/mcufinder/ => /home/ebenezer/.stmcufinder/plugins/mcufinder
2023-11-20 01:30:55,563 [INFO] DbMcusAds:125 - Set database path to: /home/ebenezer/.stmcufinder/plugins/mcufinder//mcu/
2023-11-20 01:30:55,563 [WARN] DbFile:41 - Overriding database path with different value: /home/ebenezer/.stmcufinder/plugins/mcufinder/ => /home/ebenezer/.stmcufinder/plugins/mcufinder
2023-11-20 01:30:55,564 [WARN] DbFile:41 - Overriding database path with different value: /home/ebenezer/.stmcufinder/plugins/mcufinder/ => /home/ebenezer/.stmcufinder/plugins/mcufinder
2023-11-20 01:30:55,564 [INFO] CrossReferenceDbSqlite:203 - Set database path to: /home/ebenezer/.stmcufinder/plugins/mcufinder//mcu/cs/
2023-11-20 01:30:55,587 [INFO] ApplicationProperties:184 - Using Application install path: /opt/st/stm32cubeide_1.13.2/plugins/com.st.stm32cube.common.mx_6.9.2.202309101412
2023-11-20 01:30:55,590 [INFO] PluginManage:196 - Search for loadable plugins [exclusion list=, ]
2023-11-20 01:30:55,591 [INFO] PluginManage:310 - Check plugin analytics
2023-11-20 01:30:55,788 [INFO] AnalyticsPlugin:253 - Accepted Software Licenses: 
2023-11-20 01:30:55,789 [INFO] AnalyticsPlugin:255 - Accepted CMSIS Pack Licenses: 
2023-11-20 01:30:55,789 [INFO] AnalyticsPlugin:257 - Accepted Firmware Licenses: FW.G0.1.6.0
2023-11-20 01:30:55,792 [INFO] PluginManage:359 - Loaded plugin analytics (category:tool,tabindex:-1)
2023-11-20 01:30:55,792 [INFO] PluginManage:310 - Check plugin cadmodel
2023-11-20 01:30:55,817 [INFO] CADModel:105 - Init CAD model plugin
2023-11-20 01:30:55,817 [INFO] PluginManage:359 - Loaded plugin cadmodel (category:power,tabindex:5)
2023-11-20 01:30:55,818 [INFO] PluginManage:310 - Check plugin clock
2023-11-20 01:30:55,826 [INFO] PluginManage:359 - Loaded plugin clock (category:base,tabindex:2)
2023-11-20 01:30:55,826 [INFO] PluginManage:310 - Check plugin ddr
2023-11-20 01:30:55,828 [INFO] PluginManage:359 - Loaded plugin ddr (category:tool,tabindex:6)
2023-11-20 01:30:55,828 [INFO] PluginManage:310 - Check plugin filemanager
2023-11-20 01:30:55,953 [INFO] PluginManage:359 - Loaded plugin filemanager (category:base,tabindex:10)
2023-11-20 01:30:55,953 [INFO] PluginManage:310 - Check plugin ipmanager
2023-11-20 01:30:55,958 [INFO] PluginManage:359 - Loaded plugin ipmanager (category:base,tabindex:5)
2023-11-20 01:30:55,958 [INFO] PluginManage:310 - Check plugin lpbam
2023-11-20 01:30:55,967 [INFO] PluginManage:359 - Loaded plugin lpbam (category:base,tabindex:0)
2023-11-20 01:30:55,967 [INFO] PluginManage:310 - Check plugin memorymap
2023-11-20 01:30:55,976 [INFO] PluginManage:359 - Loaded plugin memorymap (category:base,tabindex:4)
2023-11-20 01:30:55,976 [INFO] PluginManage:310 - Check plugin pinoutandconfiguration
2023-11-20 01:30:55,983 [INFO] PluginManage:359 - Loaded plugin pinoutandconfiguration (category:base,tabindex:1)
2023-11-20 01:30:55,984 [INFO] PluginManage:310 - Check plugin pinoutconfig
2023-11-20 01:30:56,077 [WARN] SupportedApi:132 - Cannot load RTOS API schema: s4s-elt-must-match.1: The content of 'definitions' must match (annotation?, (simpleType | complexType)?, (unique | key | keyref)*)). A problem was found starting at: attribute.
2023-11-20 01:30:56,224 [INFO] PluginManage:359 - Loaded plugin pinoutconfig (category:base,tabindex:0)
2023-11-20 01:30:56,224 [INFO] PluginManage:310 - Check plugin power
2023-11-20 01:30:56,232 [INFO] PluginManage:359 - Loaded plugin power (category:power,tabindex:4)
2023-11-20 01:30:56,232 [INFO] PluginManage:310 - Check plugin projectmanager
2023-11-20 01:30:56,247 [INFO] PluginManage:359 - Loaded plugin projectmanager (category:projectmanager,tabindex:3)
2023-11-20 01:30:56,247 [INFO] PluginManage:310 - Check plugin thirdparty
2023-11-20 01:30:56,369 [INFO] PluginManage:359 - Loaded plugin thirdparty (category:base,tabindex:-1)
2023-11-20 01:30:56,368 [WARN] IntegrityCheckThread:84 - waiting for thirdparty lock release [integrity check]
2023-11-20 01:30:56,369 [INFO] PluginManage:310 - Check plugin tools
2023-11-20 01:30:56,369 [INFO] IntegrityCheckThread:86 - entering critical section [integrity check]
2023-11-20 01:30:56,369 [INFO] ThirdPartyUpdaterWithRetryManager:70 - Updater plugin not ready yet. [1/15]
2023-11-20 01:30:56,371 [INFO] PluginManage:359 - Loaded plugin tools (category:base,tabindex:7)
2023-11-20 01:30:56,372 [INFO] PluginManage:310 - Check plugin tutovideos
2023-11-20 01:30:56,539 [INFO] PluginManage:359 - Loaded plugin tutovideos (category:base,tabindex:-1)
2023-11-20 01:30:56,539 [INFO] PluginManage:310 - Check plugin updater
2023-11-20 01:30:56,549 [INFO] PluginManage:359 - Loaded plugin updater (category:base,tabindex:12)
2023-11-20 01:30:56,550 [INFO] PluginManage:310 - Check plugin userauth
2023-11-20 01:30:56,557 [INFO] UserAuth:113 - Init User Auth plugin
2023-11-20 01:30:56,557 [INFO] PluginManage:359 - Loaded plugin userauth (category:base,tabindex:14)
2023-11-20 01:30:56,557 [INFO] PluginManage:283 - PluginManage : Loaded plugins [17]
2023-11-20 01:30:56,760 [INFO] PinOutPanel:1499 - setPackage(No Configuration,No Configuration)
2023-11-20 01:30:56,848 [INFO] CADModel:165 - CPN selected for project level
2023-11-20 01:30:56,848 [INFO] CADModel:114 - Register for checkConnection events
2023-11-20 01:30:56,861 [INFO] IPUIPlugin:80 - create IPUIPlugin
2023-11-20 01:30:56,861 [INFO] PluginManager:220 - loadIPPluginJar : add touchsensing
2023-11-20 01:30:56,869 [INFO] IPUIPlugin:80 - create IPUIPlugin
2023-11-20 01:30:56,869 [INFO] PluginManager:220 - loadIPPluginJar : add adc
2023-11-20 01:30:56,871 [INFO] IPUIPlugin:80 - create IPUIPlugin
2023-11-20 01:30:56,871 [INFO] PluginManager:220 - loadIPPluginJar : add fatfs
2023-11-20 01:30:56,874 [INFO] IPUIPlugin:80 - create IPUIPlugin
2023-11-20 01:30:56,874 [INFO] PluginManager:220 - loadIPPluginJar : add ipddr
2023-11-20 01:30:56,877 [INFO] IPUIPlugin:80 - create IPUIPlugin
2023-11-20 01:30:56,877 [INFO] PluginManager:220 - loadIPPluginJar : add openamp
2023-11-20 01:30:56,879 [INFO] IPUIPlugin:80 - create IPUIPlugin
2023-11-20 01:30:56,879 [INFO] PluginManager:220 - loadIPPluginJar : add i3c
2023-11-20 01:30:56,881 [INFO] IPUIPlugin:80 - create IPUIPlugin
2023-11-20 01:30:56,881 [INFO] PluginManager:220 - loadIPPluginJar : add cryp
2023-11-20 01:30:56,884 [INFO] IPUIPlugin:80 - create IPUIPlugin
2023-11-20 01:30:56,884 [INFO] PluginManager:220 - loadIPPluginJar : add fmc
2023-11-20 01:30:56,885 [INFO] IPUIPlugin:80 - create IPUIPlugin
2023-11-20 01:30:56,886 [INFO] PluginManager:220 - loadIPPluginJar : add tsc
2023-11-20 01:30:56,887 [INFO] IPUIPlugin:80 - create IPUIPlugin
2023-11-20 01:30:56,887 [INFO] PluginManager:220 - loadIPPluginJar : add ltdc
2023-11-20 01:30:56,890 [INFO] IPUIPlugin:80 - create IPUIPlugin
2023-11-20 01:30:56,891 [INFO] PluginManager:220 - loadIPPluginJar : add nvic
2023-11-20 01:30:56,892 [INFO] IPUIPlugin:80 - create IPUIPlugin
2023-11-20 01:30:56,892 [INFO] PluginManager:220 - loadIPPluginJar : add dma3
2023-11-20 01:30:56,894 [INFO] IPUIPlugin:80 - create IPUIPlugin
2023-11-20 01:30:56,894 [INFO] PluginManager:220 - loadIPPluginJar : add ucpd
2023-11-20 01:30:56,898 [INFO] IPUIPlugin:80 - create IPUIPlugin
2023-11-20 01:30:56,898 [INFO] PluginManager:220 - loadIPPluginJar : add freertos
2023-11-20 01:30:56,900 [INFO] IPUIPlugin:80 - create IPUIPlugin
2023-11-20 01:30:56,900 [INFO] PluginManager:220 - loadIPPluginJar : add dfsdm
2023-11-20 01:30:56,902 [INFO] IPUIPlugin:80 - create IPUIPlugin
2023-11-20 01:30:56,902 [INFO] PluginManager:220 - loadIPPluginJar : add aes
2023-11-20 01:30:56,907 [INFO] IPUIPlugin:80 - create IPUIPlugin
2023-11-20 01:30:56,908 [INFO] PluginManager:220 - loadIPPluginJar : add linkedlist
2023-11-20 01:30:56,911 [INFO] IPUIPlugin:80 - create IPUIPlugin
2023-11-20 01:30:56,911 [INFO] PluginManager:220 - loadIPPluginJar : add gic
2023-11-20 01:30:56,912 [INFO] IPUIPlugin:80 - create IPUIPlugin
2023-11-20 01:30:56,912 [INFO] PluginManager:220 - loadIPPluginJar : add genericplugin
2023-11-20 01:30:56,915 [INFO] IPUIPlugin:80 - create IPUIPlugin
2023-11-20 01:30:56,915 [INFO] PluginManager:220 - loadIPPluginJar : add resmgrutility
2023-11-20 01:30:56,916 [INFO] IPUIPlugin:80 - create IPUIPlugin
2023-11-20 01:30:56,916 [INFO] PluginManager:220 - loadIPPluginJar : add gfxmmu
2023-11-20 01:30:56,917 [INFO] IPUIPlugin:80 - create IPUIPlugin
2023-11-20 01:30:56,918 [INFO] PluginManager:220 - loadIPPluginJar : add comp
2023-11-20 01:30:56,919 [INFO] IPUIPlugin:80 - create IPUIPlugin
2023-11-20 01:30:56,920 [INFO] PluginManager:220 - loadIPPluginJar : add i2s
2023-11-20 01:30:56,921 [INFO] IPUIPlugin:80 - create IPUIPlugin
2023-11-20 01:30:56,922 [INFO] PluginManager:220 - loadIPPluginJar : add ts
2023-11-20 01:30:56,924 [INFO] IPUIPlugin:80 - create IPUIPlugin
2023-11-20 01:30:56,924 [INFO] PluginManager:220 - loadIPPluginJar : add pdm2pcm
2023-11-20 01:30:56,927 [INFO] IPUIPlugin:80 - create IPUIPlugin
2023-11-20 01:30:56,928 [INFO] PluginManager:220 - loadIPPluginJar : add gtzc
2023-11-20 01:30:56,929 [INFO] IPUIPlugin:80 - create IPUIPlugin
2023-11-20 01:30:56,929 [INFO] PluginManager:220 - loadIPPluginJar : add can
2023-11-20 01:30:56,931 [INFO] IPUIPlugin:80 - create IPUIPlugin
2023-11-20 01:30:56,931 [INFO] PluginManager:220 - loadIPPluginJar : add tracer_emb
2023-11-20 01:30:56,933 [INFO] IPUIPlugin:80 - create IPUIPlugin
2023-11-20 01:30:56,933 [INFO] PluginManager:220 - loadIPPluginJar : add usart
2023-11-20 01:30:56,936 [INFO] IPUIPlugin:80 - create IPUIPlugin
2023-11-20 01:30:56,936 [INFO] PluginManager:220 - loadIPPluginJar : add gpio
2023-11-20 01:30:56,938 [INFO] IPUIPlugin:80 - create IPUIPlugin
2023-11-20 01:30:56,938 [INFO] PluginManager:220 - loadIPPluginJar : add spi
2023-11-20 01:30:56,943 [INFO] IPUIPlugin:80 - create IPUIPlugin
2023-11-20 01:30:56,945 [INFO] PluginManager:220 - loadIPPluginJar : add plateformsettings
2023-11-20 01:30:56,946 [INFO] IPUIPlugin:80 - create IPUIPlugin
2023-11-20 01:30:56,946 [INFO] PluginManager:220 - loadIPPluginJar : add tim
2023-11-20 01:30:56,950 [INFO] IPUIPlugin:80 - create IPUIPlugin
2023-11-20 01:30:56,950 [INFO] PluginManager:220 - loadIPPluginJar : add stm32_wpan
2023-11-20 01:30:56,952 [INFO] IPUIPlugin:80 - create IPUIPlugin
2023-11-20 01:30:56,952 [INFO] PluginManager:220 - loadIPPluginJar : add opamp
2023-11-20 01:30:56,954 [INFO] IPUIPlugin:80 - create IPUIPlugin
2023-11-20 01:30:56,954 [INFO] PluginManager:220 - loadIPPluginJar : add i2c
2023-11-20 01:30:56,958 [INFO] IPUIPlugin:80 - create IPUIPlugin
2023-11-20 01:30:56,958 [INFO] PluginManager:220 - loadIPPluginJar : add mdma
2023-11-20 01:30:56,960 [INFO] IPUIPlugin:80 - create IPUIPlugin
2023-11-20 01:30:56,961 [INFO] PluginManager:220 - loadIPPluginJar : add usbx
2023-11-20 01:30:56,962 [INFO] IPUIPlugin:80 - create IPUIPlugin
2023-11-20 01:30:56,962 [INFO] PluginManager:220 - loadIPPluginJar : add lorawan
2023-11-20 01:30:56,967 [INFO] IPUIPlugin:80 - create IPUIPlugin
2023-11-20 01:30:56,967 [INFO] PluginManager:220 - loadIPPluginJar : add dma
2023-11-20 01:30:56,968 [INFO] IPUIPlugin:80 - create IPUIPlugin
2023-11-20 01:30:56,969 [INFO] PluginManager:220 - loadIPPluginJar : add hash
2023-11-20 01:30:56,969 [INFO] IPUIPlugin:80 - create IPUIPlugin
2023-11-20 01:30:56,970 [INFO] PluginManager:220 - loadIPPluginJar : add quadspi
2023-11-20 01:30:56,971 [INFO] IPUIPlugin:80 - create IPUIPlugin
2023-11-20 01:30:56,971 [INFO] PluginManager:220 - loadIPPluginJar : add sai
2023-11-20 01:30:57,068 [INFO] CADModel:165 - CPN selected for project level
2023-11-20 01:30:57,068 [INFO] CADModel:114 - Register for checkConnection events
2023-11-20 01:30:57,069 [FATAL] Updater:308 - Updater called before beeing initialized
2023-11-20 01:30:57,069 [ERROR] CADModel:125 - Updater not yet initialized, retry later 
2023-11-20 01:30:57,197 [INFO] CADModel:165 - CPN selected for project level
2023-11-20 01:30:57,197 [INFO] CADModel:114 - Register for checkConnection events
2023-11-20 01:30:57,197 [FATAL] Updater:308 - Updater called before beeing initialized
2023-11-20 01:30:57,197 [ERROR] CADModel:125 - Updater not yet initialized, retry later 
2023-11-20 01:30:57,202 [FATAL] Updater:308 - Updater called before beeing initialized
2023-11-20 01:30:57,297 [FATAL] Updater:308 - Updater called before beeing initialized
2023-11-20 01:30:57,303 [INFO] DbMcusAds:53 - JSON generation date=Tue Mar 07 03:50:55 EST 2023 (1678179055335)
2023-11-20 01:30:57,304 [FATAL] Updater:308 - Updater called before beeing initialized
2023-11-20 01:30:57,341 [WARN] DetailPanel:346 - Failed to get advertising image, set to default
2023-11-20 01:30:57,433 [FATAL] Updater:308 - Updater called before beeing initialized
2023-11-20 01:30:57,435 [FATAL] Updater:308 - Updater called before beeing initialized
2023-11-20 01:30:57,435 [FATAL] Updater:308 - Updater called before beeing initialized
2023-11-20 01:30:57,435 [WARN] DetailPanel:346 - Failed to get advertising image, set to default
2023-11-20 01:30:57,436 [FATAL] Updater:308 - Updater called before beeing initialized
2023-11-20 01:30:57,468 [ERROR] Updater:1120 - MainUpdater not yet initialized. External WinMGr cannot be set.
2023-11-20 01:30:57,470 [INFO] Updater:1056 - Updater Version found : 6.9.2
2023-11-20 01:30:57,487 [INFO] ApplicationProperties:184 - Using Application install path: /opt/st/stm32cubeide_1.13.2/plugins/com.st.stm32cube.common.mx_6.9.2.202309101412
2023-11-20 01:30:57,612 [INFO] MainUpdater:2868 - connection check result : 10
2023-11-20 01:30:57,612 [INFO] MainUpdater:3562 - Updater definition file requires update
2023-11-20 01:30:57,613 [INFO] MainUpdater:285 - Updater Check For Update Now.
2023-11-20 01:30:57,613 [INFO] MicroXplorer:498 - Change Database Version : DB.6.0.92
2023-11-20 01:30:57,619 [INFO] McuFinderGlobals:63 - Set McuFinder mode to 2 (CubeIDE integrated)
2023-11-20 01:30:57,670 [INFO] ServerAccessManage:473 - Download File updaters.zip
2023-11-20 01:30:57,749 [INFO] FileExtend:240 - Unzip File : updaters.zip
2023-11-20 01:30:57,749 [INFO] FileExtend:255 - Standard Zip Deflate
2023-11-20 01:30:57,937 [INFO] ServerAccessManage:473 - Download File PacksControlFlags.xml
2023-11-20 01:30:58,312 [INFO] ServerAccessManage:473 - Download File cubemx.pidx
2023-11-20 01:30:58,390 [INFO] LoadServerUpdatesThread:373 - End of LoadServerUpdate Thread
2023-11-20 01:30:58,565 [INFO] CheckServerUpdateThread:120 - End of CheckServer Thread
2023-11-20 01:30:59,455 [WARN] PackLoader:240 - Cannot read IP mode file for STMicroelectronics.X-CUBE-SMBUS.2.1.0
2023-11-20 01:30:59,489 [WARN] PackLoader:240 - Cannot read IP mode file for STMicroelectronics.X-CUBE-AZRTOS-F7.1.1.0
2023-11-20 01:30:59,501 [WARN] PackLoader:240 - Cannot read IP mode file for STMicroelectronics.FP-SNS-MOTENV1.4.3.2
2023-11-20 01:30:59,506 [WARN] PackLoader:240 - Cannot read IP mode file for STMicroelectronics.FP-SNS-FLIGHT1.5.0.2
2023-11-20 01:30:59,516 [WARN] PackLoader:240 - Cannot read IP mode file for STMicroelectronics.X-CUBE-DISPLAY.3.0.0
2023-11-20 01:30:59,530 [WARN] PackLoader:240 - Cannot read IP mode file for STMicroelectronics.X-CUBE-BLE1.7.0.0
2023-11-20 01:30:59,535 [WARN] PackLoader:240 - Cannot read IP mode file for emotas.I-CUBE-CANOPEN.1.3.0
2023-11-20 01:30:59,538 [WARN] PackLoader:240 - Cannot read IP mode file for STMicroelectronics.X-CUBE-TOUCHGFX.4.22.0
2023-11-20 01:30:59,541 [WARN] PackLoader:240 - Cannot read IP mode file for STMicroelectronics.X-CUBE-TOUCHGFX.4.22.1
2023-11-20 01:30:59,546 [WARN] PackLoader:240 - Cannot read IP mode file for STMicroelectronics.FP-SNS-SMARTAG2.1.2.0
2023-11-20 01:30:59,562 [INFO] LogOutputStream:77 - [STDOUT_REDIRECT] 1 : Invalid condition id : UX_CORESTACK_Condition cause : null
2023-11-20 01:30:59,562 [INFO] LogOutputStream:77 - [STDOUT_REDIRECT] 1 : Invalid condition id : UX_CORESTACK_Condition cause : null
2023-11-20 01:30:59,563 [INFO] LogOutputStream:77 - [STDOUT_REDIRECT] 1 : Invalid condition id : UX_CORESTACK_Condition cause : null
2023-11-20 01:30:59,563 [INFO] LogOutputStream:77 - [STDOUT_REDIRECT] 1 : Invalid condition id : UX_CORESTACK_Condition cause : null
2023-11-20 01:30:59,563 [INFO] LogOutputStream:77 - [STDOUT_REDIRECT] 1 : Invalid condition id : UX_CORESTACK_Condition cause : null
2023-11-20 01:30:59,571 [WARN] PackLoader:240 - Cannot read IP mode file for STMicroelectronics.X-CUBE-AZRTOS-WL.2.0.0
2023-11-20 01:30:59,582 [WARN] PackLoader:240 - Cannot read IP mode file for WES.I-CUBE-Cesium.1.3.0
2023-11-20 01:30:59,589 [WARN] PackLoader:240 - Cannot read IP mode file for STMicroelectronics.X-CUBE-BLE2.3.3.0
2023-11-20 01:30:59,597 [WARN] PackLoader:240 - Cannot read IP mode file for STMicroelectronics.X-CUBE-ALGOBUILD.1.3.0
2023-11-20 01:30:59,628 [WARN] PackLoader:240 - Cannot read IP mode file for STMicroelectronics.X-CUBE-AZRTOS-G0.1.1.0
2023-11-20 01:30:59,639 [WARN] PackLoader:240 - Cannot read IP mode file for STMicroelectronics.X-CUBE-NFC4.3.0.0
2023-11-20 01:30:59,654 [WARN] PackLoader:240 - Cannot read IP mode file for STMicroelectronics.X-CUBE-BLEMGR.3.0.0
2023-11-20 01:30:59,662 [WARN] PackLoader:240 - Cannot read IP mode file for STMicroelectronics.FP-ATR-SIGFOX1.3.2.0
2023-11-20 01:30:59,704 [WARN] PackLoader:240 - Cannot read IP mode file for SEGGER.I-CUBE-embOS.1.3.1
2023-11-20 01:30:59,761 [WARN] PackLoader:240 - Cannot read IP mode file for STMicroelectronics.X-CUBE-GNSS1.6.0.0
2023-11-20 01:30:59,783 [WARN] PackLoader:240 - Cannot read IP mode file for STMicroelectronics.X-CUBE-AZRTOS-F4.1.1.0
2023-11-20 01:30:59,790 [WARN] PackLoader:240 - Cannot read IP mode file for wolfSSL.I-CUBE-wolfSSL.5.6.3
2023-11-20 01:30:59,809 [WARN] PackLoader:240 - Cannot read IP mode file for STMicroelectronics.X-CUBE-AZRTOS-L5.2.0.0
2023-11-20 01:30:59,865 [WARN] PackLoader:240 - Cannot read IP mode file for STMicroelectronics.X-CUBE-MEMS1.9.6.0
2023-11-20 01:31:00,101 [WARN] PackLoader:240 - Cannot read IP mode file for STMicroelectronics.X-CUBE-EEPRMA1.4.2.0
2023-11-20 01:31:00,107 [WARN] PackLoader:240 - Cannot read IP mode file for ITTIA_DB.I-CUBE-ITTIADB.8.8.0
2023-11-20 01:31:00,117 [WARN] PackLoader:240 - Cannot read IP mode file for STMicroelectronics.X-CUBE-BLEMGR.2.0.0
2023-11-20 01:31:00,142 [WARN] ConditionMgr:438 - getConditionDescription Invalid condition id : UX DEVICE CLASS RTOS Condition cause : null
2023-11-20 01:31:00,143 [WARN] ConditionMgr:438 - getConditionDescription Invalid condition id : UX DEVICE CLASS RTOS Condition cause : null
2023-11-20 01:31:00,148 [WARN] PackLoader:240 - Cannot read IP mode file for STMicroelectronics.X-CUBE-AZRTOS-H7.3.1.0
2023-11-20 01:31:00,150 [WARN] ConditionMgr:1039 - genDependencies : Invalid condition id : UX DEVICE CLASS RTOS Condition cause : null
2023-11-20 01:31:00,150 [WARN] ConditionMgr:1039 - genDependencies : Invalid condition id : UX DEVICE CLASS RTOS Condition cause : null
2023-11-20 01:31:00,151 [WARN] ConditionMgr:1039 - genDependencies : Invalid condition id : UX DEVICE CLASS RTOS Condition cause : null
2023-11-20 01:31:00,151 [WARN] ConditionMgr:1039 - genDependencies : Invalid condition id : UX DEVICE CLASS RTOS Condition cause : null
2023-11-20 01:31:00,152 [WARN] ConditionMgr:1039 - genDependencies : Invalid condition id : UX DEVICE CLASS RTOS Condition cause : null
2023-11-20 01:31:00,159 [WARN] PackLoader:240 - Cannot read IP mode file for STMicroelectronics.X-CUBE-NFC7.1.0.1
2023-11-20 01:31:00,169 [WARN] PackLoader:240 - Cannot read IP mode file for STMicroelectronics.X-CUBE-NFC6.3.0.0
2023-11-20 01:31:00,177 [WARN] PackLoader:240 - Cannot read IP mode file for STMicroelectronics.X-CUBE-EEPRMA1.4.1.0
2023-11-20 01:31:00,182 [WARN] PackLoader:240 - Cannot read IP mode file for STMicroelectronics.X-CUBE-AI.8.1.0
2023-11-20 01:31:00,205 [WARN] ConditionMgr:438 - getConditionDescription Invalid condition id : LAN8742 Phy interface Condition cause : null
2023-11-20 01:31:00,206 [WARN] PackLoader:240 - Cannot read IP mode file for STMicroelectronics.X-CUBE-AZRTOS-L4.2.0.0
2023-11-20 01:31:00,208 [WARN] ConditionMgr:1039 - genDependencies : Invalid condition id : LAN8742 Phy interface Condition cause : null
2023-11-20 01:31:00,209 [WARN] ConditionMgr:1039 - genDependencies : Invalid condition id : LAN8742 Phy interface Condition cause : null
2023-11-20 01:31:00,210 [WARN] ConditionMgr:1039 - genDependencies : Invalid condition id : LAN8742 Phy interface Condition cause : null
2023-11-20 01:31:00,218 [WARN] PackLoader:240 - Cannot read IP mode file for STMicroelectronics.X-CUBE-SFXS2LP1.4.0.0
2023-11-20 01:31:00,223 [WARN] PackLoader:240 - Cannot read IP mode file for STMicroelectronics.X-CUBE-ISPU.1.1.0
2023-11-20 01:31:00,239 [WARN] ConditionMgr:438 - getConditionDescription Invalid condition id : UX DEVICE CLASS RTOS Condition cause : null
2023-11-20 01:31:00,239 [WARN] ConditionMgr:438 - getConditionDescription Invalid condition id : UX DEVICE CLASS RTOS Condition cause : null
2023-11-20 01:31:00,243 [WARN] PackLoader:240 - Cannot read IP mode file for STMicroelectronics.X-CUBE-AZRTOS-WB.2.0.0
2023-11-20 01:31:00,244 [WARN] ConditionMgr:1039 - genDependencies : Invalid condition id : UX DEVICE CLASS RTOS Condition cause : null
2023-11-20 01:31:00,244 [WARN] ConditionMgr:1039 - genDependencies : Invalid condition id : UX DEVICE CLASS RTOS Condition cause : null
2023-11-20 01:31:00,245 [WARN] ConditionMgr:1039 - genDependencies : Invalid condition id : UX DEVICE CLASS RTOS Condition cause : null
2023-11-20 01:31:00,245 [WARN] ConditionMgr:1039 - genDependencies : Invalid condition id : UX DEVICE CLASS RTOS Condition cause : null
2023-11-20 01:31:00,245 [WARN] ConditionMgr:1039 - genDependencies : Invalid condition id : UX DEVICE CLASS RTOS Condition cause : null
2023-11-20 01:31:00,258 [WARN] PackLoader:240 - Cannot read IP mode file for STMicroelectronics.X-CUBE-SUBG2.5.0.0
2023-11-20 01:31:00,277 [WARN] PackLoader:240 - Cannot read IP mode file for STMicroelectronics.X-CUBE-TOF1.3.3.1
2023-11-20 01:31:00,310 [WARN] PackLoader:240 - Cannot read IP mode file for STMicroelectronics.X-CUBE-AZRTOS-G4.2.0.0
2023-11-20 01:31:00,327 [WARN] PackLoader:240 - Cannot read IP mode file for Infineon.AIROC-Wi-Fi-Bluetooth-STM32.1.5.1
2023-11-20 01:31:00,335 [WARN] PackLoader:240 - Cannot read IP mode file for STMicroelectronics.FP-SNS-MOTENVWB1.1.3.0
2023-11-20 01:31:00,392 [WARN] PackLoader:240 - Cannot read IP mode file for STMicroelectronics.X-CUBE-MEMS1.10.0.0
2023-11-20 01:31:00,561 [WARN] PackLoader:240 - Cannot read IP mode file for STMicroelectronics.X-CUBE-FREERTOS.1.1.0
2023-11-20 01:31:00,565 [WARN] PackLoader:240 - Cannot read IP mode file for portGmbH.I-Cube-SoM-uGOAL.1.1.0
2023-11-20 01:31:00,568 [WARN] PackLoader:240 - Cannot read IP mode file for STMicroelectronics.X-CUBE-ALS.1.0.1
2023-11-20 01:31:00,571 [WARN] PackLoader:240 - Cannot read IP mode file for STMicroelectronics.FP-ATR-ASTRA1.2.0.0
2023-11-20 01:31:00,572 [INFO] ThirdParty:978 - Integrity check success = true
2023-11-20 01:31:00,572 [INFO] IntegrityCheckThread:100 - exiting critical section [integrity check]
2023-11-20 01:31:00,572 [INFO] IntegrityCheckThread:103 - End integrity checks thread
2023-11-20 01:31:18,139 [ERROR] LogOutputStream:75 - [STDERR_REDIRECT] SLF4J: Failed to load class "org.slf4j.impl.StaticLoggerBinder".
2023-11-20 01:31:18,140 [ERROR] LogOutputStream:75 - [STDERR_REDIRECT] SLF4J: Defaulting to no-operation (NOP) logger implementation
2023-11-20 01:31:18,140 [ERROR] LogOutputStream:75 - [STDERR_REDIRECT] SLF4J: See http://www.slf4j.org/codes.html#StaticLoggerBinder for further details.
