2024-06-25 23:12:31,598 [INFO] Activator:176 - 


2024-06-25 23:12:31,607 [INFO] Activator:177 - !SESSION log4j initialized
2024-06-25 23:12:35,395 [INFO] LogOutputStream:77 - [STDOUT_REDIRECT] 
2024-06-25 23:12:36,386 [INFO] ApplicationProperties:184 - Using Application install path: /opt/st/stm32cubeide_1.13.2/plugins/com.st.stm32cube.common.mx_6.9.2.202309101412
2024-06-25 23:12:36,405 [INFO] DbMcusXml:78 - Set database path to: /opt/st/stm32cubeide_1.13.2/plugins/com.st.stm32cube.common.mx_6.9.2.202309101412//db//mcu/
2024-06-25 23:12:36,406 [INFO] ApiDb:274 - Set plugin database path to: /opt/st/stm32cubeide_1.13.2/plugins/com.st.stm32cube.common.mx_6.9.2.202309101412//db//plugins/boardmanager/
2024-06-25 23:12:36,406 [WARN] ApiDb:259 - Overriding images path with different value:  => /opt/st/stm32cubeide_1.13.2/plugins/com.st.stm32cube.common.mx_6.9.2.202309101412//db//plugins/mcufinder/images/
2024-06-25 23:12:36,415 [INFO] ApiDb:250 - Set database path to: /home/ebenezer/.stmcufinder/plugins/mcufinder//mcu/
2024-06-25 23:12:36,417 [INFO] DbMcusAds:125 - Set database path to: /home/ebenezer/.stmcufinder/plugins/mcufinder//mcu/
2024-06-25 23:12:36,419 [INFO] CrossReferenceDbSqlite:203 - Set database path to: /home/ebenezer/.stmcufinder/plugins/mcufinder//mcu/cs/
2024-06-25 23:12:36,580 [INFO] RulesReader:64 - Compatibility file has been processed (293 Rules)
2024-06-25 23:12:36,667 [INFO] DbMcusXml:78 - Set database path to: /opt/st/stm32cubeide_1.13.2/plugins/com.st.stm32cube.common.mx_6.9.2.202309101412//db//mcu/
2024-06-25 23:12:36,668 [INFO] ApiDb:274 - Set plugin database path to: /opt/st/stm32cubeide_1.13.2/plugins/com.st.stm32cube.common.mx_6.9.2.202309101412//db//plugins/boardmanager/
2024-06-25 23:12:36,668 [INFO] ApiDb:261 - Set plugin images path to: /opt/st/stm32cubeide_1.13.2/plugins/com.st.stm32cube.common.mx_6.9.2.202309101412//db//plugins/mcufinder/images/
2024-06-25 23:12:36,668 [WARN] DbFile:41 - Overriding database path with different value: /home/ebenezer/.stmcufinder/plugins/mcufinder/ => /home/ebenezer/.stmcufinder/plugins/mcufinder
2024-06-25 23:12:36,668 [INFO] ApiDb:250 - Set database path to: /home/ebenezer/.stmcufinder/plugins/mcufinder//mcu/
2024-06-25 23:12:36,668 [WARN] DbFile:41 - Overriding database path with different value: /home/ebenezer/.stmcufinder/plugins/mcufinder/ => /home/ebenezer/.stmcufinder/plugins/mcufinder
2024-06-25 23:12:36,668 [INFO] DbMcusAds:125 - Set database path to: /home/ebenezer/.stmcufinder/plugins/mcufinder//mcu/
2024-06-25 23:12:36,669 [WARN] DbFile:41 - Overriding database path with different value: /home/ebenezer/.stmcufinder/plugins/mcufinder/ => /home/ebenezer/.stmcufinder/plugins/mcufinder
2024-06-25 23:12:36,669 [WARN] DbFile:41 - Overriding database path with different value: /home/ebenezer/.stmcufinder/plugins/mcufinder/ => /home/ebenezer/.stmcufinder/plugins/mcufinder
2024-06-25 23:12:36,669 [INFO] CrossReferenceDbSqlite:203 - Set database path to: /home/ebenezer/.stmcufinder/plugins/mcufinder//mcu/cs/
2024-06-25 23:12:36,757 [INFO] MainPanel:262 - HeapMemory: 268435456
2024-06-25 23:12:36,856 [INFO] DbMcusXml:78 - Set database path to: /opt/st/stm32cubeide_1.13.2/plugins/com.st.stm32cube.common.mx_6.9.2.202309101412//db//mcu/
2024-06-25 23:12:36,856 [INFO] ApiDb:274 - Set plugin database path to: /opt/st/stm32cubeide_1.13.2/plugins/com.st.stm32cube.common.mx_6.9.2.202309101412//db//plugins/boardmanager/
2024-06-25 23:12:36,856 [INFO] ApiDb:261 - Set plugin images path to: /opt/st/stm32cubeide_1.13.2/plugins/com.st.stm32cube.common.mx_6.9.2.202309101412//db//plugins/mcufinder/images/
2024-06-25 23:12:36,857 [WARN] DbFile:41 - Overriding database path with different value: /home/ebenezer/.stmcufinder/plugins/mcufinder/ => /home/ebenezer/.stmcufinder/plugins/mcufinder
2024-06-25 23:12:36,857 [INFO] ApiDb:250 - Set database path to: /home/ebenezer/.stmcufinder/plugins/mcufinder//mcu/
2024-06-25 23:12:36,857 [WARN] DbFile:41 - Overriding database path with different value: /home/ebenezer/.stmcufinder/plugins/mcufinder/ => /home/ebenezer/.stmcufinder/plugins/mcufinder
2024-06-25 23:12:36,857 [INFO] DbMcusAds:125 - Set database path to: /home/ebenezer/.stmcufinder/plugins/mcufinder//mcu/
2024-06-25 23:12:36,857 [WARN] DbFile:41 - Overriding database path with different value: /home/ebenezer/.stmcufinder/plugins/mcufinder/ => /home/ebenezer/.stmcufinder/plugins/mcufinder
2024-06-25 23:12:36,857 [WARN] DbFile:41 - Overriding database path with different value: /home/ebenezer/.stmcufinder/plugins/mcufinder/ => /home/ebenezer/.stmcufinder/plugins/mcufinder
2024-06-25 23:12:36,857 [INFO] CrossReferenceDbSqlite:203 - Set database path to: /home/ebenezer/.stmcufinder/plugins/mcufinder//mcu/cs/
2024-06-25 23:12:36,875 [INFO] ApplicationProperties:184 - Using Application install path: /opt/st/stm32cubeide_1.13.2/plugins/com.st.stm32cube.common.mx_6.9.2.202309101412
2024-06-25 23:12:36,877 [INFO] PluginManage:196 - Search for loadable plugins [exclusion list=, ]
2024-06-25 23:12:36,878 [INFO] PluginManage:310 - Check plugin analytics
2024-06-25 23:12:37,022 [INFO] AnalyticsPlugin:253 - Accepted Software Licenses: 
2024-06-25 23:12:37,022 [INFO] AnalyticsPlugin:255 - Accepted CMSIS Pack Licenses: 
2024-06-25 23:12:37,022 [INFO] AnalyticsPlugin:257 - Accepted Firmware Licenses: FW.G0.1.6.0,FW.F4.1.27.0,FW.G4.1.5.0
2024-06-25 23:12:37,026 [INFO] PluginManage:359 - Loaded plugin analytics (category:tool,tabindex:-1)
2024-06-25 23:12:37,026 [INFO] PluginManage:310 - Check plugin cadmodel
2024-06-25 23:12:37,058 [INFO] CADModel:105 - Init CAD model plugin
2024-06-25 23:12:37,058 [INFO] PluginManage:359 - Loaded plugin cadmodel (category:power,tabindex:5)
2024-06-25 23:12:37,058 [INFO] PluginManage:310 - Check plugin clock
2024-06-25 23:12:37,067 [INFO] PluginManage:359 - Loaded plugin clock (category:base,tabindex:2)
2024-06-25 23:12:37,068 [INFO] PluginManage:310 - Check plugin ddr
2024-06-25 23:12:37,070 [INFO] PluginManage:359 - Loaded plugin ddr (category:tool,tabindex:6)
2024-06-25 23:12:37,070 [INFO] PluginManage:310 - Check plugin filemanager
2024-06-25 23:12:37,217 [INFO] PluginManage:359 - Loaded plugin filemanager (category:base,tabindex:10)
2024-06-25 23:12:37,217 [INFO] PluginManage:310 - Check plugin ipmanager
2024-06-25 23:12:37,226 [INFO] PluginManage:359 - Loaded plugin ipmanager (category:base,tabindex:5)
2024-06-25 23:12:37,226 [INFO] PluginManage:310 - Check plugin lpbam
2024-06-25 23:12:37,237 [INFO] PluginManage:359 - Loaded plugin lpbam (category:base,tabindex:0)
2024-06-25 23:12:37,237 [INFO] PluginManage:310 - Check plugin memorymap
2024-06-25 23:12:37,249 [INFO] PluginManage:359 - Loaded plugin memorymap (category:base,tabindex:4)
2024-06-25 23:12:37,249 [INFO] PluginManage:310 - Check plugin pinoutandconfiguration
2024-06-25 23:12:37,258 [INFO] PluginManage:359 - Loaded plugin pinoutandconfiguration (category:base,tabindex:1)
2024-06-25 23:12:37,258 [INFO] PluginManage:310 - Check plugin pinoutconfig
2024-06-25 23:12:37,365 [WARN] SupportedApi:132 - Cannot load RTOS API schema: s4s-elt-must-match.1: The content of 'definitions' must match (annotation?, (simpleType | complexType)?, (unique | key | keyref)*)). A problem was found starting at: attribute.
2024-06-25 23:12:37,520 [INFO] PluginManage:359 - Loaded plugin pinoutconfig (category:base,tabindex:0)
2024-06-25 23:12:37,520 [INFO] PluginManage:310 - Check plugin power
2024-06-25 23:12:37,530 [INFO] PluginManage:359 - Loaded plugin power (category:power,tabindex:4)
2024-06-25 23:12:37,530 [INFO] PluginManage:310 - Check plugin projectmanager
2024-06-25 23:12:37,546 [INFO] PluginManage:359 - Loaded plugin projectmanager (category:projectmanager,tabindex:3)
2024-06-25 23:12:37,547 [INFO] PluginManage:310 - Check plugin thirdparty
2024-06-25 23:12:37,681 [INFO] PluginManage:359 - Loaded plugin thirdparty (category:base,tabindex:-1)
2024-06-25 23:12:37,681 [WARN] IntegrityCheckThread:84 - waiting for thirdparty lock release [integrity check]
2024-06-25 23:12:37,681 [INFO] IntegrityCheckThread:86 - entering critical section [integrity check]
2024-06-25 23:12:37,681 [INFO] PluginManage:310 - Check plugin tools
2024-06-25 23:12:37,682 [INFO] ThirdPartyUpdaterWithRetryManager:70 - Updater plugin not ready yet. [1/15]
2024-06-25 23:12:37,684 [INFO] PluginManage:359 - Loaded plugin tools (category:base,tabindex:7)
2024-06-25 23:12:37,684 [INFO] PluginManage:310 - Check plugin tutovideos
2024-06-25 23:12:37,859 [INFO] PluginManage:359 - Loaded plugin tutovideos (category:base,tabindex:-1)
2024-06-25 23:12:37,859 [INFO] PluginManage:310 - Check plugin updater
2024-06-25 23:12:37,869 [INFO] PluginManage:359 - Loaded plugin updater (category:base,tabindex:12)
2024-06-25 23:12:37,869 [INFO] PluginManage:310 - Check plugin userauth
2024-06-25 23:12:37,874 [INFO] UserAuth:113 - Init User Auth plugin
2024-06-25 23:12:37,874 [INFO] PluginManage:359 - Loaded plugin userauth (category:base,tabindex:14)
2024-06-25 23:12:37,875 [INFO] PluginManage:283 - PluginManage : Loaded plugins [17]
2024-06-25 23:12:38,062 [INFO] PinOutPanel:1499 - setPackage(No Configuration,No Configuration)
2024-06-25 23:12:38,158 [INFO] CADModel:165 - CPN selected for project level
2024-06-25 23:12:38,158 [INFO] CADModel:114 - Register for checkConnection events
2024-06-25 23:12:38,169 [INFO] IPUIPlugin:80 - create IPUIPlugin
2024-06-25 23:12:38,170 [INFO] PluginManager:220 - loadIPPluginJar : add touchsensing
2024-06-25 23:12:38,175 [INFO] IPUIPlugin:80 - create IPUIPlugin
2024-06-25 23:12:38,176 [INFO] PluginManager:220 - loadIPPluginJar : add adc
2024-06-25 23:12:38,177 [INFO] IPUIPlugin:80 - create IPUIPlugin
2024-06-25 23:12:38,177 [INFO] PluginManager:220 - loadIPPluginJar : add fatfs
2024-06-25 23:12:38,179 [INFO] IPUIPlugin:80 - create IPUIPlugin
2024-06-25 23:12:38,180 [INFO] PluginManager:220 - loadIPPluginJar : add ipddr
2024-06-25 23:12:38,182 [INFO] IPUIPlugin:80 - create IPUIPlugin
2024-06-25 23:12:38,182 [INFO] PluginManager:220 - loadIPPluginJar : add openamp
2024-06-25 23:12:38,184 [INFO] IPUIPlugin:80 - create IPUIPlugin
2024-06-25 23:12:38,184 [INFO] PluginManager:220 - loadIPPluginJar : add i3c
2024-06-25 23:12:38,186 [INFO] IPUIPlugin:80 - create IPUIPlugin
2024-06-25 23:12:38,186 [INFO] PluginManager:220 - loadIPPluginJar : add cryp
2024-06-25 23:12:38,189 [INFO] IPUIPlugin:80 - create IPUIPlugin
2024-06-25 23:12:38,190 [INFO] PluginManager:220 - loadIPPluginJar : add fmc
2024-06-25 23:12:38,191 [INFO] IPUIPlugin:80 - create IPUIPlugin
2024-06-25 23:12:38,191 [INFO] PluginManager:220 - loadIPPluginJar : add tsc
2024-06-25 23:12:38,192 [INFO] IPUIPlugin:80 - create IPUIPlugin
2024-06-25 23:12:38,192 [INFO] PluginManager:220 - loadIPPluginJar : add ltdc
2024-06-25 23:12:38,195 [INFO] IPUIPlugin:80 - create IPUIPlugin
2024-06-25 23:12:38,195 [INFO] PluginManager:220 - loadIPPluginJar : add nvic
2024-06-25 23:12:38,197 [INFO] IPUIPlugin:80 - create IPUIPlugin
2024-06-25 23:12:38,197 [INFO] PluginManager:220 - loadIPPluginJar : add dma3
2024-06-25 23:12:38,198 [INFO] IPUIPlugin:80 - create IPUIPlugin
2024-06-25 23:12:38,199 [INFO] PluginManager:220 - loadIPPluginJar : add ucpd
2024-06-25 23:12:38,204 [INFO] IPUIPlugin:80 - create IPUIPlugin
2024-06-25 23:12:38,204 [INFO] PluginManager:220 - loadIPPluginJar : add freertos
2024-06-25 23:12:38,207 [INFO] IPUIPlugin:80 - create IPUIPlugin
2024-06-25 23:12:38,207 [INFO] PluginManager:220 - loadIPPluginJar : add dfsdm
2024-06-25 23:12:38,209 [INFO] IPUIPlugin:80 - create IPUIPlugin
2024-06-25 23:12:38,209 [INFO] PluginManager:220 - loadIPPluginJar : add aes
2024-06-25 23:12:38,216 [INFO] IPUIPlugin:80 - create IPUIPlugin
2024-06-25 23:12:38,216 [INFO] PluginManager:220 - loadIPPluginJar : add linkedlist
2024-06-25 23:12:38,221 [INFO] IPUIPlugin:80 - create IPUIPlugin
2024-06-25 23:12:38,221 [INFO] PluginManager:220 - loadIPPluginJar : add gic
2024-06-25 23:12:38,223 [INFO] IPUIPlugin:80 - create IPUIPlugin
2024-06-25 23:12:38,223 [INFO] PluginManager:220 - loadIPPluginJar : add genericplugin
2024-06-25 23:12:38,226 [INFO] IPUIPlugin:80 - create IPUIPlugin
2024-06-25 23:12:38,226 [INFO] PluginManager:220 - loadIPPluginJar : add resmgrutility
2024-06-25 23:12:38,228 [INFO] IPUIPlugin:80 - create IPUIPlugin
2024-06-25 23:12:38,229 [INFO] PluginManager:220 - loadIPPluginJar : add gfxmmu
2024-06-25 23:12:38,230 [INFO] IPUIPlugin:80 - create IPUIPlugin
2024-06-25 23:12:38,230 [INFO] PluginManager:220 - loadIPPluginJar : add comp
2024-06-25 23:12:38,233 [INFO] IPUIPlugin:80 - create IPUIPlugin
2024-06-25 23:12:38,233 [INFO] PluginManager:220 - loadIPPluginJar : add i2s
2024-06-25 23:12:38,236 [INFO] IPUIPlugin:80 - create IPUIPlugin
2024-06-25 23:12:38,236 [INFO] PluginManager:220 - loadIPPluginJar : add ts
2024-06-25 23:12:38,240 [INFO] IPUIPlugin:80 - create IPUIPlugin
2024-06-25 23:12:38,240 [INFO] PluginManager:220 - loadIPPluginJar : add pdm2pcm
2024-06-25 23:12:38,243 [INFO] IPUIPlugin:80 - create IPUIPlugin
2024-06-25 23:12:38,243 [INFO] PluginManager:220 - loadIPPluginJar : add gtzc
2024-06-25 23:12:38,247 [INFO] IPUIPlugin:80 - create IPUIPlugin
2024-06-25 23:12:38,247 [INFO] PluginManager:220 - loadIPPluginJar : add can
2024-06-25 23:12:38,249 [INFO] IPUIPlugin:80 - create IPUIPlugin
2024-06-25 23:12:38,250 [INFO] PluginManager:220 - loadIPPluginJar : add tracer_emb
2024-06-25 23:12:38,253 [INFO] IPUIPlugin:80 - create IPUIPlugin
2024-06-25 23:12:38,253 [INFO] PluginManager:220 - loadIPPluginJar : add usart
2024-06-25 23:12:38,258 [INFO] IPUIPlugin:80 - create IPUIPlugin
2024-06-25 23:12:38,258 [INFO] PluginManager:220 - loadIPPluginJar : add gpio
2024-06-25 23:12:38,261 [INFO] IPUIPlugin:80 - create IPUIPlugin
2024-06-25 23:12:38,261 [INFO] PluginManager:220 - loadIPPluginJar : add spi
2024-06-25 23:12:38,267 [INFO] IPUIPlugin:80 - create IPUIPlugin
2024-06-25 23:12:38,270 [INFO] PluginManager:220 - loadIPPluginJar : add plateformsettings
2024-06-25 23:12:38,272 [INFO] IPUIPlugin:80 - create IPUIPlugin
2024-06-25 23:12:38,273 [INFO] PluginManager:220 - loadIPPluginJar : add tim
2024-06-25 23:12:38,277 [INFO] IPUIPlugin:80 - create IPUIPlugin
2024-06-25 23:12:38,278 [INFO] PluginManager:220 - loadIPPluginJar : add stm32_wpan
2024-06-25 23:12:38,280 [INFO] IPUIPlugin:80 - create IPUIPlugin
2024-06-25 23:12:38,281 [INFO] PluginManager:220 - loadIPPluginJar : add opamp
2024-06-25 23:12:38,283 [INFO] IPUIPlugin:80 - create IPUIPlugin
2024-06-25 23:12:38,283 [INFO] PluginManager:220 - loadIPPluginJar : add i2c
2024-06-25 23:12:38,289 [INFO] IPUIPlugin:80 - create IPUIPlugin
2024-06-25 23:12:38,290 [INFO] PluginManager:220 - loadIPPluginJar : add mdma
2024-06-25 23:12:38,293 [INFO] IPUIPlugin:80 - create IPUIPlugin
2024-06-25 23:12:38,293 [INFO] PluginManager:220 - loadIPPluginJar : add usbx
2024-06-25 23:12:38,296 [INFO] IPUIPlugin:80 - create IPUIPlugin
2024-06-25 23:12:38,296 [INFO] PluginManager:220 - loadIPPluginJar : add lorawan
2024-06-25 23:12:38,303 [INFO] IPUIPlugin:80 - create IPUIPlugin
2024-06-25 23:12:38,304 [INFO] PluginManager:220 - loadIPPluginJar : add dma
2024-06-25 23:12:38,307 [INFO] IPUIPlugin:80 - create IPUIPlugin
2024-06-25 23:12:38,307 [INFO] PluginManager:220 - loadIPPluginJar : add hash
2024-06-25 23:12:38,309 [INFO] IPUIPlugin:80 - create IPUIPlugin
2024-06-25 23:12:38,309 [INFO] PluginManager:220 - loadIPPluginJar : add quadspi
2024-06-25 23:12:38,312 [INFO] IPUIPlugin:80 - create IPUIPlugin
2024-06-25 23:12:38,312 [INFO] PluginManager:220 - loadIPPluginJar : add sai
2024-06-25 23:12:38,418 [INFO] CADModel:165 - CPN selected for project level
2024-06-25 23:12:38,418 [INFO] CADModel:114 - Register for checkConnection events
2024-06-25 23:12:38,418 [FATAL] Updater:308 - Updater called before beeing initialized
2024-06-25 23:12:38,418 [ERROR] CADModel:125 - Updater not yet initialized, retry later 
2024-06-25 23:12:38,527 [INFO] CADModel:165 - CPN selected for project level
2024-06-25 23:12:38,527 [INFO] CADModel:114 - Register for checkConnection events
2024-06-25 23:12:38,527 [FATAL] Updater:308 - Updater called before beeing initialized
2024-06-25 23:12:38,527 [ERROR] CADModel:125 - Updater not yet initialized, retry later 
2024-06-25 23:12:38,530 [FATAL] Updater:308 - Updater called before beeing initialized
2024-06-25 23:12:38,590 [FATAL] Updater:308 - Updater called before beeing initialized
2024-06-25 23:12:38,594 [INFO] DbMcusAds:53 - JSON generation date=Thu May 16 05:22:00 EDT 2024 (1715851320852)
2024-06-25 23:12:38,594 [FATAL] Updater:308 - Updater called before beeing initialized
2024-06-25 23:12:38,624 [WARN] DetailPanel:346 - Failed to get advertising image, set to default
2024-06-25 23:12:38,710 [FATAL] Updater:308 - Updater called before beeing initialized
2024-06-25 23:12:38,712 [FATAL] Updater:308 - Updater called before beeing initialized
2024-06-25 23:12:38,712 [FATAL] Updater:308 - Updater called before beeing initialized
2024-06-25 23:12:38,712 [WARN] DetailPanel:346 - Failed to get advertising image, set to default
2024-06-25 23:12:38,713 [FATAL] Updater:308 - Updater called before beeing initialized
2024-06-25 23:12:38,743 [ERROR] Updater:1120 - MainUpdater not yet initialized. External WinMGr cannot be set.
2024-06-25 23:12:38,744 [INFO] Updater:1056 - Updater Version found : 6.9.2
2024-06-25 23:12:38,758 [INFO] ApplicationProperties:184 - Using Application install path: /opt/st/stm32cubeide_1.13.2/plugins/com.st.stm32cube.common.mx_6.9.2.202309101412
2024-06-25 23:12:38,914 [INFO] MainUpdater:2868 - connection check result : 10
2024-06-25 23:12:38,915 [INFO] MainUpdater:285 - Updater Check For Update Now.
2024-06-25 23:12:38,915 [INFO] MicroXplorer:498 - Change Database Version : DB.6.0.92
2024-06-25 23:12:38,919 [INFO] McuFinderGlobals:63 - Set McuFinder mode to 2 (CubeIDE integrated)
2024-06-25 23:12:39,119 [INFO] CheckServerUpdateThread:120 - End of CheckServer Thread
2024-06-25 23:12:40,787 [WARN] PackLoader:240 - Cannot read IP mode file for STMicroelectronics.FP-SNS-MOTENVWB1.1.4.0
2024-06-25 23:12:40,803 [WARN] PackLoader:240 - Cannot read IP mode file for STMicroelectronics.X-CUBE-SMBUS.2.1.0
2024-06-25 23:12:40,808 [WARN] PackLoader:240 - Cannot read IP mode file for STMicroelectronics.X-CUBE-TOUCHGFX.4.23.0
2024-06-25 23:12:40,813 [WARN] PackLoader:240 - Cannot read IP mode file for STMicroelectronics.X-CUBE-TOUCHGFX.4.23.2
2024-06-25 23:12:40,853 [WARN] PackLoader:240 - Cannot read IP mode file for STMicroelectronics.X-CUBE-AZRTOS-F7.1.1.0
2024-06-25 23:12:40,868 [WARN] PackLoader:240 - Cannot read IP mode file for STMicroelectronics.FP-SNS-MOTENV1.4.3.2
2024-06-25 23:12:40,877 [WARN] PackLoader:240 - Cannot read IP mode file for STMicroelectronics.FP-SNS-FLIGHT1.5.0.2
2024-06-25 23:12:40,887 [WARN] PackLoader:240 - Cannot read IP mode file for STMicroelectronics.X-CUBE-DISPLAY.3.0.0
2024-06-25 23:12:40,902 [WARN] PackLoader:240 - Cannot read IP mode file for STMicroelectronics.X-CUBE-BLE1.7.0.0
2024-06-25 23:12:40,908 [WARN] PackLoader:240 - Cannot read IP mode file for emotas.I-CUBE-CANOPEN.1.3.0
2024-06-25 23:12:40,911 [WARN] PackLoader:240 - Cannot read IP mode file for STMicroelectronics.X-CUBE-TOUCHGFX.4.22.0
2024-06-25 23:12:40,913 [WARN] PackLoader:240 - Cannot read IP mode file for STMicroelectronics.X-CUBE-TOUCHGFX.4.22.1
2024-06-25 23:12:40,925 [WARN] PackLoader:240 - Cannot read IP mode file for STMicroelectronics.X-CUBE-BLEMGR.3.1.0
2024-06-25 23:12:40,935 [WARN] PackLoader:240 - Cannot read IP mode file for STMicroelectronics.FP-SNS-SMARTAG2.1.2.0
2024-06-25 23:12:40,949 [INFO] LogOutputStream:77 - [STDOUT_REDIRECT] 1 : Invalid condition id : UX_CORESTACK_Condition cause : null
2024-06-25 23:12:40,950 [INFO] LogOutputStream:77 - [STDOUT_REDIRECT] 1 : Invalid condition id : UX_CORESTACK_Condition cause : null
2024-06-25 23:12:40,950 [INFO] LogOutputStream:77 - [STDOUT_REDIRECT] 1 : Invalid condition id : UX_CORESTACK_Condition cause : null
2024-06-25 23:12:40,950 [INFO] LogOutputStream:77 - [STDOUT_REDIRECT] 1 : Invalid condition id : UX_CORESTACK_Condition cause : null
2024-06-25 23:12:40,950 [INFO] LogOutputStream:77 - [STDOUT_REDIRECT] 1 : Invalid condition id : UX_CORESTACK_Condition cause : null
2024-06-25 23:12:40,955 [WARN] PackLoader:240 - Cannot read IP mode file for STMicroelectronics.X-CUBE-AZRTOS-WL.2.0.0
2024-06-25 23:12:40,961 [WARN] PackLoader:240 - Cannot read IP mode file for STMicroelectronics.FP-SNS-MOTENV1.5.0.0
2024-06-25 23:12:40,966 [WARN] PackLoader:240 - Cannot read IP mode file for wolfSSL.I-CUBE-wolfMQTT.1.19.0
2024-06-25 23:12:40,973 [WARN] PackLoader:240 - Cannot read IP mode file for WES.I-CUBE-Cesium.1.3.0
2024-06-25 23:12:40,977 [WARN] PackLoader:240 - Cannot read IP mode file for STMicroelectronics.X-CUBE-BLE2.3.3.0
2024-06-25 23:12:40,984 [WARN] PackLoader:240 - Cannot read IP mode file for STMicroelectronics.X-CUBE-TCPP.4.1.0
2024-06-25 23:12:40,993 [WARN] PackLoader:240 - Cannot read IP mode file for STMicroelectronics.X-CUBE-ALGOBUILD.1.3.0
2024-06-25 23:12:41,025 [WARN] PackLoader:240 - Cannot read IP mode file for STMicroelectronics.X-CUBE-AZRTOS-G0.1.1.0
2024-06-25 23:12:41,036 [WARN] PackLoader:240 - Cannot read IP mode file for STMicroelectronics.X-CUBE-SAFEA1.1.2.2
2024-06-25 23:12:41,043 [WARN] PackLoader:240 - Cannot read IP mode file for STMicroelectronics.X-CUBE-NFC4.3.0.0
2024-06-25 23:12:41,054 [WARN] PackLoader:240 - Cannot read IP mode file for STMicroelectronics.X-CUBE-BLEMGR.3.0.0
2024-06-25 23:12:41,061 [WARN] PackLoader:240 - Cannot read IP mode file for STMicroelectronics.FP-ATR-SIGFOX1.3.2.0
2024-06-25 23:12:41,068 [WARN] PackLoader:240 - Cannot read IP mode file for STMicroelectronics.X-CUBE-EEPRMA1.5.1.0
2024-06-25 23:12:41,117 [WARN] PackLoader:240 - Cannot read IP mode file for SEGGER.I-CUBE-embOS.1.3.1
2024-06-25 23:12:41,183 [WARN] PackLoader:240 - Cannot read IP mode file for STMicroelectronics.X-CUBE-ALGOBUILD.1.4.0
2024-06-25 23:12:41,192 [WARN] PackLoader:240 - Cannot read IP mode file for STMicroelectronics.X-CUBE-GNSS1.6.0.0
2024-06-25 23:12:41,216 [WARN] PackLoader:240 - Cannot read IP mode file for STMicroelectronics.X-CUBE-AZRTOS-F4.1.1.0
2024-06-25 23:12:41,225 [WARN] PackLoader:240 - Cannot read IP mode file for wolfSSL.I-CUBE-wolfSSL.5.6.3
2024-06-25 23:12:41,231 [WARN] PackLoader:240 - Cannot read IP mode file for STMicroelectronics.X-CUBE-FREERTOS.1.2.0
2024-06-25 23:12:41,251 [WARN] PackLoader:240 - Cannot read IP mode file for STMicroelectronics.X-CUBE-AZRTOS-L5.2.0.0
2024-06-25 23:12:41,307 [WARN] PackLoader:240 - Cannot read IP mode file for STMicroelectronics.X-CUBE-MEMS1.9.6.0
2024-06-25 23:12:41,507 [WARN] PackLoader:240 - Cannot read IP mode file for STMicroelectronics.X-CUBE-EEPRMA1.4.2.0
2024-06-25 23:12:41,514 [WARN] PackLoader:240 - Cannot read IP mode file for STMicroelectronics.X-CUBE-NFC6.3.1.0
2024-06-25 23:12:41,526 [WARN] PackLoader:240 - Cannot read IP mode file for ITTIA_DB.I-CUBE-ITTIADB.8.8.0
2024-06-25 23:12:41,534 [WARN] PackLoader:240 - Cannot read IP mode file for STMicroelectronics.X-CUBE-BLEMGR.2.0.0
2024-06-25 23:12:41,538 [WARN] PackLoader:240 - Cannot read IP mode file for STMicroelectronics.X-CUBE-AI.9.0.0
2024-06-25 23:12:41,554 [WARN] ConditionMgr:438 - getConditionDescription Invalid condition id : UX DEVICE CLASS RTOS Condition cause : null
2024-06-25 23:12:41,554 [WARN] ConditionMgr:438 - getConditionDescription Invalid condition id : UX DEVICE CLASS RTOS Condition cause : null
2024-06-25 23:12:41,557 [WARN] PackLoader:240 - Cannot read IP mode file for STMicroelectronics.X-CUBE-AZRTOS-H7.3.1.0
2024-06-25 23:12:41,559 [WARN] ConditionMgr:1039 - genDependencies : Invalid condition id : UX DEVICE CLASS RTOS Condition cause : null
2024-06-25 23:12:41,559 [WARN] ConditionMgr:1039 - genDependencies : Invalid condition id : UX DEVICE CLASS RTOS Condition cause : null
2024-06-25 23:12:41,560 [WARN] ConditionMgr:1039 - genDependencies : Invalid condition id : UX DEVICE CLASS RTOS Condition cause : null
2024-06-25 23:12:41,561 [WARN] ConditionMgr:1039 - genDependencies : Invalid condition id : UX DEVICE CLASS RTOS Condition cause : null
2024-06-25 23:12:41,561 [WARN] ConditionMgr:1039 - genDependencies : Invalid condition id : UX DEVICE CLASS RTOS Condition cause : null
2024-06-25 23:12:41,570 [WARN] PackLoader:240 - Cannot read IP mode file for STMicroelectronics.X-CUBE-NFC7.1.0.1
2024-06-25 23:12:41,576 [WARN] PackLoader:240 - Cannot read IP mode file for STMicroelectronics.X-CUBE-NFC6.3.0.0
2024-06-25 23:12:41,582 [WARN] PackLoader:240 - Cannot read IP mode file for STMicroelectronics.X-CUBE-EEPRMA1.4.1.0
2024-06-25 23:12:41,586 [WARN] PackLoader:240 - Cannot read IP mode file for STMicroelectronics.X-CUBE-AI.8.1.0
2024-06-25 23:12:41,602 [WARN] ConditionMgr:438 - getConditionDescription Invalid condition id : LAN8742 Phy interface Condition cause : null
2024-06-25 23:12:41,602 [WARN] PackLoader:240 - Cannot read IP mode file for STMicroelectronics.X-CUBE-AZRTOS-L4.2.0.0
2024-06-25 23:12:41,604 [WARN] ConditionMgr:1039 - genDependencies : Invalid condition id : LAN8742 Phy interface Condition cause : null
2024-06-25 23:12:41,605 [WARN] ConditionMgr:1039 - genDependencies : Invalid condition id : LAN8742 Phy interface Condition cause : null
2024-06-25 23:12:41,606 [WARN] ConditionMgr:1039 - genDependencies : Invalid condition id : LAN8742 Phy interface Condition cause : null
2024-06-25 23:12:41,616 [WARN] PackLoader:240 - Cannot read IP mode file for STMicroelectronics.X-CUBE-SFXS2LP1.4.0.0
2024-06-25 23:12:41,621 [WARN] PackLoader:240 - Cannot read IP mode file for STMicroelectronics.X-CUBE-ISPU.1.1.0
2024-06-25 23:12:41,633 [WARN] ConditionMgr:438 - getConditionDescription Invalid condition id : UX DEVICE CLASS RTOS Condition cause : null
2024-06-25 23:12:41,634 [WARN] ConditionMgr:438 - getConditionDescription Invalid condition id : UX DEVICE CLASS RTOS Condition cause : null
2024-06-25 23:12:41,636 [WARN] PackLoader:240 - Cannot read IP mode file for STMicroelectronics.X-CUBE-AZRTOS-WB.2.0.0
2024-06-25 23:12:41,637 [WARN] ConditionMgr:1039 - genDependencies : Invalid condition id : UX DEVICE CLASS RTOS Condition cause : null
2024-06-25 23:12:41,637 [WARN] ConditionMgr:1039 - genDependencies : Invalid condition id : UX DEVICE CLASS RTOS Condition cause : null
2024-06-25 23:12:41,638 [WARN] ConditionMgr:1039 - genDependencies : Invalid condition id : UX DEVICE CLASS RTOS Condition cause : null
2024-06-25 23:12:41,639 [WARN] ConditionMgr:1039 - genDependencies : Invalid condition id : UX DEVICE CLASS RTOS Condition cause : null
2024-06-25 23:12:41,639 [WARN] ConditionMgr:1039 - genDependencies : Invalid condition id : UX DEVICE CLASS RTOS Condition cause : null
2024-06-25 23:12:41,650 [WARN] PackLoader:240 - Cannot read IP mode file for STMicroelectronics.X-CUBE-SUBG2.5.0.0
2024-06-25 23:12:41,665 [WARN] PackLoader:240 - Cannot read IP mode file for STMicroelectronics.X-CUBE-TOF1.3.3.1
2024-06-25 23:12:41,692 [WARN] PackLoader:240 - Cannot read IP mode file for STMicroelectronics.X-CUBE-AZRTOS-G4.2.0.0
2024-06-25 23:12:41,705 [WARN] PackLoader:240 - Cannot read IP mode file for Infineon.AIROC-Wi-Fi-Bluetooth-STM32.1.5.1
2024-06-25 23:12:41,715 [WARN] PackLoader:240 - Cannot read IP mode file for STMicroelectronics.FP-SNS-MOTENVWB1.1.3.0
2024-06-25 23:12:41,718 [WARN] PackLoader:240 - Cannot read IP mode file for STMicroelectronics.FP-SNS-MOTENVWB1.1.3.1
2024-06-25 23:12:41,722 [WARN] PackLoader:240 - Cannot read IP mode file for STMicroelectronics.X-CUBE-ISPU.2.0.0
2024-06-25 23:12:41,728 [WARN] PackLoader:240 - Cannot read IP mode file for STMicroelectronics.X-CUBE-ALS.1.0.2
2024-06-25 23:12:41,771 [WARN] PackLoader:240 - Cannot read IP mode file for STMicroelectronics.X-CUBE-MEMS1.10.0.0
2024-06-25 23:12:41,876 [WARN] PackLoader:240 - Cannot read IP mode file for STMicroelectronics.X-CUBE-FREERTOS.1.1.0
2024-06-25 23:12:41,879 [WARN] PackLoader:240 - Cannot read IP mode file for portGmbH.I-Cube-SoM-uGOAL.1.1.0
2024-06-25 23:12:41,881 [WARN] PackLoader:240 - Cannot read IP mode file for STMicroelectronics.X-CUBE-ALS.1.0.1
2024-06-25 23:12:41,897 [WARN] PackLoader:240 - Cannot read IP mode file for STMicroelectronics.X-CUBE-AZRTOS-H7RS.1.0.0
2024-06-25 23:12:41,900 [WARN] PackLoader:240 - Cannot read IP mode file for STMicroelectronics.FP-ATR-ASTRA1.2.0.0
2024-06-25 23:12:41,910 [WARN] PackLoader:240 - Cannot read IP mode file for STMicroelectronics.X-CUBE-TOF1.3.4.0
2024-06-25 23:12:41,950 [WARN] PackLoader:240 - Cannot read IP mode file for STMicroelectronics.X-CUBE-TOF1.3.4.1
2024-06-25 23:12:41,978 [WARN] PackLoader:240 - Cannot read IP mode file for STMicroelectronics.X-CUBE-AZRTOS-H7.3.2.0
2024-06-25 23:12:41,985 [INFO] ThirdParty:978 - Integrity check success = true
2024-06-25 23:12:41,985 [INFO] IntegrityCheckThread:100 - exiting critical section [integrity check]
2024-06-25 23:12:41,985 [INFO] IntegrityCheckThread:103 - End integrity checks thread
2024-06-25 23:13:00,390 [ERROR] LogOutputStream:75 - [STDERR_REDIRECT] SLF4J: Failed to load class "org.slf4j.impl.StaticLoggerBinder".
2024-06-25 23:13:00,391 [ERROR] LogOutputStream:75 - [STDERR_REDIRECT] SLF4J: Defaulting to no-operation (NOP) logger implementation
2024-06-25 23:13:00,391 [ERROR] LogOutputStream:75 - [STDERR_REDIRECT] SLF4J: See http://www.slf4j.org/codes.html#StaticLoggerBinder for further details.
2024-06-25 23:41:42,542 [INFO] Activator:176 - 


2024-06-25 23:41:42,544 [INFO] Activator:177 - !SESSION log4j initialized
2024-06-25 23:41:46,956 [INFO] LogOutputStream:77 - [STDOUT_REDIRECT] 
2024-06-25 23:41:48,022 [INFO] ApplicationProperties:184 - Using Application install path: /opt/st/stm32cubeide_1.13.2/plugins/com.st.stm32cube.common.mx_6.9.2.202309101412
2024-06-25 23:41:48,048 [INFO] DbMcusXml:78 - Set database path to: /opt/st/stm32cubeide_1.13.2/plugins/com.st.stm32cube.common.mx_6.9.2.202309101412//db//mcu/
2024-06-25 23:41:48,049 [INFO] ApiDb:274 - Set plugin database path to: /opt/st/stm32cubeide_1.13.2/plugins/com.st.stm32cube.common.mx_6.9.2.202309101412//db//plugins/boardmanager/
2024-06-25 23:41:48,049 [WARN] ApiDb:259 - Overriding images path with different value:  => /opt/st/stm32cubeide_1.13.2/plugins/com.st.stm32cube.common.mx_6.9.2.202309101412//db//plugins/mcufinder/images/
2024-06-25 23:41:48,064 [INFO] ApiDb:250 - Set database path to: /home/ebenezer/.stmcufinder/plugins/mcufinder//mcu/
2024-06-25 23:41:48,067 [INFO] DbMcusAds:125 - Set database path to: /home/ebenezer/.stmcufinder/plugins/mcufinder//mcu/
2024-06-25 23:41:48,071 [INFO] CrossReferenceDbSqlite:203 - Set database path to: /home/ebenezer/.stmcufinder/plugins/mcufinder//mcu/cs/
2024-06-25 23:41:48,274 [INFO] RulesReader:64 - Compatibility file has been processed (293 Rules)
2024-06-25 23:41:48,352 [INFO] DbMcusXml:78 - Set database path to: /opt/st/stm32cubeide_1.13.2/plugins/com.st.stm32cube.common.mx_6.9.2.202309101412//db//mcu/
2024-06-25 23:41:48,352 [INFO] ApiDb:274 - Set plugin database path to: /opt/st/stm32cubeide_1.13.2/plugins/com.st.stm32cube.common.mx_6.9.2.202309101412//db//plugins/boardmanager/
2024-06-25 23:41:48,352 [INFO] ApiDb:261 - Set plugin images path to: /opt/st/stm32cubeide_1.13.2/plugins/com.st.stm32cube.common.mx_6.9.2.202309101412//db//plugins/mcufinder/images/
2024-06-25 23:41:48,353 [WARN] DbFile:41 - Overriding database path with different value: /home/ebenezer/.stmcufinder/plugins/mcufinder/ => /home/ebenezer/.stmcufinder/plugins/mcufinder
2024-06-25 23:41:48,353 [INFO] ApiDb:250 - Set database path to: /home/ebenezer/.stmcufinder/plugins/mcufinder//mcu/
2024-06-25 23:41:48,353 [WARN] DbFile:41 - Overriding database path with different value: /home/ebenezer/.stmcufinder/plugins/mcufinder/ => /home/ebenezer/.stmcufinder/plugins/mcufinder
2024-06-25 23:41:48,353 [INFO] DbMcusAds:125 - Set database path to: /home/ebenezer/.stmcufinder/plugins/mcufinder//mcu/
2024-06-25 23:41:48,353 [WARN] DbFile:41 - Overriding database path with different value: /home/ebenezer/.stmcufinder/plugins/mcufinder/ => /home/ebenezer/.stmcufinder/plugins/mcufinder
2024-06-25 23:41:48,353 [WARN] DbFile:41 - Overriding database path with different value: /home/ebenezer/.stmcufinder/plugins/mcufinder/ => /home/ebenezer/.stmcufinder/plugins/mcufinder
2024-06-25 23:41:48,353 [INFO] CrossReferenceDbSqlite:203 - Set database path to: /home/ebenezer/.stmcufinder/plugins/mcufinder//mcu/cs/
2024-06-25 23:41:48,410 [INFO] MainPanel:262 - HeapMemory: 268435456
2024-06-25 23:41:48,472 [INFO] DbMcusXml:78 - Set database path to: /opt/st/stm32cubeide_1.13.2/plugins/com.st.stm32cube.common.mx_6.9.2.202309101412//db//mcu/
2024-06-25 23:41:48,472 [INFO] ApiDb:274 - Set plugin database path to: /opt/st/stm32cubeide_1.13.2/plugins/com.st.stm32cube.common.mx_6.9.2.202309101412//db//plugins/boardmanager/
2024-06-25 23:41:48,472 [INFO] ApiDb:261 - Set plugin images path to: /opt/st/stm32cubeide_1.13.2/plugins/com.st.stm32cube.common.mx_6.9.2.202309101412//db//plugins/mcufinder/images/
2024-06-25 23:41:48,473 [WARN] DbFile:41 - Overriding database path with different value: /home/ebenezer/.stmcufinder/plugins/mcufinder/ => /home/ebenezer/.stmcufinder/plugins/mcufinder
2024-06-25 23:41:48,473 [INFO] ApiDb:250 - Set database path to: /home/ebenezer/.stmcufinder/plugins/mcufinder//mcu/
2024-06-25 23:41:48,473 [WARN] DbFile:41 - Overriding database path with different value: /home/ebenezer/.stmcufinder/plugins/mcufinder/ => /home/ebenezer/.stmcufinder/plugins/mcufinder
2024-06-25 23:41:48,473 [INFO] DbMcusAds:125 - Set database path to: /home/ebenezer/.stmcufinder/plugins/mcufinder//mcu/
2024-06-25 23:41:48,473 [WARN] DbFile:41 - Overriding database path with different value: /home/ebenezer/.stmcufinder/plugins/mcufinder/ => /home/ebenezer/.stmcufinder/plugins/mcufinder
2024-06-25 23:41:48,473 [WARN] DbFile:41 - Overriding database path with different value: /home/ebenezer/.stmcufinder/plugins/mcufinder/ => /home/ebenezer/.stmcufinder/plugins/mcufinder
2024-06-25 23:41:48,473 [INFO] CrossReferenceDbSqlite:203 - Set database path to: /home/ebenezer/.stmcufinder/plugins/mcufinder//mcu/cs/
2024-06-25 23:41:48,485 [INFO] ApplicationProperties:184 - Using Application install path: /opt/st/stm32cubeide_1.13.2/plugins/com.st.stm32cube.common.mx_6.9.2.202309101412
2024-06-25 23:41:48,487 [INFO] PluginManage:196 - Search for loadable plugins [exclusion list=, ]
2024-06-25 23:41:48,488 [INFO] PluginManage:310 - Check plugin analytics
2024-06-25 23:41:48,629 [INFO] AnalyticsPlugin:253 - Accepted Software Licenses: 
2024-06-25 23:41:48,629 [INFO] AnalyticsPlugin:255 - Accepted CMSIS Pack Licenses: 
2024-06-25 23:41:48,629 [INFO] AnalyticsPlugin:257 - Accepted Firmware Licenses: FW.G0.1.6.0,FW.F4.1.27.0,FW.G4.1.5.0
2024-06-25 23:41:48,631 [INFO] PluginManage:359 - Loaded plugin analytics (category:tool,tabindex:-1)
2024-06-25 23:41:48,632 [INFO] PluginManage:310 - Check plugin cadmodel
2024-06-25 23:41:48,655 [INFO] CADModel:105 - Init CAD model plugin
2024-06-25 23:41:48,656 [INFO] PluginManage:359 - Loaded plugin cadmodel (category:power,tabindex:5)
2024-06-25 23:41:48,656 [INFO] PluginManage:310 - Check plugin clock
2024-06-25 23:41:48,663 [INFO] PluginManage:359 - Loaded plugin clock (category:base,tabindex:2)
2024-06-25 23:41:48,663 [INFO] PluginManage:310 - Check plugin ddr
2024-06-25 23:41:48,665 [INFO] PluginManage:359 - Loaded plugin ddr (category:tool,tabindex:6)
2024-06-25 23:41:48,665 [INFO] PluginManage:310 - Check plugin filemanager
2024-06-25 23:41:48,761 [INFO] PluginManage:359 - Loaded plugin filemanager (category:base,tabindex:10)
2024-06-25 23:41:48,762 [INFO] PluginManage:310 - Check plugin ipmanager
2024-06-25 23:41:48,766 [INFO] PluginManage:359 - Loaded plugin ipmanager (category:base,tabindex:5)
2024-06-25 23:41:48,766 [INFO] PluginManage:310 - Check plugin lpbam
2024-06-25 23:41:48,772 [INFO] PluginManage:359 - Loaded plugin lpbam (category:base,tabindex:0)
2024-06-25 23:41:48,772 [INFO] PluginManage:310 - Check plugin memorymap
2024-06-25 23:41:48,779 [INFO] PluginManage:359 - Loaded plugin memorymap (category:base,tabindex:4)
2024-06-25 23:41:48,779 [INFO] PluginManage:310 - Check plugin pinoutandconfiguration
2024-06-25 23:41:48,783 [INFO] PluginManage:359 - Loaded plugin pinoutandconfiguration (category:base,tabindex:1)
2024-06-25 23:41:48,783 [INFO] PluginManage:310 - Check plugin pinoutconfig
2024-06-25 23:41:48,858 [WARN] SupportedApi:132 - Cannot load RTOS API schema: s4s-elt-must-match.1: The content of 'definitions' must match (annotation?, (simpleType | complexType)?, (unique | key | keyref)*)). A problem was found starting at: attribute.
2024-06-25 23:41:49,008 [INFO] PluginManage:359 - Loaded plugin pinoutconfig (category:base,tabindex:0)
2024-06-25 23:41:49,008 [INFO] PluginManage:310 - Check plugin power
2024-06-25 23:41:49,015 [INFO] PluginManage:359 - Loaded plugin power (category:power,tabindex:4)
2024-06-25 23:41:49,016 [INFO] PluginManage:310 - Check plugin projectmanager
2024-06-25 23:41:49,026 [INFO] PluginManage:359 - Loaded plugin projectmanager (category:projectmanager,tabindex:3)
2024-06-25 23:41:49,026 [INFO] PluginManage:310 - Check plugin thirdparty
2024-06-25 23:41:49,147 [INFO] PluginManage:359 - Loaded plugin thirdparty (category:base,tabindex:-1)
2024-06-25 23:41:49,147 [WARN] IntegrityCheckThread:84 - waiting for thirdparty lock release [integrity check]
2024-06-25 23:41:49,148 [INFO] PluginManage:310 - Check plugin tools
2024-06-25 23:41:49,148 [INFO] IntegrityCheckThread:86 - entering critical section [integrity check]
2024-06-25 23:41:49,148 [INFO] ThirdPartyUpdaterWithRetryManager:70 - Updater plugin not ready yet. [1/15]
2024-06-25 23:41:49,150 [INFO] PluginManage:359 - Loaded plugin tools (category:base,tabindex:7)
2024-06-25 23:41:49,150 [INFO] PluginManage:310 - Check plugin tutovideos
2024-06-25 23:41:49,292 [INFO] PluginManage:359 - Loaded plugin tutovideos (category:base,tabindex:-1)
2024-06-25 23:41:49,293 [INFO] PluginManage:310 - Check plugin updater
2024-06-25 23:41:49,302 [INFO] PluginManage:359 - Loaded plugin updater (category:base,tabindex:12)
2024-06-25 23:41:49,302 [INFO] PluginManage:310 - Check plugin userauth
2024-06-25 23:41:49,308 [INFO] UserAuth:113 - Init User Auth plugin
2024-06-25 23:41:49,308 [INFO] PluginManage:359 - Loaded plugin userauth (category:base,tabindex:14)
2024-06-25 23:41:49,309 [INFO] PluginManage:283 - PluginManage : Loaded plugins [17]
2024-06-25 23:41:49,464 [INFO] PinOutPanel:1499 - setPackage(No Configuration,No Configuration)
2024-06-25 23:41:49,557 [INFO] CADModel:165 - CPN selected for project level
2024-06-25 23:41:49,558 [INFO] CADModel:114 - Register for checkConnection events
2024-06-25 23:41:49,568 [INFO] IPUIPlugin:80 - create IPUIPlugin
2024-06-25 23:41:49,568 [INFO] PluginManager:220 - loadIPPluginJar : add touchsensing
2024-06-25 23:41:49,576 [INFO] IPUIPlugin:80 - create IPUIPlugin
2024-06-25 23:41:49,576 [INFO] PluginManager:220 - loadIPPluginJar : add adc
2024-06-25 23:41:49,579 [INFO] IPUIPlugin:80 - create IPUIPlugin
2024-06-25 23:41:49,579 [INFO] PluginManager:220 - loadIPPluginJar : add fatfs
2024-06-25 23:41:49,584 [INFO] IPUIPlugin:80 - create IPUIPlugin
2024-06-25 23:41:49,584 [INFO] PluginManager:220 - loadIPPluginJar : add ipddr
2024-06-25 23:41:49,587 [INFO] IPUIPlugin:80 - create IPUIPlugin
2024-06-25 23:41:49,588 [INFO] PluginManager:220 - loadIPPluginJar : add openamp
2024-06-25 23:41:49,592 [INFO] IPUIPlugin:80 - create IPUIPlugin
2024-06-25 23:41:49,593 [INFO] PluginManager:220 - loadIPPluginJar : add i3c
2024-06-25 23:41:49,595 [INFO] IPUIPlugin:80 - create IPUIPlugin
2024-06-25 23:41:49,595 [INFO] PluginManager:220 - loadIPPluginJar : add cryp
2024-06-25 23:41:49,598 [INFO] IPUIPlugin:80 - create IPUIPlugin
2024-06-25 23:41:49,598 [INFO] PluginManager:220 - loadIPPluginJar : add fmc
2024-06-25 23:41:49,600 [INFO] IPUIPlugin:80 - create IPUIPlugin
2024-06-25 23:41:49,600 [INFO] PluginManager:220 - loadIPPluginJar : add tsc
2024-06-25 23:41:49,601 [INFO] IPUIPlugin:80 - create IPUIPlugin
2024-06-25 23:41:49,601 [INFO] PluginManager:220 - loadIPPluginJar : add ltdc
2024-06-25 23:41:49,603 [INFO] IPUIPlugin:80 - create IPUIPlugin
2024-06-25 23:41:49,603 [INFO] PluginManager:220 - loadIPPluginJar : add nvic
2024-06-25 23:41:49,605 [INFO] IPUIPlugin:80 - create IPUIPlugin
2024-06-25 23:41:49,605 [INFO] PluginManager:220 - loadIPPluginJar : add dma3
2024-06-25 23:41:49,606 [INFO] IPUIPlugin:80 - create IPUIPlugin
2024-06-25 23:41:49,606 [INFO] PluginManager:220 - loadIPPluginJar : add ucpd
2024-06-25 23:41:49,609 [INFO] IPUIPlugin:80 - create IPUIPlugin
2024-06-25 23:41:49,609 [INFO] PluginManager:220 - loadIPPluginJar : add freertos
2024-06-25 23:41:49,611 [INFO] IPUIPlugin:80 - create IPUIPlugin
2024-06-25 23:41:49,611 [INFO] PluginManager:220 - loadIPPluginJar : add dfsdm
2024-06-25 23:41:49,612 [INFO] IPUIPlugin:80 - create IPUIPlugin
2024-06-25 23:41:49,612 [INFO] PluginManager:220 - loadIPPluginJar : add aes
2024-06-25 23:41:49,618 [INFO] IPUIPlugin:80 - create IPUIPlugin
2024-06-25 23:41:49,618 [INFO] PluginManager:220 - loadIPPluginJar : add linkedlist
2024-06-25 23:41:49,621 [INFO] IPUIPlugin:80 - create IPUIPlugin
2024-06-25 23:41:49,621 [INFO] PluginManager:220 - loadIPPluginJar : add gic
2024-06-25 23:41:49,622 [INFO] IPUIPlugin:80 - create IPUIPlugin
2024-06-25 23:41:49,622 [INFO] PluginManager:220 - loadIPPluginJar : add genericplugin
2024-06-25 23:41:49,624 [INFO] IPUIPlugin:80 - create IPUIPlugin
2024-06-25 23:41:49,624 [INFO] PluginManager:220 - loadIPPluginJar : add resmgrutility
2024-06-25 23:41:49,625 [INFO] IPUIPlugin:80 - create IPUIPlugin
2024-06-25 23:41:49,625 [INFO] PluginManager:220 - loadIPPluginJar : add gfxmmu
2024-06-25 23:41:49,626 [INFO] IPUIPlugin:80 - create IPUIPlugin
2024-06-25 23:41:49,626 [INFO] PluginManager:220 - loadIPPluginJar : add comp
2024-06-25 23:41:49,628 [INFO] IPUIPlugin:80 - create IPUIPlugin
2024-06-25 23:41:49,628 [INFO] PluginManager:220 - loadIPPluginJar : add i2s
2024-06-25 23:41:49,629 [INFO] IPUIPlugin:80 - create IPUIPlugin
2024-06-25 23:41:49,629 [INFO] PluginManager:220 - loadIPPluginJar : add ts
2024-06-25 23:41:49,631 [INFO] IPUIPlugin:80 - create IPUIPlugin
2024-06-25 23:41:49,631 [INFO] PluginManager:220 - loadIPPluginJar : add pdm2pcm
2024-06-25 23:41:49,633 [INFO] IPUIPlugin:80 - create IPUIPlugin
2024-06-25 23:41:49,633 [INFO] PluginManager:220 - loadIPPluginJar : add gtzc
2024-06-25 23:41:49,635 [INFO] IPUIPlugin:80 - create IPUIPlugin
2024-06-25 23:41:49,635 [INFO] PluginManager:220 - loadIPPluginJar : add can
2024-06-25 23:41:49,636 [INFO] IPUIPlugin:80 - create IPUIPlugin
2024-06-25 23:41:49,637 [INFO] PluginManager:220 - loadIPPluginJar : add tracer_emb
2024-06-25 23:41:49,638 [INFO] IPUIPlugin:80 - create IPUIPlugin
2024-06-25 23:41:49,638 [INFO] PluginManager:220 - loadIPPluginJar : add usart
2024-06-25 23:41:49,640 [INFO] IPUIPlugin:80 - create IPUIPlugin
2024-06-25 23:41:49,640 [INFO] PluginManager:220 - loadIPPluginJar : add gpio
2024-06-25 23:41:49,641 [INFO] IPUIPlugin:80 - create IPUIPlugin
2024-06-25 23:41:49,641 [INFO] PluginManager:220 - loadIPPluginJar : add spi
2024-06-25 23:41:49,645 [INFO] IPUIPlugin:80 - create IPUIPlugin
2024-06-25 23:41:49,648 [INFO] PluginManager:220 - loadIPPluginJar : add plateformsettings
2024-06-25 23:41:49,650 [INFO] IPUIPlugin:80 - create IPUIPlugin
2024-06-25 23:41:49,650 [INFO] PluginManager:220 - loadIPPluginJar : add tim
2024-06-25 23:41:49,654 [INFO] IPUIPlugin:80 - create IPUIPlugin
2024-06-25 23:41:49,654 [INFO] PluginManager:220 - loadIPPluginJar : add stm32_wpan
2024-06-25 23:41:49,656 [INFO] IPUIPlugin:80 - create IPUIPlugin
2024-06-25 23:41:49,656 [INFO] PluginManager:220 - loadIPPluginJar : add opamp
2024-06-25 23:41:49,657 [INFO] IPUIPlugin:80 - create IPUIPlugin
2024-06-25 23:41:49,658 [INFO] PluginManager:220 - loadIPPluginJar : add i2c
2024-06-25 23:41:49,662 [INFO] IPUIPlugin:80 - create IPUIPlugin
2024-06-25 23:41:49,662 [INFO] PluginManager:220 - loadIPPluginJar : add mdma
2024-06-25 23:41:49,665 [INFO] IPUIPlugin:80 - create IPUIPlugin
2024-06-25 23:41:49,665 [INFO] PluginManager:220 - loadIPPluginJar : add usbx
2024-06-25 23:41:49,667 [INFO] IPUIPlugin:80 - create IPUIPlugin
2024-06-25 23:41:49,667 [INFO] PluginManager:220 - loadIPPluginJar : add lorawan
2024-06-25 23:41:49,672 [INFO] IPUIPlugin:80 - create IPUIPlugin
2024-06-25 23:41:49,673 [INFO] PluginManager:220 - loadIPPluginJar : add dma
2024-06-25 23:41:49,674 [INFO] IPUIPlugin:80 - create IPUIPlugin
2024-06-25 23:41:49,674 [INFO] PluginManager:220 - loadIPPluginJar : add hash
2024-06-25 23:41:49,675 [INFO] IPUIPlugin:80 - create IPUIPlugin
2024-06-25 23:41:49,675 [INFO] PluginManager:220 - loadIPPluginJar : add quadspi
2024-06-25 23:41:49,677 [INFO] IPUIPlugin:80 - create IPUIPlugin
2024-06-25 23:41:49,678 [INFO] PluginManager:220 - loadIPPluginJar : add sai
2024-06-25 23:41:49,775 [INFO] CADModel:165 - CPN selected for project level
2024-06-25 23:41:49,775 [INFO] CADModel:114 - Register for checkConnection events
2024-06-25 23:41:49,776 [FATAL] Updater:308 - Updater called before beeing initialized
2024-06-25 23:41:49,776 [ERROR] CADModel:125 - Updater not yet initialized, retry later 
2024-06-25 23:41:49,893 [INFO] CADModel:165 - CPN selected for project level
2024-06-25 23:41:49,893 [INFO] CADModel:114 - Register for checkConnection events
2024-06-25 23:41:49,893 [FATAL] Updater:308 - Updater called before beeing initialized
2024-06-25 23:41:49,893 [ERROR] CADModel:125 - Updater not yet initialized, retry later 
2024-06-25 23:41:49,896 [FATAL] Updater:308 - Updater called before beeing initialized
2024-06-25 23:41:49,987 [FATAL] Updater:308 - Updater called before beeing initialized
2024-06-25 23:41:49,992 [INFO] DbMcusAds:53 - JSON generation date=Thu May 16 05:22:00 EDT 2024 (1715851320852)
2024-06-25 23:41:49,992 [FATAL] Updater:308 - Updater called before beeing initialized
2024-06-25 23:41:50,025 [WARN] DetailPanel:346 - Failed to get advertising image, set to default
2024-06-25 23:41:50,102 [FATAL] Updater:308 - Updater called before beeing initialized
2024-06-25 23:41:50,103 [FATAL] Updater:308 - Updater called before beeing initialized
2024-06-25 23:41:50,103 [FATAL] Updater:308 - Updater called before beeing initialized
2024-06-25 23:41:50,103 [WARN] DetailPanel:346 - Failed to get advertising image, set to default
2024-06-25 23:41:50,104 [FATAL] Updater:308 - Updater called before beeing initialized
2024-06-25 23:41:50,127 [ERROR] Updater:1120 - MainUpdater not yet initialized. External WinMGr cannot be set.
2024-06-25 23:41:50,128 [INFO] Updater:1056 - Updater Version found : 6.9.2
2024-06-25 23:41:50,144 [INFO] ApplicationProperties:184 - Using Application install path: /opt/st/stm32cubeide_1.13.2/plugins/com.st.stm32cube.common.mx_6.9.2.202309101412
2024-06-25 23:41:50,245 [INFO] MainUpdater:2868 - connection check result : 10
2024-06-25 23:41:50,246 [INFO] MainUpdater:285 - Updater Check For Update Now.
2024-06-25 23:41:50,246 [INFO] MicroXplorer:498 - Change Database Version : DB.6.0.92
2024-06-25 23:41:50,249 [INFO] McuFinderGlobals:63 - Set McuFinder mode to 2 (CubeIDE integrated)
2024-06-25 23:41:50,447 [INFO] CheckServerUpdateThread:120 - End of CheckServer Thread
2024-06-25 23:41:52,217 [WARN] PackLoader:240 - Cannot read IP mode file for STMicroelectronics.FP-SNS-MOTENVWB1.1.4.0
2024-06-25 23:41:52,223 [WARN] PackLoader:240 - Cannot read IP mode file for STMicroelectronics.X-CUBE-SMBUS.2.1.0
2024-06-25 23:41:52,226 [WARN] PackLoader:240 - Cannot read IP mode file for STMicroelectronics.X-CUBE-TOUCHGFX.4.23.0
2024-06-25 23:41:52,228 [WARN] PackLoader:240 - Cannot read IP mode file for STMicroelectronics.X-CUBE-TOUCHGFX.4.23.2
2024-06-25 23:41:52,251 [WARN] PackLoader:240 - Cannot read IP mode file for STMicroelectronics.X-CUBE-AZRTOS-F7.1.1.0
2024-06-25 23:41:52,259 [WARN] PackLoader:240 - Cannot read IP mode file for STMicroelectronics.FP-SNS-MOTENV1.4.3.2
2024-06-25 23:41:52,264 [WARN] PackLoader:240 - Cannot read IP mode file for STMicroelectronics.FP-SNS-FLIGHT1.5.0.2
2024-06-25 23:41:52,270 [WARN] PackLoader:240 - Cannot read IP mode file for STMicroelectronics.X-CUBE-DISPLAY.3.0.0
2024-06-25 23:41:52,281 [WARN] PackLoader:240 - Cannot read IP mode file for STMicroelectronics.X-CUBE-BLE1.7.0.0
2024-06-25 23:41:52,284 [WARN] PackLoader:240 - Cannot read IP mode file for emotas.I-CUBE-CANOPEN.1.3.0
2024-06-25 23:41:52,288 [WARN] PackLoader:240 - Cannot read IP mode file for STMicroelectronics.X-CUBE-TOUCHGFX.4.22.0
2024-06-25 23:41:52,290 [WARN] PackLoader:240 - Cannot read IP mode file for STMicroelectronics.X-CUBE-TOUCHGFX.4.22.1
2024-06-25 23:41:52,297 [WARN] PackLoader:240 - Cannot read IP mode file for STMicroelectronics.X-CUBE-BLEMGR.3.1.0
2024-06-25 23:41:52,302 [WARN] PackLoader:240 - Cannot read IP mode file for STMicroelectronics.FP-SNS-SMARTAG2.1.2.0
2024-06-25 23:41:52,309 [INFO] LogOutputStream:77 - [STDOUT_REDIRECT] 1 : Invalid condition id : UX_CORESTACK_Condition cause : null
2024-06-25 23:41:52,310 [INFO] LogOutputStream:77 - [STDOUT_REDIRECT] 1 : Invalid condition id : UX_CORESTACK_Condition cause : null
2024-06-25 23:41:52,310 [INFO] LogOutputStream:77 - [STDOUT_REDIRECT] 1 : Invalid condition id : UX_CORESTACK_Condition cause : null
2024-06-25 23:41:52,310 [INFO] LogOutputStream:77 - [STDOUT_REDIRECT] 1 : Invalid condition id : UX_CORESTACK_Condition cause : null
2024-06-25 23:41:52,310 [INFO] LogOutputStream:77 - [STDOUT_REDIRECT] 1 : Invalid condition id : UX_CORESTACK_Condition cause : null
2024-06-25 23:41:52,313 [WARN] PackLoader:240 - Cannot read IP mode file for STMicroelectronics.X-CUBE-AZRTOS-WL.2.0.0
2024-06-25 23:41:52,317 [WARN] PackLoader:240 - Cannot read IP mode file for STMicroelectronics.FP-SNS-MOTENV1.5.0.0
2024-06-25 23:41:52,320 [WARN] PackLoader:240 - Cannot read IP mode file for wolfSSL.I-CUBE-wolfMQTT.1.19.0
2024-06-25 23:41:52,327 [WARN] PackLoader:240 - Cannot read IP mode file for WES.I-CUBE-Cesium.1.3.0
2024-06-25 23:41:52,333 [WARN] PackLoader:240 - Cannot read IP mode file for STMicroelectronics.X-CUBE-BLE2.3.3.0
2024-06-25 23:41:52,340 [WARN] PackLoader:240 - Cannot read IP mode file for STMicroelectronics.X-CUBE-TCPP.4.1.0
2024-06-25 23:41:52,350 [WARN] PackLoader:240 - Cannot read IP mode file for STMicroelectronics.X-CUBE-ALGOBUILD.1.3.0
2024-06-25 23:41:52,365 [WARN] PackLoader:240 - Cannot read IP mode file for STMicroelectronics.X-CUBE-AZRTOS-G0.1.1.0
2024-06-25 23:41:52,370 [WARN] PackLoader:240 - Cannot read IP mode file for STMicroelectronics.X-CUBE-SAFEA1.1.2.2
2024-06-25 23:41:52,374 [WARN] PackLoader:240 - Cannot read IP mode file for STMicroelectronics.X-CUBE-NFC4.3.0.0
2024-06-25 23:41:52,380 [WARN] PackLoader:240 - Cannot read IP mode file for STMicroelectronics.X-CUBE-BLEMGR.3.0.0
2024-06-25 23:41:52,384 [WARN] PackLoader:240 - Cannot read IP mode file for STMicroelectronics.FP-ATR-SIGFOX1.3.2.0
2024-06-25 23:41:52,387 [WARN] PackLoader:240 - Cannot read IP mode file for STMicroelectronics.X-CUBE-EEPRMA1.5.1.0
2024-06-25 23:41:52,411 [WARN] PackLoader:240 - Cannot read IP mode file for SEGGER.I-CUBE-embOS.1.3.1
2024-06-25 23:41:52,459 [WARN] PackLoader:240 - Cannot read IP mode file for STMicroelectronics.X-CUBE-ALGOBUILD.1.4.0
2024-06-25 23:41:52,463 [WARN] PackLoader:240 - Cannot read IP mode file for STMicroelectronics.X-CUBE-GNSS1.6.0.0
2024-06-25 23:41:52,474 [WARN] PackLoader:240 - Cannot read IP mode file for STMicroelectronics.X-CUBE-AZRTOS-F4.1.1.0
2024-06-25 23:41:52,478 [WARN] PackLoader:240 - Cannot read IP mode file for wolfSSL.I-CUBE-wolfSSL.5.6.3
2024-06-25 23:41:52,481 [WARN] PackLoader:240 - Cannot read IP mode file for STMicroelectronics.X-CUBE-FREERTOS.1.2.0
2024-06-25 23:41:52,492 [WARN] PackLoader:240 - Cannot read IP mode file for STMicroelectronics.X-CUBE-AZRTOS-L5.2.0.0
2024-06-25 23:41:52,532 [WARN] PackLoader:240 - Cannot read IP mode file for STMicroelectronics.X-CUBE-MEMS1.9.6.0
2024-06-25 23:41:52,687 [WARN] PackLoader:240 - Cannot read IP mode file for STMicroelectronics.X-CUBE-EEPRMA1.4.2.0
2024-06-25 23:41:52,693 [WARN] PackLoader:240 - Cannot read IP mode file for STMicroelectronics.X-CUBE-NFC6.3.1.0
2024-06-25 23:41:52,697 [WARN] PackLoader:240 - Cannot read IP mode file for ITTIA_DB.I-CUBE-ITTIADB.8.8.0
2024-06-25 23:41:52,702 [WARN] PackLoader:240 - Cannot read IP mode file for STMicroelectronics.X-CUBE-BLEMGR.2.0.0
2024-06-25 23:41:52,705 [WARN] PackLoader:240 - Cannot read IP mode file for STMicroelectronics.X-CUBE-AI.9.0.0
2024-06-25 23:41:52,716 [WARN] ConditionMgr:438 - getConditionDescription Invalid condition id : UX DEVICE CLASS RTOS Condition cause : null
2024-06-25 23:41:52,716 [WARN] ConditionMgr:438 - getConditionDescription Invalid condition id : UX DEVICE CLASS RTOS Condition cause : null
2024-06-25 23:41:52,719 [WARN] PackLoader:240 - Cannot read IP mode file for STMicroelectronics.X-CUBE-AZRTOS-H7.3.1.0
2024-06-25 23:41:52,720 [WARN] ConditionMgr:1039 - genDependencies : Invalid condition id : UX DEVICE CLASS RTOS Condition cause : null
2024-06-25 23:41:52,720 [WARN] ConditionMgr:1039 - genDependencies : Invalid condition id : UX DEVICE CLASS RTOS Condition cause : null
2024-06-25 23:41:52,721 [WARN] ConditionMgr:1039 - genDependencies : Invalid condition id : UX DEVICE CLASS RTOS Condition cause : null
2024-06-25 23:41:52,721 [WARN] ConditionMgr:1039 - genDependencies : Invalid condition id : UX DEVICE CLASS RTOS Condition cause : null
2024-06-25 23:41:52,722 [WARN] ConditionMgr:1039 - genDependencies : Invalid condition id : UX DEVICE CLASS RTOS Condition cause : null
2024-06-25 23:41:52,726 [WARN] PackLoader:240 - Cannot read IP mode file for STMicroelectronics.X-CUBE-NFC7.1.0.1
2024-06-25 23:41:52,731 [WARN] PackLoader:240 - Cannot read IP mode file for STMicroelectronics.X-CUBE-NFC6.3.0.0
2024-06-25 23:41:52,737 [WARN] PackLoader:240 - Cannot read IP mode file for STMicroelectronics.X-CUBE-EEPRMA1.4.1.0
2024-06-25 23:41:52,740 [WARN] PackLoader:240 - Cannot read IP mode file for STMicroelectronics.X-CUBE-AI.8.1.0
2024-06-25 23:41:52,777 [WARN] ConditionMgr:438 - getConditionDescription Invalid condition id : LAN8742 Phy interface Condition cause : null
2024-06-25 23:41:52,778 [WARN] PackLoader:240 - Cannot read IP mode file for STMicroelectronics.X-CUBE-AZRTOS-L4.2.0.0
2024-06-25 23:41:52,780 [WARN] ConditionMgr:1039 - genDependencies : Invalid condition id : LAN8742 Phy interface Condition cause : null
2024-06-25 23:41:52,781 [WARN] ConditionMgr:1039 - genDependencies : Invalid condition id : LAN8742 Phy interface Condition cause : null
2024-06-25 23:41:52,782 [WARN] ConditionMgr:1039 - genDependencies : Invalid condition id : LAN8742 Phy interface Condition cause : null
2024-06-25 23:41:52,791 [WARN] PackLoader:240 - Cannot read IP mode file for STMicroelectronics.X-CUBE-SFXS2LP1.4.0.0
2024-06-25 23:41:52,797 [WARN] PackLoader:240 - Cannot read IP mode file for STMicroelectronics.X-CUBE-ISPU.1.1.0
2024-06-25 23:41:52,813 [WARN] ConditionMgr:438 - getConditionDescription Invalid condition id : UX DEVICE CLASS RTOS Condition cause : null
2024-06-25 23:41:52,813 [WARN] ConditionMgr:438 - getConditionDescription Invalid condition id : UX DEVICE CLASS RTOS Condition cause : null
2024-06-25 23:41:52,815 [WARN] PackLoader:240 - Cannot read IP mode file for STMicroelectronics.X-CUBE-AZRTOS-WB.2.0.0
2024-06-25 23:41:52,815 [WARN] ConditionMgr:1039 - genDependencies : Invalid condition id : UX DEVICE CLASS RTOS Condition cause : null
2024-06-25 23:41:52,815 [WARN] ConditionMgr:1039 - genDependencies : Invalid condition id : UX DEVICE CLASS RTOS Condition cause : null
2024-06-25 23:41:52,816 [WARN] ConditionMgr:1039 - genDependencies : Invalid condition id : UX DEVICE CLASS RTOS Condition cause : null
2024-06-25 23:41:52,816 [WARN] ConditionMgr:1039 - genDependencies : Invalid condition id : UX DEVICE CLASS RTOS Condition cause : null
2024-06-25 23:41:52,816 [WARN] ConditionMgr:1039 - genDependencies : Invalid condition id : UX DEVICE CLASS RTOS Condition cause : null
2024-06-25 23:41:52,823 [WARN] PackLoader:240 - Cannot read IP mode file for STMicroelectronics.X-CUBE-SUBG2.5.0.0
2024-06-25 23:41:52,841 [WARN] PackLoader:240 - Cannot read IP mode file for STMicroelectronics.X-CUBE-TOF1.3.3.1
2024-06-25 23:41:52,864 [WARN] PackLoader:240 - Cannot read IP mode file for STMicroelectronics.X-CUBE-AZRTOS-G4.2.0.0
2024-06-25 23:41:52,873 [WARN] PackLoader:240 - Cannot read IP mode file for Infineon.AIROC-Wi-Fi-Bluetooth-STM32.1.5.1
2024-06-25 23:41:52,884 [WARN] PackLoader:240 - Cannot read IP mode file for STMicroelectronics.FP-SNS-MOTENVWB1.1.3.0
2024-06-25 23:41:52,888 [WARN] PackLoader:240 - Cannot read IP mode file for STMicroelectronics.FP-SNS-MOTENVWB1.1.3.1
2024-06-25 23:41:52,893 [WARN] PackLoader:240 - Cannot read IP mode file for STMicroelectronics.X-CUBE-ISPU.2.0.0
2024-06-25 23:41:52,897 [WARN] PackLoader:240 - Cannot read IP mode file for STMicroelectronics.X-CUBE-ALS.1.0.2
2024-06-25 23:41:52,957 [WARN] PackLoader:240 - Cannot read IP mode file for STMicroelectronics.X-CUBE-MEMS1.10.0.0
2024-06-25 23:41:53,114 [WARN] PackLoader:240 - Cannot read IP mode file for STMicroelectronics.X-CUBE-FREERTOS.1.1.0
2024-06-25 23:41:53,119 [WARN] PackLoader:240 - Cannot read IP mode file for portGmbH.I-Cube-SoM-uGOAL.1.1.0
2024-06-25 23:41:53,123 [WARN] PackLoader:240 - Cannot read IP mode file for STMicroelectronics.X-CUBE-ALS.1.0.1
2024-06-25 23:41:53,143 [WARN] PackLoader:240 - Cannot read IP mode file for STMicroelectronics.X-CUBE-AZRTOS-H7RS.1.0.0
2024-06-25 23:41:53,148 [WARN] PackLoader:240 - Cannot read IP mode file for STMicroelectronics.FP-ATR-ASTRA1.2.0.0
2024-06-25 23:41:53,159 [WARN] PackLoader:240 - Cannot read IP mode file for STMicroelectronics.X-CUBE-TOF1.3.4.0
2024-06-25 23:41:53,173 [WARN] PackLoader:240 - Cannot read IP mode file for STMicroelectronics.X-CUBE-TOF1.3.4.1
2024-06-25 23:41:53,207 [WARN] PackLoader:240 - Cannot read IP mode file for STMicroelectronics.X-CUBE-AZRTOS-H7.3.2.0
2024-06-25 23:41:53,212 [INFO] ThirdParty:978 - Integrity check success = true
2024-06-25 23:41:53,212 [INFO] IntegrityCheckThread:100 - exiting critical section [integrity check]
2024-06-25 23:41:53,212 [INFO] IntegrityCheckThread:103 - End integrity checks thread
2024-06-25 23:42:10,785 [ERROR] LogOutputStream:75 - [STDERR_REDIRECT] SLF4J: Failed to load class "org.slf4j.impl.StaticLoggerBinder".
2024-06-25 23:42:10,786 [ERROR] LogOutputStream:75 - [STDERR_REDIRECT] SLF4J: Defaulting to no-operation (NOP) logger implementation
2024-06-25 23:42:10,786 [ERROR] LogOutputStream:75 - [STDERR_REDIRECT] SLF4J: See http://www.slf4j.org/codes.html#StaticLoggerBinder for further details.
2024-06-25 23:54:41,126 [INFO] Activator:176 - 


2024-06-25 23:54:41,129 [INFO] Activator:177 - !SESSION log4j initialized
2024-06-25 23:54:45,810 [INFO] LogOutputStream:77 - [STDOUT_REDIRECT] 
2024-06-25 23:54:46,973 [INFO] ApplicationProperties:184 - Using Application install path: /opt/st/stm32cubeide_1.13.2/plugins/com.st.stm32cube.common.mx_6.9.2.202309101412
2024-06-25 23:54:46,989 [INFO] DbMcusXml:78 - Set database path to: /opt/st/stm32cubeide_1.13.2/plugins/com.st.stm32cube.common.mx_6.9.2.202309101412//db//mcu/
2024-06-25 23:54:46,989 [INFO] ApiDb:274 - Set plugin database path to: /opt/st/stm32cubeide_1.13.2/plugins/com.st.stm32cube.common.mx_6.9.2.202309101412//db//plugins/boardmanager/
2024-06-25 23:54:46,990 [WARN] ApiDb:259 - Overriding images path with different value:  => /opt/st/stm32cubeide_1.13.2/plugins/com.st.stm32cube.common.mx_6.9.2.202309101412//db//plugins/mcufinder/images/
2024-06-25 23:54:46,999 [INFO] ApiDb:250 - Set database path to: /home/ebenezer/.stmcufinder/plugins/mcufinder//mcu/
2024-06-25 23:54:47,001 [INFO] DbMcusAds:125 - Set database path to: /home/ebenezer/.stmcufinder/plugins/mcufinder//mcu/
2024-06-25 23:54:47,004 [INFO] CrossReferenceDbSqlite:203 - Set database path to: /home/ebenezer/.stmcufinder/plugins/mcufinder//mcu/cs/
2024-06-25 23:54:47,162 [INFO] RulesReader:64 - Compatibility file has been processed (293 Rules)
2024-06-25 23:54:47,232 [INFO] DbMcusXml:78 - Set database path to: /opt/st/stm32cubeide_1.13.2/plugins/com.st.stm32cube.common.mx_6.9.2.202309101412//db//mcu/
2024-06-25 23:54:47,232 [INFO] ApiDb:274 - Set plugin database path to: /opt/st/stm32cubeide_1.13.2/plugins/com.st.stm32cube.common.mx_6.9.2.202309101412//db//plugins/boardmanager/
2024-06-25 23:54:47,232 [INFO] ApiDb:261 - Set plugin images path to: /opt/st/stm32cubeide_1.13.2/plugins/com.st.stm32cube.common.mx_6.9.2.202309101412//db//plugins/mcufinder/images/
2024-06-25 23:54:47,232 [WARN] DbFile:41 - Overriding database path with different value: /home/ebenezer/.stmcufinder/plugins/mcufinder/ => /home/ebenezer/.stmcufinder/plugins/mcufinder
2024-06-25 23:54:47,232 [INFO] ApiDb:250 - Set database path to: /home/ebenezer/.stmcufinder/plugins/mcufinder//mcu/
2024-06-25 23:54:47,233 [WARN] DbFile:41 - Overriding database path with different value: /home/ebenezer/.stmcufinder/plugins/mcufinder/ => /home/ebenezer/.stmcufinder/plugins/mcufinder
2024-06-25 23:54:47,233 [INFO] DbMcusAds:125 - Set database path to: /home/ebenezer/.stmcufinder/plugins/mcufinder//mcu/
2024-06-25 23:54:47,233 [WARN] DbFile:41 - Overriding database path with different value: /home/ebenezer/.stmcufinder/plugins/mcufinder/ => /home/ebenezer/.stmcufinder/plugins/mcufinder
2024-06-25 23:54:47,233 [WARN] DbFile:41 - Overriding database path with different value: /home/ebenezer/.stmcufinder/plugins/mcufinder/ => /home/ebenezer/.stmcufinder/plugins/mcufinder
2024-06-25 23:54:47,233 [INFO] CrossReferenceDbSqlite:203 - Set database path to: /home/ebenezer/.stmcufinder/plugins/mcufinder//mcu/cs/
2024-06-25 23:54:47,323 [INFO] MainPanel:262 - HeapMemory: 268435456
2024-06-25 23:54:47,415 [INFO] DbMcusXml:78 - Set database path to: /opt/st/stm32cubeide_1.13.2/plugins/com.st.stm32cube.common.mx_6.9.2.202309101412//db//mcu/
2024-06-25 23:54:47,415 [INFO] ApiDb:274 - Set plugin database path to: /opt/st/stm32cubeide_1.13.2/plugins/com.st.stm32cube.common.mx_6.9.2.202309101412//db//plugins/boardmanager/
2024-06-25 23:54:47,415 [INFO] ApiDb:261 - Set plugin images path to: /opt/st/stm32cubeide_1.13.2/plugins/com.st.stm32cube.common.mx_6.9.2.202309101412//db//plugins/mcufinder/images/
2024-06-25 23:54:47,415 [WARN] DbFile:41 - Overriding database path with different value: /home/ebenezer/.stmcufinder/plugins/mcufinder/ => /home/ebenezer/.stmcufinder/plugins/mcufinder
2024-06-25 23:54:47,416 [INFO] ApiDb:250 - Set database path to: /home/ebenezer/.stmcufinder/plugins/mcufinder//mcu/
2024-06-25 23:54:47,416 [WARN] DbFile:41 - Overriding database path with different value: /home/ebenezer/.stmcufinder/plugins/mcufinder/ => /home/ebenezer/.stmcufinder/plugins/mcufinder
2024-06-25 23:54:47,416 [INFO] DbMcusAds:125 - Set database path to: /home/ebenezer/.stmcufinder/plugins/mcufinder//mcu/
2024-06-25 23:54:47,416 [WARN] DbFile:41 - Overriding database path with different value: /home/ebenezer/.stmcufinder/plugins/mcufinder/ => /home/ebenezer/.stmcufinder/plugins/mcufinder
2024-06-25 23:54:47,416 [WARN] DbFile:41 - Overriding database path with different value: /home/ebenezer/.stmcufinder/plugins/mcufinder/ => /home/ebenezer/.stmcufinder/plugins/mcufinder
2024-06-25 23:54:47,416 [INFO] CrossReferenceDbSqlite:203 - Set database path to: /home/ebenezer/.stmcufinder/plugins/mcufinder//mcu/cs/
2024-06-25 23:54:47,432 [INFO] ApplicationProperties:184 - Using Application install path: /opt/st/stm32cubeide_1.13.2/plugins/com.st.stm32cube.common.mx_6.9.2.202309101412
2024-06-25 23:54:47,434 [INFO] PluginManage:196 - Search for loadable plugins [exclusion list=, ]
2024-06-25 23:54:47,435 [INFO] PluginManage:310 - Check plugin analytics
2024-06-25 23:54:47,581 [INFO] AnalyticsPlugin:253 - Accepted Software Licenses: 
2024-06-25 23:54:47,581 [INFO] AnalyticsPlugin:255 - Accepted CMSIS Pack Licenses: 
2024-06-25 23:54:47,582 [INFO] AnalyticsPlugin:257 - Accepted Firmware Licenses: FW.G0.1.6.0,FW.F4.1.27.0,FW.G4.1.5.0
2024-06-25 23:54:47,584 [INFO] PluginManage:359 - Loaded plugin analytics (category:tool,tabindex:-1)
2024-06-25 23:54:47,585 [INFO] PluginManage:310 - Check plugin cadmodel
2024-06-25 23:54:47,609 [INFO] CADModel:105 - Init CAD model plugin
2024-06-25 23:54:47,610 [INFO] PluginManage:359 - Loaded plugin cadmodel (category:power,tabindex:5)
2024-06-25 23:54:47,610 [INFO] PluginManage:310 - Check plugin clock
2024-06-25 23:54:47,619 [INFO] PluginManage:359 - Loaded plugin clock (category:base,tabindex:2)
2024-06-25 23:54:47,619 [INFO] PluginManage:310 - Check plugin ddr
2024-06-25 23:54:47,620 [INFO] PluginManage:359 - Loaded plugin ddr (category:tool,tabindex:6)
2024-06-25 23:54:47,620 [INFO] PluginManage:310 - Check plugin filemanager
2024-06-25 23:54:47,744 [INFO] PluginManage:359 - Loaded plugin filemanager (category:base,tabindex:10)
2024-06-25 23:54:47,744 [INFO] PluginManage:310 - Check plugin ipmanager
2024-06-25 23:54:47,748 [INFO] PluginManage:359 - Loaded plugin ipmanager (category:base,tabindex:5)
2024-06-25 23:54:47,748 [INFO] PluginManage:310 - Check plugin lpbam
2024-06-25 23:54:47,754 [INFO] PluginManage:359 - Loaded plugin lpbam (category:base,tabindex:0)
2024-06-25 23:54:47,755 [INFO] PluginManage:310 - Check plugin memorymap
2024-06-25 23:54:47,764 [INFO] PluginManage:359 - Loaded plugin memorymap (category:base,tabindex:4)
2024-06-25 23:54:47,764 [INFO] PluginManage:310 - Check plugin pinoutandconfiguration
2024-06-25 23:54:47,770 [INFO] PluginManage:359 - Loaded plugin pinoutandconfiguration (category:base,tabindex:1)
2024-06-25 23:54:47,770 [INFO] PluginManage:310 - Check plugin pinoutconfig
2024-06-25 23:54:47,844 [WARN] SupportedApi:132 - Cannot load RTOS API schema: s4s-elt-must-match.1: The content of 'definitions' must match (annotation?, (simpleType | complexType)?, (unique | key | keyref)*)). A problem was found starting at: attribute.
2024-06-25 23:54:47,957 [INFO] PluginManage:359 - Loaded plugin pinoutconfig (category:base,tabindex:0)
2024-06-25 23:54:47,957 [INFO] PluginManage:310 - Check plugin power
2024-06-25 23:54:47,962 [INFO] PluginManage:359 - Loaded plugin power (category:power,tabindex:4)
2024-06-25 23:54:47,963 [INFO] PluginManage:310 - Check plugin projectmanager
2024-06-25 23:54:47,973 [INFO] PluginManage:359 - Loaded plugin projectmanager (category:projectmanager,tabindex:3)
2024-06-25 23:54:47,974 [INFO] PluginManage:310 - Check plugin thirdparty
2024-06-25 23:54:48,101 [WARN] IntegrityCheckThread:84 - waiting for thirdparty lock release [integrity check]
2024-06-25 23:54:48,102 [INFO] PluginManage:359 - Loaded plugin thirdparty (category:base,tabindex:-1)
2024-06-25 23:54:48,102 [INFO] IntegrityCheckThread:86 - entering critical section [integrity check]
2024-06-25 23:54:48,102 [INFO] PluginManage:310 - Check plugin tools
2024-06-25 23:54:48,102 [INFO] ThirdPartyUpdaterWithRetryManager:70 - Updater plugin not ready yet. [1/15]
2024-06-25 23:54:48,104 [INFO] PluginManage:359 - Loaded plugin tools (category:base,tabindex:7)
2024-06-25 23:54:48,104 [INFO] PluginManage:310 - Check plugin tutovideos
2024-06-25 23:54:48,305 [INFO] PluginManage:359 - Loaded plugin tutovideos (category:base,tabindex:-1)
2024-06-25 23:54:48,305 [INFO] PluginManage:310 - Check plugin updater
2024-06-25 23:54:48,316 [INFO] PluginManage:359 - Loaded plugin updater (category:base,tabindex:12)
2024-06-25 23:54:48,316 [INFO] PluginManage:310 - Check plugin userauth
2024-06-25 23:54:48,320 [INFO] UserAuth:113 - Init User Auth plugin
2024-06-25 23:54:48,320 [INFO] PluginManage:359 - Loaded plugin userauth (category:base,tabindex:14)
2024-06-25 23:54:48,321 [INFO] PluginManage:283 - PluginManage : Loaded plugins [17]
2024-06-25 23:54:48,542 [INFO] PinOutPanel:1499 - setPackage(No Configuration,No Configuration)
2024-06-25 23:54:48,631 [INFO] CADModel:165 - CPN selected for project level
2024-06-25 23:54:48,632 [INFO] CADModel:114 - Register for checkConnection events
2024-06-25 23:54:48,643 [INFO] IPUIPlugin:80 - create IPUIPlugin
2024-06-25 23:54:48,644 [INFO] PluginManager:220 - loadIPPluginJar : add touchsensing
2024-06-25 23:54:48,652 [INFO] IPUIPlugin:80 - create IPUIPlugin
2024-06-25 23:54:48,652 [INFO] PluginManager:220 - loadIPPluginJar : add adc
2024-06-25 23:54:48,653 [INFO] IPUIPlugin:80 - create IPUIPlugin
2024-06-25 23:54:48,654 [INFO] PluginManager:220 - loadIPPluginJar : add fatfs
2024-06-25 23:54:48,656 [INFO] IPUIPlugin:80 - create IPUIPlugin
2024-06-25 23:54:48,657 [INFO] PluginManager:220 - loadIPPluginJar : add ipddr
2024-06-25 23:54:48,659 [INFO] IPUIPlugin:80 - create IPUIPlugin
2024-06-25 23:54:48,660 [INFO] PluginManager:220 - loadIPPluginJar : add openamp
2024-06-25 23:54:48,663 [INFO] IPUIPlugin:80 - create IPUIPlugin
2024-06-25 23:54:48,664 [INFO] PluginManager:220 - loadIPPluginJar : add i3c
2024-06-25 23:54:48,666 [INFO] IPUIPlugin:80 - create IPUIPlugin
2024-06-25 23:54:48,666 [INFO] PluginManager:220 - loadIPPluginJar : add cryp
2024-06-25 23:54:48,670 [INFO] IPUIPlugin:80 - create IPUIPlugin
2024-06-25 23:54:48,671 [INFO] PluginManager:220 - loadIPPluginJar : add fmc
2024-06-25 23:54:48,672 [INFO] IPUIPlugin:80 - create IPUIPlugin
2024-06-25 23:54:48,673 [INFO] PluginManager:220 - loadIPPluginJar : add tsc
2024-06-25 23:54:48,674 [INFO] IPUIPlugin:80 - create IPUIPlugin
2024-06-25 23:54:48,674 [INFO] PluginManager:220 - loadIPPluginJar : add ltdc
2024-06-25 23:54:48,680 [INFO] IPUIPlugin:80 - create IPUIPlugin
2024-06-25 23:54:48,680 [INFO] PluginManager:220 - loadIPPluginJar : add nvic
2024-06-25 23:54:48,683 [INFO] IPUIPlugin:80 - create IPUIPlugin
2024-06-25 23:54:48,684 [INFO] PluginManager:220 - loadIPPluginJar : add dma3
2024-06-25 23:54:48,685 [INFO] IPUIPlugin:80 - create IPUIPlugin
2024-06-25 23:54:48,685 [INFO] PluginManager:220 - loadIPPluginJar : add ucpd
2024-06-25 23:54:48,690 [INFO] IPUIPlugin:80 - create IPUIPlugin
2024-06-25 23:54:48,690 [INFO] PluginManager:220 - loadIPPluginJar : add freertos
2024-06-25 23:54:48,693 [INFO] IPUIPlugin:80 - create IPUIPlugin
2024-06-25 23:54:48,693 [INFO] PluginManager:220 - loadIPPluginJar : add dfsdm
2024-06-25 23:54:48,696 [INFO] IPUIPlugin:80 - create IPUIPlugin
2024-06-25 23:54:48,696 [INFO] PluginManager:220 - loadIPPluginJar : add aes
2024-06-25 23:54:48,704 [INFO] IPUIPlugin:80 - create IPUIPlugin
2024-06-25 23:54:48,704 [INFO] PluginManager:220 - loadIPPluginJar : add linkedlist
2024-06-25 23:54:48,709 [INFO] IPUIPlugin:80 - create IPUIPlugin
2024-06-25 23:54:48,710 [INFO] PluginManager:220 - loadIPPluginJar : add gic
2024-06-25 23:54:48,711 [INFO] IPUIPlugin:80 - create IPUIPlugin
2024-06-25 23:54:48,711 [INFO] PluginManager:220 - loadIPPluginJar : add genericplugin
2024-06-25 23:54:48,714 [INFO] IPUIPlugin:80 - create IPUIPlugin
2024-06-25 23:54:48,714 [INFO] PluginManager:220 - loadIPPluginJar : add resmgrutility
2024-06-25 23:54:48,716 [INFO] IPUIPlugin:80 - create IPUIPlugin
2024-06-25 23:54:48,716 [INFO] PluginManager:220 - loadIPPluginJar : add gfxmmu
2024-06-25 23:54:48,717 [INFO] IPUIPlugin:80 - create IPUIPlugin
2024-06-25 23:54:48,717 [INFO] PluginManager:220 - loadIPPluginJar : add comp
2024-06-25 23:54:48,719 [INFO] IPUIPlugin:80 - create IPUIPlugin
2024-06-25 23:54:48,719 [INFO] PluginManager:220 - loadIPPluginJar : add i2s
2024-06-25 23:54:48,720 [INFO] IPUIPlugin:80 - create IPUIPlugin
2024-06-25 23:54:48,721 [INFO] PluginManager:220 - loadIPPluginJar : add ts
2024-06-25 23:54:48,723 [INFO] IPUIPlugin:80 - create IPUIPlugin
2024-06-25 23:54:48,723 [INFO] PluginManager:220 - loadIPPluginJar : add pdm2pcm
2024-06-25 23:54:48,727 [INFO] IPUIPlugin:80 - create IPUIPlugin
2024-06-25 23:54:48,727 [INFO] PluginManager:220 - loadIPPluginJar : add gtzc
2024-06-25 23:54:48,731 [INFO] IPUIPlugin:80 - create IPUIPlugin
2024-06-25 23:54:48,731 [INFO] PluginManager:220 - loadIPPluginJar : add can
2024-06-25 23:54:48,733 [INFO] IPUIPlugin:80 - create IPUIPlugin
2024-06-25 23:54:48,733 [INFO] PluginManager:220 - loadIPPluginJar : add tracer_emb
2024-06-25 23:54:48,734 [INFO] IPUIPlugin:80 - create IPUIPlugin
2024-06-25 23:54:48,735 [INFO] PluginManager:220 - loadIPPluginJar : add usart
2024-06-25 23:54:48,737 [INFO] IPUIPlugin:80 - create IPUIPlugin
2024-06-25 23:54:48,737 [INFO] PluginManager:220 - loadIPPluginJar : add gpio
2024-06-25 23:54:48,739 [INFO] IPUIPlugin:80 - create IPUIPlugin
2024-06-25 23:54:48,739 [INFO] PluginManager:220 - loadIPPluginJar : add spi
2024-06-25 23:54:48,743 [INFO] IPUIPlugin:80 - create IPUIPlugin
2024-06-25 23:54:48,745 [INFO] PluginManager:220 - loadIPPluginJar : add plateformsettings
2024-06-25 23:54:48,747 [INFO] IPUIPlugin:80 - create IPUIPlugin
2024-06-25 23:54:48,747 [INFO] PluginManager:220 - loadIPPluginJar : add tim
2024-06-25 23:54:48,752 [INFO] IPUIPlugin:80 - create IPUIPlugin
2024-06-25 23:54:48,752 [INFO] PluginManager:220 - loadIPPluginJar : add stm32_wpan
2024-06-25 23:54:48,754 [INFO] IPUIPlugin:80 - create IPUIPlugin
2024-06-25 23:54:48,754 [INFO] PluginManager:220 - loadIPPluginJar : add opamp
2024-06-25 23:54:48,756 [INFO] IPUIPlugin:80 - create IPUIPlugin
2024-06-25 23:54:48,756 [INFO] PluginManager:220 - loadIPPluginJar : add i2c
2024-06-25 23:54:48,761 [INFO] IPUIPlugin:80 - create IPUIPlugin
2024-06-25 23:54:48,761 [INFO] PluginManager:220 - loadIPPluginJar : add mdma
2024-06-25 23:54:48,763 [INFO] IPUIPlugin:80 - create IPUIPlugin
2024-06-25 23:54:48,763 [INFO] PluginManager:220 - loadIPPluginJar : add usbx
2024-06-25 23:54:48,765 [INFO] IPUIPlugin:80 - create IPUIPlugin
2024-06-25 23:54:48,766 [INFO] PluginManager:220 - loadIPPluginJar : add lorawan
2024-06-25 23:54:48,770 [INFO] IPUIPlugin:80 - create IPUIPlugin
2024-06-25 23:54:48,770 [INFO] PluginManager:220 - loadIPPluginJar : add dma
2024-06-25 23:54:48,771 [INFO] IPUIPlugin:80 - create IPUIPlugin
2024-06-25 23:54:48,772 [INFO] PluginManager:220 - loadIPPluginJar : add hash
2024-06-25 23:54:48,773 [INFO] IPUIPlugin:80 - create IPUIPlugin
2024-06-25 23:54:48,773 [INFO] PluginManager:220 - loadIPPluginJar : add quadspi
2024-06-25 23:54:48,774 [INFO] IPUIPlugin:80 - create IPUIPlugin
2024-06-25 23:54:48,774 [INFO] PluginManager:220 - loadIPPluginJar : add sai
2024-06-25 23:54:48,880 [INFO] CADModel:165 - CPN selected for project level
2024-06-25 23:54:48,881 [INFO] CADModel:114 - Register for checkConnection events
2024-06-25 23:54:48,881 [FATAL] Updater:308 - Updater called before beeing initialized
2024-06-25 23:54:48,881 [ERROR] CADModel:125 - Updater not yet initialized, retry later 
2024-06-25 23:54:49,041 [INFO] CADModel:165 - CPN selected for project level
2024-06-25 23:54:49,041 [INFO] CADModel:114 - Register for checkConnection events
2024-06-25 23:54:49,041 [FATAL] Updater:308 - Updater called before beeing initialized
2024-06-25 23:54:49,041 [ERROR] CADModel:125 - Updater not yet initialized, retry later 
2024-06-25 23:54:49,045 [FATAL] Updater:308 - Updater called before beeing initialized
2024-06-25 23:54:49,165 [FATAL] Updater:308 - Updater called before beeing initialized
2024-06-25 23:54:49,172 [INFO] DbMcusAds:53 - JSON generation date=Thu May 16 05:22:00 EDT 2024 (1715851320852)
2024-06-25 23:54:49,173 [FATAL] Updater:308 - Updater called before beeing initialized
2024-06-25 23:54:49,222 [WARN] DetailPanel:346 - Failed to get advertising image, set to default
2024-06-25 23:54:49,320 [FATAL] Updater:308 - Updater called before beeing initialized
2024-06-25 23:54:49,321 [FATAL] Updater:308 - Updater called before beeing initialized
2024-06-25 23:54:49,321 [FATAL] Updater:308 - Updater called before beeing initialized
2024-06-25 23:54:49,321 [WARN] DetailPanel:346 - Failed to get advertising image, set to default
2024-06-25 23:54:49,322 [FATAL] Updater:308 - Updater called before beeing initialized
2024-06-25 23:54:49,363 [ERROR] Updater:1120 - MainUpdater not yet initialized. External WinMGr cannot be set.
2024-06-25 23:54:49,365 [INFO] Updater:1056 - Updater Version found : 6.9.2
2024-06-25 23:54:49,387 [INFO] ApplicationProperties:184 - Using Application install path: /opt/st/stm32cubeide_1.13.2/plugins/com.st.stm32cube.common.mx_6.9.2.202309101412
2024-06-25 23:54:49,560 [INFO] MainUpdater:2868 - connection check result : 10
2024-06-25 23:54:49,561 [INFO] MainUpdater:285 - Updater Check For Update Now.
2024-06-25 23:54:49,561 [INFO] MicroXplorer:498 - Change Database Version : DB.6.0.92
2024-06-25 23:54:49,567 [INFO] McuFinderGlobals:63 - Set McuFinder mode to 2 (CubeIDE integrated)
2024-06-25 23:54:49,760 [INFO] CheckServerUpdateThread:120 - End of CheckServer Thread
2024-06-25 23:54:51,207 [WARN] PackLoader:240 - Cannot read IP mode file for STMicroelectronics.FP-SNS-MOTENVWB1.1.4.0
2024-06-25 23:54:51,215 [WARN] PackLoader:240 - Cannot read IP mode file for STMicroelectronics.X-CUBE-SMBUS.2.1.0
2024-06-25 23:54:51,223 [WARN] PackLoader:240 - Cannot read IP mode file for STMicroelectronics.X-CUBE-TOUCHGFX.4.23.0
2024-06-25 23:54:51,226 [WARN] PackLoader:240 - Cannot read IP mode file for STMicroelectronics.X-CUBE-TOUCHGFX.4.23.2
2024-06-25 23:54:51,274 [WARN] PackLoader:240 - Cannot read IP mode file for STMicroelectronics.X-CUBE-AZRTOS-F7.1.1.0
2024-06-25 23:54:51,291 [WARN] PackLoader:240 - Cannot read IP mode file for STMicroelectronics.FP-SNS-MOTENV1.4.3.2
2024-06-25 23:54:51,299 [WARN] PackLoader:240 - Cannot read IP mode file for STMicroelectronics.FP-SNS-FLIGHT1.5.0.2
2024-06-25 23:54:51,310 [WARN] PackLoader:240 - Cannot read IP mode file for STMicroelectronics.X-CUBE-DISPLAY.3.0.0
2024-06-25 23:54:51,324 [WARN] PackLoader:240 - Cannot read IP mode file for STMicroelectronics.X-CUBE-BLE1.7.0.0
2024-06-25 23:54:51,330 [WARN] PackLoader:240 - Cannot read IP mode file for emotas.I-CUBE-CANOPEN.1.3.0
2024-06-25 23:54:51,333 [WARN] PackLoader:240 - Cannot read IP mode file for STMicroelectronics.X-CUBE-TOUCHGFX.4.22.0
2024-06-25 23:54:51,336 [WARN] PackLoader:240 - Cannot read IP mode file for STMicroelectronics.X-CUBE-TOUCHGFX.4.22.1
2024-06-25 23:54:51,348 [WARN] PackLoader:240 - Cannot read IP mode file for STMicroelectronics.X-CUBE-BLEMGR.3.1.0
2024-06-25 23:54:51,356 [WARN] PackLoader:240 - Cannot read IP mode file for STMicroelectronics.FP-SNS-SMARTAG2.1.2.0
2024-06-25 23:54:51,372 [INFO] LogOutputStream:77 - [STDOUT_REDIRECT] 1 : Invalid condition id : UX_CORESTACK_Condition cause : null
2024-06-25 23:54:51,373 [INFO] LogOutputStream:77 - [STDOUT_REDIRECT] 1 : Invalid condition id : UX_CORESTACK_Condition cause : null
2024-06-25 23:54:51,373 [INFO] LogOutputStream:77 - [STDOUT_REDIRECT] 1 : Invalid condition id : UX_CORESTACK_Condition cause : null
2024-06-25 23:54:51,374 [INFO] LogOutputStream:77 - [STDOUT_REDIRECT] 1 : Invalid condition id : UX_CORESTACK_Condition cause : null
2024-06-25 23:54:51,374 [INFO] LogOutputStream:77 - [STDOUT_REDIRECT] 1 : Invalid condition id : UX_CORESTACK_Condition cause : null
2024-06-25 23:54:51,378 [WARN] PackLoader:240 - Cannot read IP mode file for STMicroelectronics.X-CUBE-AZRTOS-WL.2.0.0
2024-06-25 23:54:51,384 [WARN] PackLoader:240 - Cannot read IP mode file for STMicroelectronics.FP-SNS-MOTENV1.5.0.0
2024-06-25 23:54:51,390 [WARN] PackLoader:240 - Cannot read IP mode file for wolfSSL.I-CUBE-wolfMQTT.1.19.0
2024-06-25 23:54:51,398 [WARN] PackLoader:240 - Cannot read IP mode file for WES.I-CUBE-Cesium.1.3.0
2024-06-25 23:54:51,404 [WARN] PackLoader:240 - Cannot read IP mode file for STMicroelectronics.X-CUBE-BLE2.3.3.0
2024-06-25 23:54:51,410 [WARN] PackLoader:240 - Cannot read IP mode file for STMicroelectronics.X-CUBE-TCPP.4.1.0
2024-06-25 23:54:51,418 [WARN] PackLoader:240 - Cannot read IP mode file for STMicroelectronics.X-CUBE-ALGOBUILD.1.3.0
2024-06-25 23:54:51,439 [WARN] PackLoader:240 - Cannot read IP mode file for STMicroelectronics.X-CUBE-AZRTOS-G0.1.1.0
2024-06-25 23:54:51,451 [WARN] PackLoader:240 - Cannot read IP mode file for STMicroelectronics.X-CUBE-SAFEA1.1.2.2
2024-06-25 23:54:51,458 [WARN] PackLoader:240 - Cannot read IP mode file for STMicroelectronics.X-CUBE-NFC4.3.0.0
2024-06-25 23:54:51,470 [WARN] PackLoader:240 - Cannot read IP mode file for STMicroelectronics.X-CUBE-BLEMGR.3.0.0
2024-06-25 23:54:51,478 [WARN] PackLoader:240 - Cannot read IP mode file for STMicroelectronics.FP-ATR-SIGFOX1.3.2.0
2024-06-25 23:54:51,484 [WARN] PackLoader:240 - Cannot read IP mode file for STMicroelectronics.X-CUBE-EEPRMA1.5.1.0
2024-06-25 23:54:51,540 [WARN] PackLoader:240 - Cannot read IP mode file for SEGGER.I-CUBE-embOS.1.3.1
2024-06-25 23:54:51,602 [WARN] PackLoader:240 - Cannot read IP mode file for STMicroelectronics.X-CUBE-ALGOBUILD.1.4.0
2024-06-25 23:54:51,610 [WARN] PackLoader:240 - Cannot read IP mode file for STMicroelectronics.X-CUBE-GNSS1.6.0.0
2024-06-25 23:54:51,633 [WARN] PackLoader:240 - Cannot read IP mode file for STMicroelectronics.X-CUBE-AZRTOS-F4.1.1.0
2024-06-25 23:54:51,637 [WARN] PackLoader:240 - Cannot read IP mode file for wolfSSL.I-CUBE-wolfSSL.5.6.3
2024-06-25 23:54:51,640 [WARN] PackLoader:240 - Cannot read IP mode file for STMicroelectronics.X-CUBE-FREERTOS.1.2.0
2024-06-25 23:54:51,652 [WARN] PackLoader:240 - Cannot read IP mode file for STMicroelectronics.X-CUBE-AZRTOS-L5.2.0.0
2024-06-25 23:54:51,683 [WARN] PackLoader:240 - Cannot read IP mode file for STMicroelectronics.X-CUBE-MEMS1.9.6.0
2024-06-25 23:54:51,884 [WARN] PackLoader:240 - Cannot read IP mode file for STMicroelectronics.X-CUBE-EEPRMA1.4.2.0
2024-06-25 23:54:51,895 [WARN] PackLoader:240 - Cannot read IP mode file for STMicroelectronics.X-CUBE-NFC6.3.1.0
2024-06-25 23:54:51,906 [WARN] PackLoader:240 - Cannot read IP mode file for ITTIA_DB.I-CUBE-ITTIADB.8.8.0
2024-06-25 23:54:51,915 [WARN] PackLoader:240 - Cannot read IP mode file for STMicroelectronics.X-CUBE-BLEMGR.2.0.0
2024-06-25 23:54:51,922 [WARN] PackLoader:240 - Cannot read IP mode file for STMicroelectronics.X-CUBE-AI.9.0.0
2024-06-25 23:54:51,947 [WARN] ConditionMgr:438 - getConditionDescription Invalid condition id : UX DEVICE CLASS RTOS Condition cause : null
2024-06-25 23:54:51,964 [WARN] ConditionMgr:438 - getConditionDescription Invalid condition id : UX DEVICE CLASS RTOS Condition cause : null
2024-06-25 23:54:51,972 [WARN] PackLoader:240 - Cannot read IP mode file for STMicroelectronics.X-CUBE-AZRTOS-H7.3.1.0
2024-06-25 23:54:51,986 [WARN] ConditionMgr:1039 - genDependencies : Invalid condition id : UX DEVICE CLASS RTOS Condition cause : null
2024-06-25 23:54:51,986 [WARN] ConditionMgr:1039 - genDependencies : Invalid condition id : UX DEVICE CLASS RTOS Condition cause : null
2024-06-25 23:54:51,988 [WARN] ConditionMgr:1039 - genDependencies : Invalid condition id : UX DEVICE CLASS RTOS Condition cause : null
2024-06-25 23:54:51,988 [WARN] ConditionMgr:1039 - genDependencies : Invalid condition id : UX DEVICE CLASS RTOS Condition cause : null
2024-06-25 23:54:51,989 [WARN] ConditionMgr:1039 - genDependencies : Invalid condition id : UX DEVICE CLASS RTOS Condition cause : null
2024-06-25 23:54:51,999 [WARN] PackLoader:240 - Cannot read IP mode file for STMicroelectronics.X-CUBE-NFC7.1.0.1
2024-06-25 23:54:52,019 [WARN] PackLoader:240 - Cannot read IP mode file for STMicroelectronics.X-CUBE-NFC6.3.0.0
2024-06-25 23:54:52,036 [WARN] PackLoader:240 - Cannot read IP mode file for STMicroelectronics.X-CUBE-EEPRMA1.4.1.0
2024-06-25 23:54:52,043 [WARN] PackLoader:240 - Cannot read IP mode file for STMicroelectronics.X-CUBE-AI.8.1.0
2024-06-25 23:54:52,072 [WARN] ConditionMgr:438 - getConditionDescription Invalid condition id : LAN8742 Phy interface Condition cause : null
2024-06-25 23:54:52,073 [WARN] PackLoader:240 - Cannot read IP mode file for STMicroelectronics.X-CUBE-AZRTOS-L4.2.0.0
2024-06-25 23:54:52,075 [WARN] ConditionMgr:1039 - genDependencies : Invalid condition id : LAN8742 Phy interface Condition cause : null
2024-06-25 23:54:52,075 [WARN] ConditionMgr:1039 - genDependencies : Invalid condition id : LAN8742 Phy interface Condition cause : null
2024-06-25 23:54:52,076 [WARN] ConditionMgr:1039 - genDependencies : Invalid condition id : LAN8742 Phy interface Condition cause : null
2024-06-25 23:54:52,099 [WARN] PackLoader:240 - Cannot read IP mode file for STMicroelectronics.X-CUBE-SFXS2LP1.4.0.0
2024-06-25 23:54:52,104 [WARN] PackLoader:240 - Cannot read IP mode file for STMicroelectronics.X-CUBE-ISPU.1.1.0
2024-06-25 23:54:52,112 [WARN] ConditionMgr:438 - getConditionDescription Invalid condition id : UX DEVICE CLASS RTOS Condition cause : null
2024-06-25 23:54:52,113 [WARN] ConditionMgr:438 - getConditionDescription Invalid condition id : UX DEVICE CLASS RTOS Condition cause : null
2024-06-25 23:54:52,119 [WARN] PackLoader:240 - Cannot read IP mode file for STMicroelectronics.X-CUBE-AZRTOS-WB.2.0.0
2024-06-25 23:54:52,119 [WARN] ConditionMgr:1039 - genDependencies : Invalid condition id : UX DEVICE CLASS RTOS Condition cause : null
2024-06-25 23:54:52,120 [WARN] ConditionMgr:1039 - genDependencies : Invalid condition id : UX DEVICE CLASS RTOS Condition cause : null
2024-06-25 23:54:52,120 [WARN] ConditionMgr:1039 - genDependencies : Invalid condition id : UX DEVICE CLASS RTOS Condition cause : null
2024-06-25 23:54:52,120 [WARN] ConditionMgr:1039 - genDependencies : Invalid condition id : UX DEVICE CLASS RTOS Condition cause : null
2024-06-25 23:54:52,121 [WARN] ConditionMgr:1039 - genDependencies : Invalid condition id : UX DEVICE CLASS RTOS Condition cause : null
2024-06-25 23:54:52,127 [WARN] PackLoader:240 - Cannot read IP mode file for STMicroelectronics.X-CUBE-SUBG2.5.0.0
2024-06-25 23:54:52,136 [WARN] PackLoader:240 - Cannot read IP mode file for STMicroelectronics.X-CUBE-TOF1.3.3.1
2024-06-25 23:54:52,153 [WARN] PackLoader:240 - Cannot read IP mode file for STMicroelectronics.X-CUBE-AZRTOS-G4.2.0.0
2024-06-25 23:54:52,169 [WARN] PackLoader:240 - Cannot read IP mode file for Infineon.AIROC-Wi-Fi-Bluetooth-STM32.1.5.1
2024-06-25 23:54:52,175 [WARN] PackLoader:240 - Cannot read IP mode file for STMicroelectronics.FP-SNS-MOTENVWB1.1.3.0
2024-06-25 23:54:52,178 [WARN] PackLoader:240 - Cannot read IP mode file for STMicroelectronics.FP-SNS-MOTENVWB1.1.3.1
2024-06-25 23:54:52,181 [WARN] PackLoader:240 - Cannot read IP mode file for STMicroelectronics.X-CUBE-ISPU.2.0.0
2024-06-25 23:54:52,184 [WARN] PackLoader:240 - Cannot read IP mode file for STMicroelectronics.X-CUBE-ALS.1.0.2
2024-06-25 23:54:52,218 [WARN] PackLoader:240 - Cannot read IP mode file for STMicroelectronics.X-CUBE-MEMS1.10.0.0
2024-06-25 23:54:52,397 [WARN] PackLoader:240 - Cannot read IP mode file for STMicroelectronics.X-CUBE-FREERTOS.1.1.0
2024-06-25 23:54:52,405 [WARN] PackLoader:240 - Cannot read IP mode file for portGmbH.I-Cube-SoM-uGOAL.1.1.0
2024-06-25 23:54:52,409 [WARN] PackLoader:240 - Cannot read IP mode file for STMicroelectronics.X-CUBE-ALS.1.0.1
2024-06-25 23:54:52,446 [WARN] PackLoader:240 - Cannot read IP mode file for STMicroelectronics.X-CUBE-AZRTOS-H7RS.1.0.0
2024-06-25 23:54:52,455 [WARN] PackLoader:240 - Cannot read IP mode file for STMicroelectronics.FP-ATR-ASTRA1.2.0.0
2024-06-25 23:54:52,476 [WARN] PackLoader:240 - Cannot read IP mode file for STMicroelectronics.X-CUBE-TOF1.3.4.0
2024-06-25 23:54:52,517 [WARN] PackLoader:240 - Cannot read IP mode file for STMicroelectronics.X-CUBE-TOF1.3.4.1
2024-06-25 23:54:52,564 [WARN] PackLoader:240 - Cannot read IP mode file for STMicroelectronics.X-CUBE-AZRTOS-H7.3.2.0
2024-06-25 23:54:52,569 [INFO] ThirdParty:978 - Integrity check success = true
2024-06-25 23:54:52,569 [INFO] IntegrityCheckThread:100 - exiting critical section [integrity check]
2024-06-25 23:54:52,569 [INFO] IntegrityCheckThread:103 - End integrity checks thread
2024-06-25 23:55:10,181 [ERROR] LogOutputStream:75 - [STDERR_REDIRECT] SLF4J: Failed to load class "org.slf4j.impl.StaticLoggerBinder".
2024-06-25 23:55:10,182 [ERROR] LogOutputStream:75 - [STDERR_REDIRECT] SLF4J: Defaulting to no-operation (NOP) logger implementation
2024-06-25 23:55:10,182 [ERROR] LogOutputStream:75 - [STDERR_REDIRECT] SLF4J: See http://www.slf4j.org/codes.html#StaticLoggerBinder for further details.
