2024-05-15 22:27:43,752 [INFO] Activator:176 - 


2024-05-15 22:27:43,757 [INFO] Activator:177 - !SESSION log4j initialized
2024-05-15 22:27:46,077 [INFO] LogOutputStream:77 - [STDOUT_REDIRECT] 
2024-05-15 22:27:48,080 [INFO] ApplicationProperties:184 - Using Application install path: /opt/st/stm32cubeide_1.13.2/plugins/com.st.stm32cube.common.mx_6.9.2.202309101412
2024-05-15 22:27:48,098 [INFO] DbMcusXml:78 - Set database path to: /opt/st/stm32cubeide_1.13.2/plugins/com.st.stm32cube.common.mx_6.9.2.202309101412//db//mcu/
2024-05-15 22:27:48,099 [INFO] ApiDb:274 - Set plugin database path to: /opt/st/stm32cubeide_1.13.2/plugins/com.st.stm32cube.common.mx_6.9.2.202309101412//db//plugins/boardmanager/
2024-05-15 22:27:48,099 [WARN] ApiDb:259 - Overriding images path with different value:  => /opt/st/stm32cubeide_1.13.2/plugins/com.st.stm32cube.common.mx_6.9.2.202309101412//db//plugins/mcufinder/images/
2024-05-15 22:27:48,115 [INFO] ApiDb:250 - Set database path to: /home/ebenezer/.stmcufinder/plugins/mcufinder//mcu/
2024-05-15 22:27:48,116 [INFO] DbMcusAds:125 - Set database path to: /home/ebenezer/.stmcufinder/plugins/mcufinder//mcu/
2024-05-15 22:27:48,119 [INFO] CrossReferenceDbSqlite:203 - Set database path to: /home/ebenezer/.stmcufinder/plugins/mcufinder//mcu/cs/
2024-05-15 22:27:48,369 [INFO] RulesReader:64 - Compatibility file has been processed (293 Rules)
2024-05-15 22:27:48,531 [INFO] DbMcusXml:78 - Set database path to: /opt/st/stm32cubeide_1.13.2/plugins/com.st.stm32cube.common.mx_6.9.2.202309101412//db//mcu/
2024-05-15 22:27:48,532 [INFO] ApiDb:274 - Set plugin database path to: /opt/st/stm32cubeide_1.13.2/plugins/com.st.stm32cube.common.mx_6.9.2.202309101412//db//plugins/boardmanager/
2024-05-15 22:27:48,532 [INFO] ApiDb:261 - Set plugin images path to: /opt/st/stm32cubeide_1.13.2/plugins/com.st.stm32cube.common.mx_6.9.2.202309101412//db//plugins/mcufinder/images/
2024-05-15 22:27:48,532 [WARN] DbFile:41 - Overriding database path with different value: /home/ebenezer/.stmcufinder/plugins/mcufinder/ => /home/ebenezer/.stmcufinder/plugins/mcufinder
2024-05-15 22:27:48,532 [INFO] ApiDb:250 - Set database path to: /home/ebenezer/.stmcufinder/plugins/mcufinder//mcu/
2024-05-15 22:27:48,532 [WARN] DbFile:41 - Overriding database path with different value: /home/ebenezer/.stmcufinder/plugins/mcufinder/ => /home/ebenezer/.stmcufinder/plugins/mcufinder
2024-05-15 22:27:48,532 [INFO] DbMcusAds:125 - Set database path to: /home/ebenezer/.stmcufinder/plugins/mcufinder//mcu/
2024-05-15 22:27:48,533 [WARN] DbFile:41 - Overriding database path with different value: /home/ebenezer/.stmcufinder/plugins/mcufinder/ => /home/ebenezer/.stmcufinder/plugins/mcufinder
2024-05-15 22:27:48,533 [WARN] DbFile:41 - Overriding database path with different value: /home/ebenezer/.stmcufinder/plugins/mcufinder/ => /home/ebenezer/.stmcufinder/plugins/mcufinder
2024-05-15 22:27:48,533 [INFO] CrossReferenceDbSqlite:203 - Set database path to: /home/ebenezer/.stmcufinder/plugins/mcufinder//mcu/cs/
2024-05-15 22:27:48,631 [INFO] MainPanel:262 - HeapMemory: 268435456
2024-05-15 22:27:48,736 [INFO] DbMcusXml:78 - Set database path to: /opt/st/stm32cubeide_1.13.2/plugins/com.st.stm32cube.common.mx_6.9.2.202309101412//db//mcu/
2024-05-15 22:27:48,736 [INFO] ApiDb:274 - Set plugin database path to: /opt/st/stm32cubeide_1.13.2/plugins/com.st.stm32cube.common.mx_6.9.2.202309101412//db//plugins/boardmanager/
2024-05-15 22:27:48,736 [INFO] ApiDb:261 - Set plugin images path to: /opt/st/stm32cubeide_1.13.2/plugins/com.st.stm32cube.common.mx_6.9.2.202309101412//db//plugins/mcufinder/images/
2024-05-15 22:27:48,737 [WARN] DbFile:41 - Overriding database path with different value: /home/ebenezer/.stmcufinder/plugins/mcufinder/ => /home/ebenezer/.stmcufinder/plugins/mcufinder
2024-05-15 22:27:48,737 [INFO] ApiDb:250 - Set database path to: /home/ebenezer/.stmcufinder/plugins/mcufinder//mcu/
2024-05-15 22:27:48,737 [WARN] DbFile:41 - Overriding database path with different value: /home/ebenezer/.stmcufinder/plugins/mcufinder/ => /home/ebenezer/.stmcufinder/plugins/mcufinder
2024-05-15 22:27:48,737 [INFO] DbMcusAds:125 - Set database path to: /home/ebenezer/.stmcufinder/plugins/mcufinder//mcu/
2024-05-15 22:27:48,737 [WARN] DbFile:41 - Overriding database path with different value: /home/ebenezer/.stmcufinder/plugins/mcufinder/ => /home/ebenezer/.stmcufinder/plugins/mcufinder
2024-05-15 22:27:48,738 [WARN] DbFile:41 - Overriding database path with different value: /home/ebenezer/.stmcufinder/plugins/mcufinder/ => /home/ebenezer/.stmcufinder/plugins/mcufinder
2024-05-15 22:27:48,738 [INFO] CrossReferenceDbSqlite:203 - Set database path to: /home/ebenezer/.stmcufinder/plugins/mcufinder//mcu/cs/
2024-05-15 22:27:48,760 [INFO] ApplicationProperties:184 - Using Application install path: /opt/st/stm32cubeide_1.13.2/plugins/com.st.stm32cube.common.mx_6.9.2.202309101412
2024-05-15 22:27:48,762 [INFO] PluginManage:196 - Search for loadable plugins [exclusion list=, ]
2024-05-15 22:27:48,764 [INFO] PluginManage:310 - Check plugin analytics
2024-05-15 22:27:48,991 [INFO] AnalyticsPlugin:253 - Accepted Software Licenses: 
2024-05-15 22:27:48,992 [INFO] AnalyticsPlugin:255 - Accepted CMSIS Pack Licenses: 
2024-05-15 22:27:48,992 [INFO] AnalyticsPlugin:257 - Accepted Firmware Licenses: FW.G0.1.6.0,FW.F4.1.27.0
2024-05-15 22:27:48,995 [INFO] PluginManage:359 - Loaded plugin analytics (category:tool,tabindex:-1)
2024-05-15 22:27:48,996 [INFO] PluginManage:310 - Check plugin cadmodel
2024-05-15 22:27:49,023 [INFO] CADModel:105 - Init CAD model plugin
2024-05-15 22:27:49,023 [INFO] PluginManage:359 - Loaded plugin cadmodel (category:power,tabindex:5)
2024-05-15 22:27:49,023 [INFO] PluginManage:310 - Check plugin clock
2024-05-15 22:27:49,035 [INFO] PluginManage:359 - Loaded plugin clock (category:base,tabindex:2)
2024-05-15 22:27:49,036 [INFO] PluginManage:310 - Check plugin ddr
2024-05-15 22:27:49,040 [INFO] PluginManage:359 - Loaded plugin ddr (category:tool,tabindex:6)
2024-05-15 22:27:49,040 [INFO] PluginManage:310 - Check plugin filemanager
2024-05-15 22:27:49,216 [INFO] PluginManage:359 - Loaded plugin filemanager (category:base,tabindex:10)
2024-05-15 22:27:49,216 [INFO] PluginManage:310 - Check plugin ipmanager
2024-05-15 22:27:49,225 [INFO] PluginManage:359 - Loaded plugin ipmanager (category:base,tabindex:5)
2024-05-15 22:27:49,225 [INFO] PluginManage:310 - Check plugin lpbam
2024-05-15 22:27:49,238 [INFO] PluginManage:359 - Loaded plugin lpbam (category:base,tabindex:0)
2024-05-15 22:27:49,239 [INFO] PluginManage:310 - Check plugin memorymap
2024-05-15 22:27:49,251 [INFO] PluginManage:359 - Loaded plugin memorymap (category:base,tabindex:4)
2024-05-15 22:27:49,251 [INFO] PluginManage:310 - Check plugin pinoutandconfiguration
2024-05-15 22:27:49,256 [INFO] PluginManage:359 - Loaded plugin pinoutandconfiguration (category:base,tabindex:1)
2024-05-15 22:27:49,256 [INFO] PluginManage:310 - Check plugin pinoutconfig
2024-05-15 22:27:49,373 [WARN] SupportedApi:132 - Cannot load RTOS API schema: s4s-elt-must-match.1: The content of 'definitions' must match (annotation?, (simpleType | complexType)?, (unique | key | keyref)*)). A problem was found starting at: attribute.
2024-05-15 22:27:49,558 [INFO] PluginManage:359 - Loaded plugin pinoutconfig (category:base,tabindex:0)
2024-05-15 22:27:49,559 [INFO] PluginManage:310 - Check plugin power
2024-05-15 22:27:49,569 [INFO] PluginManage:359 - Loaded plugin power (category:power,tabindex:4)
2024-05-15 22:27:49,569 [INFO] PluginManage:310 - Check plugin projectmanager
2024-05-15 22:27:49,590 [INFO] PluginManage:359 - Loaded plugin projectmanager (category:projectmanager,tabindex:3)
2024-05-15 22:27:49,590 [INFO] PluginManage:310 - Check plugin thirdparty
2024-05-15 22:27:49,726 [WARN] IntegrityCheckThread:84 - waiting for thirdparty lock release [integrity check]
2024-05-15 22:27:49,726 [INFO] PluginManage:359 - Loaded plugin thirdparty (category:base,tabindex:-1)
2024-05-15 22:27:49,726 [INFO] IntegrityCheckThread:86 - entering critical section [integrity check]
2024-05-15 22:27:49,726 [INFO] PluginManage:310 - Check plugin tools
2024-05-15 22:27:49,727 [INFO] ThirdPartyUpdaterWithRetryManager:70 - Updater plugin not ready yet. [1/15]
2024-05-15 22:27:49,730 [INFO] PluginManage:359 - Loaded plugin tools (category:base,tabindex:7)
2024-05-15 22:27:49,730 [INFO] PluginManage:310 - Check plugin tutovideos
2024-05-15 22:27:49,879 [INFO] PluginManage:359 - Loaded plugin tutovideos (category:base,tabindex:-1)
2024-05-15 22:27:49,879 [INFO] PluginManage:310 - Check plugin updater
2024-05-15 22:27:49,890 [INFO] PluginManage:359 - Loaded plugin updater (category:base,tabindex:12)
2024-05-15 22:27:49,890 [INFO] PluginManage:310 - Check plugin userauth
2024-05-15 22:27:49,894 [INFO] UserAuth:113 - Init User Auth plugin
2024-05-15 22:27:49,895 [INFO] PluginManage:359 - Loaded plugin userauth (category:base,tabindex:14)
2024-05-15 22:27:49,895 [INFO] PluginManage:283 - PluginManage : Loaded plugins [17]
2024-05-15 22:27:50,087 [INFO] PinOutPanel:1499 - setPackage(No Configuration,No Configuration)
2024-05-15 22:27:50,183 [INFO] CADModel:165 - CPN selected for project level
2024-05-15 22:27:50,183 [INFO] CADModel:114 - Register for checkConnection events
2024-05-15 22:27:50,198 [INFO] IPUIPlugin:80 - create IPUIPlugin
2024-05-15 22:27:50,199 [INFO] PluginManager:220 - loadIPPluginJar : add touchsensing
2024-05-15 22:27:50,205 [INFO] IPUIPlugin:80 - create IPUIPlugin
2024-05-15 22:27:50,205 [INFO] PluginManager:220 - loadIPPluginJar : add adc
2024-05-15 22:27:50,206 [INFO] IPUIPlugin:80 - create IPUIPlugin
2024-05-15 22:27:50,207 [INFO] PluginManager:220 - loadIPPluginJar : add fatfs
2024-05-15 22:27:50,209 [INFO] IPUIPlugin:80 - create IPUIPlugin
2024-05-15 22:27:50,210 [INFO] PluginManager:220 - loadIPPluginJar : add ipddr
2024-05-15 22:27:50,213 [INFO] IPUIPlugin:80 - create IPUIPlugin
2024-05-15 22:27:50,213 [INFO] PluginManager:220 - loadIPPluginJar : add openamp
2024-05-15 22:27:50,215 [INFO] IPUIPlugin:80 - create IPUIPlugin
2024-05-15 22:27:50,216 [INFO] PluginManager:220 - loadIPPluginJar : add i3c
2024-05-15 22:27:50,218 [INFO] IPUIPlugin:80 - create IPUIPlugin
2024-05-15 22:27:50,218 [INFO] PluginManager:220 - loadIPPluginJar : add cryp
2024-05-15 22:27:50,222 [INFO] IPUIPlugin:80 - create IPUIPlugin
2024-05-15 22:27:50,222 [INFO] PluginManager:220 - loadIPPluginJar : add fmc
2024-05-15 22:27:50,223 [INFO] IPUIPlugin:80 - create IPUIPlugin
2024-05-15 22:27:50,224 [INFO] PluginManager:220 - loadIPPluginJar : add tsc
2024-05-15 22:27:50,224 [INFO] IPUIPlugin:80 - create IPUIPlugin
2024-05-15 22:27:50,225 [INFO] PluginManager:220 - loadIPPluginJar : add ltdc
2024-05-15 22:27:50,228 [INFO] IPUIPlugin:80 - create IPUIPlugin
2024-05-15 22:27:50,229 [INFO] PluginManager:220 - loadIPPluginJar : add nvic
2024-05-15 22:27:50,232 [INFO] IPUIPlugin:80 - create IPUIPlugin
2024-05-15 22:27:50,232 [INFO] PluginManager:220 - loadIPPluginJar : add dma3
2024-05-15 22:27:50,234 [INFO] IPUIPlugin:80 - create IPUIPlugin
2024-05-15 22:27:50,234 [INFO] PluginManager:220 - loadIPPluginJar : add ucpd
2024-05-15 22:27:50,238 [INFO] IPUIPlugin:80 - create IPUIPlugin
2024-05-15 22:27:50,238 [INFO] PluginManager:220 - loadIPPluginJar : add freertos
2024-05-15 22:27:50,240 [INFO] IPUIPlugin:80 - create IPUIPlugin
2024-05-15 22:27:50,240 [INFO] PluginManager:220 - loadIPPluginJar : add dfsdm
2024-05-15 22:27:50,241 [INFO] IPUIPlugin:80 - create IPUIPlugin
2024-05-15 22:27:50,242 [INFO] PluginManager:220 - loadIPPluginJar : add aes
2024-05-15 22:27:50,247 [INFO] IPUIPlugin:80 - create IPUIPlugin
2024-05-15 22:27:50,247 [INFO] PluginManager:220 - loadIPPluginJar : add linkedlist
2024-05-15 22:27:50,252 [INFO] IPUIPlugin:80 - create IPUIPlugin
2024-05-15 22:27:50,253 [INFO] PluginManager:220 - loadIPPluginJar : add gic
2024-05-15 22:27:50,254 [INFO] IPUIPlugin:80 - create IPUIPlugin
2024-05-15 22:27:50,254 [INFO] PluginManager:220 - loadIPPluginJar : add genericplugin
2024-05-15 22:27:50,256 [INFO] IPUIPlugin:80 - create IPUIPlugin
2024-05-15 22:27:50,256 [INFO] PluginManager:220 - loadIPPluginJar : add resmgrutility
2024-05-15 22:27:50,258 [INFO] IPUIPlugin:80 - create IPUIPlugin
2024-05-15 22:27:50,258 [INFO] PluginManager:220 - loadIPPluginJar : add gfxmmu
2024-05-15 22:27:50,259 [INFO] IPUIPlugin:80 - create IPUIPlugin
2024-05-15 22:27:50,259 [INFO] PluginManager:220 - loadIPPluginJar : add comp
2024-05-15 22:27:50,260 [INFO] IPUIPlugin:80 - create IPUIPlugin
2024-05-15 22:27:50,261 [INFO] PluginManager:220 - loadIPPluginJar : add i2s
2024-05-15 22:27:50,262 [INFO] IPUIPlugin:80 - create IPUIPlugin
2024-05-15 22:27:50,262 [INFO] PluginManager:220 - loadIPPluginJar : add ts
2024-05-15 22:27:50,264 [INFO] IPUIPlugin:80 - create IPUIPlugin
2024-05-15 22:27:50,265 [INFO] PluginManager:220 - loadIPPluginJar : add pdm2pcm
2024-05-15 22:27:50,267 [INFO] IPUIPlugin:80 - create IPUIPlugin
2024-05-15 22:27:50,268 [INFO] PluginManager:220 - loadIPPluginJar : add gtzc
2024-05-15 22:27:50,270 [INFO] IPUIPlugin:80 - create IPUIPlugin
2024-05-15 22:27:50,270 [INFO] PluginManager:220 - loadIPPluginJar : add can
2024-05-15 22:27:50,272 [INFO] IPUIPlugin:80 - create IPUIPlugin
2024-05-15 22:27:50,272 [INFO] PluginManager:220 - loadIPPluginJar : add tracer_emb
2024-05-15 22:27:50,274 [INFO] IPUIPlugin:80 - create IPUIPlugin
2024-05-15 22:27:50,274 [INFO] PluginManager:220 - loadIPPluginJar : add usart
2024-05-15 22:27:50,277 [INFO] IPUIPlugin:80 - create IPUIPlugin
2024-05-15 22:27:50,277 [INFO] PluginManager:220 - loadIPPluginJar : add gpio
2024-05-15 22:27:50,279 [INFO] IPUIPlugin:80 - create IPUIPlugin
2024-05-15 22:27:50,279 [INFO] PluginManager:220 - loadIPPluginJar : add spi
2024-05-15 22:27:50,283 [INFO] IPUIPlugin:80 - create IPUIPlugin
2024-05-15 22:27:50,286 [INFO] PluginManager:220 - loadIPPluginJar : add plateformsettings
2024-05-15 22:27:50,288 [INFO] IPUIPlugin:80 - create IPUIPlugin
2024-05-15 22:27:50,288 [INFO] PluginManager:220 - loadIPPluginJar : add tim
2024-05-15 22:27:50,292 [INFO] IPUIPlugin:80 - create IPUIPlugin
2024-05-15 22:27:50,292 [INFO] PluginManager:220 - loadIPPluginJar : add stm32_wpan
2024-05-15 22:27:50,294 [INFO] IPUIPlugin:80 - create IPUIPlugin
2024-05-15 22:27:50,294 [INFO] PluginManager:220 - loadIPPluginJar : add opamp
2024-05-15 22:27:50,296 [INFO] IPUIPlugin:80 - create IPUIPlugin
2024-05-15 22:27:50,296 [INFO] PluginManager:220 - loadIPPluginJar : add i2c
2024-05-15 22:27:50,300 [INFO] IPUIPlugin:80 - create IPUIPlugin
2024-05-15 22:27:50,301 [INFO] PluginManager:220 - loadIPPluginJar : add mdma
2024-05-15 22:27:50,304 [INFO] IPUIPlugin:80 - create IPUIPlugin
2024-05-15 22:27:50,304 [INFO] PluginManager:220 - loadIPPluginJar : add usbx
2024-05-15 22:27:50,307 [INFO] IPUIPlugin:80 - create IPUIPlugin
2024-05-15 22:27:50,307 [INFO] PluginManager:220 - loadIPPluginJar : add lorawan
2024-05-15 22:27:50,312 [INFO] IPUIPlugin:80 - create IPUIPlugin
2024-05-15 22:27:50,312 [INFO] PluginManager:220 - loadIPPluginJar : add dma
2024-05-15 22:27:50,314 [INFO] IPUIPlugin:80 - create IPUIPlugin
2024-05-15 22:27:50,314 [INFO] PluginManager:220 - loadIPPluginJar : add hash
2024-05-15 22:27:50,315 [INFO] IPUIPlugin:80 - create IPUIPlugin
2024-05-15 22:27:50,315 [INFO] PluginManager:220 - loadIPPluginJar : add quadspi
2024-05-15 22:27:50,317 [INFO] IPUIPlugin:80 - create IPUIPlugin
2024-05-15 22:27:50,317 [INFO] PluginManager:220 - loadIPPluginJar : add sai
2024-05-15 22:27:50,420 [INFO] CADModel:165 - CPN selected for project level
2024-05-15 22:27:50,420 [INFO] CADModel:114 - Register for checkConnection events
2024-05-15 22:27:50,421 [FATAL] Updater:308 - Updater called before beeing initialized
2024-05-15 22:27:50,421 [ERROR] CADModel:125 - Updater not yet initialized, retry later 
2024-05-15 22:27:50,560 [INFO] CADModel:165 - CPN selected for project level
2024-05-15 22:27:50,560 [INFO] CADModel:114 - Register for checkConnection events
2024-05-15 22:27:50,560 [FATAL] Updater:308 - Updater called before beeing initialized
2024-05-15 22:27:50,560 [ERROR] CADModel:125 - Updater not yet initialized, retry later 
2024-05-15 22:27:50,566 [FATAL] Updater:308 - Updater called before beeing initialized
2024-05-15 22:27:50,648 [FATAL] Updater:308 - Updater called before beeing initialized
2024-05-15 22:27:50,654 [INFO] DbMcusAds:53 - JSON generation date=Thu May 02 04:37:29 EDT 2024 (1714639049318)
2024-05-15 22:27:50,654 [FATAL] Updater:308 - Updater called before beeing initialized
2024-05-15 22:27:50,690 [WARN] DetailPanel:346 - Failed to get advertising image, set to default
2024-05-15 22:27:50,787 [FATAL] Updater:308 - Updater called before beeing initialized
2024-05-15 22:27:50,789 [FATAL] Updater:308 - Updater called before beeing initialized
2024-05-15 22:27:50,789 [FATAL] Updater:308 - Updater called before beeing initialized
2024-05-15 22:27:50,789 [WARN] DetailPanel:346 - Failed to get advertising image, set to default
2024-05-15 22:27:50,790 [FATAL] Updater:308 - Updater called before beeing initialized
2024-05-15 22:27:50,822 [ERROR] Updater:1120 - MainUpdater not yet initialized. External WinMGr cannot be set.
2024-05-15 22:27:50,824 [INFO] Updater:1056 - Updater Version found : 6.9.2
2024-05-15 22:27:50,849 [INFO] ApplicationProperties:184 - Using Application install path: /opt/st/stm32cubeide_1.13.2/plugins/com.st.stm32cube.common.mx_6.9.2.202309101412
2024-05-15 22:27:51,070 [INFO] MainUpdater:2868 - connection check result : 10
2024-05-15 22:27:51,070 [INFO] MainUpdater:3562 - Updater definition file requires update
2024-05-15 22:27:51,071 [INFO] MainUpdater:285 - Updater Check For Update Now.
2024-05-15 22:27:51,071 [INFO] MicroXplorer:498 - Change Database Version : DB.6.0.92
2024-05-15 22:27:51,075 [INFO] McuFinderGlobals:63 - Set McuFinder mode to 2 (CubeIDE integrated)
2024-05-15 22:27:51,112 [INFO] ServerAccessManage:473 - Download File updaters.zip
2024-05-15 22:27:51,230 [INFO] FileExtend:240 - Unzip File : updaters.zip
2024-05-15 22:27:51,230 [INFO] FileExtend:255 - Standard Zip Deflate
2024-05-15 22:27:51,352 [INFO] ServerAccessManage:473 - Download File PacksControlFlags.xml
2024-05-15 22:27:51,412 [INFO] ServerAccessManage:473 - Download File cubemx.pidx
2024-05-15 22:27:52,087 [INFO] ServerAccessManage:473 - Download File STMicroelectronics.X-CUBE-ALGOBUILD.pdsc
2024-05-15 22:27:52,727 [WARN] MainUpdater:1189 - Updater busy. Cannot search thirdparties
2024-05-15 22:27:52,727 [INFO] ThirdPartyUpdaterWithRetryManager:96 - Updater plugin is busy. [1/15]
2024-05-15 22:27:52,754 [WARN] PackLoader:240 - Cannot read IP mode file for STMicroelectronics.X-CUBE-ALGOBUILD.1.4.0
2024-05-15 22:27:52,757 [INFO] PopulateThirdPartyThread:66 - Ending populate Thread
2024-05-15 22:27:52,758 [INFO] ThirdParty:1030 - CMSIS Pack Vendor :STMicroelectronics X-CUBE-ALGOBUILD 1.4.0
2024-05-15 22:27:52,759 [INFO] LoadServerUpdatesThread:373 - End of LoadServerUpdate Thread
2024-05-15 22:27:52,897 [INFO] CheckServerUpdateThread:120 - End of CheckServer Thread
2024-05-15 22:27:55,835 [WARN] PackLoader:240 - Cannot read IP mode file for STMicroelectronics.FP-SNS-MOTENVWB1.1.4.0
2024-05-15 22:27:55,842 [WARN] PackLoader:240 - Cannot read IP mode file for STMicroelectronics.X-CUBE-SMBUS.2.1.0
2024-05-15 22:27:55,845 [WARN] PackLoader:240 - Cannot read IP mode file for STMicroelectronics.X-CUBE-TOUCHGFX.4.23.0
2024-05-15 22:27:55,847 [WARN] PackLoader:240 - Cannot read IP mode file for STMicroelectronics.X-CUBE-TOUCHGFX.4.23.2
2024-05-15 22:27:55,872 [WARN] PackLoader:240 - Cannot read IP mode file for STMicroelectronics.X-CUBE-AZRTOS-F7.1.1.0
2024-05-15 22:27:55,882 [WARN] PackLoader:240 - Cannot read IP mode file for STMicroelectronics.FP-SNS-MOTENV1.4.3.2
2024-05-15 22:27:55,888 [WARN] PackLoader:240 - Cannot read IP mode file for STMicroelectronics.FP-SNS-FLIGHT1.5.0.2
2024-05-15 22:27:55,895 [WARN] PackLoader:240 - Cannot read IP mode file for STMicroelectronics.X-CUBE-DISPLAY.3.0.0
2024-05-15 22:27:55,906 [WARN] PackLoader:240 - Cannot read IP mode file for STMicroelectronics.X-CUBE-BLE1.7.0.0
2024-05-15 22:27:55,911 [WARN] PackLoader:240 - Cannot read IP mode file for emotas.I-CUBE-CANOPEN.1.3.0
2024-05-15 22:27:55,913 [WARN] PackLoader:240 - Cannot read IP mode file for STMicroelectronics.X-CUBE-TOUCHGFX.4.22.0
2024-05-15 22:27:55,915 [WARN] PackLoader:240 - Cannot read IP mode file for STMicroelectronics.X-CUBE-TOUCHGFX.4.22.1
2024-05-15 22:27:55,927 [WARN] PackLoader:240 - Cannot read IP mode file for STMicroelectronics.X-CUBE-BLEMGR.3.1.0
2024-05-15 22:27:55,940 [WARN] PackLoader:240 - Cannot read IP mode file for STMicroelectronics.FP-SNS-SMARTAG2.1.2.0
2024-05-15 22:27:55,952 [INFO] LogOutputStream:77 - [STDOUT_REDIRECT] 1 : Invalid condition id : UX_CORESTACK_Condition cause : null
2024-05-15 22:27:55,953 [INFO] LogOutputStream:77 - [STDOUT_REDIRECT] 1 : Invalid condition id : UX_CORESTACK_Condition cause : null
2024-05-15 22:27:55,954 [INFO] LogOutputStream:77 - [STDOUT_REDIRECT] 1 : Invalid condition id : UX_CORESTACK_Condition cause : null
2024-05-15 22:27:55,954 [INFO] LogOutputStream:77 - [STDOUT_REDIRECT] 1 : Invalid condition id : UX_CORESTACK_Condition cause : null
2024-05-15 22:27:55,954 [INFO] LogOutputStream:77 - [STDOUT_REDIRECT] 1 : Invalid condition id : UX_CORESTACK_Condition cause : null
2024-05-15 22:27:55,959 [WARN] PackLoader:240 - Cannot read IP mode file for STMicroelectronics.X-CUBE-AZRTOS-WL.2.0.0
2024-05-15 22:27:55,965 [WARN] PackLoader:240 - Cannot read IP mode file for STMicroelectronics.FP-SNS-MOTENV1.5.0.0
2024-05-15 22:27:55,974 [WARN] PackLoader:240 - Cannot read IP mode file for WES.I-CUBE-Cesium.1.3.0
2024-05-15 22:27:55,980 [WARN] PackLoader:240 - Cannot read IP mode file for STMicroelectronics.X-CUBE-BLE2.3.3.0
2024-05-15 22:27:55,987 [WARN] PackLoader:240 - Cannot read IP mode file for STMicroelectronics.X-CUBE-TCPP.4.1.0
2024-05-15 22:27:55,994 [WARN] PackLoader:240 - Cannot read IP mode file for STMicroelectronics.X-CUBE-ALGOBUILD.1.3.0
2024-05-15 22:27:56,016 [WARN] PackLoader:240 - Cannot read IP mode file for STMicroelectronics.X-CUBE-AZRTOS-G0.1.1.0
2024-05-15 22:27:56,027 [WARN] PackLoader:240 - Cannot read IP mode file for STMicroelectronics.X-CUBE-SAFEA1.1.2.2
2024-05-15 22:27:56,035 [WARN] PackLoader:240 - Cannot read IP mode file for STMicroelectronics.X-CUBE-NFC4.3.0.0
2024-05-15 22:27:56,049 [WARN] PackLoader:240 - Cannot read IP mode file for STMicroelectronics.X-CUBE-BLEMGR.3.0.0
2024-05-15 22:27:56,056 [WARN] PackLoader:240 - Cannot read IP mode file for STMicroelectronics.FP-ATR-SIGFOX1.3.2.0
2024-05-15 22:27:56,063 [WARN] PackLoader:240 - Cannot read IP mode file for STMicroelectronics.X-CUBE-EEPRMA1.5.1.0
2024-05-15 22:27:56,109 [WARN] PackLoader:240 - Cannot read IP mode file for SEGGER.I-CUBE-embOS.1.3.1
2024-05-15 22:27:56,177 [WARN] PackLoader:240 - Cannot read IP mode file for STMicroelectronics.X-CUBE-ALGOBUILD.1.4.0
2024-05-15 22:27:56,183 [WARN] PackLoader:240 - Cannot read IP mode file for STMicroelectronics.X-CUBE-GNSS1.6.0.0
2024-05-15 22:27:56,205 [WARN] PackLoader:240 - Cannot read IP mode file for STMicroelectronics.X-CUBE-AZRTOS-F4.1.1.0
2024-05-15 22:27:56,212 [WARN] PackLoader:240 - Cannot read IP mode file for wolfSSL.I-CUBE-wolfSSL.5.6.3
2024-05-15 22:27:56,217 [WARN] PackLoader:240 - Cannot read IP mode file for STMicroelectronics.X-CUBE-FREERTOS.1.2.0
2024-05-15 22:27:56,240 [WARN] PackLoader:240 - Cannot read IP mode file for STMicroelectronics.X-CUBE-AZRTOS-L5.2.0.0
2024-05-15 22:27:56,308 [WARN] PackLoader:240 - Cannot read IP mode file for STMicroelectronics.X-CUBE-MEMS1.9.6.0
2024-05-15 22:27:56,522 [WARN] PackLoader:240 - Cannot read IP mode file for STMicroelectronics.X-CUBE-EEPRMA1.4.2.0
2024-05-15 22:27:56,530 [WARN] PackLoader:240 - Cannot read IP mode file for STMicroelectronics.X-CUBE-NFC6.3.1.0
2024-05-15 22:27:56,535 [WARN] PackLoader:240 - Cannot read IP mode file for ITTIA_DB.I-CUBE-ITTIADB.8.8.0
2024-05-15 22:27:56,543 [WARN] PackLoader:240 - Cannot read IP mode file for STMicroelectronics.X-CUBE-BLEMGR.2.0.0
2024-05-15 22:27:56,547 [WARN] PackLoader:240 - Cannot read IP mode file for STMicroelectronics.X-CUBE-AI.9.0.0
2024-05-15 22:27:56,566 [WARN] ConditionMgr:438 - getConditionDescription Invalid condition id : UX DEVICE CLASS RTOS Condition cause : null
2024-05-15 22:27:56,566 [WARN] ConditionMgr:438 - getConditionDescription Invalid condition id : UX DEVICE CLASS RTOS Condition cause : null
2024-05-15 22:27:56,570 [WARN] PackLoader:240 - Cannot read IP mode file for STMicroelectronics.X-CUBE-AZRTOS-H7.3.1.0
2024-05-15 22:27:56,572 [WARN] ConditionMgr:1039 - genDependencies : Invalid condition id : UX DEVICE CLASS RTOS Condition cause : null
2024-05-15 22:27:56,572 [WARN] ConditionMgr:1039 - genDependencies : Invalid condition id : UX DEVICE CLASS RTOS Condition cause : null
2024-05-15 22:27:56,572 [WARN] ConditionMgr:1039 - genDependencies : Invalid condition id : UX DEVICE CLASS RTOS Condition cause : null
2024-05-15 22:27:56,573 [WARN] ConditionMgr:1039 - genDependencies : Invalid condition id : UX DEVICE CLASS RTOS Condition cause : null
2024-05-15 22:27:56,573 [WARN] ConditionMgr:1039 - genDependencies : Invalid condition id : UX DEVICE CLASS RTOS Condition cause : null
2024-05-15 22:27:56,578 [WARN] PackLoader:240 - Cannot read IP mode file for STMicroelectronics.X-CUBE-NFC7.1.0.1
2024-05-15 22:27:56,585 [WARN] PackLoader:240 - Cannot read IP mode file for STMicroelectronics.X-CUBE-NFC6.3.0.0
2024-05-15 22:27:56,592 [WARN] PackLoader:240 - Cannot read IP mode file for STMicroelectronics.X-CUBE-EEPRMA1.4.1.0
2024-05-15 22:27:56,596 [WARN] PackLoader:240 - Cannot read IP mode file for STMicroelectronics.X-CUBE-AI.8.1.0
2024-05-15 22:27:56,615 [WARN] ConditionMgr:438 - getConditionDescription Invalid condition id : LAN8742 Phy interface Condition cause : null
2024-05-15 22:27:56,616 [WARN] PackLoader:240 - Cannot read IP mode file for STMicroelectronics.X-CUBE-AZRTOS-L4.2.0.0
2024-05-15 22:27:56,618 [WARN] ConditionMgr:1039 - genDependencies : Invalid condition id : LAN8742 Phy interface Condition cause : null
2024-05-15 22:27:56,618 [WARN] ConditionMgr:1039 - genDependencies : Invalid condition id : LAN8742 Phy interface Condition cause : null
2024-05-15 22:27:56,619 [WARN] ConditionMgr:1039 - genDependencies : Invalid condition id : LAN8742 Phy interface Condition cause : null
2024-05-15 22:27:56,625 [WARN] PackLoader:240 - Cannot read IP mode file for STMicroelectronics.X-CUBE-SFXS2LP1.4.0.0
2024-05-15 22:27:56,630 [WARN] PackLoader:240 - Cannot read IP mode file for STMicroelectronics.X-CUBE-ISPU.1.1.0
2024-05-15 22:27:56,643 [WARN] ConditionMgr:438 - getConditionDescription Invalid condition id : UX DEVICE CLASS RTOS Condition cause : null
2024-05-15 22:27:56,643 [WARN] ConditionMgr:438 - getConditionDescription Invalid condition id : UX DEVICE CLASS RTOS Condition cause : null
2024-05-15 22:27:56,646 [WARN] PackLoader:240 - Cannot read IP mode file for STMicroelectronics.X-CUBE-AZRTOS-WB.2.0.0
2024-05-15 22:27:56,646 [WARN] ConditionMgr:1039 - genDependencies : Invalid condition id : UX DEVICE CLASS RTOS Condition cause : null
2024-05-15 22:27:56,647 [WARN] ConditionMgr:1039 - genDependencies : Invalid condition id : UX DEVICE CLASS RTOS Condition cause : null
2024-05-15 22:27:56,647 [WARN] ConditionMgr:1039 - genDependencies : Invalid condition id : UX DEVICE CLASS RTOS Condition cause : null
2024-05-15 22:27:56,648 [WARN] ConditionMgr:1039 - genDependencies : Invalid condition id : UX DEVICE CLASS RTOS Condition cause : null
2024-05-15 22:27:56,648 [WARN] ConditionMgr:1039 - genDependencies : Invalid condition id : UX DEVICE CLASS RTOS Condition cause : null
2024-05-15 22:27:56,658 [WARN] PackLoader:240 - Cannot read IP mode file for STMicroelectronics.X-CUBE-SUBG2.5.0.0
2024-05-15 22:27:56,673 [WARN] PackLoader:240 - Cannot read IP mode file for STMicroelectronics.X-CUBE-TOF1.3.3.1
2024-05-15 22:27:56,696 [WARN] PackLoader:240 - Cannot read IP mode file for STMicroelectronics.X-CUBE-AZRTOS-G4.2.0.0
2024-05-15 22:27:56,710 [WARN] PackLoader:240 - Cannot read IP mode file for Infineon.AIROC-Wi-Fi-Bluetooth-STM32.1.5.1
2024-05-15 22:27:56,717 [WARN] PackLoader:240 - Cannot read IP mode file for STMicroelectronics.FP-SNS-MOTENVWB1.1.3.0
2024-05-15 22:27:56,721 [WARN] PackLoader:240 - Cannot read IP mode file for STMicroelectronics.FP-SNS-MOTENVWB1.1.3.1
2024-05-15 22:27:56,725 [WARN] PackLoader:240 - Cannot read IP mode file for STMicroelectronics.X-CUBE-ISPU.2.0.0
2024-05-15 22:27:56,765 [WARN] PackLoader:240 - Cannot read IP mode file for STMicroelectronics.X-CUBE-MEMS1.10.0.0
2024-05-15 22:27:56,866 [WARN] PackLoader:240 - Cannot read IP mode file for STMicroelectronics.X-CUBE-FREERTOS.1.1.0
2024-05-15 22:27:56,871 [WARN] PackLoader:240 - Cannot read IP mode file for portGmbH.I-Cube-SoM-uGOAL.1.1.0
2024-05-15 22:27:56,874 [WARN] PackLoader:240 - Cannot read IP mode file for STMicroelectronics.X-CUBE-ALS.1.0.1
2024-05-15 22:27:56,890 [WARN] PackLoader:240 - Cannot read IP mode file for STMicroelectronics.X-CUBE-AZRTOS-H7RS.1.0.0
2024-05-15 22:27:56,894 [WARN] PackLoader:240 - Cannot read IP mode file for STMicroelectronics.FP-ATR-ASTRA1.2.0.0
2024-05-15 22:27:56,901 [WARN] PackLoader:240 - Cannot read IP mode file for STMicroelectronics.X-CUBE-TOF1.3.4.0
2024-05-15 22:27:56,919 [WARN] PackLoader:240 - Cannot read IP mode file for STMicroelectronics.X-CUBE-TOF1.3.4.1
2024-05-15 22:27:56,947 [WARN] PackLoader:240 - Cannot read IP mode file for STMicroelectronics.X-CUBE-AZRTOS-H7.3.2.0
2024-05-15 22:27:56,952 [INFO] ThirdParty:978 - Integrity check success = true
2024-05-15 22:27:56,952 [INFO] IntegrityCheckThread:100 - exiting critical section [integrity check]
2024-05-15 22:27:56,952 [INFO] IntegrityCheckThread:103 - End integrity checks thread
2024-05-15 22:28:11,681 [ERROR] LogOutputStream:75 - [STDERR_REDIRECT] SLF4J: Failed to load class "org.slf4j.impl.StaticLoggerBinder".
2024-05-15 22:28:11,682 [ERROR] LogOutputStream:75 - [STDERR_REDIRECT] SLF4J: Defaulting to no-operation (NOP) logger implementation
2024-05-15 22:28:11,682 [ERROR] LogOutputStream:75 - [STDERR_REDIRECT] SLF4J: See http://www.slf4j.org/codes.html#StaticLoggerBinder for further details.
2024-05-15 22:33:57,693 [INFO] McuFinderGlobals:63 - Set McuFinder mode to 2 (CubeIDE integrated)
2024-05-15 22:33:57,697 [INFO] MainUpdater:2868 - connection check result : 10
2024-05-15 22:33:57,697 [INFO] MainUpdater:2868 - connection check result : 10
2024-05-15 22:33:57,728 [INFO] MicroXplorer:468 - Change Database Path : 
2024-05-15 22:33:57,728 [INFO] MicroXplorer:498 - Change Database Version : DB.6.0.92
2024-05-15 22:33:57,731 [WARN] ThirdParty:871 - waiting for thirdparty lock release [close project]
2024-05-15 22:33:57,732 [INFO] ThirdParty:873 - entering critical section [close project]
2024-05-15 22:33:57,733 [INFO] ThirdParty:883 - exiting critical section [close project]
2024-05-15 22:33:57,735 [INFO] PinOutPanel:1499 - setPackage(No Configuration,No Configuration)
2024-05-15 22:33:57,741 [INFO] UtilMem:75 - Begin LoadConfig() Used Memory: 600887728 Bytes (954204160)
2024-05-15 22:33:57,742 [INFO] MicroXplorer:468 - Change Database Path : 
2024-05-15 22:33:57,742 [INFO] MicroXplorer:498 - Change Database Version : DB.6.0.92
2024-05-15 22:33:57,742 [INFO] OpenFileManager:308 - Change cursor
2024-05-15 22:33:57,770 [INFO] Mcu:1946 - Initializing MCU STM32G0B1R(B-C-E)Tx STM32G0B1RETx STM32G0B1RET6
2024-05-15 22:33:59,472 [INFO] Context:659 - Trying to add GPIOservice into a context  which must be forbidden
2024-05-15 22:34:00,269 [INFO] RtosManager:555 - Registered RTOS mode: class=CMSIS, group=RTOS, mode=CMSIS_V1, owner=FREERTOS
2024-05-15 22:34:00,269 [INFO] RtosManager:555 - Registered RTOS mode: class=CMSIS, group=RTOS2, mode=CMSIS_V2, owner=FREERTOS
2024-05-15 22:34:00,270 [INFO] RtosManager:555 - Registered RTOS mode: class=RTOS, group=Core, mode=CMSIS_V1, owner=FREERTOS
2024-05-15 22:34:00,270 [INFO] RtosManager:555 - Registered RTOS mode: class=RTOS, group=Core, mode=CMSIS_V2, owner=FREERTOS
2024-05-15 22:34:00,270 [WARN] ModelIntegratedComponent:184 - Missing modes for component STMicroelectronics:FreeRTOS:0.0.1:STMicroelectronics:RTOS:FreeRTOS:Core:::10.2.0:
2024-05-15 22:34:00,286 [WARN] ModelIntegratedComponent:63 - No mode defined for component null
2024-05-15 22:34:00,286 [WARN] ModelIntegratedComponent:63 - No mode defined for component null
2024-05-15 22:34:00,286 [WARN] ModelIntegratedComponent:63 - No mode defined for component null
2024-05-15 22:34:00,286 [WARN] ModelIntegratedComponent:63 - No mode defined for component null
2024-05-15 22:34:00,286 [WARN] ModelIntegratedComponent:63 - No mode defined for component null
2024-05-15 22:34:00,286 [WARN] ModelIntegratedComponent:63 - No mode defined for component null
2024-05-15 22:34:00,286 [WARN] ModelIntegratedComponent:63 - No mode defined for component null
2024-05-15 22:34:00,286 [WARN] ModelIntegratedComponent:63 - No mode defined for component null
2024-05-15 22:34:00,286 [WARN] ModelIntegratedComponent:63 - No mode defined for component null
2024-05-15 22:34:00,286 [WARN] ModelIntegratedComponent:63 - No mode defined for component null
2024-05-15 22:34:00,286 [WARN] ModelIntegratedComponent:63 - No mode defined for component null
2024-05-15 22:34:00,286 [WARN] ModelIntegratedComponent:63 - No mode defined for component null
2024-05-15 22:34:00,286 [WARN] ModelIntegratedComponent:63 - No mode defined for component null
2024-05-15 22:34:00,287 [WARN] ModelIntegratedComponent:63 - No mode defined for component null
2024-05-15 22:34:00,287 [WARN] ModelIntegratedComponent:63 - No mode defined for component null
2024-05-15 22:34:00,287 [WARN] ModelIntegratedComponent:63 - No mode defined for component null
2024-05-15 22:34:00,287 [WARN] ModelIntegratedComponent:63 - No mode defined for component null
2024-05-15 22:34:00,287 [WARN] ModelIntegratedComponent:63 - No mode defined for component null
2024-05-15 22:34:00,287 [WARN] ModelIntegratedComponent:63 - No mode defined for component null
2024-05-15 22:34:00,287 [WARN] ModelIntegratedComponent:63 - No mode defined for component null
2024-05-15 22:34:00,287 [WARN] ModelIntegratedComponent:63 - No mode defined for component null
2024-05-15 22:34:00,287 [WARN] ModelIntegratedComponent:63 - No mode defined for component null
2024-05-15 22:34:00,287 [WARN] ModelIntegratedComponent:63 - No mode defined for component null
2024-05-15 22:34:00,287 [WARN] ModelIntegratedComponent:63 - No mode defined for component null
2024-05-15 22:34:00,287 [WARN] ModelIntegratedComponent:63 - No mode defined for component null
2024-05-15 22:34:00,287 [WARN] ModelIntegratedComponent:63 - No mode defined for component null
2024-05-15 22:34:00,287 [WARN] ModelIntegratedComponent:63 - No mode defined for component null
2024-05-15 22:34:00,287 [WARN] ModelIntegratedComponent:63 - No mode defined for component null
2024-05-15 22:34:00,287 [WARN] ModelIntegratedComponent:63 - No mode defined for component null
2024-05-15 22:34:00,287 [WARN] ModelIntegratedComponent:63 - No mode defined for component null
2024-05-15 22:34:00,288 [WARN] ModelIntegratedComponent:63 - No mode defined for component null
2024-05-15 22:34:00,288 [WARN] ModelIntegratedComponent:63 - No mode defined for component null
2024-05-15 22:34:00,288 [WARN] ModelIntegratedComponent:63 - No mode defined for component null
2024-05-15 22:34:00,426 [INFO] ThirdPartyModel:298 - Start build external matchings
2024-05-15 22:34:01,375 [INFO] ThirdPartyModel:316 - End build external matchings
2024-05-15 22:34:01,400 [INFO] RtosManager:919 - Current active RTOS is FREERTOS [Cortex-M0+NS]
2024-05-15 22:34:01,411 [INFO] ImportTextPane:194 - (OptionalMessage_ERROR) IP (RCC) : Invalid parameter (FamilyName)
2024-05-15 22:34:01,616 [INFO] UtilMem:75 - End LoadConfig() Used Memory: 823444648 Bytes (1073741824)
2024-05-15 22:34:01,723 [INFO] ApiDb:581 - Connected to CubeFinder SQLite database (/home/ebenezer/.stmcufinder/plugins/mcufinder/mcu/cube-finder-db.db)
2024-05-15 22:34:01,818 [INFO] ApiDb:668 - CubeFinder database Data Model version=2.1
2024-05-15 22:34:01,818 [INFO] ApiDb:669 - CubeFinder database Configuration version=3.0.39
2024-05-15 22:34:01,819 [INFO] ApiDb:670 - CubeFinder database generation date=2024-04-15 (1713193726)
2024-05-15 22:34:01,819 [INFO] ApiDb:671 - CubeFinder database FW Pack versions=[FP-ATR-ASTRA1_V2.0.0, FP-SNS-FLIGHT1_V5.0.1, FP-SNS-FLIGHT1_V5.0.2, FP-SNS-MOTENV1_V4.3.1, FP-SNS-MOTENV1_V4.3.2, FP-SNS-MOTENVWB1_V1.3.1, FP-SNS-SMARTAG2_V1.2.0, STM32Cube_FW_C0_V1.1.0, STM32Cube_FW_F4_V1.28.0, STM32Cube_FW_F7_V1.17.0, STM32Cube_FW_G0_V1.6.2, STM32Cube_FW_G4_V1.5.2, STM32Cube_FW_H5_V0.5.1, STM32Cube_FW_H5_V1.1.1, STM32Cube_FW_H5_V1.2.0, STM32Cube_FW_H5_V1.2.0RC4, STM32Cube_FW_H7RS_V1.0.0, STM32Cube_FW_H7RS_V1.0.0RC4, STM32Cube_FW_H7_V1.11.0, STM32Cube_FW_L0_V1.12.2, STM32Cube_FW_L5_V1.5.1, STM32Cube_FW_U0_V1.0.0, STM32Cube_FW_U0_V1.0.0RC1, STM32Cube_FW_U5_V1.3.0RC4, STM32Cube_FW_U5_V1.5.0, STM32Cube_FW_U5_V1.5.0RC1, STM32Cube_FW_WBA_V1.0.0RC1, STM32Cube_FW_WBA_V1.2.0, STM32Cube_FW_WBA_V1.2.0RC2, STM32Cube_FW_WBA_V1.3.0, STM32Cube_FW_WBA_V1.3.0RC1, STM32Cube_FW_WB_V1.15.0RC1, STM32Cube_FW_WB_V1.16.0, STM32Cube_FW_WB_V1.16.0RC2, STM32Cube_FW_WB_V1.18.0, STM32Cube_FW_WB_V1.19.0, STM32Cube_FW_WL_V1.3.0, X-CUBE-ALGOBUILD_V1.3.0, X-CUBE-ALS_V1.0.1, X-CUBE-AZRTOS-F4_V1.1.0, X-CUBE-AZRTOS-F7_V1.1.0, X-CUBE-AZRTOS-G0_V1.1.0, X-CUBE-AZRTOS-G4_V2.0.0, X-CUBE-AZRTOS-H7_V3.2.0, X-CUBE-AZRTOS-L4_V1.0.0, X-CUBE-AZRTOS-L4_V2.0.0, X-CUBE-AZRTOS-L5_V1.1.0, X-CUBE-AZRTOS-WB_V2.0.0, X-CUBE-AZRTOS-WL_V2.0.0, X-CUBE-BLE1_V7.0.0, X-CUBE-BLE2_V3.3.0, X-CUBE-BLEMGR_V3.1.0, X-CUBE-EEPRMA1_V4.1.0, X-CUBE-EEPRMA1_V5.1.0, X-CUBE-FREERTOS_V1.1.0, X-CUBE-GNSS1_V6.0.0, X-CUBE-MEMS1_V10.0.0, X-CUBE-MEMS1_V9.1.0, X-CUBE-MEMS1_V9.4.0, X-CUBE-MEMS1_V9.6.0, X-CUBE-NFC4_V3.0.0, X-CUBE-NFC7_V1.0.1, X-CUBE-SFXS2LP1_V4.0.0, X-CUBE-SUBG2_V5.0.0, X-CUBE-TOF1_V3.4.0]
2024-05-15 22:34:03,640 [INFO] ApiDb:240 - Found 323 in-development CPN: [B-G473E-ZEST1S, B-WB1M-WPAN1, B-WL5M-SUBG1, NUCLEO-C031C6, NUCLEO-H503RB, NUCLEO-H563ZI, NUCLEO-U545RE-Q, NUCLEO-U5A5ZJ-Q, NUCLEO-WBA52CG, STEVAL-PROTEUS1, STEVAL-SMARTAG2, STEVAL-STWINBX1, STM320518-EVAL, STM32C0116-DK, STM32C011D6Y3TR, STM32C011D6Y6TR, STM32C011F4P3, STM32C011F4P6, STM32C011F4U3, STM32C011F4U6TR, STM32C011F6P3, STM32C011F6P6, STM32C011F6U3, STM32C011F6U6TR, STM32C011J4M3, STM32C011J4M6, STM32C011J6M3, STM32C011J6M6, STM32C0316-DK, STM32C031C4T3, STM32C031C4T6, STM32C031C4U3, STM32C031C4U6, STM32C031C6T3, STM32C031C6T6, STM32C031C6U3, STM32C031C6U6, STM32C031F4P3, STM32C031F4P6, STM32C031F6P3, STM32C031F6P6, STM32C031G4U3, STM32C031G4U6, STM32C031G6U3, STM32C031G6U6, STM32C031K4T3, STM32C031K4T6, STM32C031K4U3, STM32C031K4U6, STM32C031K6T3, STM32C031K6T6, STM32C031K6U3, STM32C031K6U6, STM32G071K8TXN, STM32G071K8UXN, STM32G081GBU6N, STM32G081KBT6N, STM32G081KBUXN, STM32G0B1CCT6N, STM32G0B1KCT6, STM32G0B1NEY6TR, STM32G0B1RCT6N, STM32G0C1CCT6, STM32G0C1CCT6N, STM32G0C1CCU6N, STM32G0C1CET6N, STM32G0C1CEU6N, STM32G0C1KCT6, STM32G0C1NEY6TR, STM32G0C1RCI6N, STM32G0C1RCT6N, STM32G0C1REI6N, STM32G0C1RET6N, STM32G0C1VCI6, STM32G0C1VEI6, STM32G471CCT6, STM32G471CCU6, STM32G471CET3, STM32G471CET6, STM32G471CEU3, STM32G471CEU6, STM32G471MCT6, STM32G471MET3, STM32G471MET6, STM32G471MEY6TR, STM32G471QCT6, STM32G471QET3, STM32G471RCT6, STM32G471RET3, STM32G471RET6, STM32G471VCH6, STM32G471VCI6, STM32G471VCT6, STM32G471VEH3, STM32G471VEH6, STM32G471VEI3, STM32G471VEI6, STM32G471VET3, STM32G471VET6, STM32G474CCT6, STM32H503CBT6, STM32H503CBU6, STM32H503EBY6TR, STM32H503KBU6, STM32H503RBT6, STM32H562AGI6, STM32H562AII6, STM32H562IGK6, STM32H562IGT6, STM32H562IIK6, STM32H562IIT6, STM32H562RGT6, STM32H562RGV6, STM32H562RIT6, STM32H562RIV6, STM32H562VGT6, STM32H562VIT6, STM32H562ZGT6, STM32H562ZIT6, STM32H563AGI6, STM32H563AII3Q, STM32H563AII6, STM32H563IGK6, STM32H563IGT6, STM32H563IIK3Q, STM32H563IIK6, STM32H563IIT3Q, STM32H563IIT6, STM32H563MIY3QTR, STM32H563RGT6, STM32H563RGV6, STM32H563RIT6, STM32H563RIV6, STM32H563VGT6, STM32H563VIT3Q, STM32H563VIT6, STM32H563ZGT6, STM32H563ZIT3Q, STM32H563ZIT6, STM32H573AII3Q, STM32H573AII6, STM32H573I-DK, STM32H573IIK3Q, STM32H573IIK6, STM32H573IIT3Q, STM32H573IIT6, STM32H573MIY3QTR, STM32H573RIT6, STM32H573RIV6, STM32H573VIT3Q, STM32H573VIT6, STM32H573ZIT3Q, STM32H573ZIT6, STM32L4R5QGI6STR, STM32MP131AAE3, STM32MP131AAF3, STM32MP131AAG3, STM32MP131CAE3, STM32MP131CAF3, STM32MP131CAG3, STM32MP131DAE7, STM32MP131DAF7, STM32MP131DAG7, STM32MP131FAE7, STM32MP131FAF7, STM32MP131FAG7, STM32MP133AAE3, STM32MP133AAF3, STM32MP133AAG3, STM32MP133CAE3, STM32MP133CAF3, STM32MP133CAG3, STM32MP133DAE7, STM32MP133DAF7, STM32MP133DAG7, STM32MP133FAE7, STM32MP133FAF7, STM32MP133FAG7, STM32MP135AAE3, STM32MP135AAF3, STM32MP135AAG3, STM32MP135CAE3, STM32MP135CAF3, STM32MP135CAG3, STM32MP135DAE7, STM32MP135DAF7, STM32MP135DAG7, STM32MP135F-DK, STM32MP135FAE7, STM32MP135FAF7, STM32MP135FAF7T, STM32MP135FAF7U, STM32MP135FAG7, STM32U535CBT6, STM32U535CBT6Q, STM32U535CBU6, STM32U535CBU6Q, STM32U535CCT6, STM32U535CCT6Q, STM32U535CCU6, STM32U535CCU6Q, STM32U535CET6, STM32U535CET6Q, STM32U535CEU6, STM32U535CEU6Q, STM32U535JEY6QTR, STM32U535NCY6QTR, STM32U535NEY6QTR, STM32U535RBI6, STM32U535RBI6Q, STM32U535RBT6, STM32U535RBT6Q, STM32U535RCI6, STM32U535RCI6Q, STM32U535RCT6, STM32U535RCT6Q, STM32U535REI6, STM32U535REI6Q, STM32U535RET6, STM32U535RET6Q, STM32U535VCI6, STM32U535VCI6Q, STM32U535VCT6, STM32U535VCT6Q, STM32U535VEI6, STM32U535VEI6Q, STM32U535VET6, STM32U535VET6Q, STM32U545CET6, STM32U545CET6Q, STM32U545CEU6, STM32U545CEU6Q, STM32U545JEY6QTR, STM32U545NEY6QTR, STM32U545REI6, STM32U545REI6Q, STM32U545RET6, STM32U545RET6Q, STM32U545VEI6, STM32U545VEI6Q, STM32U545VET6, STM32U545VET6Q, STM32U595AIH6, STM32U595AIH6Q, STM32U595AJH6, STM32U595AJH6Q, STM32U595QII6, STM32U595QII6Q, STM32U595QJI6, STM32U595QJI6Q, STM32U595RIT6, STM32U595RIT6Q, STM32U595RJT6, STM32U595RJT6Q, STM32U595VIT6, STM32U595VIT6Q, STM32U595VJT6, STM32U595VJT6Q, STM32U595ZIT6, STM32U595ZIT6Q, STM32U595ZIY6QTR, STM32U595ZJT6, STM32U595ZJT6Q, STM32U595ZJY6QTR, STM32U599BJY6QTR, STM32U599NIH6Q, STM32U599NJH6Q, STM32U599VIT6Q, STM32U599VJT6, STM32U599VJT6Q, STM32U599ZIT6Q, STM32U599ZIY6QTR, STM32U599ZJT6Q, STM32U599ZJY6QTR, STM32U5A5AJH6, STM32U5A5AJH6Q, STM32U5A5QJI6, STM32U5A5QJI6Q, STM32U5A5RJT6, STM32U5A5RJT6Q, STM32U5A5VJT6, STM32U5A5VJT6Q, STM32U5A5ZJT6, STM32U5A5ZJT6Q, STM32U5A5ZJY6QTR, STM32U5A9BJY6QTR, STM32U5A9J-DK, STM32U5A9NJH6Q, STM32U5A9VJT6Q, STM32U5A9ZJT6Q, STM32U5A9ZJY6QTR, STM32U5F7VIT6, STM32U5F7VIT6Q, STM32U5F7VJT6, STM32U5F7VJT6Q, STM32U5F9BJY6QTR, STM32U5F9NJH6Q, STM32U5F9VIT6Q, STM32U5F9VJT6Q, STM32U5F9ZIJ6QTR, STM32U5F9ZIT6Q, STM32U5F9ZJJ6QTR, STM32U5F9ZJT6Q, STM32U5G7VJT6, STM32U5G7VJT6Q, STM32U5G9BJY6QTR, STM32U5G9J-DK1, STM32U5G9J-DK2, STM32U5G9NJH6Q, STM32U5G9VJT6Q, STM32U5G9ZJJ6QTR, STM32U5G9ZJT6Q, STM32WB1MMCH6, STM32WBA52CEU6, STM32WBA52CEU6T, STM32WBA52CGU6, STM32WBA52CGU6T, STM32WBA52KEU6, STM32WBA52KEU6T, STM32WBA52KGU6, STM32WBA52KGU6T, STM32WL5MOCH6, STM32WL5MOCH6TR]
2024-05-15 22:34:03,644 [INFO] DbMcus:217 - Found 4073 MCUs, 4073 are supported
2024-05-15 22:34:03,645 [INFO] ApiDb:423 - Load user favorites file /home/ebenezer/.stm32cubeide/favorites.mcus.txt: 0 item(s)
2024-05-15 22:34:03,645 [INFO] ApiDb:427 - User favorites MCUs=[]
2024-05-15 22:34:03,645 [INFO] DbMcus:223 - Set 0 / 0 favorites MCUs
2024-05-15 22:34:03,994 [WARN] ThirdParty:833 - waiting for thirdparty lock release [change project]
2024-05-15 22:34:03,994 [INFO] ThirdParty:835 - entering critical section [change project]
2024-05-15 22:34:03,994 [INFO] ThirdParty:1030 - CMSIS Pack Vendor :STMicroelectronics X-CUBE-ISPU 1.1.0
2024-05-15 22:34:03,994 [INFO] ThirdParty:1030 - CMSIS Pack Vendor :STMicroelectronics USBPD 4.1
2024-05-15 22:34:03,994 [INFO] ThirdParty:1030 - CMSIS Pack Vendor :STMicroelectronics X-CUBE-GNSS1 6.0.0
2024-05-15 22:34:03,994 [INFO] ThirdParty:1030 - CMSIS Pack Vendor :STMicroelectronics USB_HOST 2.0.0
2024-05-15 22:34:03,995 [INFO] ThirdParty:1030 - CMSIS Pack Vendor :STMicroelectronics FP-SNS-MOTENVWB1 1.4.0
2024-05-15 22:34:03,995 [INFO] ThirdParty:1030 - CMSIS Pack Vendor :STMicroelectronics X-CUBE-AZRTOS-F4 1.1.0
2024-05-15 22:34:03,995 [INFO] ThirdParty:1030 - CMSIS Pack Vendor :STMicroelectronics LIBJPEG 8.0.0
2024-05-15 22:34:03,995 [INFO] ThirdParty:1030 - CMSIS Pack Vendor :wolfSSL I-CUBE-wolfSSL 5.6.3
2024-05-15 22:34:03,995 [INFO] ThirdParty:1030 - CMSIS Pack Vendor :STMicroelectronics X-CUBE-SMBUS 2.1.0
2024-05-15 22:34:03,995 [INFO] ThirdParty:1030 - CMSIS Pack Vendor :STMicroelectronics USB_DEVICE 3.0.0
2024-05-15 22:34:03,995 [INFO] ThirdParty:1030 - CMSIS Pack Vendor :STMicroelectronics X-CUBE-TCPP 4.1.0
2024-05-15 22:34:03,995 [INFO] ThirdParty:1030 - CMSIS Pack Vendor :STMicroelectronics X-CUBE-FREERTOS 1.2.0
2024-05-15 22:34:03,995 [INFO] ThirdParty:1030 - CMSIS Pack Vendor :STMicroelectronics X-CUBE-AZRTOS-WB 2.0.0
2024-05-15 22:34:03,995 [INFO] ThirdParty:1030 - CMSIS Pack Vendor :STMicroelectronics X-CUBE-TOUCHGFX 4.23.0
2024-05-15 22:34:03,995 [INFO] ThirdParty:1030 - CMSIS Pack Vendor :STMicroelectronics X-CUBE-TOUCHGFX 4.23.2
2024-05-15 22:34:03,995 [INFO] ThirdParty:1030 - CMSIS Pack Vendor :STMicroelectronics X-CUBE-AZRTOS-F7 1.1.0
2024-05-15 22:34:03,995 [INFO] ThirdParty:1030 - CMSIS Pack Vendor :STMicroelectronics X-CUBE-AZRTOS-L5 2.0.0
2024-05-15 22:34:03,995 [INFO] ThirdParty:1030 - CMSIS Pack Vendor :STMicroelectronics USB_DEVICE 2.0.0
2024-05-15 22:34:03,995 [INFO] ThirdParty:1030 - CMSIS Pack Vendor :STMicroelectronics X-CUBE-MEMS1 9.6.0
2024-05-15 22:34:03,995 [INFO] ThirdParty:1030 - CMSIS Pack Vendor :STMicroelectronics X-CUBE-EEPRMA1 4.2.0
2024-05-15 22:34:03,995 [INFO] ThirdParty:1030 - CMSIS Pack Vendor :STMicroelectronics X-CUBE-NFC6 3.1.0
2024-05-15 22:34:03,995 [INFO] ThirdParty:1030 - CMSIS Pack Vendor :ITTIA_DB I-CUBE-ITTIADB 8.8.0
2024-05-15 22:34:03,996 [INFO] ThirdParty:1030 - CMSIS Pack Vendor :STMicroelectronics FP-SNS-MOTENV1 4.3.2
2024-05-15 22:34:03,996 [INFO] ThirdParty:1030 - CMSIS Pack Vendor :STMicroelectronics X-CUBE-ALGOBUILD 1.3.0
2024-05-15 22:34:03,996 [INFO] ThirdParty:1030 - CMSIS Pack Vendor :STMicroelectronics FreeRTOS 0.0.1
2024-05-15 22:34:03,996 [INFO] ThirdParty:1030 - CMSIS Pack Vendor :STMicroelectronics X-CUBE-AZRTOS-G0 1.1.0
2024-05-15 22:34:03,996 [INFO] ThirdParty:1030 - CMSIS Pack Vendor :STMicroelectronics X-CUBE-BLEMGR 2.0.0
2024-05-15 22:34:03,996 [INFO] ThirdParty:1030 - CMSIS Pack Vendor :STMicroelectronics X-CUBE-SAFEA1 1.2.2
2024-05-15 22:34:03,996 [INFO] ThirdParty:1030 - CMSIS Pack Vendor :STMicroelectronics X-CUBE-NFC4 3.0.0
2024-05-15 22:34:03,996 [INFO] ThirdParty:1030 - CMSIS Pack Vendor :STMicroelectronics X-CUBE-SUBG2 5.0.0
2024-05-15 22:34:03,996 [INFO] ThirdParty:1030 - CMSIS Pack Vendor :STMicroelectronics STM32_WPAN 1.0.0
2024-05-15 22:34:03,996 [INFO] ThirdParty:1030 - CMSIS Pack Vendor :STMicroelectronics lwIP 2.0.3
2024-05-15 22:34:03,996 [INFO] ThirdParty:1030 - CMSIS Pack Vendor :STMicroelectronics FP-SNS-FLIGHT1 5.0.2
2024-05-15 22:34:03,996 [INFO] ThirdParty:1030 - CMSIS Pack Vendor :STMicroelectronics USB_HOST 1.0.0
2024-05-15 22:34:03,996 [INFO] ThirdParty:1030 - CMSIS Pack Vendor :STMicroelectronics X-CUBE-TOF1 3.3.1
2024-05-15 22:34:03,996 [INFO] ThirdParty:1030 - CMSIS Pack Vendor :STMicroelectronics X-CUBE-AI 9.0.0
2024-05-15 22:34:03,996 [INFO] ThirdParty:1030 - CMSIS Pack Vendor :STMicroelectronics X-CUBE-AZRTOS-G4 2.0.0
2024-05-15 22:34:03,996 [INFO] ThirdParty:1030 - CMSIS Pack Vendor :STMicroelectronics PDM2PCM 3.1.0
2024-05-15 22:34:03,996 [INFO] ThirdParty:1030 - CMSIS Pack Vendor :STMicroelectronics X-CUBE-AZRTOS-H7 3.1.0
2024-05-15 22:34:03,996 [INFO] ThirdParty:1030 - CMSIS Pack Vendor :Infineon AIROC-Wi-Fi-Bluetooth-STM32 1.5.1
2024-05-15 22:34:03,996 [INFO] ThirdParty:1030 - CMSIS Pack Vendor :STMicroelectronics X-CUBE-BLEMGR 3.0.0
2024-05-15 22:34:03,996 [INFO] ThirdParty:1030 - CMSIS Pack Vendor :STMicroelectronics PDM2PCM 3.3.0
2024-05-15 22:34:03,996 [INFO] ThirdParty:1030 - CMSIS Pack Vendor :STMicroelectronics X-CUBE-DISPLAY 3.0.0
2024-05-15 22:34:03,997 [INFO] ThirdParty:1030 - CMSIS Pack Vendor :STMicroelectronics FP-SNS-MOTENVWB1 1.3.0
2024-05-15 22:34:03,997 [INFO] ThirdParty:1030 - CMSIS Pack Vendor :STMicroelectronics FP-SNS-MOTENVWB1 1.3.1
2024-05-15 22:34:03,997 [INFO] ThirdParty:1030 - CMSIS Pack Vendor :STMicroelectronics X-CUBE-BLE1 7.0.0
2024-05-15 22:34:03,997 [INFO] ThirdParty:1030 - CMSIS Pack Vendor :STMicroelectronics FP-ATR-SIGFOX1 3.2.0
2024-05-15 22:34:03,997 [INFO] ThirdParty:1030 - CMSIS Pack Vendor :STMicroelectronics X-CUBE-ISPU 2.0.0
2024-05-15 22:34:03,997 [INFO] ThirdParty:1030 - CMSIS Pack Vendor :STMicroelectronics X-CUBE-EEPRMA1 5.1.0
2024-05-15 22:34:03,997 [INFO] ThirdParty:1030 - CMSIS Pack Vendor :STMicroelectronics HAL Drivers 0.0.0
2024-05-15 22:34:03,997 [INFO] ThirdParty:1030 - CMSIS Pack Vendor :STMicroelectronics MBEDTLS 2.16.2
2024-05-15 22:34:03,997 [INFO] ThirdParty:1030 - CMSIS Pack Vendor :emotas I-CUBE-CANOPEN 1.3.0
2024-05-15 22:34:03,997 [INFO] ThirdParty:1030 - CMSIS Pack Vendor :STMicroelectronics X-CUBE-MEMS1 10.0.0
2024-05-15 22:34:03,997 [INFO] ThirdParty:1030 - CMSIS Pack Vendor :STMicroelectronics X-CUBE-FREERTOS 1.1.0
2024-05-15 22:34:03,997 [INFO] ThirdParty:1030 - CMSIS Pack Vendor :STMicroelectronics X-CUBE-TOUCHGFX 4.22.0
2024-05-15 22:34:03,997 [INFO] ThirdParty:1030 - CMSIS Pack Vendor :STMicroelectronics X-CUBE-NFC7 1.0.1
2024-05-15 22:34:03,997 [INFO] ThirdParty:1030 - CMSIS Pack Vendor :STMicroelectronics MBEDTLS 2.14.1
2024-05-15 22:34:03,997 [INFO] ThirdParty:1030 - CMSIS Pack Vendor :STMicroelectronics X-CUBE-TOUCHGFX 4.22.1
2024-05-15 22:34:03,997 [INFO] ThirdParty:1030 - CMSIS Pack Vendor :STMicroelectronics X-CUBE-NFC6 3.0.0
2024-05-15 22:34:03,997 [INFO] ThirdParty:1030 - CMSIS Pack Vendor :STMicroelectronics X-CUBE-EEPRMA1 4.1.0
2024-05-15 22:34:03,997 [INFO] ThirdParty:1030 - CMSIS Pack Vendor :portGmbH I-Cube-SoM-uGOAL 1.1.0
2024-05-15 22:34:03,997 [INFO] ThirdParty:1030 - CMSIS Pack Vendor :STMicroelectronics X-CUBE-ALS 1.0.1
2024-05-15 22:34:03,997 [INFO] ThirdParty:1030 - CMSIS Pack Vendor :STMicroelectronics X-CUBE-BLEMGR 3.1.0
2024-05-15 22:34:03,997 [INFO] ThirdParty:1030 - CMSIS Pack Vendor :STMicroelectronics ThreadX 1.0.0
2024-05-15 22:34:03,997 [INFO] ThirdParty:1030 - CMSIS Pack Vendor :STMicroelectronics FP-SNS-SMARTAG2 1.2.0
2024-05-15 22:34:03,997 [INFO] ThirdParty:1030 - CMSIS Pack Vendor :STMicroelectronics X-CUBE-AZRTOS-WL 2.0.0
2024-05-15 22:34:03,997 [INFO] ThirdParty:1030 - CMSIS Pack Vendor :SEGGER I-CUBE-embOS 1.3.1
2024-05-15 22:34:03,998 [INFO] ThirdParty:1030 - CMSIS Pack Vendor :STMicroelectronics X-CUBE-ALGOBUILD 1.4.0
2024-05-15 22:34:03,998 [INFO] ThirdParty:1030 - CMSIS Pack Vendor :STMicroelectronics FP-SNS-MOTENV1 5.0.0
2024-05-15 22:34:03,998 [INFO] ThirdParty:1030 - CMSIS Pack Vendor :STMicroelectronics USB_DEVICE 1.0.0
2024-05-15 22:34:03,998 [INFO] ThirdParty:1030 - CMSIS Pack Vendor :STMicroelectronics X-CUBE-AI 8.1.0
2024-05-15 22:34:03,998 [INFO] ThirdParty:1030 - CMSIS Pack Vendor :STMicroelectronics X-CUBE-AZRTOS-H7RS 1.0.0
2024-05-15 22:34:03,998 [INFO] ThirdParty:1030 - CMSIS Pack Vendor :STMicroelectronics X-CUBE-AZRTOS-L4 2.0.0
2024-05-15 22:34:03,998 [INFO] ThirdParty:1030 - CMSIS Pack Vendor :STMicroelectronics ThreadX 0.0.2
2024-05-15 22:34:03,998 [INFO] ThirdParty:1030 - CMSIS Pack Vendor :WES I-CUBE-Cesium 1.3.0
2024-05-15 22:34:03,998 [INFO] ThirdParty:1030 - CMSIS Pack Vendor :STMicroelectronics FP-ATR-ASTRA1 2.0.0
2024-05-15 22:34:03,998 [INFO] ThirdParty:1030 - CMSIS Pack Vendor :STMicroelectronics lwIP 2.1.2
2024-05-15 22:34:03,998 [INFO] ThirdParty:1030 - CMSIS Pack Vendor :STMicroelectronics X-CUBE-SFXS2LP1 4.0.0
2024-05-15 22:34:03,998 [INFO] ThirdParty:1030 - CMSIS Pack Vendor :STMicroelectronics X-CUBE-BLE2 3.3.0
2024-05-15 22:34:03,998 [INFO] ThirdParty:1030 - CMSIS Pack Vendor :STMicroelectronics X-CUBE-TOF1 3.4.0
2024-05-15 22:34:03,998 [INFO] ThirdParty:1030 - CMSIS Pack Vendor :STMicroelectronics X-CUBE-TOF1 3.4.1
2024-05-15 22:34:03,998 [INFO] ThirdParty:1030 - CMSIS Pack Vendor :STMicroelectronics X-CUBE-AZRTOS-H7 3.2.0
2024-05-15 22:34:03,998 [INFO] ThirdParty:1030 - CMSIS Pack Vendor :STMicroelectronics PDM2PCM 3.2.0
2024-05-15 22:34:03,998 [INFO] ThirdParty:841 - exiting critical section [change project]
2024-05-15 22:34:04,487 [INFO] PinOutPanel:1499 - setPackage(No Configuration,No Configuration)
2024-05-15 22:34:04,489 [INFO] PinOutPanel:1499 - setPackage(STM32G0B1RETx,LQFP64)
2024-05-15 22:34:05,178 [INFO] UtilMem:75 - Before build in PCC Used Memory: 722239840 Bytes (1073741824)
2024-05-15 22:34:06,010 [INFO] UtilMem:75 - After build in PCC Used Memory: 898356848 Bytes (1073741824)
2024-05-15 22:34:06,070 [INFO] ApiDbMcu:507 - Load IP Config File for FREERTOS
2024-05-15 22:34:06,104 [INFO] IPUIPlugin:80 - create IPUIPlugin
2024-05-15 22:34:06,104 [INFO] IPUIPlugin:80 - create IPUIPlugin
2024-05-15 22:34:06,105 [INFO] IPUIPlugin:80 - create IPUIPlugin
2024-05-15 22:34:06,105 [INFO] IPUIPlugin:80 - create IPUIPlugin
2024-05-15 22:34:06,105 [INFO] IPUIPlugin:80 - create IPUIPlugin
2024-05-15 22:34:06,105 [INFO] IPUIPlugin:80 - create IPUIPlugin
2024-05-15 22:34:06,105 [INFO] IPUIPlugin:80 - create IPUIPlugin
2024-05-15 22:34:06,105 [INFO] IPUIPlugin:80 - create IPUIPlugin
2024-05-15 22:34:06,105 [INFO] IPUIPlugin:80 - create IPUIPlugin
2024-05-15 22:34:06,106 [INFO] IPUIPlugin:80 - create IPUIPlugin
2024-05-15 22:34:06,106 [INFO] IPUIPlugin:80 - create IPUIPlugin
2024-05-15 22:34:06,106 [INFO] IPUIPlugin:80 - create IPUIPlugin
2024-05-15 22:34:06,106 [INFO] IPUIPlugin:80 - create IPUIPlugin
2024-05-15 22:34:06,106 [INFO] IPUIPlugin:80 - create IPUIPlugin
2024-05-15 22:34:06,106 [INFO] IPUIPlugin:80 - create IPUIPlugin
2024-05-15 22:34:06,106 [INFO] IPUIPlugin:80 - create IPUIPlugin
2024-05-15 22:34:06,107 [INFO] IPUIPlugin:80 - create IPUIPlugin
2024-05-15 22:34:06,107 [INFO] IPUIPlugin:80 - create IPUIPlugin
2024-05-15 22:34:06,107 [INFO] IPUIPlugin:80 - create IPUIPlugin
2024-05-15 22:34:06,107 [INFO] IPUIPlugin:80 - create IPUIPlugin
2024-05-15 22:34:06,107 [INFO] IPUIPlugin:80 - create IPUIPlugin
2024-05-15 22:34:06,107 [INFO] IPUIPlugin:80 - create IPUIPlugin
2024-05-15 22:34:06,108 [INFO] IPUIPlugin:80 - create IPUIPlugin
2024-05-15 22:34:06,108 [INFO] IPUIPlugin:80 - create IPUIPlugin
2024-05-15 22:34:06,108 [INFO] IPUIPlugin:80 - create IPUIPlugin
2024-05-15 22:34:06,108 [INFO] IPUIPlugin:80 - create IPUIPlugin
2024-05-15 22:34:06,108 [INFO] IPUIPlugin:80 - create IPUIPlugin
2024-05-15 22:34:06,108 [INFO] IPUIPlugin:80 - create IPUIPlugin
2024-05-15 22:34:06,108 [INFO] IPUIPlugin:80 - create IPUIPlugin
2024-05-15 22:34:06,109 [INFO] IPUIPlugin:80 - create IPUIPlugin
2024-05-15 22:34:06,109 [INFO] IPUIPlugin:80 - create IPUIPlugin
2024-05-15 22:34:06,109 [INFO] IPUIPlugin:80 - create IPUIPlugin
2024-05-15 22:34:06,109 [INFO] IPUIPlugin:80 - create IPUIPlugin
2024-05-15 22:34:06,109 [INFO] IPUIPlugin:80 - create IPUIPlugin
2024-05-15 22:34:06,109 [INFO] IPUIPlugin:80 - create IPUIPlugin
2024-05-15 22:34:06,110 [INFO] IPUIPlugin:80 - create IPUIPlugin
2024-05-15 22:34:06,110 [INFO] IPUIPlugin:80 - create IPUIPlugin
2024-05-15 22:34:06,110 [INFO] IPUIPlugin:80 - create IPUIPlugin
2024-05-15 22:34:06,110 [INFO] IPUIPlugin:80 - create IPUIPlugin
2024-05-15 22:34:06,110 [INFO] IPUIPlugin:80 - create IPUIPlugin
2024-05-15 22:34:06,111 [INFO] IPUIPlugin:80 - create IPUIPlugin
2024-05-15 22:34:06,111 [INFO] IPUIPlugin:80 - create IPUIPlugin
2024-05-15 22:34:06,111 [INFO] IPUIPlugin:80 - create IPUIPlugin
2024-05-15 22:34:06,111 [INFO] IPUIPlugin:80 - create IPUIPlugin
2024-05-15 22:34:06,111 [INFO] IPUIPlugin:80 - create IPUIPlugin
2024-05-15 22:34:06,111 [INFO] IPUIPlugin:80 - create IPUIPlugin
2024-05-15 22:34:06,112 [INFO] IPUIPlugin:80 - create IPUIPlugin
2024-05-15 22:34:06,112 [INFO] IPUIPlugin:80 - create IPUIPlugin
2024-05-15 22:34:06,112 [INFO] IPUIPlugin:80 - create IPUIPlugin
2024-05-15 22:34:06,112 [INFO] IPUIPlugin:80 - create IPUIPlugin
2024-05-15 22:34:06,112 [INFO] IPUIPlugin:80 - create IPUIPlugin
2024-05-15 22:34:06,113 [INFO] IPUIPlugin:80 - create IPUIPlugin
2024-05-15 22:34:06,113 [INFO] IPUIPlugin:80 - create IPUIPlugin
2024-05-15 22:34:06,114 [INFO] IPUIPlugin:80 - create IPUIPlugin
2024-05-15 22:34:06,115 [INFO] IPUIPlugin:80 - create IPUIPlugin
2024-05-15 22:34:06,115 [INFO] IPUIPlugin:80 - create IPUIPlugin
2024-05-15 22:34:06,156 [WARN] FreeRTOS:1023 - Null or empty value: should not occur! (nothing added to the table)
2024-05-15 22:34:06,373 [INFO] CADModel:165 - CPN selected for project levelSTM32G0B1RET6
2024-05-15 22:34:06,373 [INFO] CADModel:114 - Register for checkConnection events
2024-05-15 22:34:06,377 [INFO] RtosManager:697 - Active RTOS found at IOC load: FREERTOS [Cortex-M0+NS]
2024-05-15 22:34:06,416 [INFO] OpenFileManager:328 - Restore cursor
2024-05-15 22:34:38,233 [INFO] Gpio:273 - dependency for GPIO [RCC, SYS, USART2]
2024-05-15 22:35:22,665 [INFO] UtilMem:75 - End SaveConfig() Used Memory: 685599000 Bytes (1073741824)
2024-05-15 22:35:23,224 [INFO] UtilMem:75 - End SaveConfig() Used Memory: 729474632 Bytes (1073741824)
2024-05-15 22:35:23,669 [INFO] BlockDiagram:2759 - set Specific Code input for plugin: FREERTOS
2024-05-15 22:35:23,669 [INFO] BlockDiagram:2759 - set Specific Code input for plugin: SYS
2024-05-15 22:35:23,670 [INFO] BlockDiagram:2759 - set Specific Code input for plugin: RCC
2024-05-15 22:35:23,670 [INFO] BlockDiagram:2759 - set Specific Code input for plugin: NVIC
2024-05-15 22:35:23,670 [INFO] BlockDiagram:2759 - set Specific Code input for plugin: USART
2024-05-15 22:35:23,670 [INFO] BlockDiagram:2759 - set Specific Code input for plugin: GPIO
2024-05-15 22:35:23,671 [INFO] CodeGenerator:799 - code generatio: config db path: /opt/st/stm32cubeide_1.13.2/plugins/com.st.stm32cube.common.mx_6.9.2.202309101412//db/
2024-05-15 22:35:23,968 [INFO] CodeEngine:255 - oldGeneratedFile, /home/ebenezer/STM32CubeIDE/workspace_1.13.2/FIRST_FREE_RTOS_TASK_PAR/MXTmpFiles/license.tmp_save
2024-05-15 22:35:24,352 [INFO] CodeEngine:279 - Generated code: /home/ebenezer/STM32CubeIDE/workspace_1.13.2/FIRST_FREE_RTOS_TASK_PAR/MXTmpFiles/license.tmp
2024-05-15 22:35:24,426 [INFO] CodeEngine:255 - oldGeneratedFile, /home/ebenezer/STM32CubeIDE/workspace_1.13.2/FIRST_FREE_RTOS_TASK_PAR/MXTmpFiles/gpio.tmp_save
2024-05-15 22:35:24,580 [INFO] CodeEngine:279 - Generated code: /home/ebenezer/STM32CubeIDE/workspace_1.13.2/FIRST_FREE_RTOS_TASK_PAR/MXTmpFiles/gpio.tmp
2024-05-15 22:35:24,823 [INFO] Middleware:1439 - No code input for Bsp Dependency
2024-05-15 22:35:24,826 [INFO] CodeEngine:255 - oldGeneratedFile, /home/ebenezer/STM32CubeIDE/workspace_1.13.2/FIRST_FREE_RTOS_TASK_PAR/MXTmpFiles/rtos_inc.tmp_save
2024-05-15 22:35:24,909 [INFO] CodeEngine:279 - Generated code: /home/ebenezer/STM32CubeIDE/workspace_1.13.2/FIRST_FREE_RTOS_TASK_PAR/MXTmpFiles/rtos_inc.tmp
2024-05-15 22:35:24,910 [INFO] CodeEngine:255 - oldGeneratedFile, /home/ebenezer/STM32CubeIDE/workspace_1.13.2/FIRST_FREE_RTOS_TASK_PAR/MXTmpFiles/rtos_kernelInit.tmp_save
2024-05-15 22:35:24,977 [INFO] CodeEngine:279 - Generated code: /home/ebenezer/STM32CubeIDE/workspace_1.13.2/FIRST_FREE_RTOS_TASK_PAR/MXTmpFiles/rtos_kernelInit.tmp
2024-05-15 22:35:24,978 [INFO] CodeEngine:255 - oldGeneratedFile, /home/ebenezer/STM32CubeIDE/workspace_1.13.2/FIRST_FREE_RTOS_TASK_PAR/MXTmpFiles/rtos_kernelStart.tmp_save
2024-05-15 22:35:25,042 [INFO] CodeEngine:279 - Generated code: /home/ebenezer/STM32CubeIDE/workspace_1.13.2/FIRST_FREE_RTOS_TASK_PAR/MXTmpFiles/rtos_kernelStart.tmp
2024-05-15 22:35:25,043 [INFO] CodeEngine:255 - oldGeneratedFile, /home/ebenezer/STM32CubeIDE/workspace_1.13.2/FIRST_FREE_RTOS_TASK_PAR/MXTmpFiles/rtos_typedefs.tmp_save
2024-05-15 22:35:25,108 [INFO] CodeEngine:279 - Generated code: /home/ebenezer/STM32CubeIDE/workspace_1.13.2/FIRST_FREE_RTOS_TASK_PAR/MXTmpFiles/rtos_typedefs.tmp
2024-05-15 22:35:25,109 [INFO] CodeEngine:255 - oldGeneratedFile, /home/ebenezer/STM32CubeIDE/workspace_1.13.2/FIRST_FREE_RTOS_TASK_PAR/MXTmpFiles/rtos_vars.tmp_save
2024-05-15 22:35:25,180 [INFO] CodeEngine:279 - Generated code: /home/ebenezer/STM32CubeIDE/workspace_1.13.2/FIRST_FREE_RTOS_TASK_PAR/MXTmpFiles/rtos_vars.tmp
2024-05-15 22:35:25,182 [INFO] CodeEngine:255 - oldGeneratedFile, /home/ebenezer/STM32CubeIDE/workspace_1.13.2/FIRST_FREE_RTOS_TASK_PAR/MXTmpFiles/rtos_pfp.tmp_save
2024-05-15 22:35:25,242 [INFO] CodeEngine:279 - Generated code: /home/ebenezer/STM32CubeIDE/workspace_1.13.2/FIRST_FREE_RTOS_TASK_PAR/MXTmpFiles/rtos_pfp.tmp
2024-05-15 22:35:25,243 [INFO] CodeEngine:255 - oldGeneratedFile, /home/ebenezer/STM32CubeIDE/workspace_1.13.2/FIRST_FREE_RTOS_TASK_PAR/MXTmpFiles/rtos_obj_creat.tmp_save
2024-05-15 22:35:25,302 [INFO] CodeEngine:279 - Generated code: /home/ebenezer/STM32CubeIDE/workspace_1.13.2/FIRST_FREE_RTOS_TASK_PAR/MXTmpFiles/rtos_obj_creat.tmp
2024-05-15 22:35:25,304 [INFO] CodeEngine:255 - oldGeneratedFile, /home/ebenezer/STM32CubeIDE/workspace_1.13.2/FIRST_FREE_RTOS_TASK_PAR/MXTmpFiles/rtos_default_thread.tmp_save
2024-05-15 22:35:25,375 [INFO] CodeEngine:279 - Generated code: /home/ebenezer/STM32CubeIDE/workspace_1.13.2/FIRST_FREE_RTOS_TASK_PAR/MXTmpFiles/rtos_default_thread.tmp
2024-05-15 22:35:25,376 [INFO] CodeEngine:255 - oldGeneratedFile, /home/ebenezer/STM32CubeIDE/workspace_1.13.2/FIRST_FREE_RTOS_TASK_PAR/MXTmpFiles/rtos_threads.tmp_save
2024-05-15 22:35:25,432 [INFO] CodeEngine:279 - Generated code: /home/ebenezer/STM32CubeIDE/workspace_1.13.2/FIRST_FREE_RTOS_TASK_PAR/MXTmpFiles/rtos_threads.tmp
2024-05-15 22:35:25,437 [INFO] Middleware:1439 - No code input for Bsp Dependency
2024-05-15 22:35:25,439 [INFO] CodeEngine:255 - oldGeneratedFile, /home/ebenezer/STM32CubeIDE/workspace_1.13.2/FIRST_FREE_RTOS_TASK_PAR/MXTmpFiles/rtos_inc.tmp_save
2024-05-15 22:35:25,492 [INFO] CodeEngine:279 - Generated code: /home/ebenezer/STM32CubeIDE/workspace_1.13.2/FIRST_FREE_RTOS_TASK_PAR/MXTmpFiles/rtos_inc.tmp
2024-05-15 22:35:25,493 [INFO] CodeEngine:255 - oldGeneratedFile, /home/ebenezer/STM32CubeIDE/workspace_1.13.2/FIRST_FREE_RTOS_TASK_PAR/MXTmpFiles/rtos_kernelInit.tmp_save
2024-05-15 22:35:25,544 [INFO] CodeEngine:279 - Generated code: /home/ebenezer/STM32CubeIDE/workspace_1.13.2/FIRST_FREE_RTOS_TASK_PAR/MXTmpFiles/rtos_kernelInit.tmp
2024-05-15 22:35:25,545 [INFO] CodeEngine:255 - oldGeneratedFile, /home/ebenezer/STM32CubeIDE/workspace_1.13.2/FIRST_FREE_RTOS_TASK_PAR/MXTmpFiles/rtos_kernelStart.tmp_save
2024-05-15 22:35:25,595 [INFO] CodeEngine:279 - Generated code: /home/ebenezer/STM32CubeIDE/workspace_1.13.2/FIRST_FREE_RTOS_TASK_PAR/MXTmpFiles/rtos_kernelStart.tmp
2024-05-15 22:35:25,596 [INFO] CodeEngine:255 - oldGeneratedFile, /home/ebenezer/STM32CubeIDE/workspace_1.13.2/FIRST_FREE_RTOS_TASK_PAR/MXTmpFiles/rtos_typedefs.tmp_save
2024-05-15 22:35:25,646 [INFO] CodeEngine:279 - Generated code: /home/ebenezer/STM32CubeIDE/workspace_1.13.2/FIRST_FREE_RTOS_TASK_PAR/MXTmpFiles/rtos_typedefs.tmp
2024-05-15 22:35:25,647 [INFO] CodeEngine:255 - oldGeneratedFile, /home/ebenezer/STM32CubeIDE/workspace_1.13.2/FIRST_FREE_RTOS_TASK_PAR/MXTmpFiles/rtos_vars.tmp_save
2024-05-15 22:35:25,702 [INFO] CodeEngine:279 - Generated code: /home/ebenezer/STM32CubeIDE/workspace_1.13.2/FIRST_FREE_RTOS_TASK_PAR/MXTmpFiles/rtos_vars.tmp
2024-05-15 22:35:25,703 [INFO] CodeEngine:255 - oldGeneratedFile, /home/ebenezer/STM32CubeIDE/workspace_1.13.2/FIRST_FREE_RTOS_TASK_PAR/MXTmpFiles/rtos_pfp.tmp_save
2024-05-15 22:35:25,752 [INFO] CodeEngine:279 - Generated code: /home/ebenezer/STM32CubeIDE/workspace_1.13.2/FIRST_FREE_RTOS_TASK_PAR/MXTmpFiles/rtos_pfp.tmp
2024-05-15 22:35:25,753 [INFO] CodeEngine:255 - oldGeneratedFile, /home/ebenezer/STM32CubeIDE/workspace_1.13.2/FIRST_FREE_RTOS_TASK_PAR/MXTmpFiles/rtos_obj_creat.tmp_save
2024-05-15 22:35:25,806 [INFO] CodeEngine:279 - Generated code: /home/ebenezer/STM32CubeIDE/workspace_1.13.2/FIRST_FREE_RTOS_TASK_PAR/MXTmpFiles/rtos_obj_creat.tmp
2024-05-15 22:35:25,807 [INFO] CodeEngine:255 - oldGeneratedFile, /home/ebenezer/STM32CubeIDE/workspace_1.13.2/FIRST_FREE_RTOS_TASK_PAR/MXTmpFiles/rtos_default_thread.tmp_save
2024-05-15 22:35:25,859 [INFO] CodeEngine:279 - Generated code: /home/ebenezer/STM32CubeIDE/workspace_1.13.2/FIRST_FREE_RTOS_TASK_PAR/MXTmpFiles/rtos_default_thread.tmp
2024-05-15 22:35:25,860 [INFO] CodeEngine:255 - oldGeneratedFile, /home/ebenezer/STM32CubeIDE/workspace_1.13.2/FIRST_FREE_RTOS_TASK_PAR/MXTmpFiles/rtos_threads.tmp_save
2024-05-15 22:35:25,919 [INFO] CodeEngine:279 - Generated code: /home/ebenezer/STM32CubeIDE/workspace_1.13.2/FIRST_FREE_RTOS_TASK_PAR/MXTmpFiles/rtos_threads.tmp
2024-05-15 22:35:25,920 [INFO] CodeEngine:255 - oldGeneratedFile, /home/ebenezer/STM32CubeIDE/workspace_1.13.2/FIRST_FREE_RTOS_TASK_PAR/Core/Inc/FreeRTOSConfig.h_save
2024-05-15 22:35:26,022 [INFO] CodeEngine:279 - Generated code: /home/ebenezer/STM32CubeIDE/workspace_1.13.2/FIRST_FREE_RTOS_TASK_PAR/Core/Inc/FreeRTOSConfig.h
2024-05-15 22:35:26,024 [INFO] CodeEngine:255 - oldGeneratedFile, /home/ebenezer/STM32CubeIDE/workspace_1.13.2/FIRST_FREE_RTOS_TASK_PAR/Core/Src/app_freertos.c_save
2024-05-15 22:35:26,085 [INFO] CodeEngine:279 - Generated code: /home/ebenezer/STM32CubeIDE/workspace_1.13.2/FIRST_FREE_RTOS_TASK_PAR/Core/Src/app_freertos.c
2024-05-15 22:35:26,088 [INFO] CodeEngine:255 - oldGeneratedFile, /home/ebenezer/STM32CubeIDE/workspace_1.13.2/FIRST_FREE_RTOS_TASK_PAR/Core/Src/stm32g0xx_it.c_save
2024-05-15 22:35:26,158 [INFO] CodeEngine:279 - Generated code: /home/ebenezer/STM32CubeIDE/workspace_1.13.2/FIRST_FREE_RTOS_TASK_PAR/Core/Src/stm32g0xx_it.c
2024-05-15 22:35:26,159 [INFO] CodeEngine:255 - oldGeneratedFile, /home/ebenezer/STM32CubeIDE/workspace_1.13.2/FIRST_FREE_RTOS_TASK_PAR/Core/Inc/stm32g0xx_it.h_save
2024-05-15 22:35:26,207 [INFO] CodeEngine:279 - Generated code: /home/ebenezer/STM32CubeIDE/workspace_1.13.2/FIRST_FREE_RTOS_TASK_PAR/Core/Inc/stm32g0xx_it.h
2024-05-15 22:35:26,212 [INFO] CodeEngine:255 - oldGeneratedFile, /home/ebenezer/STM32CubeIDE/workspace_1.13.2/FIRST_FREE_RTOS_TASK_PAR/Core/Src/stm32g0xx_hal_msp.c_save
2024-05-15 22:35:26,302 [INFO] CodeEngine:279 - Generated code: /home/ebenezer/STM32CubeIDE/workspace_1.13.2/FIRST_FREE_RTOS_TASK_PAR/Core/Src/stm32g0xx_hal_msp.c
2024-05-15 22:35:26,303 [INFO] CodeEngine:255 - oldGeneratedFile, /home/ebenezer/STM32CubeIDE/workspace_1.13.2/FIRST_FREE_RTOS_TASK_PAR/MXTmpFiles/system.tmp_save
2024-05-15 22:35:26,352 [INFO] CodeEngine:279 - Generated code: /home/ebenezer/STM32CubeIDE/workspace_1.13.2/FIRST_FREE_RTOS_TASK_PAR/MXTmpFiles/system.tmp
2024-05-15 22:35:26,353 [INFO] CodeEngine:255 - oldGeneratedFile, /home/ebenezer/STM32CubeIDE/workspace_1.13.2/FIRST_FREE_RTOS_TASK_PAR/Core/Src/stm32g0xx_hal_timebase_tim.c_save
2024-05-15 22:35:26,405 [INFO] CodeEngine:279 - Generated code: /home/ebenezer/STM32CubeIDE/workspace_1.13.2/FIRST_FREE_RTOS_TASK_PAR/Core/Src/stm32g0xx_hal_timebase_tim.c
2024-05-15 22:35:26,407 [INFO] CodeEngine:311 - oldGeneratedFile, /home/ebenezer/STM32CubeIDE/workspace_1.13.2/FIRST_FREE_RTOS_TASK_PAR/Core/Inc/stm32g0xx_hal_conf.h_save
2024-05-15 22:35:26,460 [INFO] CodeEngine:335 - Generated code: /home/ebenezer/STM32CubeIDE/workspace_1.13.2/FIRST_FREE_RTOS_TASK_PAR/Core/Inc/stm32g0xx_hal_conf.h
2024-05-15 22:35:26,495 [INFO] CodeEngine:255 - oldGeneratedFile, /home/ebenezer/STM32CubeIDE/workspace_1.13.2/FIRST_FREE_RTOS_TASK_PAR/Core/Inc/main.h_save
2024-05-15 22:35:26,586 [INFO] CodeEngine:279 - Generated code: /home/ebenezer/STM32CubeIDE/workspace_1.13.2/FIRST_FREE_RTOS_TASK_PAR/Core/Inc/main.h
2024-05-15 22:35:26,587 [INFO] CodeEngine:255 - oldGeneratedFile, /home/ebenezer/STM32CubeIDE/workspace_1.13.2/FIRST_FREE_RTOS_TASK_PAR/Core/Src/main.c_save
2024-05-15 22:35:26,741 [INFO] CodeEngine:279 - Generated code: /home/ebenezer/STM32CubeIDE/workspace_1.13.2/FIRST_FREE_RTOS_TASK_PAR/Core/Src/main.c
2024-05-15 22:35:27,185 [INFO] ProjectBuilder:3064 - Time for Copy HAL[1] : 36mS.
2024-05-15 22:35:27,189 [INFO] ProjectBuilder:4404 - Project Generator version: 4.1.0
2024-05-15 22:35:27,411 [INFO] ConfigFileManager:1457 - The Die is : DIE467
2024-05-15 22:35:27,442 [INFO] ApiDbMcu:507 - Load IP Config File for FATFS
2024-05-15 22:35:27,448 [INFO] ApiDbMcu:507 - Load IP Config File for USBPD
2024-05-15 22:35:27,454 [INFO] ApiDbMcu:507 - Load IP Config File for USB_Device
2024-05-15 22:35:27,459 [INFO] ApiDbMcu:507 - Load IP Config File for USB_Host
2024-05-15 22:35:28,033 [INFO] LogOutputStream:77 - [STDOUT_REDIRECT] 
2024-05-15 22:35:29,032 [INFO] ProjectBuilder:4626 - Time for Generating toolchain IDE Files: 1843mS.
2024-05-15 22:35:29,033 [INFO] ProjectBuilder:2935 - Time for Copy CMSIS : 0mS.
2024-05-15 22:35:29,034 [INFO] ProjectBuilder:2935 - Time for Copy CMSIS : 0mS.
2024-05-15 23:26:15,578 [INFO] UtilMem:75 - End SaveConfig() Used Memory: 441903984 Bytes (1073741824)
2024-05-15 23:26:16,026 [INFO] UtilMem:75 - End SaveConfig() Used Memory: 491187056 Bytes (1073741824)
2024-05-15 23:26:16,243 [INFO] BlockDiagram:2759 - set Specific Code input for plugin: FREERTOS
2024-05-15 23:26:16,243 [INFO] BlockDiagram:2759 - set Specific Code input for plugin: SYS
2024-05-15 23:26:16,243 [INFO] BlockDiagram:2759 - set Specific Code input for plugin: RCC
2024-05-15 23:26:16,243 [INFO] BlockDiagram:2759 - set Specific Code input for plugin: NVIC
2024-05-15 23:26:16,243 [INFO] BlockDiagram:2759 - set Specific Code input for plugin: USART
2024-05-15 23:26:16,244 [INFO] BlockDiagram:2759 - set Specific Code input for plugin: GPIO
2024-05-15 23:26:16,244 [INFO] CodeGenerator:799 - code generatio: config db path: /opt/st/stm32cubeide_1.13.2/plugins/com.st.stm32cube.common.mx_6.9.2.202309101412//db/
2024-05-15 23:26:16,404 [INFO] CodeEngine:255 - oldGeneratedFile, /home/ebenezer/STM32CubeIDE/workspace_1.13.2/FIRST_FREE_RTOS_TASK_PAR/MXTmpFiles/license.tmp_save
2024-05-15 23:26:16,510 [INFO] CodeEngine:279 - Generated code: /home/ebenezer/STM32CubeIDE/workspace_1.13.2/FIRST_FREE_RTOS_TASK_PAR/MXTmpFiles/license.tmp
2024-05-15 23:26:16,539 [INFO] CodeEngine:255 - oldGeneratedFile, /home/ebenezer/STM32CubeIDE/workspace_1.13.2/FIRST_FREE_RTOS_TASK_PAR/MXTmpFiles/gpio.tmp_save
2024-05-15 23:26:16,617 [INFO] CodeEngine:279 - Generated code: /home/ebenezer/STM32CubeIDE/workspace_1.13.2/FIRST_FREE_RTOS_TASK_PAR/MXTmpFiles/gpio.tmp
2024-05-15 23:26:16,777 [INFO] Middleware:1439 - No code input for Bsp Dependency
2024-05-15 23:26:16,780 [INFO] CodeEngine:255 - oldGeneratedFile, /home/ebenezer/STM32CubeIDE/workspace_1.13.2/FIRST_FREE_RTOS_TASK_PAR/MXTmpFiles/rtos_inc.tmp_save
2024-05-15 23:26:16,860 [INFO] CodeEngine:279 - Generated code: /home/ebenezer/STM32CubeIDE/workspace_1.13.2/FIRST_FREE_RTOS_TASK_PAR/MXTmpFiles/rtos_inc.tmp
2024-05-15 23:26:16,861 [INFO] CodeEngine:255 - oldGeneratedFile, /home/ebenezer/STM32CubeIDE/workspace_1.13.2/FIRST_FREE_RTOS_TASK_PAR/MXTmpFiles/rtos_kernelInit.tmp_save
2024-05-15 23:26:16,940 [INFO] CodeEngine:279 - Generated code: /home/ebenezer/STM32CubeIDE/workspace_1.13.2/FIRST_FREE_RTOS_TASK_PAR/MXTmpFiles/rtos_kernelInit.tmp
2024-05-15 23:26:16,942 [INFO] CodeEngine:255 - oldGeneratedFile, /home/ebenezer/STM32CubeIDE/workspace_1.13.2/FIRST_FREE_RTOS_TASK_PAR/MXTmpFiles/rtos_kernelStart.tmp_save
2024-05-15 23:26:17,016 [INFO] CodeEngine:279 - Generated code: /home/ebenezer/STM32CubeIDE/workspace_1.13.2/FIRST_FREE_RTOS_TASK_PAR/MXTmpFiles/rtos_kernelStart.tmp
2024-05-15 23:26:17,017 [INFO] CodeEngine:255 - oldGeneratedFile, /home/ebenezer/STM32CubeIDE/workspace_1.13.2/FIRST_FREE_RTOS_TASK_PAR/MXTmpFiles/rtos_typedefs.tmp_save
2024-05-15 23:26:17,082 [INFO] CodeEngine:279 - Generated code: /home/ebenezer/STM32CubeIDE/workspace_1.13.2/FIRST_FREE_RTOS_TASK_PAR/MXTmpFiles/rtos_typedefs.tmp
2024-05-15 23:26:17,084 [INFO] CodeEngine:255 - oldGeneratedFile, /home/ebenezer/STM32CubeIDE/workspace_1.13.2/FIRST_FREE_RTOS_TASK_PAR/MXTmpFiles/rtos_vars.tmp_save
2024-05-15 23:26:17,135 [INFO] CodeEngine:279 - Generated code: /home/ebenezer/STM32CubeIDE/workspace_1.13.2/FIRST_FREE_RTOS_TASK_PAR/MXTmpFiles/rtos_vars.tmp
2024-05-15 23:26:17,136 [INFO] CodeEngine:255 - oldGeneratedFile, /home/ebenezer/STM32CubeIDE/workspace_1.13.2/FIRST_FREE_RTOS_TASK_PAR/MXTmpFiles/rtos_pfp.tmp_save
2024-05-15 23:26:17,182 [INFO] CodeEngine:279 - Generated code: /home/ebenezer/STM32CubeIDE/workspace_1.13.2/FIRST_FREE_RTOS_TASK_PAR/MXTmpFiles/rtos_pfp.tmp
2024-05-15 23:26:17,183 [INFO] CodeEngine:255 - oldGeneratedFile, /home/ebenezer/STM32CubeIDE/workspace_1.13.2/FIRST_FREE_RTOS_TASK_PAR/MXTmpFiles/rtos_obj_creat.tmp_save
2024-05-15 23:26:17,232 [INFO] CodeEngine:279 - Generated code: /home/ebenezer/STM32CubeIDE/workspace_1.13.2/FIRST_FREE_RTOS_TASK_PAR/MXTmpFiles/rtos_obj_creat.tmp
2024-05-15 23:26:17,233 [INFO] CodeEngine:255 - oldGeneratedFile, /home/ebenezer/STM32CubeIDE/workspace_1.13.2/FIRST_FREE_RTOS_TASK_PAR/MXTmpFiles/rtos_default_thread.tmp_save
2024-05-15 23:26:17,280 [INFO] CodeEngine:279 - Generated code: /home/ebenezer/STM32CubeIDE/workspace_1.13.2/FIRST_FREE_RTOS_TASK_PAR/MXTmpFiles/rtos_default_thread.tmp
2024-05-15 23:26:17,281 [INFO] CodeEngine:255 - oldGeneratedFile, /home/ebenezer/STM32CubeIDE/workspace_1.13.2/FIRST_FREE_RTOS_TASK_PAR/MXTmpFiles/rtos_threads.tmp_save
2024-05-15 23:26:17,332 [INFO] CodeEngine:279 - Generated code: /home/ebenezer/STM32CubeIDE/workspace_1.13.2/FIRST_FREE_RTOS_TASK_PAR/MXTmpFiles/rtos_threads.tmp
2024-05-15 23:26:17,337 [INFO] Middleware:1439 - No code input for Bsp Dependency
2024-05-15 23:26:17,340 [INFO] CodeEngine:255 - oldGeneratedFile, /home/ebenezer/STM32CubeIDE/workspace_1.13.2/FIRST_FREE_RTOS_TASK_PAR/MXTmpFiles/rtos_inc.tmp_save
2024-05-15 23:26:17,390 [INFO] CodeEngine:279 - Generated code: /home/ebenezer/STM32CubeIDE/workspace_1.13.2/FIRST_FREE_RTOS_TASK_PAR/MXTmpFiles/rtos_inc.tmp
2024-05-15 23:26:17,391 [INFO] CodeEngine:255 - oldGeneratedFile, /home/ebenezer/STM32CubeIDE/workspace_1.13.2/FIRST_FREE_RTOS_TASK_PAR/MXTmpFiles/rtos_kernelInit.tmp_save
2024-05-15 23:26:17,436 [INFO] CodeEngine:279 - Generated code: /home/ebenezer/STM32CubeIDE/workspace_1.13.2/FIRST_FREE_RTOS_TASK_PAR/MXTmpFiles/rtos_kernelInit.tmp
2024-05-15 23:26:17,437 [INFO] CodeEngine:255 - oldGeneratedFile, /home/ebenezer/STM32CubeIDE/workspace_1.13.2/FIRST_FREE_RTOS_TASK_PAR/MXTmpFiles/rtos_kernelStart.tmp_save
2024-05-15 23:26:17,483 [INFO] CodeEngine:279 - Generated code: /home/ebenezer/STM32CubeIDE/workspace_1.13.2/FIRST_FREE_RTOS_TASK_PAR/MXTmpFiles/rtos_kernelStart.tmp
2024-05-15 23:26:17,485 [INFO] CodeEngine:255 - oldGeneratedFile, /home/ebenezer/STM32CubeIDE/workspace_1.13.2/FIRST_FREE_RTOS_TASK_PAR/MXTmpFiles/rtos_typedefs.tmp_save
2024-05-15 23:26:17,533 [INFO] CodeEngine:279 - Generated code: /home/ebenezer/STM32CubeIDE/workspace_1.13.2/FIRST_FREE_RTOS_TASK_PAR/MXTmpFiles/rtos_typedefs.tmp
2024-05-15 23:26:17,534 [INFO] CodeEngine:255 - oldGeneratedFile, /home/ebenezer/STM32CubeIDE/workspace_1.13.2/FIRST_FREE_RTOS_TASK_PAR/MXTmpFiles/rtos_vars.tmp_save
2024-05-15 23:26:17,584 [INFO] CodeEngine:279 - Generated code: /home/ebenezer/STM32CubeIDE/workspace_1.13.2/FIRST_FREE_RTOS_TASK_PAR/MXTmpFiles/rtos_vars.tmp
2024-05-15 23:26:17,585 [INFO] CodeEngine:255 - oldGeneratedFile, /home/ebenezer/STM32CubeIDE/workspace_1.13.2/FIRST_FREE_RTOS_TASK_PAR/MXTmpFiles/rtos_pfp.tmp_save
2024-05-15 23:26:17,632 [INFO] CodeEngine:279 - Generated code: /home/ebenezer/STM32CubeIDE/workspace_1.13.2/FIRST_FREE_RTOS_TASK_PAR/MXTmpFiles/rtos_pfp.tmp
2024-05-15 23:26:17,634 [INFO] CodeEngine:255 - oldGeneratedFile, /home/ebenezer/STM32CubeIDE/workspace_1.13.2/FIRST_FREE_RTOS_TASK_PAR/MXTmpFiles/rtos_obj_creat.tmp_save
2024-05-15 23:26:17,765 [INFO] CodeEngine:279 - Generated code: /home/ebenezer/STM32CubeIDE/workspace_1.13.2/FIRST_FREE_RTOS_TASK_PAR/MXTmpFiles/rtos_obj_creat.tmp
2024-05-15 23:26:17,766 [INFO] CodeEngine:255 - oldGeneratedFile, /home/ebenezer/STM32CubeIDE/workspace_1.13.2/FIRST_FREE_RTOS_TASK_PAR/MXTmpFiles/rtos_default_thread.tmp_save
2024-05-15 23:26:17,811 [INFO] CodeEngine:279 - Generated code: /home/ebenezer/STM32CubeIDE/workspace_1.13.2/FIRST_FREE_RTOS_TASK_PAR/MXTmpFiles/rtos_default_thread.tmp
2024-05-15 23:26:17,812 [INFO] CodeEngine:255 - oldGeneratedFile, /home/ebenezer/STM32CubeIDE/workspace_1.13.2/FIRST_FREE_RTOS_TASK_PAR/MXTmpFiles/rtos_threads.tmp_save
2024-05-15 23:26:17,860 [INFO] CodeEngine:279 - Generated code: /home/ebenezer/STM32CubeIDE/workspace_1.13.2/FIRST_FREE_RTOS_TASK_PAR/MXTmpFiles/rtos_threads.tmp
2024-05-15 23:26:17,861 [INFO] CodeEngine:255 - oldGeneratedFile, /home/ebenezer/STM32CubeIDE/workspace_1.13.2/FIRST_FREE_RTOS_TASK_PAR/Core/Inc/FreeRTOSConfig.h_save
2024-05-15 23:26:17,927 [INFO] CodeEngine:279 - Generated code: /home/ebenezer/STM32CubeIDE/workspace_1.13.2/FIRST_FREE_RTOS_TASK_PAR/Core/Inc/FreeRTOSConfig.h
2024-05-15 23:26:17,928 [INFO] CodeEngine:255 - oldGeneratedFile, /home/ebenezer/STM32CubeIDE/workspace_1.13.2/FIRST_FREE_RTOS_TASK_PAR/Core/Src/app_freertos.c_save
2024-05-15 23:26:17,990 [INFO] CodeEngine:279 - Generated code: /home/ebenezer/STM32CubeIDE/workspace_1.13.2/FIRST_FREE_RTOS_TASK_PAR/Core/Src/app_freertos.c
2024-05-15 23:26:17,993 [INFO] CodeEngine:255 - oldGeneratedFile, /home/ebenezer/STM32CubeIDE/workspace_1.13.2/FIRST_FREE_RTOS_TASK_PAR/Core/Src/stm32g0xx_it.c_save
2024-05-15 23:26:18,167 [INFO] CodeEngine:279 - Generated code: /home/ebenezer/STM32CubeIDE/workspace_1.13.2/FIRST_FREE_RTOS_TASK_PAR/Core/Src/stm32g0xx_it.c
2024-05-15 23:26:18,168 [INFO] CodeEngine:255 - oldGeneratedFile, /home/ebenezer/STM32CubeIDE/workspace_1.13.2/FIRST_FREE_RTOS_TASK_PAR/Core/Inc/stm32g0xx_it.h_save
2024-05-15 23:26:18,223 [INFO] CodeEngine:279 - Generated code: /home/ebenezer/STM32CubeIDE/workspace_1.13.2/FIRST_FREE_RTOS_TASK_PAR/Core/Inc/stm32g0xx_it.h
2024-05-15 23:26:18,229 [INFO] CodeEngine:255 - oldGeneratedFile, /home/ebenezer/STM32CubeIDE/workspace_1.13.2/FIRST_FREE_RTOS_TASK_PAR/Core/Src/stm32g0xx_hal_msp.c_save
2024-05-15 23:26:18,341 [INFO] CodeEngine:279 - Generated code: /home/ebenezer/STM32CubeIDE/workspace_1.13.2/FIRST_FREE_RTOS_TASK_PAR/Core/Src/stm32g0xx_hal_msp.c
2024-05-15 23:26:18,343 [INFO] CodeEngine:255 - oldGeneratedFile, /home/ebenezer/STM32CubeIDE/workspace_1.13.2/FIRST_FREE_RTOS_TASK_PAR/MXTmpFiles/system.tmp_save
2024-05-15 23:26:18,400 [INFO] CodeEngine:279 - Generated code: /home/ebenezer/STM32CubeIDE/workspace_1.13.2/FIRST_FREE_RTOS_TASK_PAR/MXTmpFiles/system.tmp
2024-05-15 23:26:18,401 [INFO] CodeEngine:255 - oldGeneratedFile, /home/ebenezer/STM32CubeIDE/workspace_1.13.2/FIRST_FREE_RTOS_TASK_PAR/Core/Src/stm32g0xx_hal_timebase_tim.c_save
2024-05-15 23:26:18,461 [INFO] CodeEngine:279 - Generated code: /home/ebenezer/STM32CubeIDE/workspace_1.13.2/FIRST_FREE_RTOS_TASK_PAR/Core/Src/stm32g0xx_hal_timebase_tim.c
2024-05-15 23:26:18,463 [INFO] CodeEngine:311 - oldGeneratedFile, /home/ebenezer/STM32CubeIDE/workspace_1.13.2/FIRST_FREE_RTOS_TASK_PAR/Core/Inc/stm32g0xx_hal_conf.h_save
2024-05-15 23:26:18,520 [INFO] CodeEngine:335 - Generated code: /home/ebenezer/STM32CubeIDE/workspace_1.13.2/FIRST_FREE_RTOS_TASK_PAR/Core/Inc/stm32g0xx_hal_conf.h
2024-05-15 23:26:18,540 [INFO] CodeEngine:255 - oldGeneratedFile, /home/ebenezer/STM32CubeIDE/workspace_1.13.2/FIRST_FREE_RTOS_TASK_PAR/Core/Inc/main.h_save
2024-05-15 23:26:18,600 [INFO] CodeEngine:279 - Generated code: /home/ebenezer/STM32CubeIDE/workspace_1.13.2/FIRST_FREE_RTOS_TASK_PAR/Core/Inc/main.h
2024-05-15 23:26:18,601 [INFO] CodeEngine:255 - oldGeneratedFile, /home/ebenezer/STM32CubeIDE/workspace_1.13.2/FIRST_FREE_RTOS_TASK_PAR/Core/Src/main.c_save
2024-05-15 23:26:18,711 [INFO] CodeEngine:279 - Generated code: /home/ebenezer/STM32CubeIDE/workspace_1.13.2/FIRST_FREE_RTOS_TASK_PAR/Core/Src/main.c
2024-05-15 23:26:19,149 [INFO] ProjectBuilder:3064 - Time for Copy HAL[1] : 23mS.
2024-05-15 23:26:19,152 [INFO] ProjectBuilder:4404 - Project Generator version: 4.1.0
2024-05-15 23:26:19,333 [INFO] ConfigFileManager:1457 - The Die is : DIE467
2024-05-15 23:26:20,585 [INFO] ProjectBuilder:4626 - Time for Generating toolchain IDE Files: 1434mS.
2024-05-15 23:26:20,586 [INFO] ProjectBuilder:2935 - Time for Copy CMSIS : 1mS.
2024-05-15 23:26:20,587 [INFO] ProjectBuilder:2935 - Time for Copy CMSIS : 0mS.
