22:46:08 **** Incremental Build of configuration Debug for project FIRST_FREE_RTOS_TASK_PAR ****
make -j8 all 
arm-none-eabi-gcc "../Core/Src/main.c" -mcpu=cortex-m0plus -std=gnu11 -g3 -DDEBUG -DUSE_HAL_DRIVER -DSTM32G0B1xx '-DCMSIS_device_header=<stm32g0xx.h>' -c -I../Core/Inc -I../Drivers/STM32G0xx_HAL_Driver/Inc -I../Drivers/STM32G0xx_HAL_Driver/Inc/Legacy -I../Drivers/CMSIS/Device/ST/STM32G0xx/Include -I../Drivers/CMSIS/Include -I../Middlewares/Third_Party/FreeRTOS/Source/include -I../Middlewares/Third_Party/FreeRTOS/Source/CMSIS_RTOS_V2 -I../Middlewares/Third_Party/FreeRTOS/Source/portable/GCC/ARM_CM0 -O0 -ffunction-sections -fdata-sections -Wall -fstack-usage -fcyclomatic-complexity -MMD -MP -MF"Core/Src/main.d" -MT"Core/Src/main.o" --specs=nano.specs -mfloat-abi=soft -mthumb -o "Core/Src/main.o"
../Core/Src/main.c: In function 'vGreenLedControllerTask':
../Core/Src/main.c:442:21: warning: variable 'uxPriority' set but not used [-Wunused-but-set-variable]
  442 |         UBaseType_t uxPriority;
      |                     ^~~~~~~~~~
../Core/Src/main.c: In function 'vReceiverTask':
../Core/Src/main.c:467:17: warning: unused variable 'lReceivedValue' [-Wunused-variable]
  467 |         int32_t lReceivedValue;
      |                 ^~~~~~~~~~~~~~
At top level:
../Core/Src/main.c:110:23: warning: 'struct_to_send' defined but not used [-Wunused-const-variable=]
  110 | static const q_data_t struct_to_send[1] = {
      |                       ^~~~~~~~~~~~~~
arm-none-eabi-gcc -o "FIRST_FREE_RTOS_TASK_PAR.elf" @"objects.list"   -mcpu=cortex-m0plus -T"/home/ebenezer/STM32CubeIDE/workspace_1.13.2/FIRST_FREE_RTOS_TASK_PAR/STM32G0B1RETX_FLASH.ld" --specs=nosys.specs -Wl,-Map="FIRST_FREE_RTOS_TASK_PAR.map" -Wl,--gc-sections -static --specs=nano.specs -mfloat-abi=soft -mthumb -Wl,--start-group -lc -lm -Wl,--end-group
Finished building target: FIRST_FREE_RTOS_TASK_PAR.elf
 
arm-none-eabi-size   FIRST_FREE_RTOS_TASK_PAR.elf 
arm-none-eabi-objdump -h -S  FIRST_FREE_RTOS_TASK_PAR.elf  > "FIRST_FREE_RTOS_TASK_PAR.list"
   text	   data	    bss	    dec	    hex	filename
  23256	    104	   8744	  32104	   7d68	FIRST_FREE_RTOS_TASK_PAR.elf
Finished building: default.size.stdout
 
Finished building: FIRST_FREE_RTOS_TASK_PAR.list
 
23:06:49 **** Incremental Build of configuration Debug for project FIRST_FREE_RTOS_TASK_PAR ****
make -j8 all 
arm-none-eabi-size   FIRST_FREE_RTOS_TASK_PAR.elf 
   text	   data	    bss	    dec	    hex	filename
  23256	    104	   8744	  32104	   7d68	FIRST_FREE_RTOS_TASK_PAR.elf
Finished building: default.size.stdout
 
